{
"contracts/constraints/OffChainValidatorConstraintModule.sol":{"l":{},"path":"/Users/simondos/projects/_micobo/security-token/contracts/constraints/OffChainValidatorConstraintModule.sol","s":{},"b":{},"f":{},"fnMap":{},"statementMap":{},"branchMap":{}},
"contracts/constraints/SpendingLimitsConstraintModule.sol":{"l":{"82":1,"90":17,"97":11,"109":3,"110":3,"124":3,"125":1,"126":1,"134":5,"135":3,"136":3,"137":3,"166":7,"167":7,"170":7,"172":3,"173":2,"174":2,"178":1,"182":4,"183":2,"184":2,"186":2,"187":2,"192":7,"200":1},"path":"/Users/simondos/projects/_micobo/security-token/contracts/constraints/SpendingLimitsConstraintModule.sol","s":{"1":1,"2":17,"3":3,"4":3,"5":3,"6":1,"7":1,"8":5,"9":3,"10":3,"11":3,"12":7,"13":7,"14":7,"15":3,"16":2,"17":2,"18":1,"19":4,"20":2,"21":2,"22":2,"23":2,"24":7,"25":1},"b":{"1":[11,6],"2":[1,2],"3":[3,2],"4":[3,4],"5":[2,1],"6":[2,2]},"f":{"1":1,"2":17,"3":3,"4":3,"5":5,"6":7,"7":1},"fnMap":{"1":{"name":"constructor","line":81,"loc":{"start":{"line":81,"column":1},"end":{"line":83,"column":1}}},"2":{"name":"onlySpendingLimitsEditor","line":89,"loc":{"start":{"line":89,"column":1},"end":{"line":98,"column":1}}},"3":{"name":"addTimelock","line":107,"loc":{"start":{"line":105,"column":1},"end":{"line":111,"column":1}}},"4":{"name":"setTimelock","line":123,"loc":{"start":{"line":119,"column":1},"end":{"line":127,"column":1}}},"5":{"name":"deleteTimelock","line":133,"loc":{"start":{"line":133,"column":1},"end":{"line":138,"column":1}}},"6":{"name":"executeTransfer","line":147,"loc":{"start":{"line":147,"column":1},"end":{"line":193,"column":1}}},"7":{"name":"getModuleName","line":199,"loc":{"start":{"line":199,"column":1},"end":{"line":201,"column":1}}}},"statementMap":{"1":{"start":{"line":82,"column":2},"end":{"line":82,"column":46}},"2":{"start":{"line":90,"column":2},"end":{"line":90,"column":2149}},"3":{"start":{"line":109,"column":2},"end":{"line":109,"column":65}},"4":{"start":{"line":110,"column":2},"end":{"line":110,"column":49}},"5":{"start":{"line":124,"column":2},"end":{"line":124,"column":57}},"6":{"start":{"line":125,"column":2},"end":{"line":125,"column":68}},"7":{"start":{"line":126,"column":2},"end":{"line":126,"column":54}},"8":{"start":{"line":134,"column":2},"end":{"line":134,"column":57}},"9":{"start":{"line":135,"column":2},"end":{"line":135,"column":72}},"10":{"start":{"line":136,"column":2},"end":{"line":136,"column":22}},"11":{"start":{"line":137,"column":2},"end":{"line":137,"column":29}},"12":{"start":{"line":166,"column":2},"end":{"line":166,"column":4288}},"13":{"start":{"line":167,"column":3},"end":{"line":167,"column":36}},"14":{"start":{"line":170,"column":3},"end":{"line":170,"column":4443}},"15":{"start":{"line":172,"column":4},"end":{"line":172,"column":4564}},"16":{"start":{"line":173,"column":5},"end":{"line":173,"column":18}},"17":{"start":{"line":174,"column":5},"end":{"line":174,"column":53}},"18":{"start":{"line":178,"column":5},"end":{"line":178,"column":40}},"19":{"start":{"line":182,"column":4},"end":{"line":182,"column":4990}},"20":{"start":{"line":183,"column":5},"end":{"line":183,"column":18}},"21":{"start":{"line":184,"column":5},"end":{"line":184,"column":53}},"22":{"start":{"line":186,"column":5},"end":{"line":186,"column":23}},"23":{"start":{"line":187,"column":5},"end":{"line":187,"column":61}},"24":{"start":{"line":192,"column":2},"end":{"line":192,"column":27}},"25":{"start":{"line":200,"column":2},"end":{"line":200,"column":21}}},"branchMap":{"1":{"line":90,"type":"if","locations":[{"start":{"line":90,"column":2},"end":{"line":90,"column":2}},{"start":{"line":90,"column":2},"end":{"line":90,"column":2}}]},"2":{"line":124,"type":"if","locations":[{"start":{"line":124,"column":2},"end":{"line":124,"column":2}},{"start":{"line":124,"column":2},"end":{"line":124,"column":2}}]},"3":{"line":134,"type":"if","locations":[{"start":{"line":134,"column":2},"end":{"line":134,"column":2}},{"start":{"line":134,"column":2},"end":{"line":134,"column":2}}]},"4":{"line":170,"type":"if","locations":[{"start":{"line":170,"column":3},"end":{"line":170,"column":3}},{"start":{"line":170,"column":3},"end":{"line":170,"column":3}}]},"5":{"line":172,"type":"if","locations":[{"start":{"line":172,"column":4},"end":{"line":172,"column":4}},{"start":{"line":172,"column":4},"end":{"line":172,"column":4}}]},"6":{"line":182,"type":"if","locations":[{"start":{"line":182,"column":4},"end":{"line":182,"column":4}},{"start":{"line":182,"column":4},"end":{"line":182,"column":4}}]}}},
"contracts/constraints/TimeLockConstraintModule.sol":{"l":{"71":2,"86":6,"90":4,"91":4,"100":6,"104":4,"105":4,"113":8,"117":6,"118":6,"139":13,"140":4,"142":2,"145":2,"150":2,"151":2,"155":5,"163":1,"171":1,"179":1,"192":2},"path":"/Users/simondos/projects/_micobo/security-token/contracts/constraints/TimeLockConstraintModule.sol","s":{"1":2,"2":6,"3":4,"4":4,"5":6,"6":4,"7":4,"8":8,"9":6,"10":6,"11":13,"12":4,"13":9,"14":2,"15":7,"16":2,"17":2,"18":2,"19":5,"20":1,"21":1,"22":1,"23":2},"b":{"1":[4,2],"2":[4,2],"3":[6,2],"4":[4,9],"5":[2,7],"6":[2,5],"7":[2,0]},"f":{"1":2,"2":6,"3":6,"4":8,"5":13,"6":1,"7":1,"8":1,"9":2},"fnMap":{"1":{"name":"constructor","line":70,"loc":{"start":{"line":70,"column":1},"end":{"line":72,"column":1}}},"2":{"name":"editAmountTimeLock","line":81,"loc":{"start":{"line":81,"column":1},"end":{"line":92,"column":1}}},"3":{"name":"editAccountTimeLock","line":99,"loc":{"start":{"line":99,"column":1},"end":{"line":106,"column":1}}},"4":{"name":"editTimeLock","line":112,"loc":{"start":{"line":112,"column":1},"end":{"line":119,"column":1}}},"5":{"name":"executeTransfer","line":129,"loc":{"start":{"line":129,"column":1},"end":{"line":156,"column":1}}},"6":{"name":"getModuleName","line":162,"loc":{"start":{"line":162,"column":1},"end":{"line":164,"column":1}}},"7":{"name":"getTimeLock","line":170,"loc":{"start":{"line":170,"column":1},"end":{"line":172,"column":1}}},"8":{"name":"getAccountTimeLock","line":178,"loc":{"start":{"line":178,"column":1},"end":{"line":180,"column":1}}},"9":{"name":"getAmountTimeLock","line":187,"loc":{"start":{"line":187,"column":1},"end":{"line":193,"column":1}}}},"statementMap":{"1":{"start":{"line":71,"column":2},"end":{"line":71,"column":46}},"2":{"start":{"line":86,"column":2},"end":{"line":86,"column":2063}},"3":{"start":{"line":90,"column":2},"end":{"line":90,"column":46}},"4":{"start":{"line":91,"column":2},"end":{"line":91,"column":48}},"5":{"start":{"line":100,"column":2},"end":{"line":100,"column":2506}},"6":{"start":{"line":104,"column":2},"end":{"line":104,"column":33}},"7":{"start":{"line":105,"column":2},"end":{"line":105,"column":41}},"8":{"start":{"line":113,"column":2},"end":{"line":113,"column":2858}},"9":{"start":{"line":117,"column":2},"end":{"line":117,"column":17}},"10":{"start":{"line":118,"column":2},"end":{"line":118,"column":25}},"11":{"start":{"line":139,"column":2},"end":{"line":139,"column":3612}},"12":{"start":{"line":140,"column":3},"end":{"line":140,"column":46}},"13":{"start":{"line":141,"column":9},"end":{"line":141,"column":3692}},"14":{"start":{"line":142,"column":3},"end":{"line":142,"column":44}},"15":{"start":{"line":143,"column":9},"end":{"line":143,"column":3789}},"16":{"start":{"line":145,"column":3},"end":{"line":145,"column":3899}},"17":{"start":{"line":150,"column":3},"end":{"line":150,"column":3991}},"18":{"start":{"line":151,"column":4},"end":{"line":151,"column":44}},"19":{"start":{"line":155,"column":2},"end":{"line":155,"column":19}},"20":{"start":{"line":163,"column":2},"end":{"line":163,"column":21}},"21":{"start":{"line":171,"column":2},"end":{"line":171,"column":18}},"22":{"start":{"line":179,"column":2},"end":{"line":179,"column":34}},"23":{"start":{"line":192,"column":2},"end":{"line":192,"column":73}}},"branchMap":{"1":{"line":86,"type":"if","locations":[{"start":{"line":86,"column":2},"end":{"line":86,"column":2}},{"start":{"line":86,"column":2},"end":{"line":86,"column":2}}]},"2":{"line":100,"type":"if","locations":[{"start":{"line":100,"column":2},"end":{"line":100,"column":2}},{"start":{"line":100,"column":2},"end":{"line":100,"column":2}}]},"3":{"line":113,"type":"if","locations":[{"start":{"line":113,"column":2},"end":{"line":113,"column":2}},{"start":{"line":113,"column":2},"end":{"line":113,"column":2}}]},"4":{"line":139,"type":"if","locations":[{"start":{"line":139,"column":2},"end":{"line":139,"column":2}},{"start":{"line":139,"column":2},"end":{"line":139,"column":2}}]},"5":{"line":141,"type":"if","locations":[{"start":{"line":141,"column":9},"end":{"line":141,"column":9}},{"start":{"line":141,"column":9},"end":{"line":141,"column":9}}]},"6":{"line":143,"type":"if","locations":[{"start":{"line":143,"column":9},"end":{"line":143,"column":9}},{"start":{"line":143,"column":9},"end":{"line":143,"column":9}}]},"7":{"line":150,"type":"if","locations":[{"start":{"line":150,"column":3},"end":{"line":150,"column":3}},{"start":{"line":150,"column":3},"end":{"line":150,"column":3}}]}}},
"contracts/constraints/VestingPeriodConstraintModule.sol":{"l":{"66":1,"81":3,"89":1,"90":1,"91":1,"93":1,"119":6,"120":2,"124":4,"127":4,"128":2,"131":2,"132":2,"148":4,"154":4,"184":1,"192":1,"200":2,"209":1,"217":1},"path":"/Users/simondos/projects/_micobo/security-token/contracts/constraints/VestingPeriodConstraintModule.sol","s":{"1":1,"2":3,"3":1,"4":1,"5":1,"6":1,"7":6,"8":2,"9":4,"10":4,"11":2,"12":2,"13":2,"14":4,"15":4,"16":1,"17":1,"18":2,"19":1,"20":1},"b":{"1":[1,2],"2":[2,4],"3":[2,2]},"f":{"1":1,"2":3,"3":6,"4":4,"5":1,"6":1,"7":2,"8":1,"9":1},"fnMap":{"1":{"name":"constructor","line":65,"loc":{"start":{"line":65,"column":1},"end":{"line":67,"column":1}}},"2":{"name":"setVestingOptions","line":76,"loc":{"start":{"line":76,"column":1},"end":{"line":98,"column":1}}},"3":{"name":"executeTransfer","line":108,"loc":{"start":{"line":108,"column":1},"end":{"line":133,"column":1}}},"4":{"name":"getAmountAllowed","line":142,"loc":{"start":{"line":142,"column":1},"end":{"line":177,"column":1}}},"5":{"name":"getVestingStart","line":183,"loc":{"start":{"line":183,"column":1},"end":{"line":185,"column":1}}},"6":{"name":"getVestedFractionAfterStart","line":191,"loc":{"start":{"line":191,"column":1},"end":{"line":193,"column":1}}},"7":{"name":"getVestingRatio","line":199,"loc":{"start":{"line":199,"column":1},"end":{"line":201,"column":1}}},"8":{"name":"getAmountSpentByUser","line":208,"loc":{"start":{"line":208,"column":1},"end":{"line":210,"column":1}}},"9":{"name":"getModuleName","line":216,"loc":{"start":{"line":216,"column":1},"end":{"line":218,"column":1}}}},"statementMap":{"1":{"start":{"line":66,"column":2},"end":{"line":66,"column":46}},"2":{"start":{"line":81,"column":2},"end":{"line":81,"column":1929}},"3":{"start":{"line":89,"column":2},"end":{"line":89,"column":29}},"4":{"start":{"line":90,"column":2},"end":{"line":90,"column":43}},"5":{"start":{"line":91,"column":2},"end":{"line":91,"column":29}},"6":{"start":{"line":93,"column":2},"end":{"line":93,"column":2172}},"7":{"start":{"line":119,"column":2},"end":{"line":119,"column":2889}},"8":{"start":{"line":120,"column":3},"end":{"line":120,"column":48}},"9":{"start":{"line":124,"column":2},"end":{"line":124,"column":60}},"10":{"start":{"line":127,"column":2},"end":{"line":127,"column":3134}},"11":{"start":{"line":128,"column":3},"end":{"line":128,"column":49}},"12":{"start":{"line":131,"column":2},"end":{"line":131,"column":63}},"13":{"start":{"line":132,"column":2},"end":{"line":132,"column":19}},"14":{"start":{"line":148,"column":2},"end":{"line":148,"column":3871}},"15":{"start":{"line":154,"column":2},"end":{"line":154,"column":4037}},"16":{"start":{"line":184,"column":2},"end":{"line":184,"column":22}},"17":{"start":{"line":192,"column":2},"end":{"line":192,"column":24}},"18":{"start":{"line":200,"column":2},"end":{"line":200,"column":22}},"19":{"start":{"line":209,"column":2},"end":{"line":209,"column":33}},"20":{"start":{"line":217,"column":2},"end":{"line":217,"column":21}}},"branchMap":{"1":{"line":81,"type":"if","locations":[{"start":{"line":81,"column":2},"end":{"line":81,"column":2}},{"start":{"line":81,"column":2},"end":{"line":81,"column":2}}]},"2":{"line":119,"type":"if","locations":[{"start":{"line":119,"column":2},"end":{"line":119,"column":2}},{"start":{"line":119,"column":2},"end":{"line":119,"column":2}}]},"3":{"line":127,"type":"if","locations":[{"start":{"line":127,"column":2},"end":{"line":127,"column":2}},{"start":{"line":127,"column":2},"end":{"line":127,"column":2}}]}}},
"contracts/constraints/WhitelistConstraintModule.sol":{"l":{"44":1,"54":4,"63":5,"67":3,"78":4,"83":2,"85":2,"86":20,"96":23,"97":23,"117":5,"118":1,"120":2,"122":2,"131":1},"path":"/Users/simondos/projects/_micobo/security-token/contracts/constraints/WhitelistConstraintModule.sol","s":{"1":1,"2":4,"3":5,"4":3,"5":4,"6":2,"7":2,"8":20,"9":23,"10":23,"11":5,"12":1,"13":4,"14":2,"15":2,"16":1},"b":{"1":[3,2],"2":[2,2],"3":[2,0],"4":[1,4],"5":[2,2]},"f":{"1":1,"2":4,"3":5,"4":4,"5":23,"6":5,"7":1},"fnMap":{"1":{"name":"constructor","line":43,"loc":{"start":{"line":43,"column":1},"end":{"line":45,"column":1}}},"2":{"name":"isWhitelisted","line":53,"loc":{"start":{"line":53,"column":1},"end":{"line":55,"column":1}}},"3":{"name":"editWhitelist","line":62,"loc":{"start":{"line":62,"column":1},"end":{"line":68,"column":1}}},"4":{"name":"bulkEditWhitelist","line":75,"loc":{"start":{"line":75,"column":1},"end":{"line":88,"column":1}}},"5":{"name":"_editWhitelist","line":95,"loc":{"start":{"line":95,"column":1},"end":{"line":98,"column":1}}},"6":{"name":"executeTransfer","line":107,"loc":{"start":{"line":107,"column":1},"end":{"line":124,"column":1}}},"7":{"name":"getModuleName","line":130,"loc":{"start":{"line":130,"column":1},"end":{"line":132,"column":1}}}},"statementMap":{"1":{"start":{"line":44,"column":2},"end":{"line":44,"column":46}},"2":{"start":{"line":54,"column":2},"end":{"line":54,"column":28}},"3":{"start":{"line":63,"column":2},"end":{"line":63,"column":1605}},"4":{"start":{"line":67,"column":2},"end":{"line":67,"column":37}},"5":{"start":{"line":78,"column":2},"end":{"line":78,"column":1998}},"6":{"start":{"line":83,"column":2},"end":{"line":83,"column":53}},"7":{"start":{"line":85,"column":2},"end":{"line":85,"column":2163}},"8":{"start":{"line":86,"column":3},"end":{"line":86,"column":42}},"9":{"start":{"line":96,"column":2},"end":{"line":96,"column":34}},"10":{"start":{"line":97,"column":2},"end":{"line":97,"column":42}},"11":{"start":{"line":117,"column":2},"end":{"line":117,"column":3090}},"12":{"start":{"line":118,"column":3},"end":{"line":118,"column":20}},"13":{"start":{"line":119,"column":9},"end":{"line":119,"column":3163}},"14":{"start":{"line":120,"column":3},"end":{"line":120,"column":43}},"15":{"start":{"line":122,"column":3},"end":{"line":122,"column":46}},"16":{"start":{"line":131,"column":2},"end":{"line":131,"column":21}}},"branchMap":{"1":{"line":63,"type":"if","locations":[{"start":{"line":63,"column":2},"end":{"line":63,"column":2}},{"start":{"line":63,"column":2},"end":{"line":63,"column":2}}]},"2":{"line":78,"type":"if","locations":[{"start":{"line":78,"column":2},"end":{"line":78,"column":2}},{"start":{"line":78,"column":2},"end":{"line":78,"column":2}}]},"3":{"line":83,"type":"if","locations":[{"start":{"line":83,"column":2},"end":{"line":83,"column":2}},{"start":{"line":83,"column":2},"end":{"line":83,"column":2}}]},"4":{"line":117,"type":"if","locations":[{"start":{"line":117,"column":2},"end":{"line":117,"column":2}},{"start":{"line":117,"column":2},"end":{"line":117,"column":2}}]},"5":{"line":119,"type":"if","locations":[{"start":{"line":119,"column":9},"end":{"line":119,"column":9}},{"start":{"line":119,"column":9},"end":{"line":119,"column":9}}]}}},
"contracts/erc1820/ERC1820Client.sol":{"l":{"37":0,"38":0},"path":"/Users/simondos/projects/_micobo/security-token/contracts/erc1820/ERC1820Client.sol","s":{"1":0,"2":0},"b":{},"f":{"1":0},"fnMap":{"1":{"name":"setInterfaceImplementation","line":33,"loc":{"start":{"line":33,"column":1},"end":{"line":43,"column":1}}}},"statementMap":{"1":{"start":{"line":37,"column":2},"end":{"line":37,"column":70}},"2":{"start":{"line":38,"column":2},"end":{"line":38,"column":921}}},"branchMap":{}},
"contracts/gnosis/CreateCall.sol":{"l":{"15":0,"23":0,"24":0,"32":0,"39":0,"40":0},"path":"/Users/simondos/projects/_micobo/security-token/contracts/gnosis/CreateCall.sol","s":{"1":0,"2":0,"3":0,"4":0},"b":{"1":[0,0],"2":[0,0]},"f":{"1":0,"2":0},"fnMap":{"1":{"name":"performCreate2","line":9,"loc":{"start":{"line":9,"column":1},"end":{"line":25,"column":1}}},"2":{"name":"performCreate","line":27,"loc":{"start":{"line":27,"column":1},"end":{"line":41,"column":1}}}},"statementMap":{"1":{"start":{"line":23,"column":2},"end":{"line":23,"column":64}},"2":{"start":{"line":24,"column":2},"end":{"line":24,"column":36}},"3":{"start":{"line":39,"column":2},"end":{"line":39,"column":64}},"4":{"start":{"line":40,"column":2},"end":{"line":40,"column":36}}},"branchMap":{"1":{"line":23,"type":"if","locations":[{"start":{"line":23,"column":2},"end":{"line":23,"column":2}},{"start":{"line":23,"column":2},"end":{"line":23,"column":2}}]},"2":{"line":39,"type":"if","locations":[{"start":{"line":39,"column":2},"end":{"line":39,"column":2}},{"start":{"line":39,"column":2},"end":{"line":39,"column":2}}]}}},
"contracts/gsn/GSNable.sol":{"l":{"29":0,"30":0,"42":0,"43":0,"60":0,"61":0,"63":0,"76":0,"88":0,"89":0,"102":0,"103":0,"118":0,"119":0,"127":0,"138":0,"139":0,"147":0,"159":0},"path":"/Users/simondos/projects/_micobo/security-token/contracts/gsn/GSNable.sol","s":{"1":0,"2":0,"3":0,"4":0,"5":0,"6":0,"7":0,"8":0,"9":0,"10":0,"11":0,"12":0,"13":0,"14":0,"15":0,"16":0,"17":0,"18":0},"b":{"1":[0,0],"2":[0,0],"3":[0,0],"4":[0,0],"5":[0,0]},"f":{"1":0,"2":0,"3":0,"4":0,"5":0,"6":0,"7":0,"8":0,"9":0,"10":0},"fnMap":{"1":{"name":"_isGSNController","line":28,"loc":{"start":{"line":28,"column":1},"end":{"line":31,"column":1}}},"2":{"name":"onlyGSNController","line":41,"loc":{"start":{"line":41,"column":1},"end":{"line":44,"column":1}}},"3":{"name":"acceptRelayedCall","line":49,"loc":{"start":{"line":49,"column":1},"end":{"line":78,"column":1}}},"4":{"name":"_preRelayedCall","line":83,"loc":{"start":{"line":83,"column":1},"end":{"line":91,"column":1}}},"5":{"name":"_postRelayedCall","line":96,"loc":{"start":{"line":96,"column":1},"end":{"line":111,"column":1}}},"6":{"name":"setGSNMode","line":117,"loc":{"start":{"line":117,"column":1},"end":{"line":120,"column":1}}},"7":{"name":"getGSNMode","line":126,"loc":{"start":{"line":126,"column":1},"end":{"line":128,"column":1}}},"8":{"name":"setGSNModule","line":136,"loc":{"start":{"line":134,"column":1},"end":{"line":140,"column":1}}},"9":{"name":"upgradeRelayHub","line":146,"loc":{"start":{"line":146,"column":1},"end":{"line":148,"column":1}}},"10":{"name":"withdrawDeposits","line":157,"loc":{"start":{"line":155,"column":1},"end":{"line":160,"column":1}}}},"statementMap":{"1":{"start":{"line":30,"column":2},"end":{"line":30,"column":13}},"2":{"start":{"line":42,"column":2},"end":{"line":42,"column":47}},"3":{"start":{"line":60,"column":2},"end":{"line":60,"column":1421}},"4":{"start":{"line":61,"column":3},"end":{"line":61,"column":31}},"5":{"start":{"line":62,"column":9},"end":{"line":62,"column":1494}},"6":{"start":{"line":63,"column":3},"end":{"line":63,"column":1534}},"7":{"start":{"line":76,"column":3},"end":{"line":76,"column":31}},"8":{"start":{"line":88,"column":2},"end":{"line":88,"column":1918}},"9":{"start":{"line":89,"column":3},"end":{"line":89,"column":44}},"10":{"start":{"line":102,"column":2},"end":{"line":102,"column":2185}},"11":{"start":{"line":103,"column":3},"end":{"line":103,"column":2225}},"12":{"start":{"line":118,"column":2},"end":{"line":118,"column":25}},"13":{"start":{"line":119,"column":2},"end":{"line":119,"column":23}},"14":{"start":{"line":127,"column":2},"end":{"line":127,"column":17}},"15":{"start":{"line":138,"column":2},"end":{"line":138,"column":26}},"16":{"start":{"line":139,"column":2},"end":{"line":139,"column":33}},"17":{"start":{"line":147,"column":2},"end":{"line":147,"column":30}},"18":{"start":{"line":159,"column":2},"end":{"line":159,"column":33}}},"branchMap":{"1":{"line":42,"type":"if","locations":[{"start":{"line":42,"column":2},"end":{"line":42,"column":2}},{"start":{"line":42,"column":2},"end":{"line":42,"column":2}}]},"2":{"line":60,"type":"if","locations":[{"start":{"line":60,"column":2},"end":{"line":60,"column":2}},{"start":{"line":60,"column":2},"end":{"line":60,"column":2}}]},"3":{"line":62,"type":"if","locations":[{"start":{"line":62,"column":9},"end":{"line":62,"column":9}},{"start":{"line":62,"column":9},"end":{"line":62,"column":9}}]},"4":{"line":88,"type":"if","locations":[{"start":{"line":88,"column":2},"end":{"line":88,"column":2}},{"start":{"line":88,"column":2},"end":{"line":88,"column":2}}]},"5":{"line":102,"type":"if","locations":[{"start":{"line":102,"column":2},"end":{"line":102,"column":2}},{"start":{"line":102,"column":2},"end":{"line":102,"column":2}}]}}},
"contracts/gsn/GSNModule.sol":{"l":{"26":0,"40":0,"58":0,"76":0,"88":0,"101":0,"112":0},"path":"/Users/simondos/projects/_micobo/security-token/contracts/gsn/GSNModule.sol","s":{"1":0,"2":0,"3":0,"4":0,"5":0,"6":0},"b":{},"f":{"1":0,"2":0,"3":0,"4":0,"5":0,"6":0,"7":0},"fnMap":{"1":{"name":"getHubAddr","line":23,"loc":{"start":{"line":23,"column":1},"end":{"line":27,"column":1}}},"2":{"name":"acceptRelayedCall","line":29,"loc":{"start":{"line":29,"column":1},"end":{"line":41,"column":1}}},"3":{"name":"preRelayedCall","line":55,"loc":{"start":{"line":55,"column":1},"end":{"line":59,"column":1}}},"4":{"name":"postRelayedCall","line":70,"loc":{"start":{"line":70,"column":1},"end":{"line":77,"column":1}}},"5":{"name":"_approveRelayedCall","line":83,"loc":{"start":{"line":83,"column":1},"end":{"line":89,"column":1}}},"6":{"name":"_approveRelayedCall","line":96,"loc":{"start":{"line":96,"column":1},"end":{"line":102,"column":1}}},"7":{"name":"_rejectRelayedCall","line":107,"loc":{"start":{"line":107,"column":1},"end":{"line":113,"column":1}}}},"statementMap":{"1":{"start":{"line":26,"column":2},"end":{"line":26,"column":19}},"2":{"start":{"line":40,"column":2},"end":{"line":40,"column":22}},"3":{"start":{"line":58,"column":2},"end":{"line":58,"column":11}},"4":{"start":{"line":88,"column":2},"end":{"line":88,"column":32}},"5":{"start":{"line":101,"column":2},"end":{"line":101,"column":42}},"6":{"start":{"line":112,"column":2},"end":{"line":112,"column":49}}},"branchMap":{}},
"contracts/gsn/GSNRecipient.sol":{"l":{"40":0,"51":0,"52":0,"53":0,"55":0,"57":0,"67":0,"68":0,"80":0,"101":0,"102":0,"104":0,"115":0,"116":0,"118":0,"140":0,"141":0,"171":0,"172":0,"198":0,"211":0,"222":0,"236":0,"254":0,"255":0,"258":0,"265":0,"272":0,"273":0,"275":0,"276":0,"279":0},"path":"/Users/simondos/projects/_micobo/security-token/contracts/gsn/GSNRecipient.sol","s":{"1":0,"2":0,"3":0,"4":0,"5":0,"6":0,"7":0,"8":0,"9":0,"10":0,"11":0,"12":0,"13":0,"14":0,"15":0,"16":0,"17":0,"18":0,"19":0,"20":0,"21":0,"22":0,"23":0,"24":0,"25":0,"26":0,"27":0,"28":0,"29":0,"30":0},"b":{"1":[0,0],"2":[0,0],"3":[0,0],"4":[0,0],"5":[0,0],"6":[0,0]},"f":{"1":0,"2":0,"3":0,"4":0,"5":0,"6":0,"7":0,"8":0,"9":0,"10":0,"11":0,"12":0,"13":0,"14":0},"fnMap":{"1":{"name":"getHubAddr","line":39,"loc":{"start":{"line":39,"column":1},"end":{"line":41,"column":1}}},"2":{"name":"_upgradeRelayHub","line":50,"loc":{"start":{"line":50,"column":1},"end":{"line":58,"column":1}}},"3":{"name":"relayHubVersion","line":66,"loc":{"start":{"line":66,"column":1},"end":{"line":69,"column":1}}},"4":{"name":"_withdrawDeposits","line":76,"loc":{"start":{"line":76,"column":1},"end":{"line":81,"column":1}}},"5":{"name":"_msgSender","line":94,"loc":{"start":{"line":94,"column":1},"end":{"line":106,"column":1}}},"6":{"name":"_msgData","line":114,"loc":{"start":{"line":114,"column":1},"end":{"line":120,"column":1}}},"7":{"name":"preRelayedCall","line":134,"loc":{"start":{"line":134,"column":1},"end":{"line":142,"column":1}}},"8":{"name":"postRelayedCall","line":165,"loc":{"start":{"line":165,"column":1},"end":{"line":173,"column":1}}},"9":{"name":"_approveRelayedCall","line":193,"loc":{"start":{"line":193,"column":1},"end":{"line":199,"column":1}}},"10":{"name":"_approveRelayedCall","line":206,"loc":{"start":{"line":206,"column":1},"end":{"line":212,"column":1}}},"11":{"name":"_rejectRelayedCall","line":217,"loc":{"start":{"line":217,"column":1},"end":{"line":223,"column":1}}},"12":{"name":"_computeCharge","line":229,"loc":{"start":{"line":229,"column":1},"end":{"line":237,"column":1}}},"13":{"name":"_getRelayedCallSender","line":239,"loc":{"start":{"line":239,"column":1},"end":{"line":266,"column":1}}},"14":{"name":"_getRelayedCallData","line":268,"loc":{"start":{"line":268,"column":1},"end":{"line":280,"column":1}}}},"statementMap":{"1":{"start":{"line":40,"column":2},"end":{"line":40,"column":18}},"2":{"start":{"line":51,"column":2},"end":{"line":51,"column":37}},"3":{"start":{"line":52,"column":2},"end":{"line":52,"column":51}},"4":{"start":{"line":53,"column":2},"end":{"line":53,"column":55}},"5":{"start":{"line":55,"column":2},"end":{"line":55,"column":52}},"6":{"start":{"line":57,"column":2},"end":{"line":57,"column":24}},"7":{"start":{"line":68,"column":2},"end":{"line":68,"column":16}},"8":{"start":{"line":80,"column":2},"end":{"line":80,"column":45}},"9":{"start":{"line":101,"column":2},"end":{"line":101,"column":3553}},"10":{"start":{"line":102,"column":3},"end":{"line":102,"column":20}},"11":{"start":{"line":104,"column":3},"end":{"line":104,"column":33}},"12":{"start":{"line":115,"column":2},"end":{"line":115,"column":4077}},"13":{"start":{"line":116,"column":3},"end":{"line":116,"column":18}},"14":{"start":{"line":118,"column":3},"end":{"line":118,"column":31}},"15":{"start":{"line":140,"column":2},"end":{"line":140,"column":47}},"16":{"start":{"line":141,"column":2},"end":{"line":141,"column":33}},"17":{"start":{"line":171,"column":2},"end":{"line":171,"column":47}},"18":{"start":{"line":172,"column":2},"end":{"line":172,"column":60}},"19":{"start":{"line":198,"column":2},"end":{"line":198,"column":32}},"20":{"start":{"line":211,"column":2},"end":{"line":211,"column":42}},"21":{"start":{"line":222,"column":2},"end":{"line":222,"column":49}},"22":{"start":{"line":236,"column":2},"end":{"line":236,"column":52}},"23":{"start":{"line":254,"column":2},"end":{"line":254,"column":31}},"24":{"start":{"line":255,"column":2},"end":{"line":255,"column":33}},"25":{"start":{"line":265,"column":2},"end":{"line":265,"column":15}},"26":{"start":{"line":272,"column":2},"end":{"line":272,"column":49}},"27":{"start":{"line":273,"column":2},"end":{"line":273,"column":55}},"28":{"start":{"line":275,"column":2},"end":{"line":275,"column":8844}},"29":{"start":{"line":276,"column":3},"end":{"line":276,"column":29}},"30":{"start":{"line":279,"column":2},"end":{"line":279,"column":19}}},"branchMap":{"1":{"line":52,"type":"if","locations":[{"start":{"line":52,"column":2},"end":{"line":52,"column":2}},{"start":{"line":52,"column":2},"end":{"line":52,"column":2}}]},"2":{"line":53,"type":"if","locations":[{"start":{"line":53,"column":2},"end":{"line":53,"column":2}},{"start":{"line":53,"column":2},"end":{"line":53,"column":2}}]},"3":{"line":101,"type":"if","locations":[{"start":{"line":101,"column":2},"end":{"line":101,"column":2}},{"start":{"line":101,"column":2},"end":{"line":101,"column":2}}]},"4":{"line":115,"type":"if","locations":[{"start":{"line":115,"column":2},"end":{"line":115,"column":2}},{"start":{"line":115,"column":2},"end":{"line":115,"column":2}}]},"5":{"line":140,"type":"if","locations":[{"start":{"line":140,"column":2},"end":{"line":140,"column":2}},{"start":{"line":140,"column":2},"end":{"line":140,"column":2}}]},"6":{"line":171,"type":"if","locations":[{"start":{"line":171,"column":2},"end":{"line":171,"column":2}},{"start":{"line":171,"column":2},"end":{"line":171,"column":2}}]}}},
"contracts/interfaces/IAdmin.sol":{"l":{},"path":"/Users/simondos/projects/_micobo/security-token/contracts/interfaces/IAdmin.sol","s":{},"b":{},"f":{},"fnMap":{},"statementMap":{},"branchMap":{}},
"contracts/interfaces/IConstrainable.sol":{"l":{},"path":"/Users/simondos/projects/_micobo/security-token/contracts/interfaces/IConstrainable.sol","s":{},"b":{},"f":{},"fnMap":{},"statementMap":{},"branchMap":{}},
"contracts/interfaces/IConstraintModule.sol":{"l":{},"path":"/Users/simondos/projects/_micobo/security-token/contracts/interfaces/IConstraintModule.sol","s":{},"b":{},"f":{},"fnMap":{},"statementMap":{},"branchMap":{}},
"contracts/interfaces/IERC1400.sol":{"l":{},"path":"/Users/simondos/projects/_micobo/security-token/contracts/interfaces/IERC1400.sol","s":{},"b":{},"f":{},"fnMap":{},"statementMap":{},"branchMap":{}},
"contracts/interfaces/IERC1400Capped.sol":{"l":{},"path":"/Users/simondos/projects/_micobo/security-token/contracts/interfaces/IERC1400Capped.sol","s":{},"b":{},"f":{},"fnMap":{},"statementMap":{},"branchMap":{}},
"contracts/interfaces/IERC1400Partition.sol":{"l":{},"path":"/Users/simondos/projects/_micobo/security-token/contracts/interfaces/IERC1400Partition.sol","s":{},"b":{},"f":{},"fnMap":{},"statementMap":{},"branchMap":{}},
"contracts/interfaces/IERC1400Raw.sol":{"l":{},"path":"/Users/simondos/projects/_micobo/security-token/contracts/interfaces/IERC1400Raw.sol","s":{},"b":{},"f":{},"fnMap":{},"statementMap":{},"branchMap":{}},
"contracts/interfaces/IOwnable.sol":{"l":{},"path":"/Users/simondos/projects/_micobo/security-token/contracts/interfaces/IOwnable.sol","s":{},"b":{},"f":{},"fnMap":{},"statementMap":{},"branchMap":{}},
"contracts/interfaces/IPausable.sol":{"l":{},"path":"/Users/simondos/projects/_micobo/security-token/contracts/interfaces/IPausable.sol","s":{},"b":{},"f":{},"fnMap":{},"statementMap":{},"branchMap":{}},
"contracts/interfaces/ISecurityToken.sol":{"l":{},"path":"/Users/simondos/projects/_micobo/security-token/contracts/interfaces/ISecurityToken.sol","s":{},"b":{},"f":{},"fnMap":{},"statementMap":{},"branchMap":{}},
"contracts/interfaces/IWhitelistConstraintModule.sol":{"l":{},"path":"/Users/simondos/projects/_micobo/security-token/contracts/interfaces/IWhitelistConstraintModule.sol","s":{},"b":{},"f":{},"fnMap":{},"statementMap":{},"branchMap":{}},
"contracts/storage/SecurityTokenStorage.sol":{"l":{},"path":"/Users/simondos/projects/_micobo/security-token/contracts/storage/SecurityTokenStorage.sol","s":{},"b":{},"f":{},"fnMap":{},"statementMap":{},"branchMap":{}},
"contracts/test/NewSecurityToken.sol":{"l":{"24":0,"25":0,"47":0,"48":0,"49":0,"50":0,"51":0,"53":0,"54":0,"56":0,"58":0,"59":0,"61":0,"62":0,"65":0,"66":0,"67":0,"70":0,"71":0,"74":0,"77":0,"79":0,"80":0,"83":0,"86":0,"95":0,"113":0,"114":0,"119":0,"120":0,"121":0,"146":0,"164":0,"168":0,"169":0,"179":0,"188":0,"205":0,"209":0,"211":0,"236":0,"264":0,"270":0,"313":0,"314":0,"316":0,"326":0,"348":0,"354":0,"355":0,"357":0,"367":0,"378":0,"379":0,"388":0,"389":0},"path":"/Users/simondos/projects/_micobo/security-token/contracts/test/NewSecurityToken.sol","s":{"1":0,"2":0,"3":0,"4":0,"5":0,"6":0,"7":0,"8":0,"9":0,"10":0,"11":0,"12":0,"13":0,"14":0,"15":0,"16":0,"17":0,"18":0,"19":0,"20":0,"21":0,"22":0,"23":0,"24":0,"25":0,"26":0,"27":0,"28":0,"29":0,"30":0,"31":0,"32":0,"33":0,"34":0,"35":0,"36":0,"37":0,"38":0,"39":0,"40":0,"41":0,"42":0,"43":0,"44":0,"45":0,"46":0,"47":0,"48":0,"49":0,"50":0,"51":0,"52":0,"53":0,"54":0,"55":0},"b":{"1":[0,0],"2":[0,0],"3":[0,0],"4":[0,0],"5":[0,0],"6":[0,0],"7":[0,0],"8":[0,0],"9":[0,0],"10":[0,0],"11":[0,0]},"f":{"1":0,"2":0,"3":0,"4":0,"5":0,"6":0,"7":0,"8":0,"9":0,"10":0,"11":0,"12":0,"13":0,"14":0,"15":0},"fnMap":{"1":{"name":"version","line":23,"loc":{"start":{"line":23,"column":1},"end":{"line":26,"column":1}}},"2":{"name":"initialize","line":46,"loc":{"start":{"line":36,"column":1},"end":{"line":87,"column":1}}},"3":{"name":"_isGSNController","line":94,"loc":{"start":{"line":94,"column":1},"end":{"line":96,"column":1}}},"4":{"name":"bulkIssueByPartition","line":107,"loc":{"start":{"line":107,"column":1},"end":{"line":130,"column":1}}},"5":{"name":"getDocument","line":140,"loc":{"start":{"line":140,"column":1},"end":{"line":150,"column":1}}},"6":{"name":"setDocument","line":159,"loc":{"start":{"line":159,"column":1},"end":{"line":170,"column":1}}},"7":{"name":"isControllable","line":178,"loc":{"start":{"line":178,"column":1},"end":{"line":180,"column":1}}},"8":{"name":"isIssuable","line":187,"loc":{"start":{"line":187,"column":1},"end":{"line":189,"column":1}}},"9":{"name":"issueByPartition","line":199,"loc":{"start":{"line":199,"column":1},"end":{"line":219,"column":1}}},"10":{"name":"redeemByPartition","line":229,"loc":{"start":{"line":229,"column":1},"end":{"line":244,"column":1}}},"11":{"name":"operatorRedeemByPartition","line":255,"loc":{"start":{"line":255,"column":1},"end":{"line":278,"column":1}}},"12":{"name":"_issueByPartition","line":305,"loc":{"start":{"line":305,"column":1},"end":{"line":327,"column":1}}},"13":{"name":"_redeemByPartition","line":340,"loc":{"start":{"line":340,"column":1},"end":{"line":368,"column":1}}},"14":{"name":"renounceControl","line":377,"loc":{"start":{"line":377,"column":1},"end":{"line":380,"column":1}}},"15":{"name":"renounceIssuance","line":387,"loc":{"start":{"line":387,"column":1},"end":{"line":390,"column":1}}}},"statementMap":{"1":{"start":{"line":25,"column":2},"end":{"line":25,"column":16}},"2":{"start":{"line":47,"column":2},"end":{"line":47,"column":30}},"3":{"start":{"line":48,"column":2},"end":{"line":48,"column":40}},"4":{"start":{"line":49,"column":2},"end":{"line":49,"column":32}},"5":{"start":{"line":50,"column":2},"end":{"line":50,"column":36}},"6":{"start":{"line":51,"column":2},"end":{"line":51,"column":46}},"7":{"start":{"line":53,"column":2},"end":{"line":53,"column":11}},"8":{"start":{"line":54,"column":2},"end":{"line":54,"column":18}},"9":{"start":{"line":56,"column":2},"end":{"line":56,"column":58}},"10":{"start":{"line":58,"column":2},"end":{"line":58,"column":19}},"11":{"start":{"line":59,"column":2},"end":{"line":59,"column":23}},"12":{"start":{"line":61,"column":2},"end":{"line":61,"column":15}},"13":{"start":{"line":62,"column":2},"end":{"line":62,"column":46}},"14":{"start":{"line":65,"column":2},"end":{"line":65,"column":13}},"15":{"start":{"line":66,"column":2},"end":{"line":66,"column":17}},"16":{"start":{"line":67,"column":2},"end":{"line":67,"column":17}},"17":{"start":{"line":70,"column":2},"end":{"line":70,"column":49}},"18":{"start":{"line":71,"column":2},"end":{"line":71,"column":27}},"19":{"start":{"line":74,"column":2},"end":{"line":74,"column":23}},"20":{"start":{"line":77,"column":2},"end":{"line":77,"column":55}},"21":{"start":{"line":79,"column":2},"end":{"line":79,"column":27}},"22":{"start":{"line":80,"column":2},"end":{"line":80,"column":28}},"23":{"start":{"line":83,"column":2},"end":{"line":83,"column":36}},"24":{"start":{"line":86,"column":2},"end":{"line":86,"column":29}},"25":{"start":{"line":95,"column":2},"end":{"line":95,"column":57}},"26":{"start":{"line":113,"column":2},"end":{"line":113,"column":43}},"27":{"start":{"line":114,"column":2},"end":{"line":114,"column":3166}},"28":{"start":{"line":119,"column":2},"end":{"line":119,"column":3253}},"29":{"start":{"line":120,"column":3},"end":{"line":120,"column":61}},"30":{"start":{"line":121,"column":3},"end":{"line":121,"column":3373}},"31":{"start":{"line":146,"column":2},"end":{"line":146,"column":3918}},"32":{"start":{"line":164,"column":2},"end":{"line":164,"column":4401}},"33":{"start":{"line":168,"column":2},"end":{"line":168,"column":71}},"34":{"start":{"line":169,"column":2},"end":{"line":169,"column":48}},"35":{"start":{"line":179,"column":2},"end":{"line":179,"column":24}},"36":{"start":{"line":188,"column":2},"end":{"line":188,"column":20}},"37":{"start":{"line":205,"column":2},"end":{"line":205,"column":43}},"38":{"start":{"line":209,"column":2},"end":{"line":209,"column":56}},"39":{"start":{"line":211,"column":2},"end":{"line":211,"column":5993}},"40":{"start":{"line":236,"column":2},"end":{"line":236,"column":6547}},"41":{"start":{"line":264,"column":2},"end":{"line":264,"column":7264}},"42":{"start":{"line":270,"column":2},"end":{"line":270,"column":7422}},"43":{"start":{"line":313,"column":2},"end":{"line":313,"column":48}},"44":{"start":{"line":314,"column":2},"end":{"line":314,"column":45}},"45":{"start":{"line":316,"column":2},"end":{"line":316,"column":8480}},"46":{"start":{"line":326,"column":2},"end":{"line":326,"column":38}},"47":{"start":{"line":348,"column":2},"end":{"line":348,"column":9276}},"48":{"start":{"line":354,"column":2},"end":{"line":354,"column":54}},"49":{"start":{"line":355,"column":2},"end":{"line":355,"column":51}},"50":{"start":{"line":357,"column":2},"end":{"line":357,"column":9540}},"51":{"start":{"line":367,"column":2},"end":{"line":367,"column":40}},"52":{"start":{"line":378,"column":2},"end":{"line":378,"column":59}},"53":{"start":{"line":379,"column":2},"end":{"line":379,"column":24}},"54":{"start":{"line":388,"column":2},"end":{"line":388,"column":59}},"55":{"start":{"line":389,"column":2},"end":{"line":389,"column":20}}},"branchMap":{"1":{"line":70,"type":"if","locations":[{"start":{"line":70,"column":2},"end":{"line":70,"column":2}},{"start":{"line":70,"column":2},"end":{"line":70,"column":2}}]},"2":{"line":113,"type":"if","locations":[{"start":{"line":113,"column":2},"end":{"line":113,"column":2}},{"start":{"line":113,"column":2},"end":{"line":113,"column":2}}]},"3":{"line":114,"type":"if","locations":[{"start":{"line":114,"column":2},"end":{"line":114,"column":2}},{"start":{"line":114,"column":2},"end":{"line":114,"column":2}}]},"4":{"line":120,"type":"if","locations":[{"start":{"line":120,"column":3},"end":{"line":120,"column":3}},{"start":{"line":120,"column":3},"end":{"line":120,"column":3}}]},"5":{"line":164,"type":"if","locations":[{"start":{"line":164,"column":2},"end":{"line":164,"column":2}},{"start":{"line":164,"column":2},"end":{"line":164,"column":2}}]},"6":{"line":205,"type":"if","locations":[{"start":{"line":205,"column":2},"end":{"line":205,"column":2}},{"start":{"line":205,"column":2},"end":{"line":205,"column":2}}]},"7":{"line":209,"type":"if","locations":[{"start":{"line":209,"column":2},"end":{"line":209,"column":2}},{"start":{"line":209,"column":2},"end":{"line":209,"column":2}}]},"8":{"line":264,"type":"if","locations":[{"start":{"line":264,"column":2},"end":{"line":264,"column":2}},{"start":{"line":264,"column":2},"end":{"line":264,"column":2}}]},"9":{"line":348,"type":"if","locations":[{"start":{"line":348,"column":2},"end":{"line":348,"column":2}},{"start":{"line":348,"column":2},"end":{"line":348,"column":2}}]},"10":{"line":378,"type":"if","locations":[{"start":{"line":378,"column":2},"end":{"line":378,"column":2}},{"start":{"line":378,"column":2},"end":{"line":378,"column":2}}]},"11":{"line":388,"type":"if","locations":[{"start":{"line":388,"column":2},"end":{"line":388,"column":2}},{"start":{"line":388,"column":2},"end":{"line":388,"column":2}}]}}},
"contracts/test/USDC_Polygon.sol":{"l":{"23":0,"27":0,"28":0,"152":0,"153":0,"155":0,"169":0,"187":0,"188":0,"190":0,"207":0,"208":0,"211":0,"212":0,"214":0,"230":0,"250":0,"251":0,"254":0,"270":0,"290":0,"291":0,"325":0,"327":0,"330":0,"350":0,"356":0,"357":0,"385":0,"399":0,"418":0,"439":0,"443":0,"452":0,"455":0,"458":0,"459":0,"462":0,"466":0,"471":0,"601":0,"602":0,"603":0,"610":0,"614":0,"622":0,"626":0,"643":0,"647":0,"654":0,"666":0,"683":0,"684":0,"697":0,"713":0,"714":0,"734":0,"735":0,"755":0,"756":0,"778":0,"779":0,"801":0,"802":0,"804":0,"806":0,"810":0,"811":0,"824":0,"826":0,"828":0,"829":0,"830":0,"845":0,"847":0,"849":0,"853":0,"854":0,"875":0,"876":0,"878":0,"879":0,"890":0,"918":0,"919":0,"934":0,"942":0,"1006":0,"1007":0,"1010":0,"1011":0,"1013":0,"1025":0,"1027":0,"1033":0,"1034":0,"1039":0,"1042":0,"1044":0,"1047":0,"1050":0,"1052":0,"1054":0,"1066":0,"1073":0,"1091":0,"1095":0,"1114":0,"1127":0,"1138":0,"1145":0,"1163":0,"1179":0,"1192":0,"1203":0,"1210":0,"1228":0,"1327":0,"1335":0,"1355":0,"1365":0,"1379":0,"1384":0,"1397":0,"1402":0,"1420":0,"1425":0,"1445":0,"1454":0,"1455":0,"1459":0,"1460":0,"1465":0,"1466":0,"1479":0,"1485":0,"1486":0,"1507":0,"1508":0,"1509":0,"1513":0,"1574":0,"1578":0,"1581":0,"1582":0,"1586":0,"1587":0,"1589":0,"1639":0,"1640":0,"1644":0,"1672":0,"1679":0,"1693":0,"1710":0,"1751":0,"1757":0,"1767":0,"1774":0,"1777":0,"1779":0,"1789":0,"1791":0,"1798":0,"1809":0,"1810":0,"1811":0,"1812":0,"1820":0,"1822":0,"1876":0,"1877":0,"1879":0,"1887":0,"1892":0,"1975":0,"2001":0,"2003":0,"2012":0,"2017":0,"2018":0,"2045":0,"2047":0,"2056":0,"2061":0,"2062":0,"2089":0,"2091":0,"2100":0,"2105":0,"2106":0,"2132":0,"2134":0,"2143":0,"2148":0,"2149":0,"2167":0,"2169":0,"2174":0,"2179":0,"2180":0,"2192":0,"2212":0,"2216":0,"2217":0,"2228":0,"2229":0,"2252":0,"2254":0,"2262":0,"2267":0,"2268":0,"2301":0,"2302":0,"2303":0,"2304":0,"2305":0,"2306":0,"2307":0,"2319":0,"2326":0,"2327":0,"2328":0,"2344":0,"2345":0,"2354":0,"2376":0,"2402":0,"2438":0,"2474":0,"2510":0,"2545":0,"2573":0,"2594":0,"2598":0,"2606":0,"2607":0,"2609":0,"2610":0,"2613":0,"2621":0,"2629":0,"2630":0,"2638":0,"2639":0,"2659":0,"2660":0,"2668":0,"2669":0,"2671":0,"2672":0,"2675":0,"2683":0,"2690":0,"2691":0,"2698":0,"2699":0,"2725":0,"2737":0,"2759":0,"2763":0,"2774":0,"2777":0,"2792":0,"2796":0,"2817":0,"2821":0,"2824":0,"2848":0,"2849":0,"2851":0,"2852":0,"2855":0,"2869":0,"2889":0,"2897":0,"2908":0,"2909":0,"2920":0,"2921":0,"2937":0,"2938":0,"2949":0,"2950":0,"2961":0,"2962":0,"2980":0,"2994":0,"3024":0,"3054":0,"3084":0,"3107":0,"3126":0},"path":"/Users/simondos/projects/_micobo/security-token/contracts/test/USDC_Polygon.sol","s":{"1":0,"2":0,"3":0,"4":0,"5":0,"6":0,"7":0,"8":0,"9":0,"10":0,"11":0,"12":0,"13":0,"14":0,"15":0,"16":0,"17":0,"18":0,"19":0,"20":0,"21":0,"22":0,"23":0,"24":0,"25":0,"26":0,"27":0,"28":0,"29":0,"30":0,"31":0,"32":0,"33":0,"34":0,"35":0,"36":0,"37":0,"38":0,"39":0,"40":0,"41":0,"42":0,"43":0,"44":0,"45":0,"46":0,"47":0,"48":0,"49":0,"50":0,"51":0,"52":0,"53":0,"54":0,"55":0,"56":0,"57":0,"58":0,"59":0,"60":0,"61":0,"62":0,"63":0,"64":0,"65":0,"66":0,"67":0,"68":0,"69":0,"70":0,"71":0,"72":0,"73":0,"74":0,"75":0,"76":0,"77":0,"78":0,"79":0,"80":0,"81":0,"82":0,"83":0,"84":0,"85":0,"86":0,"87":0,"88":0,"89":0,"90":0,"91":0,"92":0,"93":0,"94":0,"95":0,"96":0,"97":0,"98":0,"99":0,"100":0,"101":0,"102":0,"103":0,"104":0,"105":0,"106":0,"107":0,"108":0,"109":0,"110":0,"111":0,"112":0,"113":0,"114":0,"115":0,"116":0,"117":0,"118":0,"119":0,"120":0,"121":0,"122":0,"123":0,"124":0,"125":0,"126":0,"127":0,"128":0,"129":0,"130":0,"131":0,"132":0,"133":0,"134":0,"135":0,"136":0,"137":0,"138":0,"139":0,"140":0,"141":0,"142":0,"143":0,"144":0,"145":0,"146":0,"147":0,"148":0,"149":0,"150":0,"151":0,"152":0,"153":0,"154":0,"155":0,"156":0,"157":0,"158":0,"159":0,"160":0,"161":0,"162":0,"163":0,"164":0,"165":0,"166":0,"167":0,"168":0,"169":0,"170":0,"171":0,"172":0,"173":0,"174":0,"175":0,"176":0,"177":0,"178":0,"179":0,"180":0,"181":0,"182":0,"183":0,"184":0,"185":0,"186":0,"187":0,"188":0,"189":0,"190":0,"191":0,"192":0,"193":0,"194":0,"195":0,"196":0,"197":0,"198":0,"199":0,"200":0,"201":0,"202":0,"203":0,"204":0,"205":0,"206":0,"207":0,"208":0,"209":0,"210":0,"211":0,"212":0,"213":0,"214":0,"215":0,"216":0,"217":0,"218":0,"219":0,"220":0,"221":0,"222":0,"223":0,"224":0,"225":0,"226":0,"227":0,"228":0,"229":0,"230":0,"231":0,"232":0,"233":0,"234":0,"235":0,"236":0,"237":0,"238":0,"239":0,"240":0,"241":0,"242":0,"243":0,"244":0,"245":0,"246":0,"247":0,"248":0,"249":0,"250":0,"251":0,"252":0,"253":0,"254":0,"255":0,"256":0,"257":0,"258":0,"259":0,"260":0,"261":0,"262":0,"263":0,"264":0,"265":0,"266":0,"267":0,"268":0,"269":0,"270":0,"271":0,"272":0,"273":0,"274":0,"275":0,"276":0,"277":0,"278":0,"279":0,"280":0,"281":0,"282":0,"283":0},"b":{"1":[0,0],"2":[0,0],"3":[0,0],"4":[0,0],"5":[0,0],"6":[0,0],"7":[0,0],"8":[0,0],"9":[0,0],"10":[0,0],"11":[0,0],"12":[0,0],"13":[0,0],"14":[0,0],"15":[0,0],"16":[0,0],"17":[0,0],"18":[0,0],"19":[0,0],"20":[0,0],"21":[0,0],"22":[0,0],"23":[0,0],"24":[0,0],"25":[0,0],"26":[0,0],"27":[0,0],"28":[0,0],"29":[0,0],"30":[0,0],"31":[0,0],"32":[0,0],"33":[0,0],"34":[0,0],"35":[0,0],"36":[0,0],"37":[0,0],"38":[0,0],"39":[0,0],"40":[0,0],"41":[0,0],"42":[0,0],"43":[0,0],"44":[0,0],"45":[0,0],"46":[0,0],"47":[0,0],"48":[0,0],"49":[0,0],"50":[0,0],"51":[0,0],"52":[0,0]},"f":{"1":0,"2":0,"3":0,"4":0,"5":0,"6":0,"7":0,"8":0,"9":0,"10":0,"11":0,"12":0,"13":0,"14":0,"15":0,"16":0,"17":0,"18":0,"19":0,"20":0,"21":0,"22":0,"23":0,"24":0,"25":0,"26":0,"27":0,"28":0,"29":0,"30":0,"31":0,"32":0,"33":0,"34":0,"35":0,"36":0,"37":0,"38":0,"39":0,"40":0,"41":0,"42":0,"43":0,"44":0,"45":0,"46":0,"47":0,"48":0,"49":0,"50":0,"51":0,"52":0,"53":0,"54":0,"55":0,"56":0,"57":0,"58":0,"59":0,"60":0,"61":0,"62":0,"63":0,"64":0,"65":0,"66":0,"67":0,"68":0,"69":0,"70":0,"71":0,"72":0,"73":0,"74":0,"75":0,"76":0,"77":0,"78":0,"79":0,"80":0,"81":0,"82":0,"83":0,"84":0,"85":0,"86":0,"87":0,"88":0,"89":0,"90":0,"91":0,"92":0,"93":0,"94":0,"95":0,"96":0,"97":0,"98":0,"99":0,"100":0,"101":0,"102":0,"103":0,"104":0,"105":0,"106":0,"107":0,"108":0,"109":0,"110":0,"111":0,"112":0,"113":0,"114":0,"115":0,"116":0,"117":0,"118":0,"119":0,"120":0,"121":0,"122":0,"123":0,"124":0,"125":0,"126":0,"127":0,"128":0,"129":0,"130":0,"131":0,"132":0,"133":0,"134":0,"135":0},"fnMap":{"1":{"name":"_msgSender","line":22,"loc":{"start":{"line":22,"column":1},"end":{"line":24,"column":1}}},"2":{"name":"_msgData","line":26,"loc":{"start":{"line":26,"column":1},"end":{"line":29,"column":1}}},"3":{"name":"add","line":151,"loc":{"start":{"line":151,"column":1},"end":{"line":156,"column":1}}},"4":{"name":"sub","line":168,"loc":{"start":{"line":168,"column":1},"end":{"line":170,"column":1}}},"5":{"name":"sub","line":182,"loc":{"start":{"line":182,"column":1},"end":{"line":191,"column":1}}},"6":{"name":"mul","line":203,"loc":{"start":{"line":203,"column":1},"end":{"line":215,"column":1}}},"7":{"name":"div","line":229,"loc":{"start":{"line":229,"column":1},"end":{"line":231,"column":1}}},"8":{"name":"div","line":245,"loc":{"start":{"line":245,"column":1},"end":{"line":255,"column":1}}},"9":{"name":"mod","line":269,"loc":{"start":{"line":269,"column":1},"end":{"line":271,"column":1}}},"10":{"name":"mod","line":285,"loc":{"start":{"line":285,"column":1},"end":{"line":292,"column":1}}},"11":{"name":"isContract","line":320,"loc":{"start":{"line":320,"column":1},"end":{"line":331,"column":1}}},"12":{"name":"sendValue","line":349,"loc":{"start":{"line":349,"column":1},"end":{"line":361,"column":1}}},"13":{"name":"functionCall","line":381,"loc":{"start":{"line":381,"column":1},"end":{"line":386,"column":1}}},"14":{"name":"functionCall","line":394,"loc":{"start":{"line":394,"column":1},"end":{"line":400,"column":1}}},"15":{"name":"functionCallWithValue","line":413,"loc":{"start":{"line":413,"column":1},"end":{"line":425,"column":1}}},"16":{"name":"functionCallWithValue","line":433,"loc":{"start":{"line":433,"column":1},"end":{"line":444,"column":1}}},"17":{"name":"_functionCallWithValue","line":446,"loc":{"start":{"line":446,"column":1},"end":{"line":474,"column":1}}},"18":{"name":"constructor","line":600,"loc":{"start":{"line":600,"column":1},"end":{"line":604,"column":1}}},"19":{"name":"name","line":609,"loc":{"start":{"line":609,"column":1},"end":{"line":611,"column":1}}},"20":{"name":"_setName","line":613,"loc":{"start":{"line":613,"column":1},"end":{"line":615,"column":1}}},"21":{"name":"symbol","line":621,"loc":{"start":{"line":621,"column":1},"end":{"line":623,"column":1}}},"22":{"name":"_setSymbol","line":625,"loc":{"start":{"line":625,"column":1},"end":{"line":627,"column":1}}},"23":{"name":"decimals","line":642,"loc":{"start":{"line":642,"column":1},"end":{"line":644,"column":1}}},"24":{"name":"_setDecimals","line":646,"loc":{"start":{"line":646,"column":1},"end":{"line":648,"column":1}}},"25":{"name":"totalSupply","line":653,"loc":{"start":{"line":653,"column":1},"end":{"line":655,"column":1}}},"26":{"name":"balanceOf","line":660,"loc":{"start":{"line":660,"column":1},"end":{"line":667,"column":1}}},"27":{"name":"transfer","line":677,"loc":{"start":{"line":677,"column":1},"end":{"line":685,"column":1}}},"28":{"name":"allowance","line":690,"loc":{"start":{"line":690,"column":1},"end":{"line":698,"column":1}}},"29":{"name":"approve","line":707,"loc":{"start":{"line":707,"column":1},"end":{"line":715,"column":1}}},"30":{"name":"transferFrom","line":729,"loc":{"start":{"line":729,"column":1},"end":{"line":736,"column":1}}},"31":{"name":"increaseAllowance","line":750,"loc":{"start":{"line":750,"column":1},"end":{"line":757,"column":1}}},"32":{"name":"decreaseAllowance","line":773,"loc":{"start":{"line":773,"column":1},"end":{"line":780,"column":1}}},"33":{"name":"_transfer","line":796,"loc":{"start":{"line":796,"column":1},"end":{"line":812,"column":1}}},"34":{"name":"_mint","line":823,"loc":{"start":{"line":823,"column":1},"end":{"line":831,"column":1}}},"35":{"name":"_burn","line":844,"loc":{"start":{"line":844,"column":1},"end":{"line":855,"column":1}}},"36":{"name":"_approve","line":870,"loc":{"start":{"line":870,"column":1},"end":{"line":880,"column":1}}},"37":{"name":"_setupDecimals","line":889,"loc":{"start":{"line":889,"column":1},"end":{"line":891,"column":1}}},"38":{"name":"_beforeTokenTransfer","line":907,"loc":{"start":{"line":907,"column":1},"end":{"line":911,"column":21}}},"39":{"name":"_transferFrom","line":913,"loc":{"start":{"line":913,"column":1},"end":{"line":927,"column":1}}},"40":{"name":"_increaseAllowance","line":929,"loc":{"start":{"line":929,"column":1},"end":{"line":935,"column":1}}},"41":{"name":"_decreaseAllowance","line":937,"loc":{"start":{"line":937,"column":1},"end":{"line":950,"column":1}}},"42":{"name":"_add","line":1005,"loc":{"start":{"line":1005,"column":1},"end":{"line":1015,"column":1}}},"43":{"name":"_remove","line":1023,"loc":{"start":{"line":1023,"column":1},"end":{"line":1056,"column":1}}},"44":{"name":"_contains","line":1061,"loc":{"start":{"line":1061,"column":1},"end":{"line":1067,"column":1}}},"45":{"name":"_length","line":1072,"loc":{"start":{"line":1072,"column":1},"end":{"line":1074,"column":1}}},"46":{"name":"_at","line":1086,"loc":{"start":{"line":1086,"column":1},"end":{"line":1096,"column":1}}},"47":{"name":"add","line":1110,"loc":{"start":{"line":1110,"column":1},"end":{"line":1115,"column":1}}},"48":{"name":"remove","line":1123,"loc":{"start":{"line":1123,"column":1},"end":{"line":1128,"column":1}}},"49":{"name":"contains","line":1133,"loc":{"start":{"line":1133,"column":1},"end":{"line":1139,"column":1}}},"50":{"name":"length","line":1144,"loc":{"start":{"line":1144,"column":1},"end":{"line":1146,"column":1}}},"51":{"name":"at","line":1158,"loc":{"start":{"line":1158,"column":1},"end":{"line":1164,"column":1}}},"52":{"name":"add","line":1178,"loc":{"start":{"line":1178,"column":1},"end":{"line":1180,"column":1}}},"53":{"name":"remove","line":1188,"loc":{"start":{"line":1188,"column":1},"end":{"line":1193,"column":1}}},"54":{"name":"contains","line":1198,"loc":{"start":{"line":1198,"column":1},"end":{"line":1204,"column":1}}},"55":{"name":"length","line":1209,"loc":{"start":{"line":1209,"column":1},"end":{"line":1211,"column":1}}},"56":{"name":"at","line":1223,"loc":{"start":{"line":1223,"column":1},"end":{"line":1229,"column":1}}},"57":{"name":"hasRole","line":1326,"loc":{"start":{"line":1326,"column":1},"end":{"line":1328,"column":1}}},"58":{"name":"getRoleMemberCount","line":1334,"loc":{"start":{"line":1334,"column":1},"end":{"line":1336,"column":1}}},"59":{"name":"getRoleMember","line":1350,"loc":{"start":{"line":1350,"column":1},"end":{"line":1356,"column":1}}},"60":{"name":"getRoleAdmin","line":1364,"loc":{"start":{"line":1364,"column":1},"end":{"line":1366,"column":1}}},"61":{"name":"grantRole","line":1378,"loc":{"start":{"line":1378,"column":1},"end":{"line":1385,"column":1}}},"62":{"name":"revokeRole","line":1396,"loc":{"start":{"line":1396,"column":1},"end":{"line":1403,"column":1}}},"63":{"name":"renounceRole","line":1419,"loc":{"start":{"line":1419,"column":1},"end":{"line":1426,"column":1}}},"64":{"name":"_setupRole","line":1444,"loc":{"start":{"line":1444,"column":1},"end":{"line":1446,"column":1}}},"65":{"name":"_setRoleAdmin","line":1453,"loc":{"start":{"line":1453,"column":1},"end":{"line":1456,"column":1}}},"66":{"name":"_grantRole","line":1458,"loc":{"start":{"line":1458,"column":1},"end":{"line":1462,"column":1}}},"67":{"name":"_revokeRole","line":1464,"loc":{"start":{"line":1464,"column":1},"end":{"line":1468,"column":1}}},"68":{"name":"_setupContractId","line":1478,"loc":{"start":{"line":1478,"column":1},"end":{"line":1482,"column":1}}},"69":{"name":"only","line":1484,"loc":{"start":{"line":1484,"column":1},"end":{"line":1487,"column":1}}},"70":{"name":"initializer","line":1505,"loc":{"start":{"line":1505,"column":1},"end":{"line":1510,"column":1}}},"71":{"name":"initialized","line":1512,"loc":{"start":{"line":1512,"column":1},"end":{"line":1514,"column":1}}},"72":{"name":"recover","line":1559,"loc":{"start":{"line":1559,"column":1},"end":{"line":1590,"column":1}}},"73":{"name":"makeDomainSeparator","line":1634,"loc":{"start":{"line":1634,"column":1},"end":{"line":1654,"column":1}}},"74":{"name":"recover","line":1665,"loc":{"start":{"line":1665,"column":1},"end":{"line":1680,"column":1}}},"75":{"name":"_setDomainSeparator","line":1690,"loc":{"start":{"line":1690,"column":1},"end":{"line":1694,"column":1}}},"76":{"name":"nonces","line":1709,"loc":{"start":{"line":1709,"column":1},"end":{"line":1711,"column":1}}},"77":{"name":"executeMetaTransaction","line":1744,"loc":{"start":{"line":1744,"column":1},"end":{"line":1780,"column":1}}},"78":{"name":"_verify","line":1782,"loc":{"start":{"line":1782,"column":1},"end":{"line":1800,"column":1}}},"79":{"name":"msgSender","line":1808,"loc":{"start":{"line":1808,"column":1},"end":{"line":1823,"column":1}}},"80":{"name":"_permit","line":1867,"loc":{"start":{"line":1867,"column":1},"end":{"line":1893,"column":1}}},"81":{"name":"authorizationState","line":1970,"loc":{"start":{"line":1970,"column":1},"end":{"line":1976,"column":1}}},"82":{"name":"_transferWithAuthorization","line":1990,"loc":{"start":{"line":1990,"column":1},"end":{"line":2019,"column":1}}},"83":{"name":"_increaseAllowanceWithAuthorization","line":2034,"loc":{"start":{"line":2034,"column":1},"end":{"line":2063,"column":1}}},"84":{"name":"_decreaseAllowanceWithAuthorization","line":2078,"loc":{"start":{"line":2078,"column":1},"end":{"line":2107,"column":1}}},"85":{"name":"_approveWithAuthorization","line":2121,"loc":{"start":{"line":2121,"column":1},"end":{"line":2150,"column":1}}},"86":{"name":"_cancelAuthorization","line":2160,"loc":{"start":{"line":2160,"column":1},"end":{"line":2181,"column":1}}},"87":{"name":"_requireUnusedAuthorization","line":2188,"loc":{"start":{"line":2188,"column":1},"end":{"line":2197,"column":1}}},"88":{"name":"_requireValidAuthorization","line":2206,"loc":{"start":{"line":2206,"column":1},"end":{"line":2218,"column":1}}},"89":{"name":"_markAuthorizationAsUsed","line":2225,"loc":{"start":{"line":2225,"column":1},"end":{"line":2230,"column":1}}},"90":{"name":"_withdrawWithAuthorization","line":2242,"loc":{"start":{"line":2242,"column":1},"end":{"line":2269,"column":1}}},"91":{"name":"constructor","line":2289,"loc":{"start":{"line":2289,"column":1},"end":{"line":2289,"column":37}}},"92":{"name":"initialize","line":2300,"loc":{"start":{"line":2295,"column":1},"end":{"line":2308,"column":1}}},"93":{"name":"_msgSender","line":2312,"loc":{"start":{"line":2312,"column":1},"end":{"line":2320,"column":1}}},"94":{"name":"updateMetadata","line":2324,"loc":{"start":{"line":2322,"column":1},"end":{"line":2329,"column":1}}},"95":{"name":"deposit","line":2342,"loc":{"start":{"line":2339,"column":1},"end":{"line":2346,"column":1}}},"96":{"name":"withdraw","line":2353,"loc":{"start":{"line":2353,"column":1},"end":{"line":2355,"column":1}}},"97":{"name":"permit","line":2367,"loc":{"start":{"line":2367,"column":1},"end":{"line":2377,"column":1}}},"98":{"name":"transferWithAuthorization","line":2391,"loc":{"start":{"line":2391,"column":1},"end":{"line":2413,"column":1}}},"99":{"name":"approveWithAuthorization","line":2427,"loc":{"start":{"line":2427,"column":1},"end":{"line":2449,"column":1}}},"100":{"name":"increaseAllowanceWithAuthorization","line":2463,"loc":{"start":{"line":2463,"column":1},"end":{"line":2485,"column":1}}},"101":{"name":"decreaseAllowanceWithAuthorization","line":2499,"loc":{"start":{"line":2499,"column":1},"end":{"line":2521,"column":1}}},"102":{"name":"withdrawWithAuthorization","line":2535,"loc":{"start":{"line":2535,"column":1},"end":{"line":2555,"column":1}}},"103":{"name":"cancelAuthorization","line":2566,"loc":{"start":{"line":2566,"column":1},"end":{"line":2574,"column":1}}},"104":{"name":"notBlacklisted","line":2593,"loc":{"start":{"line":2593,"column":1},"end":{"line":2599,"column":1}}},"105":{"name":"blacklisters","line":2605,"loc":{"start":{"line":2605,"column":1},"end":{"line":2614,"column":1}}},"106":{"name":"isBlacklisted","line":2620,"loc":{"start":{"line":2620,"column":1},"end":{"line":2622,"column":1}}},"107":{"name":"blacklist","line":2628,"loc":{"start":{"line":2628,"column":1},"end":{"line":2631,"column":1}}},"108":{"name":"unBlacklist","line":2637,"loc":{"start":{"line":2637,"column":1},"end":{"line":2640,"column":1}}},"109":{"name":"whenNotPaused","line":2658,"loc":{"start":{"line":2658,"column":1},"end":{"line":2661,"column":1}}},"110":{"name":"pausers","line":2667,"loc":{"start":{"line":2667,"column":1},"end":{"line":2676,"column":1}}},"111":{"name":"paused","line":2682,"loc":{"start":{"line":2682,"column":1},"end":{"line":2684,"column":1}}},"112":{"name":"pause","line":2689,"loc":{"start":{"line":2689,"column":1},"end":{"line":2692,"column":1}}},"113":{"name":"unpause","line":2697,"loc":{"start":{"line":2697,"column":1},"end":{"line":2700,"column":1}}},"114":{"name":"safeTransfer","line":2720,"loc":{"start":{"line":2720,"column":1},"end":{"line":2729,"column":1}}},"115":{"name":"safeTransferFrom","line":2731,"loc":{"start":{"line":2731,"column":1},"end":{"line":2741,"column":1}}},"116":{"name":"safeApprove","line":2750,"loc":{"start":{"line":2750,"column":1},"end":{"line":2767,"column":1}}},"117":{"name":"safeIncreaseAllowance","line":2769,"loc":{"start":{"line":2769,"column":1},"end":{"line":2785,"column":1}}},"118":{"name":"safeDecreaseAllowance","line":2787,"loc":{"start":{"line":2787,"column":1},"end":{"line":2804,"column":1}}},"119":{"name":"_callOptionalReturn","line":2812,"loc":{"start":{"line":2812,"column":1},"end":{"line":2829,"column":1}}},"120":{"name":"rescuers","line":2847,"loc":{"start":{"line":2847,"column":1},"end":{"line":2856,"column":1}}},"121":{"name":"rescueERC20","line":2868,"loc":{"start":{"line":2864,"column":1},"end":{"line":2870,"column":1}}},"122":{"name":"_msgSender","line":2883,"loc":{"start":{"line":2883,"column":1},"end":{"line":2890,"column":1}}},"123":{"name":"withdraw","line":2895,"loc":{"start":{"line":2892,"column":1},"end":{"line":2898,"column":1}}},"124":{"name":"transfer","line":2905,"loc":{"start":{"line":2900,"column":1},"end":{"line":2910,"column":1}}},"125":{"name":"approve","line":2917,"loc":{"start":{"line":2912,"column":1},"end":{"line":2922,"column":1}}},"126":{"name":"transferFrom","line":2934,"loc":{"start":{"line":2924,"column":1},"end":{"line":2939,"column":1}}},"127":{"name":"increaseAllowance","line":2946,"loc":{"start":{"line":2941,"column":1},"end":{"line":2951,"column":1}}},"128":{"name":"decreaseAllowance","line":2958,"loc":{"start":{"line":2953,"column":1},"end":{"line":2963,"column":1}}},"129":{"name":"permit","line":2978,"loc":{"start":{"line":2965,"column":1},"end":{"line":2981,"column":1}}},"130":{"name":"transferWithAuthorization","line":2993,"loc":{"start":{"line":2983,"column":1},"end":{"line":3005,"column":1}}},"131":{"name":"approveWithAuthorization","line":3022,"loc":{"start":{"line":3007,"column":1},"end":{"line":3035,"column":1}}},"132":{"name":"increaseAllowanceWithAuthorization","line":3052,"loc":{"start":{"line":3037,"column":1},"end":{"line":3065,"column":1}}},"133":{"name":"decreaseAllowanceWithAuthorization","line":3082,"loc":{"start":{"line":3067,"column":1},"end":{"line":3095,"column":1}}},"134":{"name":"withdrawWithAuthorization","line":3106,"loc":{"start":{"line":3097,"column":1},"end":{"line":3117,"column":1}}},"135":{"name":"cancelAuthorization","line":3125,"loc":{"start":{"line":3119,"column":1},"end":{"line":3127,"column":1}}}},"statementMap":{"1":{"start":{"line":23,"column":2},"end":{"line":23,"column":19}},"2":{"start":{"line":28,"column":2},"end":{"line":28,"column":17}},"3":{"start":{"line":152,"column":2},"end":{"line":152,"column":19}},"4":{"start":{"line":153,"column":2},"end":{"line":153,"column":47}},"5":{"start":{"line":155,"column":2},"end":{"line":155,"column":10}},"6":{"start":{"line":169,"column":2},"end":{"line":169,"column":52}},"7":{"start":{"line":187,"column":2},"end":{"line":187,"column":30}},"8":{"start":{"line":188,"column":2},"end":{"line":188,"column":19}},"9":{"start":{"line":190,"column":2},"end":{"line":190,"column":10}},"10":{"start":{"line":207,"column":2},"end":{"line":207,"column":5890}},"11":{"start":{"line":208,"column":3},"end":{"line":208,"column":11}},"12":{"start":{"line":211,"column":2},"end":{"line":211,"column":19}},"13":{"start":{"line":212,"column":2},"end":{"line":212,"column":57}},"14":{"start":{"line":214,"column":2},"end":{"line":214,"column":10}},"15":{"start":{"line":230,"column":2},"end":{"line":230,"column":48}},"16":{"start":{"line":250,"column":2},"end":{"line":250,"column":29}},"17":{"start":{"line":251,"column":2},"end":{"line":251,"column":19}},"18":{"start":{"line":254,"column":2},"end":{"line":254,"column":10}},"19":{"start":{"line":270,"column":2},"end":{"line":270,"column":46}},"20":{"start":{"line":290,"column":2},"end":{"line":290,"column":30}},"21":{"start":{"line":291,"column":2},"end":{"line":291,"column":14}},"22":{"start":{"line":325,"column":2},"end":{"line":325,"column":14}},"23":{"start":{"line":330,"column":2},"end":{"line":330,"column":17}},"24":{"start":{"line":350,"column":2},"end":{"line":350,"column":10380}},"25":{"start":{"line":356,"column":2},"end":{"line":356,"column":56}},"26":{"start":{"line":357,"column":2},"end":{"line":357,"column":10597}},"27":{"start":{"line":385,"column":2},"end":{"line":385,"column":69}},"28":{"start":{"line":399,"column":2},"end":{"line":399,"column":62}},"29":{"start":{"line":418,"column":2},"end":{"line":418,"column":12391}},"30":{"start":{"line":439,"column":2},"end":{"line":439,"column":12894}},"31":{"start":{"line":443,"column":2},"end":{"line":443,"column":66}},"32":{"start":{"line":452,"column":2},"end":{"line":452,"column":61}},"33":{"start":{"line":455,"column":2},"end":{"line":455,"column":13344}},"34":{"start":{"line":458,"column":2},"end":{"line":458,"column":13424}},"35":{"start":{"line":459,"column":3},"end":{"line":459,"column":20}},"36":{"start":{"line":462,"column":3},"end":{"line":462,"column":13533}},"37":{"start":{"line":471,"column":4},"end":{"line":471,"column":23}},"38":{"start":{"line":601,"column":2},"end":{"line":601,"column":13}},"39":{"start":{"line":602,"column":2},"end":{"line":602,"column":17}},"40":{"start":{"line":603,"column":2},"end":{"line":603,"column":15}},"41":{"start":{"line":610,"column":2},"end":{"line":610,"column":14}},"42":{"start":{"line":614,"column":2},"end":{"line":614,"column":16}},"43":{"start":{"line":622,"column":2},"end":{"line":622,"column":16}},"44":{"start":{"line":626,"column":2},"end":{"line":626,"column":20}},"45":{"start":{"line":643,"column":2},"end":{"line":643,"column":18}},"46":{"start":{"line":647,"column":2},"end":{"line":647,"column":24}},"47":{"start":{"line":654,"column":2},"end":{"line":654,"column":21}},"48":{"start":{"line":666,"column":2},"end":{"line":666,"column":27}},"49":{"start":{"line":683,"column":2},"end":{"line":683,"column":43}},"50":{"start":{"line":684,"column":2},"end":{"line":684,"column":13}},"51":{"start":{"line":697,"column":2},"end":{"line":697,"column":36}},"52":{"start":{"line":713,"column":2},"end":{"line":713,"column":40}},"53":{"start":{"line":714,"column":2},"end":{"line":714,"column":13}},"54":{"start":{"line":734,"column":2},"end":{"line":734,"column":41}},"55":{"start":{"line":735,"column":2},"end":{"line":735,"column":13}},"56":{"start":{"line":755,"column":2},"end":{"line":755,"column":54}},"57":{"start":{"line":756,"column":2},"end":{"line":756,"column":13}},"58":{"start":{"line":778,"column":2},"end":{"line":778,"column":59}},"59":{"start":{"line":779,"column":2},"end":{"line":779,"column":13}},"60":{"start":{"line":801,"column":2},"end":{"line":801,"column":71}},"61":{"start":{"line":802,"column":2},"end":{"line":802,"column":72}},"62":{"start":{"line":804,"column":2},"end":{"line":804,"column":48}},"63":{"start":{"line":806,"column":2},"end":{"line":806,"column":22896}},"64":{"start":{"line":810,"column":2},"end":{"line":810,"column":56}},"65":{"start":{"line":811,"column":2},"end":{"line":811,"column":42}},"66":{"start":{"line":824,"column":2},"end":{"line":824,"column":66}},"67":{"start":{"line":826,"column":2},"end":{"line":826,"column":50}},"68":{"start":{"line":828,"column":2},"end":{"line":828,"column":40}},"69":{"start":{"line":829,"column":2},"end":{"line":829,"column":52}},"70":{"start":{"line":830,"column":2},"end":{"line":830,"column":44}},"71":{"start":{"line":845,"column":2},"end":{"line":845,"column":68}},"72":{"start":{"line":847,"column":2},"end":{"line":847,"column":50}},"73":{"start":{"line":849,"column":2},"end":{"line":849,"column":24177}},"74":{"start":{"line":853,"column":2},"end":{"line":853,"column":40}},"75":{"start":{"line":854,"column":2},"end":{"line":854,"column":44}},"76":{"start":{"line":875,"column":2},"end":{"line":875,"column":69}},"77":{"start":{"line":876,"column":2},"end":{"line":876,"column":69}},"78":{"start":{"line":878,"column":2},"end":{"line":878,"column":37}},"79":{"start":{"line":879,"column":2},"end":{"line":879,"column":39}},"80":{"start":{"line":890,"column":2},"end":{"line":890,"column":22}},"81":{"start":{"line":918,"column":2},"end":{"line":918,"column":37}},"82":{"start":{"line":919,"column":2},"end":{"line":919,"column":26259}},"83":{"start":{"line":934,"column":2},"end":{"line":934,"column":70}},"84":{"start":{"line":942,"column":2},"end":{"line":942,"column":26732}},"85":{"start":{"line":1006,"column":2},"end":{"line":1006,"column":28507}},"86":{"start":{"line":1007,"column":3},"end":{"line":1007,"column":25}},"87":{"start":{"line":1010,"column":3},"end":{"line":1010,"column":42}},"88":{"start":{"line":1011,"column":3},"end":{"line":1011,"column":14}},"89":{"start":{"line":1013,"column":3},"end":{"line":1013,"column":15}},"90":{"start":{"line":1025,"column":2},"end":{"line":1025,"column":42}},"91":{"start":{"line":1027,"column":2},"end":{"line":1027,"column":29125}},"92":{"start":{"line":1033,"column":3},"end":{"line":1033,"column":41}},"93":{"start":{"line":1034,"column":3},"end":{"line":1034,"column":45}},"94":{"start":{"line":1039,"column":3},"end":{"line":1039,"column":45}},"95":{"start":{"line":1042,"column":3},"end":{"line":1042,"column":40}},"96":{"start":{"line":1044,"column":3},"end":{"line":1044,"column":45}},"97":{"start":{"line":1047,"column":3},"end":{"line":1047,"column":19}},"98":{"start":{"line":1052,"column":3},"end":{"line":1052,"column":14}},"99":{"start":{"line":1054,"column":3},"end":{"line":1054,"column":15}},"100":{"start":{"line":1066,"column":2},"end":{"line":1066,"column":33}},"101":{"start":{"line":1073,"column":2},"end":{"line":1073,"column":27}},"102":{"start":{"line":1091,"column":2},"end":{"line":1091,"column":30987}},"103":{"start":{"line":1095,"column":2},"end":{"line":1095,"column":27}},"104":{"start":{"line":1114,"column":2},"end":{"line":1114,"column":50}},"105":{"start":{"line":1127,"column":2},"end":{"line":1127,"column":53}},"106":{"start":{"line":1138,"column":2},"end":{"line":1138,"column":55}},"107":{"start":{"line":1145,"column":2},"end":{"line":1145,"column":28}},"108":{"start":{"line":1163,"column":2},"end":{"line":1163,"column":49}},"109":{"start":{"line":1179,"column":2},"end":{"line":1179,"column":41}},"110":{"start":{"line":1192,"column":2},"end":{"line":1192,"column":44}},"111":{"start":{"line":1203,"column":2},"end":{"line":1203,"column":46}},"112":{"start":{"line":1210,"column":2},"end":{"line":1210,"column":28}},"113":{"start":{"line":1228,"column":2},"end":{"line":1228,"column":40}},"114":{"start":{"line":1327,"column":2},"end":{"line":1327,"column":47}},"115":{"start":{"line":1335,"column":2},"end":{"line":1335,"column":38}},"116":{"start":{"line":1355,"column":2},"end":{"line":1355,"column":39}},"117":{"start":{"line":1365,"column":2},"end":{"line":1365,"column":31}},"118":{"start":{"line":1379,"column":2},"end":{"line":1379,"column":38417}},"119":{"start":{"line":1384,"column":2},"end":{"line":1384,"column":26}},"120":{"start":{"line":1397,"column":2},"end":{"line":1397,"column":38840}},"121":{"start":{"line":1402,"column":2},"end":{"line":1402,"column":27}},"122":{"start":{"line":1420,"column":2},"end":{"line":1420,"column":39509}},"123":{"start":{"line":1425,"column":2},"end":{"line":1425,"column":27}},"124":{"start":{"line":1445,"column":2},"end":{"line":1445,"column":26}},"125":{"start":{"line":1454,"column":2},"end":{"line":1454,"column":64}},"126":{"start":{"line":1455,"column":2},"end":{"line":1455,"column":35}},"127":{"start":{"line":1459,"column":2},"end":{"line":1459,"column":40606}},"128":{"start":{"line":1460,"column":3},"end":{"line":1460,"column":48}},"129":{"start":{"line":1465,"column":2},"end":{"line":1465,"column":40770}},"130":{"start":{"line":1466,"column":3},"end":{"line":1466,"column":48}},"131":{"start":{"line":1479,"column":2},"end":{"line":1479,"column":41087}},"132":{"start":{"line":1485,"column":2},"end":{"line":1485,"column":49}},"133":{"start":{"line":1507,"column":2},"end":{"line":1507,"column":23}},"134":{"start":{"line":1509,"column":2},"end":{"line":1509,"column":20}},"135":{"start":{"line":1513,"column":2},"end":{"line":1513,"column":21}},"136":{"start":{"line":1574,"column":2},"end":{"line":1574,"column":44544}},"137":{"start":{"line":1578,"column":3},"end":{"line":1578,"column":50}},"138":{"start":{"line":1581,"column":2},"end":{"line":1581,"column":44701}},"139":{"start":{"line":1582,"column":3},"end":{"line":1582,"column":50}},"140":{"start":{"line":1586,"column":2},"end":{"line":1586,"column":45}},"141":{"start":{"line":1587,"column":2},"end":{"line":1587,"column":62}},"142":{"start":{"line":1589,"column":2},"end":{"line":1589,"column":15}},"143":{"start":{"line":1639,"column":2},"end":{"line":1639,"column":17}},"144":{"start":{"line":1644,"column":2},"end":{"line":1644,"column":46828}},"145":{"start":{"line":1672,"column":2},"end":{"line":1672,"column":47517}},"146":{"start":{"line":1679,"column":2},"end":{"line":1679,"column":43}},"147":{"start":{"line":1693,"column":2},"end":{"line":1693,"column":61}},"148":{"start":{"line":1710,"column":2},"end":{"line":1710,"column":23}},"149":{"start":{"line":1751,"column":2},"end":{"line":1751,"column":49365}},"150":{"start":{"line":1757,"column":2},"end":{"line":1757,"column":49519}},"151":{"start":{"line":1767,"column":2},"end":{"line":1767,"column":49652}},"152":{"start":{"line":1774,"column":2},"end":{"line":1774,"column":49903}},"153":{"start":{"line":1777,"column":2},"end":{"line":1777,"column":49}},"154":{"start":{"line":1779,"column":2},"end":{"line":1779,"column":19}},"155":{"start":{"line":1789,"column":2},"end":{"line":1789,"column":71}},"156":{"start":{"line":1791,"column":2},"end":{"line":1791,"column":50326}},"157":{"start":{"line":1798,"column":2},"end":{"line":1798,"column":50534}},"158":{"start":{"line":1809,"column":2},"end":{"line":1809,"column":50722}},"159":{"start":{"line":1810,"column":3},"end":{"line":1810,"column":32}},"160":{"start":{"line":1811,"column":3},"end":{"line":1811,"column":34}},"161":{"start":{"line":1820,"column":3},"end":{"line":1820,"column":21}},"162":{"start":{"line":1822,"column":2},"end":{"line":1822,"column":15}},"163":{"start":{"line":1876,"column":2},"end":{"line":1876,"column":64}},"164":{"start":{"line":1877,"column":2},"end":{"line":1877,"column":54}},"165":{"start":{"line":1879,"column":2},"end":{"line":1879,"column":53236}},"166":{"start":{"line":1887,"column":2},"end":{"line":1887,"column":53359}},"167":{"start":{"line":1892,"column":2},"end":{"line":1892,"column":32}},"168":{"start":{"line":1975,"column":2},"end":{"line":1975,"column":48}},"169":{"start":{"line":2001,"column":2},"end":{"line":2001,"column":65}},"170":{"start":{"line":2003,"column":2},"end":{"line":2003,"column":57930}},"171":{"start":{"line":2012,"column":2},"end":{"line":2012,"column":58075}},"172":{"start":{"line":2017,"column":2},"end":{"line":2017,"column":38}},"173":{"start":{"line":2018,"column":2},"end":{"line":2018,"column":27}},"174":{"start":{"line":2045,"column":2},"end":{"line":2045,"column":66}},"175":{"start":{"line":2047,"column":2},"end":{"line":2047,"column":59161}},"176":{"start":{"line":2056,"column":2},"end":{"line":2056,"column":59326}},"177":{"start":{"line":2061,"column":2},"end":{"line":2061,"column":39}},"178":{"start":{"line":2062,"column":2},"end":{"line":2062,"column":46}},"179":{"start":{"line":2089,"column":2},"end":{"line":2089,"column":66}},"180":{"start":{"line":2091,"column":2},"end":{"line":2091,"column":60432}},"181":{"start":{"line":2100,"column":2},"end":{"line":2100,"column":60597}},"182":{"start":{"line":2105,"column":2},"end":{"line":2105,"column":39}},"183":{"start":{"line":2106,"column":2},"end":{"line":2106,"column":46}},"184":{"start":{"line":2132,"column":2},"end":{"line":2132,"column":66}},"185":{"start":{"line":2134,"column":2},"end":{"line":2134,"column":61627}},"186":{"start":{"line":2143,"column":2},"end":{"line":2143,"column":61777}},"187":{"start":{"line":2148,"column":2},"end":{"line":2148,"column":39}},"188":{"start":{"line":2149,"column":2},"end":{"line":2149,"column":32}},"189":{"start":{"line":2167,"column":2},"end":{"line":2167,"column":47}},"190":{"start":{"line":2169,"column":2},"end":{"line":2169,"column":62435}},"191":{"start":{"line":2174,"column":2},"end":{"line":2174,"column":62531}},"192":{"start":{"line":2179,"column":2},"end":{"line":2179,"column":70}},"193":{"start":{"line":2180,"column":2},"end":{"line":2180,"column":47}},"194":{"start":{"line":2192,"column":2},"end":{"line":2192,"column":63030}},"195":{"start":{"line":2212,"column":2},"end":{"line":2212,"column":63621}},"196":{"start":{"line":2216,"column":2},"end":{"line":2216,"column":71}},"197":{"start":{"line":2217,"column":2},"end":{"line":2217,"column":47}},"198":{"start":{"line":2228,"column":2},"end":{"line":2228,"column":66}},"199":{"start":{"line":2229,"column":2},"end":{"line":2229,"column":43}},"200":{"start":{"line":2252,"column":2},"end":{"line":2252,"column":66}},"201":{"start":{"line":2254,"column":2},"end":{"line":2254,"column":64837}},"202":{"start":{"line":2262,"column":2},"end":{"line":2262,"column":64976}},"203":{"start":{"line":2267,"column":2},"end":{"line":2267,"column":39}},"204":{"start":{"line":2268,"column":2},"end":{"line":2268,"column":20}},"205":{"start":{"line":2301,"column":2},"end":{"line":2301,"column":18}},"206":{"start":{"line":2302,"column":2},"end":{"line":2302,"column":22}},"207":{"start":{"line":2303,"column":2},"end":{"line":2303,"column":26}},"208":{"start":{"line":2304,"column":2},"end":{"line":2304,"column":63}},"209":{"start":{"line":2305,"column":2},"end":{"line":2305,"column":45}},"210":{"start":{"line":2306,"column":2},"end":{"line":2306,"column":46}},"211":{"start":{"line":2307,"column":2},"end":{"line":2307,"column":45}},"212":{"start":{"line":2319,"column":2},"end":{"line":2319,"column":33}},"213":{"start":{"line":2326,"column":2},"end":{"line":2326,"column":18}},"214":{"start":{"line":2327,"column":2},"end":{"line":2327,"column":22}},"215":{"start":{"line":2328,"column":2},"end":{"line":2328,"column":45}},"216":{"start":{"line":2344,"column":2},"end":{"line":2344,"column":53}},"217":{"start":{"line":2345,"column":2},"end":{"line":2345,"column":20}},"218":{"start":{"line":2354,"column":2},"end":{"line":2354,"column":28}},"219":{"start":{"line":2376,"column":2},"end":{"line":2376,"column":50}},"220":{"start":{"line":2402,"column":2},"end":{"line":2402,"column":68756}},"221":{"start":{"line":2438,"column":2},"end":{"line":2438,"column":69618}},"222":{"start":{"line":2474,"column":2},"end":{"line":2474,"column":70513}},"223":{"start":{"line":2510,"column":2},"end":{"line":2510,"column":71422}},"224":{"start":{"line":2545,"column":2},"end":{"line":2545,"column":72310}},"225":{"start":{"line":2573,"column":2},"end":{"line":2573,"column":49}},"226":{"start":{"line":2594,"column":2},"end":{"line":2594,"column":73459}},"227":{"start":{"line":2606,"column":2},"end":{"line":2606,"column":54}},"228":{"start":{"line":2607,"column":2},"end":{"line":2607,"column":46}},"229":{"start":{"line":2609,"column":2},"end":{"line":2609,"column":73814}},"230":{"start":{"line":2610,"column":3},"end":{"line":2610,"column":46}},"231":{"start":{"line":2613,"column":2},"end":{"line":2613,"column":13}},"232":{"start":{"line":2621,"column":2},"end":{"line":2621,"column":30}},"233":{"start":{"line":2629,"column":2},"end":{"line":2629,"column":29}},"234":{"start":{"line":2630,"column":2},"end":{"line":2630,"column":27}},"235":{"start":{"line":2638,"column":2},"end":{"line":2638,"column":30}},"236":{"start":{"line":2639,"column":2},"end":{"line":2639,"column":29}},"237":{"start":{"line":2659,"column":2},"end":{"line":2659,"column":38}},"238":{"start":{"line":2668,"column":2},"end":{"line":2668,"column":49}},"239":{"start":{"line":2669,"column":2},"end":{"line":2669,"column":46}},"240":{"start":{"line":2671,"column":2},"end":{"line":2671,"column":75264}},"241":{"start":{"line":2672,"column":3},"end":{"line":2672,"column":41}},"242":{"start":{"line":2675,"column":2},"end":{"line":2675,"column":13}},"243":{"start":{"line":2683,"column":2},"end":{"line":2683,"column":16}},"244":{"start":{"line":2690,"column":2},"end":{"line":2690,"column":15}},"245":{"start":{"line":2691,"column":2},"end":{"line":2691,"column":14}},"246":{"start":{"line":2698,"column":2},"end":{"line":2698,"column":16}},"247":{"start":{"line":2699,"column":2},"end":{"line":2699,"column":16}},"248":{"start":{"line":2725,"column":2},"end":{"line":2725,"column":76501}},"249":{"start":{"line":2737,"column":2},"end":{"line":2737,"column":76709}},"250":{"start":{"line":2759,"column":2},"end":{"line":2759,"column":77390}},"251":{"start":{"line":2763,"column":2},"end":{"line":2763,"column":77533}},"252":{"start":{"line":2774,"column":2},"end":{"line":2774,"column":77740}},"253":{"start":{"line":2777,"column":2},"end":{"line":2777,"column":77823}},"254":{"start":{"line":2792,"column":2},"end":{"line":2792,"column":78054}},"255":{"start":{"line":2796,"column":2},"end":{"line":2796,"column":78185}},"256":{"start":{"line":2817,"column":2},"end":{"line":2817,"column":79071}},"257":{"start":{"line":2821,"column":2},"end":{"line":2821,"column":79179}},"258":{"start":{"line":2824,"column":3},"end":{"line":2824,"column":79290}},"259":{"start":{"line":2848,"column":2},"end":{"line":2848,"column":50}},"260":{"start":{"line":2849,"column":2},"end":{"line":2849,"column":46}},"261":{"start":{"line":2851,"column":2},"end":{"line":2851,"column":79927}},"262":{"start":{"line":2852,"column":3},"end":{"line":2852,"column":42}},"263":{"start":{"line":2855,"column":2},"end":{"line":2855,"column":13}},"264":{"start":{"line":2869,"column":2},"end":{"line":2869,"column":39}},"265":{
[...]
"contracts/token/ERC1400Raw.sol":{"l":{"35":0,"44":0,"74":0,"93":0,"94":0,"95":0,"105":0,"106":0,"107":0,"123":0,"159":0,"174":0,"200":0,"202":0,"207":0,"210":0,"213":0,"227":0,"228":0,"232":0,"251":0,"253":0,"259":0,"263":0,"264":0,"266":0,"285":0,"287":0,"290":0,"294":0,"295":0,"299":0},"path":"/Users/simondos/projects/_micobo/security-token/contracts/token/ERC1400Raw.sol","s":{"1":0,"2":0,"3":0,"4":0,"5":0,"6":0,"7":0,"8":0,"9":0,"10":0,"11":0,"12":0,"13":0,"14":0,"15":0,"16":0,"17":0,"18":0,"19":0,"20":0,"21":0,"22":0,"23":0,"24":0,"25":0,"26":0,"27":0,"28":0,"29":0,"30":0,"31":0,"32":0},"b":{"1":[0,0],"2":[0,0],"3":[0,0],"4":[0,0],"5":[0,0],"6":[0,0],"7":[0,0],"8":[0,0],"9":[0,0],"10":[0,0],"11":[0,0],"12":[0,0]},"f":{"1":0,"2":0,"3":0,"4":0,"5":0,"6":0,"7":0,"8":0,"9":0,"10":0,"11":0},"fnMap":{"1":{"name":"name","line":34,"loc":{"start":{"line":34,"column":1},"end":{"line":36,"column":1}}},"2":{"name":"symbol","line":43,"loc":{"start":{"line":43,"column":1},"end":{"line":45,"column":1}}},"3":{"name":"granularity","line":73,"loc":{"start":{"line":73,"column":1},"end":{"line":75,"column":1}}},"4":{"name":"authorizeOperator","line":92,"loc":{"start":{"line":92,"column":1},"end":{"line":96,"column":1}}},"5":{"name":"revokeOperator","line":104,"loc":{"start":{"line":104,"column":1},"end":{"line":108,"column":1}}},"6":{"name":"isOperator","line":117,"loc":{"start":{"line":117,"column":1},"end":{"line":124,"column":1}}},"7":{"name":"_isMultiple","line":158,"loc":{"start":{"line":158,"column":1},"end":{"line":160,"column":1}}},"8":{"name":"_isOperator","line":169,"loc":{"start":{"line":169,"column":1},"end":{"line":177,"column":1}}},"9":{"name":"_transferWithData","line":199,"loc":{"start":{"line":191,"column":1},"end":{"line":233,"column":1}}},"10":{"name":"_redeem","line":250,"loc":{"start":{"line":244,"column":1},"end":{"line":267,"column":1}}},"11":{"name":"_issue","line":284,"loc":{"start":{"line":278,"column":1},"end":{"line":300,"column":1}}}},"statementMap":{"1":{"start":{"line":35,"column":2},"end":{"line":35,"column":14}},"2":{"start":{"line":44,"column":2},"end":{"line":44,"column":16}},"3":{"start":{"line":74,"column":2},"end":{"line":74,"column":21}},"4":{"start":{"line":93,"column":2},"end":{"line":93,"column":63}},"5":{"start":{"line":94,"column":2},"end":{"line":94,"column":51}},"6":{"start":{"line":95,"column":2},"end":{"line":95,"column":49}},"7":{"start":{"line":105,"column":2},"end":{"line":105,"column":60}},"8":{"start":{"line":106,"column":2},"end":{"line":106,"column":52}},"9":{"start":{"line":107,"column":2},"end":{"line":107,"column":46}},"10":{"start":{"line":123,"column":2},"end":{"line":123,"column":43}},"11":{"start":{"line":159,"column":2},"end":{"line":159,"column":61}},"12":{"start":{"line":174,"column":2},"end":{"line":174,"column":5455}},"13":{"start":{"line":200,"column":2},"end":{"line":200,"column":52}},"14":{"start":{"line":202,"column":2},"end":{"line":202,"column":42}},"15":{"start":{"line":207,"column":2},"end":{"line":207,"column":28}},"16":{"start":{"line":210,"column":2},"end":{"line":210,"column":6631}},"17":{"start":{"line":213,"column":3},"end":{"line":213,"column":6716}},"18":{"start":{"line":227,"column":2},"end":{"line":227,"column":45}},"19":{"start":{"line":228,"column":2},"end":{"line":228,"column":41}},"20":{"start":{"line":232,"column":2},"end":{"line":232,"column":70}},"21":{"start":{"line":251,"column":2},"end":{"line":251,"column":52}},"22":{"start":{"line":253,"column":2},"end":{"line":253,"column":44}},"23":{"start":{"line":259,"column":2},"end":{"line":259,"column":65}},"24":{"start":{"line":263,"column":2},"end":{"line":263,"column":45}},"25":{"start":{"line":264,"column":2},"end":{"line":264,"column":39}},"26":{"start":{"line":266,"column":2},"end":{"line":266,"column":58}},"27":{"start":{"line":285,"column":2},"end":{"line":285,"column":52}},"28":{"start":{"line":287,"column":2},"end":{"line":287,"column":42}},"29":{"start":{"line":290,"column":2},"end":{"line":290,"column":61}},"30":{"start":{"line":294,"column":2},"end":{"line":294,"column":39}},"31":{"start":{"line":295,"column":2},"end":{"line":295,"column":41}},"32":{"start":{"line":299,"column":2},"end":{"line":299,"column":54}}},"branchMap":{"1":{"line":93,"type":"if","locations":[{"start":{"line":93,"column":2},"end":{"line":93,"column":2}},{"start":{"line":93,"column":2},"end":{"line":93,"column":2}}]},"2":{"line":105,"type":"if","locations":[{"start":{"line":105,"column":2},"end":{"line":105,"column":2}},{"start":{"line":105,"column":2},"end":{"line":105,"column":2}}]},"3":{"line":200,"type":"if","locations":[{"start":{"line":200,"column":2},"end":{"line":200,"column":2}},{"start":{"line":200,"column":2},"end":{"line":200,"column":2}}]},"4":{"line":202,"type":"if","locations":[{"start":{"line":202,"column":2},"end":{"line":202,"column":2}},{"start":{"line":202,"column":2},"end":{"line":202,"column":2}}]},"5":{"line":207,"type":"if","locations":[{"start":{"line":207,"column":2},"end":{"line":207,"column":2}},{"start":{"line":207,"column":2},"end":{"line":207,"column":2}}]},"6":{"line":210,"type":"if","locations":[{"start":{"line":210,"column":2},"end":{"line":210,"column":2}},{"start":{"line":210,"column":2},"end":{"line":210,"column":2}}]},"7":{"line":251,"type":"if","locations":[{"start":{"line":251,"column":2},"end":{"line":251,"column":2}},{"start":{"line":251,"column":2},"end":{"line":251,"column":2}}]},"8":{"line":253,"type":"if","locations":[{"start":{"line":253,"column":2},"end":{"line":253,"column":2}},{"start":{"line":253,"column":2},"end":{"line":253,"column":2}}]},"9":{"line":259,"type":"if","locations":[{"start":{"line":259,"column":2},"end":{"line":259,"column":2}},{"start":{"line":259,"column":2},"end":{"line":259,"column":2}}]},"10":{"line":285,"type":"if","locations":[{"start":{"line":285,"column":2},"end":{"line":285,"column":2}},{"start":{"line":285,"column":2},"end":{"line":285,"column":2}}]},"11":{"line":287,"type":"if","locations":[{"start":{"line":287,"column":2},"end":{"line":287,"column":2}},{"start":{"line":287,"column":2},"end":{"line":287,"column":2}}]},"12":{"line":290,"type":"if","locations":[{"start":{"line":290,"column":2},"end":{"line":290,"column":2}},{"start":{"line":290,"column":2},"end":{"line":290,"column":2}}]}}},
"contracts/token/Ownable.sol":{"l":{"19":0,"27":0,"28":0,"32":0,"33":0},"path":"/Users/simondos/projects/_micobo/security-token/contracts/token/Ownable.sol","s":{"1":0,"2":0,"3":0,"4":0,"5":0},"b":{"1":[0,0],"2":[0,0]},"f":{"1":0,"2":0},"fnMap":{"1":{"name":"owner","line":18,"loc":{"start":{"line":18,"column":1},"end":{"line":20,"column":1}}},"2":{"name":"transferOwnership","line":26,"loc":{"start":{"line":26,"column":1},"end":{"line":34,"column":1}}}},"statementMap":{"1":{"start":{"line":19,"column":2},"end":{"line":19,"column":15}},"2":{"start":{"line":27,"column":2},"end":{"line":27,"column":59}},"3":{"start":{"line":28,"column":2},"end":{"line":28,"column":664}},"4":{"start":{"line":32,"column":2},"end":{"line":32,"column":45}},"5":{"start":{"line":33,"column":2},"end":{"line":33,"column":18}}},"branchMap":{"1":{"line":27,"type":"if","locations":[{"start":{"line":27,"column":2},"end":{"line":27,"column":2}},{"start":{"line":27,"column":2},"end":{"line":27,"column":2}}]},"2":{"line":28,"type":"if","locations":[{"start":{"line":28,"column":2},"end":{"line":28,"column":2}},{"start":{"line":28,"column":2},"end":{"line":28,"column":2}}]}}},
"contracts/token/Pausable.sol":{"l":{"20":0,"27":0,"28":0,"29":0,"30":0,"37":0,"38":0,"39":0,"40":0},"path":"/Users/simondos/projects/_micobo/security-token/contracts/token/Pausable.sol","s":{"1":0,"2":0,"3":0,"4":0,"5":0,"6":0,"7":0,"8":0,"9":0},"b":{"1":[0,0],"2":[0,0],"3":[0,0],"4":[0,0]},"f":{"1":0,"2":0,"3":0},"fnMap":{"1":{"name":"paused","line":19,"loc":{"start":{"line":19,"column":1},"end":{"line":21,"column":1}}},"2":{"name":"pause","line":26,"loc":{"start":{"line":26,"column":1},"end":{"line":31,"column":1}}},"3":{"name":"unpause","line":36,"loc":{"start":{"line":36,"column":1},"end":{"line":41,"column":1}}}},"statementMap":{"1":{"start":{"line":20,"column":2},"end":{"line":20,"column":16}},"2":{"start":{"line":27,"column":2},"end":{"line":27,"column":28}},"3":{"start":{"line":28,"column":2},"end":{"line":28,"column":61}},"4":{"start":{"line":29,"column":2},"end":{"line":29,"column":15}},"5":{"start":{"line":30,"column":2},"end":{"line":30,"column":27}},"6":{"start":{"line":37,"column":2},"end":{"line":37,"column":31}},"7":{"start":{"line":38,"column":2},"end":{"line":38,"column":61}},"8":{"start":{"line":39,"column":2},"end":{"line":39,"column":16}},"9":{"start":{"line":40,"column":2},"end":{"line":40,"column":29}}},"branchMap":{"1":{"line":27,"type":"if","locations":[{"start":{"line":27,"column":2},"end":{"line":27,"column":2}},{"start":{"line":27,"column":2},"end":{"line":27,"column":2}}]},"2":{"line":28,"type":"if","locations":[{"start":{"line":28,"column":2},"end":{"line":28,"column":2}},{"start":{"line":28,"column":2},"end":{"line":28,"column":2}}]},"3":{"line":37,"type":"if","locations":[{"start":{"line":37,"column":2},"end":{"line":37,"column":2}},{"start":{"line":37,"column":2},"end":{"line":37,"column":2}}]},"4":{"line":38,"type":"if","locations":[{"start":{"line":38,"column":2},"end":{"line":38,"column":2}},{"start":{"line":38,"column":2},"end":{"line":38,"column":2}}]}}},
"contracts/token/SecurityToken.sol":{"l":{"24":0,"25":0,"47":0,"48":0,"49":0,"50":0,"51":0,"53":0,"54":0,"56":0,"58":0,"59":0,"61":0,"62":0,"65":0,"66":0,"67":0,"70":0,"71":0,"74":0,"77":0,"79":0,"80":0,"83":0,"86":0,"95":0,"113":0,"114":0,"115":0,"120":0,"121":0,"122":0,"147":0,"165":0,"169":0,"170":0,"180":0,"189":0,"206":0,"210":0,"212":0,"237":0,"265":0,"271":0,"314":0,"315":0,"317":0,"327":0,"349":0,"355":0,"356":0,"358":0,"368":0,"379":0,"380":0,"389":0,"390":0},"path":"/Users/simondos/projects/_micobo/security-token/contracts/token/SecurityToken.sol","s":{"1":0,"2":0,"3":0,"4":0,"5":0,"6":0,"7":0,"8":0,"9":0,"10":0,"11":0,"12":0,"13":0,"14":0,"15":0,"16":0,"17":0,"18":0,"19":0,"20":0,"21":0,"22":0,"23":0,"24":0,"25":0,"26":0,"27":0,"28":0,"29":0,"30":0,"31":0,"32":0,"33":0,"34":0,"35":0,"36":0,"37":0,"38":0,"39":0,"40":0,"41":0,"42":0,"43":0,"44":0,"45":0,"46":0,"47":0,"48":0,"49":0,"50":0,"51":0,"52":0,"53":0,"54":0,"55":0,"56":0},"b":{"1":[0,0],"2":[0,0],"3":[0,0],"4":[0,0],"5":[0,0],"6":[0,0],"7":[0,0],"8":[0,0],"9":[0,0],"10":[0,0],"11":[0,0],"12":[0,0]},"f":{"1":0,"2":0,"3":0,"4":0,"5":0,"6":0,"7":0,"8":0,"9":0,"10":0,"11":0,"12":0,"13":0,"14":0,"15":0},"fnMap":{"1":{"name":"version","line":23,"loc":{"start":{"line":23,"column":1},"end":{"line":26,"column":1}}},"2":{"name":"initialize","line":46,"loc":{"start":{"line":36,"column":1},"end":{"line":87,"column":1}}},"3":{"name":"_isGSNController","line":94,"loc":{"start":{"line":94,"column":1},"end":{"line":96,"column":1}}},"4":{"name":"bulkIssueByPartition","line":107,"loc":{"start":{"line":107,"column":1},"end":{"line":131,"column":1}}},"5":{"name":"getDocument","line":141,"loc":{"start":{"line":141,"column":1},"end":{"line":151,"column":1}}},"6":{"name":"setDocument","line":160,"loc":{"start":{"line":160,"column":1},"end":{"line":171,"column":1}}},"7":{"name":"isControllable","line":179,"loc":{"start":{"line":179,"column":1},"end":{"line":181,"column":1}}},"8":{"name":"isIssuable","line":188,"loc":{"start":{"line":188,"column":1},"end":{"line":190,"column":1}}},"9":{"name":"issueByPartition","line":200,"loc":{"start":{"line":200,"column":1},"end":{"line":220,"column":1}}},"10":{"name":"redeemByPartition","line":230,"loc":{"start":{"line":230,"column":1},"end":{"line":245,"column":1}}},"11":{"name":"operatorRedeemByPartition","line":256,"loc":{"start":{"line":256,"column":1},"end":{"line":279,"column":1}}},"12":{"name":"_issueByPartition","line":306,"loc":{"start":{"line":306,"column":1},"end":{"line":328,"column":1}}},"13":{"name":"_redeemByPartition","line":341,"loc":{"start":{"line":341,"column":1},"end":{"line":369,"column":1}}},"14":{"name":"renounceControl","line":378,"loc":{"start":{"line":378,"column":1},"end":{"line":381,"column":1}}},"15":{"name":"renounceIssuance","line":388,"loc":{"start":{"line":388,"column":1},"end":{"line":391,"column":1}}}},"statementMap":{"1":{"start":{"line":25,"column":2},"end":{"line":25,"column":16}},"2":{"start":{"line":47,"column":2},"end":{"line":47,"column":30}},"3":{"start":{"line":48,"column":2},"end":{"line":48,"column":40}},"4":{"start":{"line":49,"column":2},"end":{"line":49,"column":32}},"5":{"start":{"line":50,"column":2},"end":{"line":50,"column":36}},"6":{"start":{"line":51,"column":2},"end":{"line":51,"column":46}},"7":{"start":{"line":53,"column":2},"end":{"line":53,"column":11}},"8":{"start":{"line":54,"column":2},"end":{"line":54,"column":18}},"9":{"start":{"line":56,"column":2},"end":{"line":56,"column":58}},"10":{"start":{"line":58,"column":2},"end":{"line":58,"column":19}},"11":{"start":{"line":59,"column":2},"end":{"line":59,"column":23}},"12":{"start":{"line":61,"column":2},"end":{"line":61,"column":15}},"13":{"start":{"line":62,"column":2},"end":{"line":62,"column":46}},"14":{"start":{"line":65,"column":2},"end":{"line":65,"column":13}},"15":{"start":{"line":66,"column":2},"end":{"line":66,"column":17}},"16":{"start":{"line":67,"column":2},"end":{"line":67,"column":17}},"17":{"start":{"line":70,"column":2},"end":{"line":70,"column":49}},"18":{"start":{"line":71,"column":2},"end":{"line":71,"column":27}},"19":{"start":{"line":74,"column":2},"end":{"line":74,"column":23}},"20":{"start":{"line":77,"column":2},"end":{"line":77,"column":55}},"21":{"start":{"line":79,"column":2},"end":{"line":79,"column":27}},"22":{"start":{"line":80,"column":2},"end":{"line":80,"column":28}},"23":{"start":{"line":83,"column":2},"end":{"line":83,"column":36}},"24":{"start":{"line":86,"column":2},"end":{"line":86,"column":29}},"25":{"start":{"line":95,"column":2},"end":{"line":95,"column":57}},"26":{"start":{"line":113,"column":2},"end":{"line":113,"column":43}},"27":{"start":{"line":114,"column":2},"end":{"line":114,"column":61}},"28":{"start":{"line":115,"column":2},"end":{"line":115,"column":3220}},"29":{"start":{"line":120,"column":2},"end":{"line":120,"column":3307}},"30":{"start":{"line":121,"column":3},"end":{"line":121,"column":61}},"31":{"start":{"line":122,"column":3},"end":{"line":122,"column":3427}},"32":{"start":{"line":147,"column":2},"end":{"line":147,"column":3972}},"33":{"start":{"line":165,"column":2},"end":{"line":165,"column":4455}},"34":{"start":{"line":169,"column":2},"end":{"line":169,"column":71}},"35":{"start":{"line":170,"column":2},"end":{"line":170,"column":48}},"36":{"start":{"line":180,"column":2},"end":{"line":180,"column":24}},"37":{"start":{"line":189,"column":2},"end":{"line":189,"column":20}},"38":{"start":{"line":206,"column":2},"end":{"line":206,"column":43}},"39":{"start":{"line":210,"column":2},"end":{"line":210,"column":56}},"40":{"start":{"line":212,"column":2},"end":{"line":212,"column":6047}},"41":{"start":{"line":237,"column":2},"end":{"line":237,"column":6601}},"42":{"start":{"line":265,"column":2},"end":{"line":265,"column":7318}},"43":{"start":{"line":271,"column":2},"end":{"line":271,"column":7476}},"44":{"start":{"line":314,"column":2},"end":{"line":314,"column":48}},"45":{"start":{"line":315,"column":2},"end":{"line":315,"column":45}},"46":{"start":{"line":317,"column":2},"end":{"line":317,"column":8534}},"47":{"start":{"line":327,"column":2},"end":{"line":327,"column":38}},"48":{"start":{"line":349,"column":2},"end":{"line":349,"column":9330}},"49":{"start":{"line":355,"column":2},"end":{"line":355,"column":54}},"50":{"start":{"line":356,"column":2},"end":{"line":356,"column":51}},"51":{"start":{"line":358,"column":2},"end":{"line":358,"column":9594}},"52":{"start":{"line":368,"column":2},"end":{"line":368,"column":40}},"53":{"start":{"line":379,"column":2},"end":{"line":379,"column":59}},"54":{"start":{"line":380,"column":2},"end":{"line":380,"column":24}},"55":{"start":{"line":389,"column":2},"end":{"line":389,"column":59}},"56":{"start":{"line":390,"column":2},"end":{"line":390,"column":20}}},"branchMap":{"1":{"line":70,"type":"if","locations":[{"start":{"line":70,"column":2},"end":{"line":70,"column":2}},{"start":{"line":70,"column":2},"end":{"line":70,"column":2}}]},"2":{"line":113,"type":"if","locations":[{"start":{"line":113,"column":2},"end":{"line":113,"column":2}},{"start":{"line":113,"column":2},"end":{"line":113,"column":2}}]},"3":{"line":114,"type":"if","locations":[{"start":{"line":114,"column":2},"end":{"line":114,"column":2}},{"start":{"line":114,"column":2},"end":{"line":114,"column":2}}]},"4":{"line":115,"type":"if","locations":[{"start":{"line":115,"column":2},"end":{"line":115,"column":2}},{"start":{"line":115,"column":2},"end":{"line":115,"column":2}}]},"5":{"line":121,"type":"if","locations":[{"start":{"line":121,"column":3},"end":{"line":121,"column":3}},{"start":{"line":121,"column":3},"end":{"line":121,"column":3}}]},"6":{"line":165,"type":"if","locations":[{"start":{"line":165,"column":2},"end":{"line":165,"column":2}},{"start":{"line":165,"column":2},"end":{"line":165,"column":2}}]},"7":{"line":206,"type":"if","locations":[{"start":{"line":206,"column":2},"end":{"line":206,"column":2}},{"start":{"line":206,"column":2},"end":{"line":206,"column":2}}]},"8":{"line":210,"type":"if","locations":[{"start":{"line":210,"column":2},"end":{"line":210,"column":2}},{"start":{"line":210,"column":2},"end":{"line":210,"column":2}}]},"9":{"line":265,"type":"if","locations":[{"start":{"line":265,"column":2},"end":{"line":265,"column":2}},{"start":{"line":265,"column":2},"end":{"line":265,"column":2}}]},"10":{"line":349,"type":"if","locations":[{"start":{"line":349,"column":2},"end":{"line":349,"column":2}},{"start":{"line":349,"column":2},"end":{"line":349,"column":2}}]},"11":{"line":379,"type":"if","locations":[{"start":{"line":379,"column":2},"end":{"line":379,"column":2}},{"start":{"line":379,"column":2},"end":{"line":379,"column":2}}]},"12":{"line":389,"type":"if","locations":[{"start":{"line":389,"column":2},"end":{"line":389,"column":2}},{"start":{"line":389,"column":2},"end":{"line":389,"column":2}}]}}},
"contracts/utils/ReentrancyGuard.sol":{"l":{"30":0,"42":0,"45":0,"47":0,"51":0},"path":"/Users/simondos/projects/_micobo/security-token/contracts/utils/ReentrancyGuard.sol","s":{"1":0,"2":0,"3":0,"4":0},"b":{"1":[0,0]},"f":{"1":0,"2":0},"fnMap":{"1":{"name":"_initializeReentrancyGuard","line":23,"loc":{"start":{"line":23,"column":1},"end":{"line":31,"column":1}}},"2":{"name":"nonReentrant","line":40,"loc":{"start":{"line":40,"column":1},"end":{"line":52,"column":1}}}},"statementMap":{"1":{"start":{"line":30,"column":2},"end":{"line":30,"column":19}},"2":{"start":{"line":42,"column":2},"end":{"line":42,"column":56}},"3":{"start":{"line":45,"column":2},"end":{"line":45,"column":20}},"4":{"start":{"line":51,"column":2},"end":{"line":51,"column":19}}},"branchMap":{"1":{"line":42,"type":"if","locations":[{"start":{"line":42,"column":2},"end":{"line":42,"column":2}},{"start":{"line":42,"column":2},"end":{"line":42,"column":2}}]}}}}
