TN:
SF:/Users/simondos/projects/_micobo/security-token/contracts/constraints/OffChainValidatorConstraintModule.sol
FNF:0
FNH:0
LF:0
LH:0
BRF:0
BRH:0
end_of_record
TN:
SF:/Users/simondos/projects/_micobo/security-token/contracts/constraints/SpendingLimitsConstraintModule.sol
FN:81,constructor
FN:89,onlySpendingLimitsEditor
FN:107,addTimelock
FN:123,setTimelock
FN:133,deleteTimelock
FN:147,executeTransfer
FN:199,getModuleName
FNF:7
FNH:7
FNDA:1,constructor
FNDA:17,onlySpendingLimitsEditor
FNDA:3,addTimelock
FNDA:3,setTimelock
FNDA:5,deleteTimelock
FNDA:7,executeTransfer
FNDA:1,getModuleName
DA:82,1
DA:90,17
DA:97,11
DA:109,3
DA:110,3
DA:124,3
DA:125,1
DA:126,1
DA:134,5
DA:135,3
DA:136,3
DA:137,3
DA:166,7
DA:167,7
DA:170,7
DA:172,3
DA:173,2
DA:174,2
DA:178,1
DA:182,4
DA:183,2
DA:184,2
DA:186,2
DA:187,2
DA:192,7
DA:200,1
LF:26
LH:26
BRDA:90,1,0,11
BRDA:90,1,1,6
BRDA:124,2,0,1
BRDA:124,2,1,2
BRDA:134,3,0,3
BRDA:134,3,1,2
BRDA:170,4,0,3
BRDA:170,4,1,4
BRDA:172,5,0,2
BRDA:172,5,1,1
BRDA:182,6,0,2
BRDA:182,6,1,2
BRF:12
BRH:12
end_of_record
TN:
SF:/Users/simondos/projects/_micobo/security-token/contracts/constraints/TimeLockConstraintModule.sol
FN:70,constructor
FN:81,editAmountTimeLock
FN:99,editAccountTimeLock
FN:112,editTimeLock
FN:129,executeTransfer
FN:162,getModuleName
FN:170,getTimeLock
FN:178,getAccountTimeLock
FN:187,getAmountTimeLock
FNF:9
FNH:9
FNDA:2,constructor
FNDA:6,editAmountTimeLock
FNDA:6,editAccountTimeLock
FNDA:8,editTimeLock
FNDA:13,executeTransfer
FNDA:1,getModuleName
FNDA:1,getTimeLock
FNDA:1,getAccountTimeLock
FNDA:2,getAmountTimeLock
DA:71,2
DA:86,6
DA:90,4
DA:91,4
DA:100,6
DA:104,4
DA:105,4
DA:113,8
DA:117,6
DA:118,6
DA:139,13
DA:140,4
DA:142,2
DA:145,2
DA:150,2
DA:151,2
DA:155,5
DA:163,1
DA:171,1
DA:179,1
DA:192,2
LF:21
LH:21
BRDA:86,1,0,4
BRDA:86,1,1,2
BRDA:100,2,0,4
BRDA:100,2,1,2
BRDA:113,3,0,6
BRDA:113,3,1,2
BRDA:139,4,0,4
BRDA:139,4,1,9
BRDA:141,5,0,2
BRDA:141,5,1,7
BRDA:143,6,0,2
BRDA:143,6,1,5
BRDA:150,7,0,2
BRDA:150,7,1,0
BRF:14
BRH:13
end_of_record
TN:
SF:/Users/simondos/projects/_micobo/security-token/contracts/constraints/VestingPeriodConstraintModule.sol
FN:65,constructor
FN:76,setVestingOptions
FN:108,executeTransfer
FN:142,getAmountAllowed
FN:183,getVestingStart
FN:191,getVestedFractionAfterStart
FN:199,getVestingRatio
FN:208,getAmountSpentByUser
FN:216,getModuleName
FNF:9
FNH:9
FNDA:1,constructor
FNDA:3,setVestingOptions
FNDA:6,executeTransfer
FNDA:4,getAmountAllowed
FNDA:1,getVestingStart
FNDA:1,getVestedFractionAfterStart
FNDA:2,getVestingRatio
FNDA:1,getAmountSpentByUser
FNDA:1,getModuleName
DA:66,1
DA:81,3
DA:89,1
DA:90,1
DA:91,1
DA:93,1
DA:119,6
DA:120,2
DA:124,4
DA:127,4
DA:128,2
DA:131,2
DA:132,2
DA:148,4
DA:154,4
DA:184,1
DA:192,1
DA:200,2
DA:209,1
DA:217,1
LF:20
LH:20
BRDA:81,1,0,1
BRDA:81,1,1,2
BRDA:119,2,0,2
BRDA:119,2,1,4
BRDA:127,3,0,2
BRDA:127,3,1,2
BRF:6
BRH:6
end_of_record
TN:
SF:/Users/simondos/projects/_micobo/security-token/contracts/constraints/WhitelistConstraintModule.sol
FN:43,constructor
FN:53,isWhitelisted
FN:62,editWhitelist
FN:75,bulkEditWhitelist
FN:95,_editWhitelist
FN:107,executeTransfer
FN:130,getModuleName
FNF:7
FNH:7
FNDA:1,constructor
FNDA:4,isWhitelisted
FNDA:5,editWhitelist
FNDA:4,bulkEditWhitelist
FNDA:23,_editWhitelist
FNDA:5,executeTransfer
FNDA:1,getModuleName
DA:44,1
DA:54,4
DA:63,5
DA:67,3
DA:78,4
DA:83,2
DA:85,2
DA:86,20
DA:96,23
DA:97,23
DA:117,5
DA:118,1
DA:120,2
DA:122,2
DA:131,1
LF:15
LH:15
BRDA:63,1,0,3
BRDA:63,1,1,2
BRDA:78,2,0,2
BRDA:78,2,1,2
BRDA:83,3,0,2
BRDA:83,3,1,0
BRDA:117,4,0,1
BRDA:117,4,1,4
BRDA:119,5,0,2
BRDA:119,5,1,2
BRF:10
BRH:9
end_of_record
TN:
SF:/Users/simondos/projects/_micobo/security-token/contracts/erc1820/ERC1820Client.sol
FN:33,setInterfaceImplementation
FNF:1
FNH:0
FNDA:0,setInterfaceImplementation
DA:37,0
DA:38,0
LF:2
LH:0
BRF:0
BRH:0
end_of_record
TN:
SF:/Users/simondos/projects/_micobo/security-token/contracts/gnosis/CreateCall.sol
FN:9,performCreate2
FN:27,performCreate
FNF:2
FNH:0
FNDA:0,performCreate2
FNDA:0,performCreate
DA:15,0
DA:23,0
DA:24,0
DA:32,0
DA:39,0
DA:40,0
LF:6
LH:0
BRDA:23,1,0,0
BRDA:23,1,1,0
BRDA:39,2,0,0
BRDA:39,2,1,0
BRF:4
BRH:0
end_of_record
TN:
SF:/Users/simondos/projects/_micobo/security-token/contracts/gsn/GSNable.sol
FN:28,_isGSNController
FN:41,onlyGSNController
FN:49,acceptRelayedCall
FN:83,_preRelayedCall
FN:96,_postRelayedCall
FN:117,setGSNMode
FN:126,getGSNMode
FN:136,setGSNModule
FN:146,upgradeRelayHub
FN:157,withdrawDeposits
FNF:10
FNH:0
FNDA:0,_isGSNController
FNDA:0,onlyGSNController
FNDA:0,acceptRelayedCall
FNDA:0,_preRelayedCall
FNDA:0,_postRelayedCall
FNDA:0,setGSNMode
FNDA:0,getGSNMode
FNDA:0,setGSNModule
FNDA:0,upgradeRelayHub
FNDA:0,withdrawDeposits
DA:29,0
DA:30,0
DA:42,0
DA:43,0
DA:60,0
DA:61,0
DA:63,0
DA:76,0
DA:88,0
DA:89,0
DA:102,0
DA:103,0
DA:118,0
DA:119,0
DA:127,0
DA:138,0
DA:139,0
DA:147,0
DA:159,0
LF:19
LH:0
BRDA:42,1,0,0
BRDA:42,1,1,0
BRDA:60,2,0,0
BRDA:60,2,1,0
BRDA:62,3,0,0
BRDA:62,3,1,0
BRDA:88,4,0,0
BRDA:88,4,1,0
BRDA:102,5,0,0
BRDA:102,5,1,0
BRF:10
BRH:0
end_of_record
TN:
SF:/Users/simondos/projects/_micobo/security-token/contracts/gsn/GSNModule.sol
FN:23,getHubAddr
FN:29,acceptRelayedCall
FN:55,preRelayedCall
FN:70,postRelayedCall
FN:83,_approveRelayedCall
FN:96,_approveRelayedCall
FN:107,_rejectRelayedCall
FNF:7
FNH:0
FNDA:0,getHubAddr
FNDA:0,acceptRelayedCall
FNDA:0,preRelayedCall
FNDA:0,postRelayedCall
FNDA:0,_approveRelayedCall
FNDA:0,_approveRelayedCall
FNDA:0,_rejectRelayedCall
DA:26,0
DA:40,0
DA:58,0
DA:76,0
DA:88,0
DA:101,0
DA:112,0
LF:7
LH:0
BRF:0
BRH:0
end_of_record
TN:
SF:/Users/simondos/projects/_micobo/security-token/contracts/gsn/GSNRecipient.sol
FN:39,getHubAddr
FN:50,_upgradeRelayHub
FN:66,relayHubVersion
FN:76,_withdrawDeposits
FN:94,_msgSender
FN:114,_msgData
FN:134,preRelayedCall
FN:165,postRelayedCall
FN:193,_approveRelayedCall
FN:206,_approveRelayedCall
FN:217,_rejectRelayedCall
FN:229,_computeCharge
FN:239,_getRelayedCallSender
FN:268,_getRelayedCallData
FNF:14
FNH:0
FNDA:0,getHubAddr
FNDA:0,_upgradeRelayHub
FNDA:0,relayHubVersion
FNDA:0,_withdrawDeposits
FNDA:0,_msgSender
FNDA:0,_msgData
FNDA:0,preRelayedCall
FNDA:0,postRelayedCall
FNDA:0,_approveRelayedCall
FNDA:0,_approveRelayedCall
FNDA:0,_rejectRelayedCall
FNDA:0,_computeCharge
FNDA:0,_getRelayedCallSender
FNDA:0,_getRelayedCallData
DA:40,0
DA:51,0
DA:52,0
DA:53,0
DA:55,0
DA:57,0
DA:67,0
DA:68,0
DA:80,0
DA:101,0
DA:102,0
DA:104,0
DA:115,0
DA:116,0
DA:118,0
DA:140,0
DA:141,0
DA:171,0
DA:172,0
DA:198,0
DA:211,0
DA:222,0
DA:236,0
DA:254,0
DA:255,0
DA:258,0
DA:265,0
DA:272,0
DA:273,0
DA:275,0
DA:276,0
DA:279,0
LF:32
LH:0
BRDA:52,1,0,0
BRDA:52,1,1,0
BRDA:53,2,0,0
BRDA:53,2,1,0
BRDA:101,3,0,0
BRDA:101,3,1,0
BRDA:115,4,0,0
BRDA:115,4,1,0
BRDA:140,5,0,0
BRDA:140,5,1,0
BRDA:171,6,0,0
BRDA:171,6,1,0
BRF:12
BRH:0
end_of_record
TN:
SF:/Users/simondos/projects/_micobo/security-token/contracts/interfaces/IAdmin.sol
FNF:0
FNH:0
LF:0
LH:0
BRF:0
BRH:0
end_of_record
TN:
SF:/Users/simondos/projects/_micobo/security-token/contracts/interfaces/IConstrainable.sol
FNF:0
FNH:0
LF:0
LH:0
BRF:0
BRH:0
end_of_record
TN:
SF:/Users/simondos/projects/_micobo/security-token/contracts/interfaces/IConstraintModule.sol
FNF:0
FNH:0
LF:0
LH:0
BRF:0
BRH:0
end_of_record
TN:
SF:/Users/simondos/projects/_micobo/security-token/contracts/interfaces/IERC1400.sol
FNF:0
FNH:0
LF:0
LH:0
BRF:0
BRH:0
end_of_record
TN:
SF:/Users/simondos/projects/_micobo/security-token/contracts/interfaces/IERC1400Capped.sol
FNF:0
FNH:0
LF:0
LH:0
BRF:0
BRH:0
end_of_record
TN:
SF:/Users/simondos/projects/_micobo/security-token/contracts/interfaces/IERC1400Partition.sol
FNF:0
FNH:0
LF:0
LH:0
BRF:0
BRH:0
end_of_record
TN:
SF:/Users/simondos/projects/_micobo/security-token/contracts/interfaces/IERC1400Raw.sol
FNF:0
FNH:0
LF:0
LH:0
BRF:0
BRH:0
end_of_record
TN:
SF:/Users/simondos/projects/_micobo/security-token/contracts/interfaces/IOwnable.sol
FNF:0
FNH:0
LF:0
LH:0
BRF:0
BRH:0
end_of_record
TN:
SF:/Users/simondos/projects/_micobo/security-token/contracts/interfaces/IPausable.sol
FNF:0
FNH:0
LF:0
LH:0
BRF:0
BRH:0
end_of_record
TN:
SF:/Users/simondos/projects/_micobo/security-token/contracts/interfaces/ISecurityToken.sol
FNF:0
FNH:0
LF:0
LH:0
BRF:0
BRH:0
end_of_record
TN:
SF:/Users/simondos/projects/_micobo/security-token/contracts/interfaces/IWhitelistConstraintModule.sol
FNF:0
FNH:0
LF:0
LH:0
BRF:0
BRH:0
end_of_record
TN:
SF:/Users/simondos/projects/_micobo/security-token/contracts/storage/SecurityTokenStorage.sol
FNF:0
FNH:0
LF:0
LH:0
BRF:0
BRH:0
end_of_record
TN:
SF:/Users/simondos/projects/_micobo/security-token/contracts/test/NewSecurityToken.sol
FN:23,version
FN:46,initialize
FN:94,_isGSNController
FN:107,bulkIssueByPartition
FN:140,getDocument
FN:159,setDocument
FN:178,isControllable
FN:187,isIssuable
FN:199,issueByPartition
FN:229,redeemByPartition
FN:255,operatorRedeemByPartition
FN:305,_issueByPartition
FN:340,_redeemByPartition
FN:377,renounceControl
FN:387,renounceIssuance
FNF:15
FNH:0
FNDA:0,version
FNDA:0,initialize
FNDA:0,_isGSNController
FNDA:0,bulkIssueByPartition
FNDA:0,getDocument
FNDA:0,setDocument
FNDA:0,isControllable
FNDA:0,isIssuable
FNDA:0,issueByPartition
FNDA:0,redeemByPartition
FNDA:0,operatorRedeemByPartition
FNDA:0,_issueByPartition
FNDA:0,_redeemByPartition
FNDA:0,renounceControl
FNDA:0,renounceIssuance
DA:24,0
DA:25,0
DA:47,0
DA:48,0
DA:49,0
DA:50,0
DA:51,0
DA:53,0
DA:54,0
DA:56,0
DA:58,0
DA:59,0
DA:61,0
DA:62,0
DA:65,0
DA:66,0
DA:67,0
DA:70,0
DA:71,0
DA:74,0
DA:77,0
DA:79,0
DA:80,0
DA:83,0
DA:86,0
DA:95,0
DA:113,0
DA:114,0
DA:119,0
DA:120,0
DA:121,0
DA:146,0
DA:164,0
DA:168,0
DA:169,0
DA:179,0
DA:188,0
DA:205,0
DA:209,0
DA:211,0
DA:236,0
DA:264,0
DA:270,0
DA:313,0
DA:314,0
DA:316,0
DA:326,0
DA:348,0
DA:354,0
DA:355,0
DA:357,0
DA:367,0
DA:378,0
DA:379,0
DA:388,0
DA:389,0
LF:56
LH:0
BRDA:70,1,0,0
BRDA:70,1,1,0
BRDA:113,2,0,0
BRDA:113,2,1,0
BRDA:114,3,0,0
BRDA:114,3,1,0
BRDA:120,4,0,0
BRDA:120,4,1,0
BRDA:164,5,0,0
BRDA:164,5,1,0
BRDA:205,6,0,0
BRDA:205,6,1,0
BRDA:209,7,0,0
BRDA:209,7,1,0
BRDA:264,8,0,0
BRDA:264,8,1,0
BRDA:348,9,0,0
BRDA:348,9,1,0
BRDA:378,10,0,0
BRDA:378,10,1,0
BRDA:388,11,0,0
BRDA:388,11,1,0
BRF:22
BRH:0
end_of_record
TN:
SF:/Users/simondos/projects/_micobo/security-token/contracts/test/USDC_Polygon.sol
FN:22,_msgSender
FN:26,_msgData
FN:151,add
FN:168,sub
FN:182,sub
FN:203,mul
FN:229,div
FN:245,div
FN:269,mod
FN:285,mod
FN:320,isContract
FN:349,sendValue
FN:381,functionCall
FN:394,functionCall
FN:413,functionCallWithValue
FN:433,functionCallWithValue
FN:446,_functionCallWithValue
FN:600,constructor
FN:609,name
FN:613,_setName
FN:621,symbol
FN:625,_setSymbol
FN:642,decimals
FN:646,_setDecimals
FN:653,totalSupply
FN:660,balanceOf
FN:677,transfer
FN:690,allowance
FN:707,approve
FN:729,transferFrom
FN:750,increaseAllowance
FN:773,decreaseAllowance
FN:796,_transfer
FN:823,_mint
FN:844,_burn
FN:870,_approve
FN:889,_setupDecimals
FN:907,_beforeTokenTransfer
FN:913,_transferFrom
FN:929,_increaseAllowance
FN:937,_decreaseAllowance
FN:1005,_add
FN:1023,_remove
FN:1061,_contains
FN:1072,_length
FN:1086,_at
FN:1110,add
FN:1123,remove
FN:1133,contains
FN:1144,length
FN:1158,at
FN:1178,add
FN:1188,remove
FN:1198,contains
FN:1209,length
FN:1223,at
FN:1326,hasRole
FN:1334,getRoleMemberCount
FN:1350,getRoleMember
FN:1364,getRoleAdmin
FN:1378,grantRole
FN:1396,revokeRole
FN:1419,renounceRole
FN:1444,_setupRole
FN:1453,_setRoleAdmin
FN:1458,_grantRole
FN:1464,_revokeRole
FN:1478,_setupContractId
FN:1484,only
FN:1505,initializer
FN:1512,initialized
FN:1559,recover
FN:1634,makeDomainSeparator
FN:1665,recover
FN:1690,_setDomainSeparator
FN:1709,nonces
FN:1744,executeMetaTransaction
FN:1782,_verify
FN:1808,msgSender
FN:1867,_permit
FN:1970,authorizationState
FN:1990,_transferWithAuthorization
FN:2034,_increaseAllowanceWithAuthorization
FN:2078,_decreaseAllowanceWithAuthorization
FN:2121,_approveWithAuthorization
FN:2160,_cancelAuthorization
FN:2188,_requireUnusedAuthorization
FN:2206,_requireValidAuthorization
FN:2225,_markAuthorizationAsUsed
FN:2242,_withdrawWithAuthorization
FN:2289,constructor
FN:2300,initialize
FN:2312,_msgSender
FN:2324,updateMetadata
FN:2342,deposit
FN:2353,withdraw
FN:2367,permit
FN:2391,transferWithAuthorization
FN:2427,approveWithAuthorization
FN:2463,increaseAllowanceWithAuthorization
FN:2499,decreaseAllowanceWithAuthorization
FN:2535,withdrawWithAuthorization
FN:2566,cancelAuthorization
FN:2593,notBlacklisted
FN:2605,blacklisters
FN:2620,isBlacklisted
FN:2628,blacklist
FN:2637,unBlacklist
FN:2658,whenNotPaused
FN:2667,pausers
FN:2682,paused
FN:2689,pause
FN:2697,unpause
FN:2720,safeTransfer
FN:2731,safeTransferFrom
FN:2750,safeApprove
FN:2769,safeIncreaseAllowance
FN:2787,safeDecreaseAllowance
FN:2812,_callOptionalReturn
FN:2847,rescuers
FN:2868,rescueERC20
FN:2883,_msgSender
FN:2895,withdraw
FN:2905,transfer
FN:2917,approve
FN:2934,transferFrom
FN:2946,increaseAllowance
FN:2958,decreaseAllowance
FN:2978,permit
FN:2993,transferWithAuthorization
FN:3022,approveWithAuthorization
FN:3052,increaseAllowanceWithAuthorization
FN:3082,decreaseAllowanceWithAuthorization
FN:3106,withdrawWithAuthorization
FN:3125,cancelAuthorization
FNF:135
FNH:0
FNDA:0,_msgSender
FNDA:0,_msgData
FNDA:0,add
FNDA:0,sub
FNDA:0,sub
FNDA:0,mul
FNDA:0,div
FNDA:0,div
FNDA:0,mod
FNDA:0,mod
FNDA:0,isContract
FNDA:0,sendValue
FNDA:0,functionCall
FNDA:0,functionCall
FNDA:0,functionCallWithValue
FNDA:0,functionCallWithValue
FNDA:0,_functionCallWithValue
FNDA:0,constructor
FNDA:0,name
FNDA:0,_setName
FNDA:0,symbol
FNDA:0,_setSymbol
FNDA:0,decimals
FNDA:0,_setDecimals
FNDA:0,totalSupply
FNDA:0,balanceOf
FNDA:0,transfer
FNDA:0,allowance
FNDA:0,approve
FNDA:0,transferFrom
FNDA:0,increaseAllowance
FNDA:0,decreaseAllowance
FNDA:0,_transfer
FNDA:0,_mint
FNDA:0,_burn
FNDA:0,_approve
FNDA:0,_setupDecimals
FNDA:0,_beforeTokenTransfer
FNDA:0,_transferFrom
FNDA:0,_increaseAllowance
FNDA:0,_decreaseAllowance
FNDA:0,_add
FNDA:0,_remove
FNDA:0,_contains
FNDA:0,_length
FNDA:0,_at
FNDA:0,add
FNDA:0,remove
FNDA:0,contains
FNDA:0,length
FNDA:0,at
FNDA:0,add
FNDA:0,remove
FNDA:0,contains
FNDA:0,length
FNDA:0,at
FNDA:0,hasRole
FNDA:0,getRoleMemberCount
FNDA:0,getRoleMember
FNDA:0,getRoleAdmin
FNDA:0,grantRole
FNDA:0,revokeRole
FNDA:0,renounceRole
FNDA:0,_setupRole
FNDA:0,_setRoleAdmin
FNDA:0,_grantRole
FNDA:0,_revokeRole
FNDA:0,_setupContractId
FNDA:0,only
FNDA:0,initializer
FNDA:0,initialized
FNDA:0,recover
FNDA:0,makeDomainSeparator
FNDA:0,recover
FNDA:0,_setDomainSeparator
FNDA:0,nonces
FNDA:0,executeMetaTransaction
FNDA:0,_verify
FNDA:0,msgSender
FNDA:0,_permit
FNDA:0,authorizationState
FNDA:0,_transferWithAuthorization
FNDA:0,_increaseAllowanceWithAuthorization
FNDA:0,_decreaseAllowanceWithAuthorization
FNDA:0,_approveWithAuthorization
FNDA:0,_cancelAuthorization
FNDA:0,_requireUnusedAuthorization
FNDA:0,_requireValidAuthorization
FNDA:0,_markAuthorizationAsUsed
FNDA:0,_withdrawWithAuthorization
FNDA:0,constructor
FNDA:0,initialize
FNDA:0,_msgSender
FNDA:0,updateMetadata
FNDA:0,deposit
FNDA:0,withdraw
FNDA:0,permit
FNDA:0,transferWithAuthorization
FNDA:0,approveWithAuthorization
FNDA:0,increaseAllowanceWithAuthorization
FNDA:0,decreaseAllowanceWithAuthorization
FNDA:0,withdrawWithAuthorization
FNDA:0,cancelAuthorization
FNDA:0,notBlacklisted
FNDA:0,blacklisters
FNDA:0,isBlacklisted
FNDA:0,blacklist
FNDA:0,unBlacklist
FNDA:0,whenNotPaused
FNDA:0,pausers
FNDA:0,paused
FNDA:0,pause
FNDA:0,unpause
FNDA:0,safeTransfer
FNDA:0,safeTransferFrom
FNDA:0,safeApprove
FNDA:0,safeIncreaseAllowance
FNDA:0,safeDecreaseAllowance
FNDA:0,_callOptionalReturn
FNDA:0,rescuers
FNDA:0,rescueERC20
FNDA:0,_msgSender
FNDA:0,withdraw
FNDA:0,transfer
FNDA:0,approve
FNDA:0,transferFrom
FNDA:0,increaseAllowance
FNDA:0,decreaseAllowance
FNDA:0,permit
FNDA:0,transferWithAuthorization
FNDA:0,approveWithAuthorization
FNDA:0,increaseAllowanceWithAuthorization
FNDA:0,decreaseAllowanceWithAuthorization
FNDA:0,withdrawWithAuthorization
FNDA:0,cancelAuthorization
DA:23,0
DA:27,0
DA:28,0
DA:152,0
DA:153,0
DA:155,0
DA:169,0
DA:187,0
DA:188,0
DA:190,0
DA:207,0
DA:208,0
DA:211,0
DA:212,0
DA:214,0
DA:230,0
DA:250,0
DA:251,0
DA:254,0
DA:270,0
DA:290,0
DA:291,0
DA:325,0
DA:327,0
DA:330,0
DA:350,0
DA:356,0
DA:357,0
DA:385,0
DA:399,0
DA:418,0
DA:439,0
DA:443,0
DA:452,0
DA:455,0
DA:458,0
DA:459,0
DA:462,0
DA:466,0
DA:471,0
DA:601,0
DA:602,0
DA:603,0
DA:610,0
DA:614,0
DA:622,0
DA:626,0
DA:643,0
DA:647,0
DA:654,0
DA:666,0
DA:683,0
DA:684,0
DA:697,0
DA:713,0
DA:714,0
DA:734,0
DA:735,0
DA:755,0
DA:756,0
DA:778,0
DA:779,0
DA:801,0
DA:802,0
DA:804,0
DA:806,0
DA:810,0
DA:811,0
DA:824,0
DA:826,0
DA:828,0
DA:829,0
DA:830,0
DA:845,0
DA:847,0
DA:849,0
DA:853,0
DA:854,0
DA:875,0
DA:876,0
DA:878,0
DA:879,0
DA:890,0
DA:918,0
DA:919,0
DA:934,0
DA:942,0
DA:1006,0
DA:1007,0
DA:1010,0
DA:1011,0
DA:1013,0
DA:1025,0
DA:1027,0
DA:1033,0
DA:1034,0
DA:1039,0
DA:1042,0
DA:1044,0
DA:1047,0
DA:1050,0
DA:1052,0
DA:1054,0
DA:1066,0
DA:1073,0
DA:1091,0
DA:1095,0
DA:1114,0
DA:1127,0
DA:1138,0
DA:1145,0
DA:1163,0
DA:1179,0
DA:1192,0
DA:1203,0
DA:1210,0
DA:1228,0
DA:1327,0
DA:1335,0
DA:1355,0
DA:1365,0
DA:1379,0
DA:1384,0
DA:1397,0
DA:1402,0
DA:1420,0
DA:1425,0
DA:1445,0
DA:1454,0
DA:1455,0
DA:1459,0
DA:1460,0
DA:1465,0
DA:1466,0
DA:1479,0
DA:1485,0
DA:1486,0
DA:1507,0
DA:1508,0
DA:1509,0
DA:1513,0
DA:1574,0
DA:1578,0
DA:1581,0
DA:1582,0
DA:1586,0
DA:1587,0
DA:1589,0
DA:1639,0
DA:1640,0
DA:1644,0
DA:1672,0
DA:1679,0
DA:1693,0
DA:1710,0
DA:1751,0
DA:1757,0
DA:1767,0
DA:1774,0
DA:1777,0
DA:1779,0
DA:1789,0
DA:1791,0
DA:1798,0
DA:1809,0
DA:1810,0
DA:1811,0
DA:1812,0
DA:1820,0
DA:1822,0
DA:1876,0
DA:1877,0
DA:1879,0
DA:1887,0
DA:1892,0
DA:1975,0
DA:2001,0
DA:2003,0
DA:2012,0
DA:2017,0
DA:2018,0
DA:2045,0
DA:2047,0
DA:2056,0
DA:2061,0
DA:2062,0
DA:2089,0
DA:2091,0
DA:2100,0
DA:2105,0
DA:2106,0
DA:2132,0
DA:2134,0
DA:2143,0
DA:2148,0
DA:2149,0
DA:2167,0
DA:2169,0
DA:2174,0
DA:2179,0
DA:2180,0
DA:2192,0
DA:2212,0
DA:2216,0
DA:2217,0
DA:2228,0
DA:2229,0
DA:2252,0
DA:2254,0
DA:2262,0
DA:2267,0
DA:2268,0
DA:2301,0
DA:2302,0
DA:2303,0
DA:2304,0
DA:2305,0
DA:2306,0
DA:2307,0
DA:2319,0
DA:2326,0
DA:2327,0
DA:2328,0
DA:2344,0
DA:2345,0
DA:2354,0
DA:2376,0
DA:2402,0
DA:2438,0
DA:2474,0
DA:2510,0
DA:2545,0
DA:2573,0
DA:2594,0
DA:2598,0
DA:2606,0
DA:2607,0
DA:2609,0
DA:2610,0
DA:2613,0
DA:2621,0
DA:2629,0
DA:2630,0
DA:2638,0
DA:2639,0
DA:2659,0
DA:2660,0
DA:2668,0
DA:2669,0
DA:2671,0
DA:2672,0
DA:2675,0
DA:2683,0
DA:2690,0
DA:2691,0
DA:2698,0
DA:2699,0
DA:2725,0
DA:2737,0
DA:2759,0
DA:2763,0
DA:2774,0
DA:2777,0
DA:2792,0
DA:2796,0
DA:2817,0
DA:2821,0
DA:2824,0
DA:2848,0
DA:2849,0
DA:2851,0
DA:2852,0
DA:2855,0
DA:2869,0
DA:2889,0
DA:2897,0
DA:2908,0
DA:2909,0
DA:2920,0
DA:2921,0
DA:2937,0
DA:2938,0
DA:2949,0
DA:2950,0
DA:2961,0
DA:2962,0
DA:2980,0
DA:2994,0
DA:3024,0
DA:3054,0
DA:3084,0
DA:3107,0
DA:3126,0
LF:293
LH:0
BRDA:153,1,0,0
BRDA:153,1,1,0
BRDA:187,2,0,0
BRDA:187,2,1,0
BRDA:207,3,0,0
BRDA:207,3,1,0
BRDA:212,4,0,0
BRDA:212,4,1,0
BRDA:250,5,0,0
BRDA:250,5,1,0
BRDA:290,6,0,0
BRDA:290,6,1,0
BRDA:350,7,0,0
BRDA:350,7,1,0
BRDA:357,8,0,0
BRDA:357,8,1,0
BRDA:439,9,0,0
BRDA:439,9,1,0
BRDA:452,10,0,0
BRDA:452,10,1,0
BRDA:458,11,0,0
BRDA:458,11,1,0
BRDA:462,12,0,0
BRDA:462,12,1,0
BRDA:801,13,0,0
BRDA:801,13,1,0
BRDA:802,14,0,0
BRDA:802,14,1,0
BRDA:824,15,0,0
BRDA:824,15,1,0
BRDA:845,16,0,0
BRDA:845,16,1,0
BRDA:875,17,0,0
BRDA:875,17,1,0
BRDA:876,18,0,0
BRDA:876,18,1,0
BRDA:1006,19,0,0
BRDA:1006,19,1,0
BRDA:1027,20,0,0
BRDA:1027,20,1,0
BRDA:1091,21,0,0
BRDA:1091,21,1,0
BRDA:1379,22,0,0
BRDA:1379,22,1,0
BRDA:1397,23,0,0
BRDA:1397,23,1,0
BRDA:1420,24,0,0
BRDA:1420,24,1,0
BRDA:1459,25,0,0
BRDA:1459,25,1,0
BRDA:1465,26,0,0
BRDA:1465,26,1,0
BRDA:1485,27,0,0
BRDA:1485,27,1,0
BRDA:1507,28,0,0
BRDA:1507,28,1,0
BRDA:1574,29,0,0
BRDA:1574,29,1,0
BRDA:1581,30,0,0
BRDA:1581,30,1,0
BRDA:1587,31,0,0
BRDA:1587,31,1,0
BRDA:1767,32,0,0
BRDA:1767,32,1,0
BRDA:1777,33,0,0
BRDA:1777,33,1,0
BRDA:1789,34,0,0
BRDA:1789,34,1,0
BRDA:1809,35,0,0
BRDA:1809,35,1,0
BRDA:1876,36,0,0
BRDA:1876,36,1,0
BRDA:1877,37,0,0
BRDA:1877,37,1,0
BRDA:1887,38,0,0
BRDA:1887,38,1,0
BRDA:2012,39,0,0
BRDA:2012,39,1,0
BRDA:2056,40,0,0
BRDA:2056,40,1,0
BRDA:2100,41,0,0
BRDA:2100,41,1,0
BRDA:2143,42,0,0
BRDA:2143,42,1,0
BRDA:2174,43,0,0
BRDA:2174,43,1,0
BRDA:2192,44,0,0
BRDA:2192,44,1,0
BRDA:2212,45,0,0
BRDA:2212,45,1,0
BRDA:2216,46,0,0
BRDA:2216,46,1,0
BRDA:2262,47,0,0
BRDA:2262,47,1,0
BRDA:2594,48,0,0
BRDA:2594,48,1,0
BRDA:2659,49,0,0
BRDA:2659,49,1,0
BRDA:2759,50,0,0
BRDA:2759,50,1,0
BRDA:2821,51,0,0
BRDA:2821,51,1,0
BRDA:2824,52,0,0
BRDA:2824,52,1,0
BRF:104
BRH:0
end_of_record
TN:
SF:/Users/simondos/projects/_micobo/security-token/contracts/token/Administrable.sol
FN:45,onlyRole
FN:59,addRole
FN:73,bulkAddRole
FN:91,removeRole
FN:101,renounceRole
FN:111,hasRole
FN:125,_add
FN:138,_remove
FNF:8
FNH:0
FNDA:0,onlyRole
FNDA:0,addRole
FNDA:0,bulkAddRole
FNDA:0,removeRole
FNDA:0,renounceRole
FNDA:0,hasRole
FNDA:0,_add
FNDA:0,_remove
DA:46,0
DA:47,0
DA:61,0
DA:75,0
DA:76,0
DA:77,0
DA:78,0
DA:93,0
DA:102,0
DA:104,0
DA:117,0
DA:126,0
DA:128,0
DA:130,0
DA:139,0
DA:141,0
DA:143,0
LF:17
LH:0
BRDA:46,1,0,0
BRDA:46,1,1,0
BRDA:75,2,0,0
BRDA:75,2,1,0
BRDA:76,3,0,0
BRDA:76,3,1,0
BRDA:126,4,0,0
BRDA:126,4,1,0
BRDA:139,5,0,0
BRDA:139,5,1,0
BRF:10
BRH:0
end_of_record
TN:
SF:/Users/simondos/projects/_micobo/security-token/contracts/token/Constrainable.sol
FN:24,_executeTransfer
FN:58,getModulesByPartition
FN:72,setModulesByPartition
FNF:3
FNH:0
FNDA:0,_executeTransfer
FNDA:0,getModulesByPartition
FNDA:0,setModulesByPartition
DA:34,0
DA:35,0
DA:49,0
DA:64,0
DA:76,0
DA:80,0
DA:81,0
LF:7
LH:0
BRDA:49,1,0,0
BRDA:49,1,1,0
BRDA:76,2,0,0
BRDA:76,2,1,0
BRF:4
BRH:0
end_of_record
TN:
SF:/Users/simondos/projects/_micobo/security-token/contracts/token/ERC1400Capped.sol
FN:16,cap
FN:26,setCap
FNF:2
FNH:0
FNDA:0,cap
FNDA:0,setCap
DA:17,0
DA:27,0
DA:28,0
DA:31,0
DA:32,0
LF:5
LH:0
BRDA:27,1,0,0
BRDA:27,1,1,0
BRDA:28,2,0,0
BRDA:28,2,1,0
BRF:4
BRH:0
end_of_record
TN:
SF:/Users/simondos/projects/_micobo/security-token/contracts/token/ERC1400ERC20.sol
FN:19,decimals
FN:26,totalSupply
FN:33,balanceOf
FN:44,transfer
FN:68,allowance
FN:84,approve
FN:110,transferFrom
FNF:7
FNH:0
FNDA:0,decimals
FNDA:0,totalSupply
FNDA:0,balanceOf
FNDA:0,transfer
FNDA:0,allowance
FNDA:0,approve
FNDA:0,transferFrom
DA:20,0
DA:27,0
DA:34,0
DA:49,0
DA:74,0
DA:90,0
DA:93,0
DA:95,0
DA:97,0
DA:98,0
DA:116,0
DA:119,0
DA:124,0
DA:128,0
LF:14
LH:0
BRDA:90,1,0,0
BRDA:90,1,1,0
BRDA:116,2,0,0
BRDA:116,2,1,0
BRF:4
BRH:0
end_of_record
TN:
SF:/Users/simondos/projects/_micobo/security-token/contracts/token/ERC1400Partition.sol
FN:20,totalSupplyByPartition
FN:38,balanceOfByPartition
FN:53,partitionsOf
FN:71,transferByPartition
FN:100,operatorTransferByPartition
FN:145,controllersByPartition
FN:160,authorizeOperatorByPartition
FN:175,revokeOperatorByPartition
FN:192,isOperatorForPartition
FN:211,_isOperatorForPartition
FN:232,_transferByPartition
FN:295,_removeTokenFromPartition
FN:346,_addTokenToPartition
FN:379,_getDestinationPartition
FN:407,totalPartitions
FN:424,transferWithData
FN:446,transferFromWithData
FN:475,_transferFromTotalPartitions
FNF:18
FNH:0
FNDA:0,totalSupplyByPartition
FNDA:0,balanceOfByPartition
FNDA:0,partitionsOf
FNDA:0,transferByPartition
FNDA:0,operatorTransferByPartition
FNDA:0,controllersByPartition
FNDA:0,authorizeOperatorByPartition
FNDA:0,revokeOperatorByPartition
FNDA:0,isOperatorForPartition
FNDA:0,_isOperatorForPartition
FNDA:0,_transferByPartition
FNDA:0,_removeTokenFromPartition
FNDA:0,_addTokenToPartition
FNDA:0,_getDestinationPartition
FNDA:0,totalPartitions
FNDA:0,transferWithData
FNDA:0,transferFromWithData
FNDA:0,_transferFromTotalPartitions
DA:26,0
DA:44,0
DA:59,0
DA:77,0
DA:108,0
DA:114,0
DA:151,0
DA:164,0
DA:165,0
DA:179,0
DA:180,0
DA:197,0
DA:216,0
DA:241,0
DA:250,0
DA:252,0
DA:253,0
DA:256,0
DA:257,0
DA:266,0
DA:268,0
DA:279,0
DA:281,0
DA:282,0
DA:285,0
DA:300,0
DA:302,0
DA:306,0
DA:307,0
DA:308,0
DA:312,0
DA:313,0
DA:315,0
DA:317,0
DA:318,0
DA:322,0
DA:323,0
DA:324,0
DA:328,0
DA:330,0
DA:332,0
DA:334,0
DA:335,0
DA:351,0
DA:352,0
DA:353,0
DA:354,0
DA:356,0
DA:359,0
DA:360,0
DA:361,0
DA:363,0
DA:385,0
DA:387,0
DA:388,0
DA:391,0
DA:392,0
DA:396,0
DA:413,0
DA:429,0
DA:453,0
DA:455,0
DA:483,0
DA:484,0
DA:486,0
DA:487,0
DA:489,0
DA:490,0
DA:491,0
DA:492,0
DA:501,0
DA:502,0
DA:504,0
DA:513,0
DA:517,0
LF:75
LH:0
BRDA:108,1,0,0
BRDA:108,1,1,0
BRDA:241,2,0,0
BRDA:241,2,1,0
BRDA:252,3,0,0
BRDA:252,3,1,0
BRDA:281,4,0,0
BRDA:281,4,1,0
BRDA:306,5,0,0
BRDA:306,5,1,0
BRDA:308,6,0,0
BRDA:308,6,1,0
BRDA:322,7,0,0
BRDA:322,7,1,0
BRDA:324,8,0,0
BRDA:324,8,1,0
BRDA:351,9,0,0
BRDA:351,9,1,0
BRDA:352,10,0,0
BRDA:352,10,1,0
BRDA:359,11,0,0
BRDA:359,11,1,0
BRDA:391,12,0,0
BRDA:391,12,1,0
BRDA:453,13,0,0
BRDA:453,13,1,0
BRDA:483,14,0,0
BRDA:483,14,1,0
BRDA:484,15,0,0
BRDA:484,15,1,0
BRDA:491,16,0,0
BRDA:491,16,1,0
BRDA:503,17,0,0
BRDA:503,17,1,0
BRDA:517,18,0,0
BRDA:517,18,1,0
BRF:36
BRH:0
end_of_record
TN:
SF:/Users/simondos/projects/_micobo/security-token/contracts/token/ERC1400Raw.sol
FN:34,name
FN:43,symbol
FN:73,granularity
FN:92,authorizeOperator
FN:104,revokeOperator
FN:117,isOperator
FN:158,_isMultiple
FN:169,_isOperator
FN:199,_transferWithData
FN:250,_redeem
FN:284,_issue
FNF:11
FNH:0
FNDA:0,name
FNDA:0,symbol
FNDA:0,granularity
FNDA:0,authorizeOperator
FNDA:0,revokeOperator
FNDA:0,isOperator
FNDA:0,_isMultiple
FNDA:0,_isOperator
FNDA:0,_transferWithData
FNDA:0,_redeem
FNDA:0,_issue
DA:35,0
DA:44,0
DA:74,0
DA:93,0
DA:94,0
DA:95,0
DA:105,0
DA:106,0
DA:107,0
DA:123,0
DA:159,0
DA:174,0
DA:200,0
DA:202,0
DA:207,0
DA:210,0
DA:213,0
DA:227,0
DA:228,0
DA:232,0
DA:251,0
DA:253,0
DA:259,0
DA:263,0
DA:264,0
DA:266,0
DA:285,0
DA:287,0
DA:290,0
DA:294,0
DA:295,0
DA:299,0
LF:32
LH:0
BRDA:93,1,0,0
BRDA:93,1,1,0
BRDA:105,2,0,0
BRDA:105,2,1,0
BRDA:200,3,0,0
BRDA:200,3,1,0
BRDA:202,4,0,0
BRDA:202,4,1,0
BRDA:207,5,0,0
BRDA:207,5,1,0
BRDA:210,6,0,0
BRDA:210,6,1,0
BRDA:251,7,0,0
BRDA:251,7,1,0
BRDA:253,8,0,0
BRDA:253,8,1,0
BRDA:259,9,0,0
BRDA:259,9,1,0
BRDA:285,10,0,0
BRDA:285,10,1,0
BRDA:287,11,0,0
BRDA:287,11,1,0
BRDA:290,12,0,0
BRDA:290,12,1,0
BRF:24
BRH:0
end_of_record
TN:
SF:/Users/simondos/projects/_micobo/security-token/contracts/token/Ownable.sol
FN:18,owner
FN:26,transferOwnership
FNF:2
FNH:0
FNDA:0,owner
FNDA:0,transferOwnership
DA:19,0
DA:27,0
DA:28,0
DA:32,0
DA:33,0
LF:5
LH:0
BRDA:27,1,0,0
BRDA:27,1,1,0
BRDA:28,2,0,0
BRDA:28,2,1,0
BRF:4
BRH:0
end_of_record
TN:
SF:/Users/simondos/projects/_micobo/security-token/contracts/token/Pausable.sol
FN:19,paused
FN:26,pause
FN:36,unpause
FNF:3
FNH:0
FNDA:0,paused
FNDA:0,pause
FNDA:0,unpause
DA:20,0
DA:27,0
DA:28,0
DA:29,0
DA:30,0
DA:37,0
DA:38,0
DA:39,0
DA:40,0
LF:9
LH:0
BRDA:27,1,0,0
BRDA:27,1,1,0
BRDA:28,2,0,0
BRDA:28,2,1,0
BRDA:37,3,0,0
BRDA:37,3,1,0
BRDA:38,4,0,0
BRDA:38,4,1,0
BRF:8
BRH:0
end_of_record
TN:
SF:/Users/simondos/projects/_micobo/security-token/contracts/token/SecurityToken.sol
FN:23,version
FN:46,initialize
FN:94,_isGSNController
FN:107,bulkIssueByPartition
FN:141,getDocument
FN:160,setDocument
FN:179,isControllable
FN:188,isIssuable
FN:200,issueByPartition
FN:230,redeemByPartition
FN:256,operatorRedeemByPartition
FN:306,_issueByPartition
FN:341,_redeemByPartition
FN:378,renounceControl
FN:388,renounceIssuance
FNF:15
FNH:0
FNDA:0,version
FNDA:0,initialize
FNDA:0,_isGSNController
FNDA:0,bulkIssueByPartition
FNDA:0,getDocument
FNDA:0,setDocument
FNDA:0,isControllable
FNDA:0,isIssuable
FNDA:0,issueByPartition
FNDA:0,redeemByPartition
FNDA:0,operatorRedeemByPartition
FNDA:0,_issueByPartition
FNDA:0,_redeemByPartition
FNDA:0,renounceControl
FNDA:0,renounceIssuance
DA:24,0
DA:25,0
DA:47,0
DA:48,0
DA:49,0
DA:50,0
DA:51,0
DA:53,0
DA:54,0
DA:56,0
DA:58,0
DA:59,0
DA:61,0
DA:62,0
DA:65,0
DA:66,0
DA:67,0
DA:70,0
DA:71,0
DA:74,0
DA:77,0
DA:79,0
DA:80,0
DA:83,0
DA:86,0
DA:95,0
DA:113,0
DA:114,0
DA:115,0
DA:120,0
DA:121,0
DA:122,0
DA:147,0
DA:165,0
DA:169,0
DA:170,0
DA:180,0
DA:189,0
DA:206,0
DA:210,0
DA:212,0
DA:237,0
DA:265,0
DA:271,0
DA:314,0
DA:315,0
DA:317,0
DA:327,0
DA:349,0
DA:355,0
DA:356,0
DA:358,0
DA:368,0
DA:379,0
DA:380,0
DA:389,0
DA:390,0
LF:57
LH:0
BRDA:70,1,0,0
BRDA:70,1,1,0
BRDA:113,2,0,0
BRDA:113,2,1,0
BRDA:114,3,0,0
BRDA:114,3,1,0
BRDA:115,4,0,0
BRDA:115,4,1,0
BRDA:121,5,0,0
BRDA:121,5,1,0
BRDA:165,6,0,0
BRDA:165,6,1,0
BRDA:206,7,0,0
BRDA:206,7,1,0
BRDA:210,8,0,0
BRDA:210,8,1,0
BRDA:265,9,0,0
BRDA:265,9,1,0
BRDA:349,10,0,0
BRDA:349,10,1,0
BRDA:379,11,0,0
BRDA:379,11,1,0
BRDA:389,12,0,0
BRDA:389,12,1,0
BRF:24
BRH:0
end_of_record
TN:
SF:/Users/simondos/projects/_micobo/security-token/contracts/utils/ReentrancyGuard.sol
FN:23,_initializeReentrancyGuard
FN:40,nonReentrant
FNF:2
FNH:0
FNDA:0,_initializeReentrancyGuard
FNDA:0,nonReentrant
DA:30,0
DA:42,0
DA:45,0
DA:47,0
DA:51,0
LF:5
LH:0
BRDA:42,1,0,0
BRDA:42,1,1,0
BRF:2
BRH:0
end_of_record
