{
"sales/interfaces/ICurrency.sol":{"l":{},"path":"/Users/simondos/projects/_micobo/security-token/sales/interfaces/ICurrency.sol","s":{},"b":{},"f":{},"fnMap":{},"statementMap":{},"branchMap":{}},
"sales/main/Sale.sol":{"l":{"69":12,"71":12,"73":12,"74":12,"79":10,"80":10,"81":10,"82":10,"83":10,"84":10,"85":10,"87":10,"94":28,"97":28,"103":20,"106":20,"112":4,"115":4,"117":4,"134":12,"137":12,"143":10,"146":10,"153":10,"159":6,"168":4,"170":2,"183":265,"190":247,"192":245,"200":11,"202":9,"204":9,"211":12,"212":3,"214":9,"229":16,"234":10,"239":1,"247":1,"251":18,"255":1,"263":6,"267":15,"274":562,"278":544},"path":"/Users/simondos/projects/_micobo/security-token/sales/main/Sale.sol","s":{"1":12,"2":12,"3":12,"4":12,"5":10,"6":10,"7":10,"8":10,"9":10,"10":10,"11":10,"12":10,"13":28,"14":28,"15":20,"16":20,"17":4,"18":4,"19":4,"20":12,"21":12,"22":10,"23":10,"24":10,"25":6,"26":4,"27":2,"28":265,"29":247,"30":245,"31":11,"32":9,"33":9,"34":12,"35":3,"36":9,"37":16,"38":10,"39":1,"40":1,"41":18,"42":1,"43":6,"44":15,"45":562},"b":{"1":[12,0],"2":[12,0],"3":[12,0],"4":[10,2],"5":[20,8],"6":[4,16],"7":[10,2],"8":[6,4],"9":[245,2],"10":[9,2],"11":[3,9],"12":[10,6],"13":[544,18]},"f":{"1":12,"2":28,"3":12,"4":265,"5":247,"6":11,"7":12,"8":16,"9":1,"10":1,"11":18,"12":1,"13":6,"14":15,"15":562},"fnMap":{"1":{"name":"constructor","line":68,"loc":{"start":{"line":59,"column":1},"end":{"line":88,"column":1}}},"2":{"name":"purchaseTokenWithAllowance","line":92,"loc":{"start":{"line":90,"column":1},"end":{"line":124,"column":1}}},"3":{"name":"purchaseWithAuthorization","line":133,"loc":{"start":{"line":126,"column":1},"end":{"line":177,"column":1}}},"4":{"name":"addFiatPurchase","line":181,"loc":{"start":{"line":179,"column":1},"end":{"line":184,"column":1}}},"5":{"name":"editPurchaseLimits","line":188,"loc":{"start":{"line":186,"column":1},"end":{"line":193,"column":1}}},"6":{"name":"editCurrencyRates","line":197,"loc":{"start":{"line":195,"column":1},"end":{"line":205,"column":1}}},"7":{"name":"_issueTokens","line":210,"loc":{"start":{"line":210,"column":1},"end":{"line":223,"column":1}}},"8":{"name":"editPrimaryMarketEnd","line":227,"loc":{"start":{"line":225,"column":1},"end":{"line":235,"column":1}}},"9":{"name":"getTokenAddress","line":238,"loc":{"start":{"line":238,"column":1},"end":{"line":240,"column":1}}},"10":{"name":"getWhitelistAddress","line":242,"loc":{"start":{"line":242,"column":1},"end":{"line":248,"column":1}}},"11":{"name":"getPurchase","line":250,"loc":{"start":{"line":250,"column":1},"end":{"line":252,"column":1}}},"12":{"name":"getLimit","line":254,"loc":{"start":{"line":254,"column":1},"end":{"line":256,"column":1}}},"13":{"name":"getCurrencyRate","line":258,"loc":{"start":{"line":258,"column":1},"end":{"line":264,"column":1}}},"14":{"name":"getBuyers","line":266,"loc":{"start":{"line":266,"column":1},"end":{"line":268,"column":1}}},"15":{"name":"onlySaleAdmin","line":273,"loc":{"start":{"line":273,"column":1},"end":{"line":279,"column":1}}}},"statementMap":{"1":{"start":{"line":69,"column":2},"end":{"line":69,"column":57}},"2":{"start":{"line":71,"column":2},"end":{"line":71,"column":57}},"3":{"start":{"line":73,"column":2},"end":{"line":73,"column":65}},"4":{"start":{"line":74,"column":2},"end":{"line":74,"column":2230}},"5":{"start":{"line":79,"column":2},"end":{"line":79,"column":22}},"6":{"start":{"line":80,"column":2},"end":{"line":80,"column":46}},"7":{"start":{"line":81,"column":2},"end":{"line":81,"column":58}},"8":{"start":{"line":82,"column":2},"end":{"line":82,"column":45}},"9":{"start":{"line":83,"column":2},"end":{"line":83,"column":15}},"10":{"start":{"line":84,"column":2},"end":{"line":84,"column":29}},"11":{"start":{"line":85,"column":2},"end":{"line":85,"column":31}},"12":{"start":{"line":87,"column":2},"end":{"line":87,"column":39}},"13":{"start":{"line":94,"column":2},"end":{"line":94,"column":49}},"14":{"start":{"line":97,"column":2},"end":{"line":97,"column":2833}},"15":{"start":{"line":103,"column":2},"end":{"line":103,"column":67}},"16":{"start":{"line":106,"column":2},"end":{"line":106,"column":3070}},"17":{"start":{"line":112,"column":2},"end":{"line":112,"column":59}},"18":{"start":{"line":115,"column":2},"end":{"line":115,"column":34}},"19":{"start":{"line":117,"column":2},"end":{"line":117,"column":3352}},"20":{"start":{"line":134,"column":2},"end":{"line":134,"column":49}},"21":{"start":{"line":137,"column":2},"end":{"line":137,"column":3716}},"22":{"start":{"line":143,"column":2},"end":{"line":143,"column":67}},"23":{"start":{"line":146,"column":2},"end":{"line":146,"column":3987}},"24":{"start":{"line":153,"column":2},"end":{"line":153,"column":4142}},"25":{"start":{"line":159,"column":2},"end":{"line":159,"column":4282}},"26":{"start":{"line":168,"column":2},"end":{"line":168,"column":34}},"27":{"start":{"line":170,"column":2},"end":{"line":170,"column":4459}},"28":{"start":{"line":183,"column":2},"end":{"line":183,"column":28}},"29":{"start":{"line":190,"column":2},"end":{"line":190,"column":46}},"30":{"start":{"line":192,"column":2},"end":{"line":192,"column":24}},"31":{"start":{"line":200,"column":2},"end":{"line":200,"column":66}},"32":{"start":{"line":202,"column":2},"end":{"line":202,"column":39}},"33":{"start":{"line":204,"column":2},"end":{"line":204,"column":49}},"34":{"start":{"line":211,"column":2},"end":{"line":211,"column":5379}},"35":{"start":{"line":212,"column":3},"end":{"line":212,"column":65}},"36":{"start":{"line":214,"column":3},"end":{"line":214,"column":5498}},"37":{"start":{"line":229,"column":2},"end":{"line":229,"column":5731}},"38":{"start":{"line":234,"column":2},"end":{"line":234,"column":48}},"39":{"start":{"line":239,"column":2},"end":{"line":239,"column":32}},"40":{"start":{"line":247,"column":2},"end":{"line":247,"column":28}},"41":{"start":{"line":251,"column":2},"end":{"line":251,"column":26}},"42":{"start":{"line":255,"column":2},"end":{"line":255,"column":23}},"43":{"start":{"line":263,"column":2},"end":{"line":263,"column":40}},"44":{"start":{"line":267,"column":2},"end":{"line":267,"column":16}},"45":{"start":{"line":274,"column":2},"end":{"line":274,"column":6698}}},"branchMap":{"1":{"line":69,"type":"if","locations":[{"start":{"line":69,"column":2},"end":{"line":69,"column":2}},{"start":{"line":69,"column":2},"end":{"line":69,"column":2}}]},"2":{"line":71,"type":"if","locations":[{"start":{"line":71,"column":2},"end":{"line":71,"column":2}},{"start":{"line":71,"column":2},"end":{"line":71,"column":2}}]},"3":{"line":73,"type":"if","locations":[{"start":{"line":73,"column":2},"end":{"line":73,"column":2}},{"start":{"line":73,"column":2},"end":{"line":73,"column":2}}]},"4":{"line":74,"type":"if","locations":[{"start":{"line":74,"column":2},"end":{"line":74,"column":2}},{"start":{"line":74,"column":2},"end":{"line":74,"column":2}}]},"5":{"line":97,"type":"if","locations":[{"start":{"line":97,"column":2},"end":{"line":97,"column":2}},{"start":{"line":97,"column":2},"end":{"line":97,"column":2}}]},"6":{"line":106,"type":"if","locations":[{"start":{"line":106,"column":2},"end":{"line":106,"column":2}},{"start":{"line":106,"column":2},"end":{"line":106,"column":2}}]},"7":{"line":137,"type":"if","locations":[{"start":{"line":137,"column":2},"end":{"line":137,"column":2}},{"start":{"line":137,"column":2},"end":{"line":137,"column":2}}]},"8":{"line":153,"type":"if","locations":[{"start":{"line":153,"column":2},"end":{"line":153,"column":2}},{"start":{"line":153,"column":2},"end":{"line":153,"column":2}}]},"9":{"line":190,"type":"if","locations":[{"start":{"line":190,"column":2},"end":{"line":190,"column":2}},{"start":{"line":190,"column":2},"end":{"line":190,"column":2}}]},"10":{"line":200,"type":"if","locations":[{"start":{"line":200,"column":2},"end":{"line":200,"column":2}},{"start":{"line":200,"column":2},"end":{"line":200,"column":2}}]},"11":{"line":211,"type":"if","locations":[{"start":{"line":211,"column":2},"end":{"line":211,"column":2}},{"start":{"line":211,"column":2},"end":{"line":211,"column":2}}]},"12":{"line":229,"type":"if","locations":[{"start":{"line":229,"column":2},"end":{"line":229,"column":2}},{"start":{"line":229,"column":2},"end":{"line":229,"column":2}}]},"13":{"line":274,"type":"if","locations":[{"start":{"line":274,"column":2},"end":{"line":274,"column":2}},{"start":{"line":274,"column":2},"end":{"line":274,"column":2}}]}}},
"sales/main/SaleDeferred.sol":{"l":{"36":13,"41":9,"43":9,"45":5,"48":5,"50":3,"54":8,"59":8,"61":8,"62":4,"64":4,"67":4,"68":2,"71":4,"72":2,"73":135,"76":135,"82":135,"85":2,"86":102,"89":102,"98":102,"107":5,"109":3,"112":1,"116":248,"119":246,"125":246,"128":244,"131":242,"134":240,"137":240,"140":240,"143":240},"path":"/Users/simondos/projects/_micobo/security-token/sales/main/SaleDeferred.sol","s":{"1":13,"2":9,"3":9,"4":5,"5":5,"6":3,"7":8,"8":8,"9":8,"10":4,"11":4,"12":4,"13":2,"14":4,"15":2,"16":135,"17":135,"18":135,"19":2,"20":102,"21":102,"22":102,"23":5,"24":3,"25":1,"26":248,"27":246,"28":246,"29":244,"30":242,"31":240,"32":240,"33":240,"34":240},"b":{"1":[9,4],"2":[5,4],"3":[8,0],"4":[4,4],"5":[2,2],"6":[2,2],"7":[3,2],"8":[1,2],"9":[246,2],"10":[246,0],"11":[244,2],"12":[242,2],"13":[240,2]},"f":{"1":5,"2":13,"3":8,"4":5,"5":248},"fnMap":{"1":{"name":"constructor","line":32,"loc":{"start":{"line":13,"column":1},"end":{"line":33,"column":2}}},"2":{"name":"claimTokens","line":35,"loc":{"start":{"line":35,"column":1},"end":{"line":51,"column":1}}},"3":{"name":"distributeTokens","line":53,"loc":{"start":{"line":53,"column":1},"end":{"line":101,"column":1}}},"4":{"name":"cancelPurchase","line":105,"loc":{"start":{"line":103,"column":1},"end":{"line":113,"column":1}}},"5":{"name":"_addPurchase","line":115,"loc":{"start":{"line":115,"column":1},"end":{"line":144,"column":1}}}},"statementMap":{"1":{"start":{"line":36,"column":2},"end":{"line":36,"column":778}},"2":{"start":{"line":41,"column":2},"end":{"line":41,"column":51}},"3":{"start":{"line":43,"column":2},"end":{"line":43,"column":51}},"4":{"start":{"line":45,"column":2},"end":{"line":45,"column":28}},"5":{"start":{"line":48,"column":2},"end":{"line":48,"column":43}},"6":{"start":{"line":50,"column":2},"end":{"line":50,"column":47}},"7":{"start":{"line":54,"column":2},"end":{"line":54,"column":1200}},"8":{"start":{"line":59,"column":2},"end":{"line":59,"column":13}},"9":{"start":{"line":61,"column":2},"end":{"line":61,"column":1311}},"10":{"start":{"line":62,"column":3},"end":{"line":62,"column":37}},"11":{"start":{"line":64,"column":3},"end":{"line":64,"column":29}},"12":{"start":{"line":67,"column":2},"end":{"line":67,"column":1443}},"13":{"start":{"line":68,"column":3},"end":{"line":68,"column":22}},"14":{"start":{"line":71,"column":2},"end":{"line":71,"column":1503}},"15":{"start":{"line":72,"column":3},"end":{"line":72,"column":1543}},"16":{"start":{"line":73,"column":4},"end":{"line":73,"column":49}},"17":{"start":{"line":76,"column":4},"end":{"line":76,"column":1680}},"18":{"start":{"line":82,"column":4},"end":{"line":82,"column":27}},"19":{"start":{"line":85,"column":3},"end":{"line":85,"column":1836}},"20":{"start":{"line":86,"column":4},"end":{"line":86,"column":49}},"21":{"start":{"line":89,"column":4},"end":{"line":89,"column":1973}},"22":{"start":{"line":98,"column":4},"end":{"line":98,"column":27}},"23":{"start":{"line":107,"column":2},"end":{"line":107,"column":46}},"24":{"start":{"line":109,"column":2},"end":{"line":109,"column":56}},"25":{"start":{"line":112,"column":2},"end":{"line":112,"column":47}},"26":{"start":{"line":116,"column":2},"end":{"line":116,"column":46}},"27":{"start":{"line":119,"column":2},"end":{"line":119,"column":2666}},"28":{"start":{"line":125,"column":2},"end":{"line":125,"column":66}},"29":{"start":{"line":128,"column":2},"end":{"line":128,"column":55}},"30":{"start":{"line":131,"column":2},"end":{"line":131,"column":70}},"31":{"start":{"line":134,"column":2},"end":{"line":134,"column":21}},"32":{"start":{"line":137,"column":2},"end":{"line":137,"column":41}},"33":{"start":{"line":140,"column":2},"end":{"line":140,"column":47}},"34":{"start":{"line":143,"column":2},"end":{"line":143,"column":20}}},"branchMap":{"1":{"line":36,"type":"if","locations":[{"start":{"line":36,"column":2},"end":{"line":36,"column":2}},{"start":{"line":36,"column":2},"end":{"line":36,"column":2}}]},"2":{"line":43,"type":"if","locations":[{"start":{"line":43,"column":2},"end":{"line":43,"column":2}},{"start":{"line":43,"column":2},"end":{"line":43,"column":2}}]},"3":{"line":54,"type":"if","locations":[{"start":{"line":54,"column":2},"end":{"line":54,"column":2}},{"start":{"line":54,"column":2},"end":{"line":54,"column":2}}]},"4":{"line":61,"type":"if","locations":[{"start":{"line":61,"column":2},"end":{"line":61,"column":2}},{"start":{"line":61,"column":2},"end":{"line":61,"column":2}}]},"5":{"line":67,"type":"if","locations":[{"start":{"line":67,"column":2},"end":{"line":67,"column":2}},{"start":{"line":67,"column":2},"end":{"line":67,"column":2}}]},"6":{"line":71,"type":"if","locations":[{"start":{"line":71,"column":2},"end":{"line":71,"column":2}},{"start":{"line":71,"column":2},"end":{"line":71,"column":2}}]},"7":{"line":107,"type":"if","locations":[{"start":{"line":107,"column":2},"end":{"line":107,"column":2}},{"start":{"line":107,"column":2},"end":{"line":107,"column":2}}]},"8":{"line":109,"type":"if","locations":[{"start":{"line":109,"column":2},"end":{"line":109,"column":2}},{"start":{"line":109,"column":2},"end":{"line":109,"column":2}}]},"9":{"line":116,"type":"if","locations":[{"start":{"line":116,"column":2},"end":{"line":116,"column":2}},{"start":{"line":116,"column":2},"end":{"line":116,"column":2}}]},"10":{"line":119,"type":"if","locations":[{"start":{"line":119,"column":2},"end":{"line":119,"column":2}},{"start":{"line":119,"column":2},"end":{"line":119,"column":2}}]},"11":{"line":125,"type":"if","locations":[{"start":{"line":125,"column":2},"end":{"line":125,"column":2}},{"start":{"line":125,"column":2},"end":{"line":125,"column":2}}]},"12":{"line":128,"type":"if","locations":[{"start":{"line":128,"column":2},"end":{"line":128,"column":2}},{"start":{"line":128,"column":2},"end":{"line":128,"column":2}}]},"13":{"line":131,"type":"if","locations":[{"start":{"line":131,"column":2},"end":{"line":131,"column":2}},{"start":{"line":131,"column":2},"end":{"line":131,"column":2}}]}}},
"sales/main/SaleInstant.sol":{"l":{"35":25,"38":21,"44":21,"47":15,"50":11,"53":7,"56":7,"59":7,"62":7,"65":7},"path":"/Users/simondos/projects/_micobo/security-token/sales/main/SaleInstant.sol","s":{"1":25,"2":21,"3":21,"4":15,"5":11,"6":7,"7":7,"8":7,"9":7,"10":7},"b":{"1":[21,4],"2":[21,0],"3":[15,6],"4":[11,4],"5":[7,4]},"f":{"1":5,"2":25},"fnMap":{"1":{"name":"constructor","line":31,"loc":{"start":{"line":12,"column":1},"end":{"line":32,"column":2}}},"2":{"name":"_addPurchase","line":34,"loc":{"start":{"line":34,"column":1},"end":{"line":66,"column":1}}}},"statementMap":{"1":{"start":{"line":35,"column":2},"end":{"line":35,"column":46}},"2":{"start":{"line":38,"column":2},"end":{"line":38,"column":884}},"3":{"start":{"line":44,"column":2},"end":{"line":44,"column":66}},"4":{"start":{"line":47,"column":2},"end":{"line":47,"column":55}},"5":{"start":{"line":50,"column":2},"end":{"line":50,"column":70}},"6":{"start":{"line":53,"column":2},"end":{"line":53,"column":21}},"7":{"start":{"line":56,"column":2},"end":{"line":56,"column":41}},"8":{"start":{"line":59,"column":2},"end":{"line":59,"column":47}},"9":{"start":{"line":62,"column":2},"end":{"line":62,"column":20}},"10":{"start":{"line":65,"column":2},"end":{"line":65,"column":28}}},"branchMap":{"1":{"line":35,"type":"if","locations":[{"start":{"line":35,"column":2},"end":{"line":35,"column":2}},{"start":{"line":35,"column":2},"end":{"line":35,"column":2}}]},"2":{"line":38,"type":"if","locations":[{"start":{"line":38,"column":2},"end":{"line":38,"column":2}},{"start":{"line":38,"column":2},"end":{"line":38,"column":2}}]},"3":{"line":44,"type":"if","locations":[{"start":{"line":44,"column":2},"end":{"line":44,"column":2}},{"start":{"line":44,"column":2},"end":{"line":44,"column":2}}]},"4":{"line":47,"type":"if","locations":[{"start":{"line":47,"column":2},"end":{"line":47,"column":2}},{"start":{"line":47,"column":2},"end":{"line":47,"column":2}}]},"5":{"line":50,"type":"if","locations":[{"start":{"line":50,"column":2},"end":{"line":50,"column":2}},{"start":{"line":50,"column":2},"end":{"line":50,"column":2}}]}}},
"sales/utils/ContextMixin.sol":{"l":{"7":617,"8":4,"9":4,"10":4,"18":613,"20":617},"path":"/Users/simondos/projects/_micobo/security-token/sales/utils/ContextMixin.sol","s":{"1":617,"2":4,"3":4,"4":613,"5":617},"b":{"1":[4,613]},"f":{"1":617},"fnMap":{"1":{"name":"msgSender","line":6,"loc":{"start":{"line":6,"column":1},"end":{"line":21,"column":1}}}},"statementMap":{"1":{"start":{"line":7,"column":2},"end":{"line":7,"column":158}},"2":{"start":{"line":8,"column":3},"end":{"line":8,"column":32}},"3":{"start":{"line":9,"column":3},"end":{"line":9,"column":34}},"4":{"start":{"line":18,"column":3},"end":{"line":18,"column":30}},"5":{"start":{"line":20,"column":2},"end":{"line":20,"column":15}}},"branchMap":{"1":{"line":7,"type":"if","locations":[{"start":{"line":7,"column":2},"end":{"line":7,"column":2}},{"start":{"line":7,"column":2},"end":{"line":7,"column":2}}]}}},
"sales/utils/EIP712Base.sol":{"l":{"9":10,"10":10,"11":10,"37":10,"41":10,"53":1,"57":12,"58":12,"61":12,"76":1},"path":"/Users/simondos/projects/_micobo/security-token/sales/utils/EIP712Base.sol","s":{"1":10,"2":10,"3":10,"4":10,"5":1,"6":12,"7":12,"8":1},"b":{"1":[10,0]},"f":{"1":10,"2":10,"3":10,"4":1,"5":12,"6":1},"fnMap":{"1":{"name":"initializer","line":8,"loc":{"start":{"line":8,"column":1},"end":{"line":12,"column":1}}},"2":{"name":"_initializeEIP712","line":36,"loc":{"start":{"line":36,"column":1},"end":{"line":38,"column":1}}},"3":{"name":"_setDomainSeperator","line":40,"loc":{"start":{"line":40,"column":1},"end":{"line":50,"column":1}}},"4":{"name":"getDomainSeperator","line":52,"loc":{"start":{"line":52,"column":1},"end":{"line":54,"column":1}}},"5":{"name":"getChainId","line":56,"loc":{"start":{"line":56,"column":1},"end":{"line":62,"column":1}}},"6":{"name":"toTypedMessageHash","line":71,"loc":{"start":{"line":71,"column":1},"end":{"line":80,"column":1}}}},"statementMap":{"1":{"start":{"line":9,"column":2},"end":{"line":9,"column":35}},"2":{"start":{"line":11,"column":2},"end":{"line":11,"column":14}},"3":{"start":{"line":37,"column":2},"end":{"line":37,"column":26}},"4":{"start":{"line":41,"column":2},"end":{"line":41,"column":947}},"5":{"start":{"line":53,"column":2},"end":{"line":53,"column":24}},"6":{"start":{"line":57,"column":2},"end":{"line":57,"column":12}},"7":{"start":{"line":61,"column":2},"end":{"line":61,"column":11}},"8":{"start":{"line":76,"column":2},"end":{"line":76,"column":1787}}},"branchMap":{"1":{"line":9,"type":"if","locations":[{"start":{"line":9,"column":2},"end":{"line":9,"column":2}},{"start":{"line":9,"column":2},"end":{"line":9,"column":2}}]}}},
"sales/utils/NativeMetaTransaction.sol":{"l":{"39":1,"45":1,"51":1,"53":1,"60":1,"63":1,"65":1,"73":1,"85":1,"95":1,"96":1},"path":"/Users/simondos/projects/_micobo/security-token/sales/utils/NativeMetaTransaction.sol","s":{"1":1,"2":1,"3":1,"4":1,"5":1,"6":1,"7":1,"8":1,"9":1,"10":1,"11":1},"b":{"1":[1,0],"2":[1,0],"3":[1,0]},"f":{"1":1,"2":1,"3":1,"4":1},"fnMap":{"1":{"name":"executeMetaTransaction","line":32,"loc":{"start":{"line":32,"column":1},"end":{"line":66,"column":1}}},"2":{"name":"hashMetaTransaction","line":68,"loc":{"start":{"line":68,"column":1},"end":{"line":82,"column":1}}},"3":{"name":"getNonce","line":84,"loc":{"start":{"line":84,"column":1},"end":{"line":86,"column":1}}},"4":{"name":"verify","line":88,"loc":{"start":{"line":88,"column":1},"end":{"line":104,"column":1}}}},"statementMap":{"1":{"start":{"line":39,"column":2},"end":{"line":39,"column":1003}},"2":{"start":{"line":45,"column":2},"end":{"line":45,"column":1153}},"3":{"start":{"line":51,"column":2},"end":{"line":51,"column":46}},"4":{"start":{"line":53,"column":2},"end":{"line":53,"column":1357}},"5":{"start":{"line":60,"column":2},"end":{"line":60,"column":1538}},"6":{"start":{"line":63,"column":2},"end":{"line":63,"column":49}},"7":{"start":{"line":65,"column":2},"end":{"line":65,"column":19}},"8":{"start":{"line":73,"column":2},"end":{"line":73,"column":1840}},"9":{"start":{"line":85,"column":2},"end":{"line":85,"column":21}},"10":{"start":{"line":95,"column":2},"end":{"line":95,"column":51}},"11":{"start":{"line":96,"column":2},"end":{"line":96,"column":2306}}},"branchMap":{"1":{"line":45,"type":"if","locations":[{"start":{"line":45,"column":2},"end":{"line":45,"column":2}},{"start":{"line":45,"column":2},"end":{"line":45,"column":2}}]},"2":{"line":63,"type":"if","locations":[{"start":{"line":63,"column":2},"end":{"line":63,"column":2}},{"start":{"line":63,"column":2},"end":{"line":63,"column":2}}]},"3":{"line":95,"type":"if","locations":[{"start":{"line":95,"column":2},"end":{"line":95,"column":2}},{"start":{"line":95,"column":2},"end":{"line":95,"column":2}}]}}},
"sales/utils/ReentrancyGuard.sol":{"l":{"31":12,"43":61,"46":61,"48":61,"52":13},"path":"/Users/simondos/projects/_micobo/security-token/sales/utils/ReentrancyGuard.sol","s":{"1":12,"2":61,"3":61,"4":13},"b":{"1":[61,0]},"f":{"1":12,"2":61},"fnMap":{"1":{"name":"constructor","line":24,"loc":{"start":{"line":24,"column":1},"end":{"line":32,"column":1}}},"2":{"name":"nonReentrant","line":41,"loc":{"start":{"line":41,"column":1},"end":{"line":53,"column":1}}}},"statementMap":{"1":{"start":{"line":31,"column":2},"end":{"line":31,"column":19}},"2":{"start":{"line":43,"column":2},"end":{"line":43,"column":56}},"3":{"start":{"line":46,"column":2},"end":{"line":46,"column":20}},"4":{"start":{"line":52,"column":2},"end":{"line":52,"column":19}}},"branchMap":{"1":{"line":43,"type":"if","locations":[{"start":{"line":43,"column":2},"end":{"line":43,"column":2}},{"start":{"line":43,"column":2},"end":{"line":43,"column":2}}]}}}}
