{
"sales/interfaces/ERC1820Client.sol":{"l":{"34":0,"35":0,"43":20},"path":"/Users/simondos/projects/_micobo/security-token/sales/interfaces/ERC1820Client.sol","s":{"1":0,"2":0,"3":20},"b":{},"f":{"1":0,"2":20},"fnMap":{"1":{"name":"setInterfaceImplementation","line":31,"loc":{"start":{"line":31,"column":1},"end":{"line":36,"column":1}}},"2":{"name":"getInterfaceImplementer","line":38,"loc":{"start":{"line":38,"column":1},"end":{"line":48,"column":1}}}},"statementMap":{"1":{"start":{"line":34,"column":2},"end":{"line":34,"column":70}},"2":{"start":{"line":35,"column":2},"end":{"line":35,"column":87}},"3":{"start":{"line":43,"column":2},"end":{"line":43,"column":1161}}},"branchMap":{}},
"sales/interfaces/ICurrency.sol":{"l":{},"path":"/Users/simondos/projects/_micobo/security-token/sales/interfaces/ICurrency.sol","s":{},"b":{},"f":{},"fnMap":{},"statementMap":{},"branchMap":{}},
"sales/main/UniSale_V2.sol":{"l":{"75":0,"91":0,"92":0,"96":0,"97":0,"98":0,"100":0,"101":0,"103":0,"105":0,"106":0,"107":0,"108":0,"109":0,"110":0,"111":0,"113":0,"120":0,"129":0,"132":0,"138":0,"140":0,"142":0,"143":0,"144":0,"149":0,"155":0,"158":0,"164":0,"166":0,"169":0,"189":0,"192":0,"200":0,"209":0,"216":0,"222":0,"225":0,"228":0,"235":0,"252":0,"254":0,"255":0,"256":0,"260":0,"269":0,"273":0,"278":0,"280":0,"282":0,"285":0,"287":0,"295":0,"300":0,"302":0,"304":0,"306":0,"307":0,"309":0,"312":0,"313":0,"316":0,"318":0,"319":0,"320":0,"323":0,"330":0,"333":0,"334":0,"337":0,"346":0,"350":0,"359":0,"362":0,"371":0,"373":0,"374":0,"383":0,"385":0,"394":0,"396":0,"398":0,"407":0,"410":0,"411":0,"418":0,"419":0,"426":0,"427":0,"435":0,"436":0,"441":0,"445":0,"448":0,"450":0,"452":0,"455":0,"465":0,"467":0,"468":0,"470":0,"486":0,"488":0,"498":0,"506":0,"514":0,"522":0,"530":0,"538":0,"545":0,"546":0,"547":0,"555":0,"557":0,"560":0},"path":"/Users/simondos/projects/_micobo/security-token/sales/main/UniSale_V2.sol","s":{"1":0,"2":0,"3":0,"4":0,"5":0,"6":0,"7":0,"8":0,"9":0,"10":0,"11":0,"12":0,"13":0,"14":0,"15":0,"16":0,"17":0,"18":0,"19":0,"20":0,"21":0,"22":0,"23":0,"24":0,"25":0,"26":0,"27":0,"28":0,"29":0,"30":0,"31":0,"32":0,"33":0,"34":0,"35":0,"36":0,"37":0,"38":0,"39":0,"40":0,"41":0,"42":0,"43":0,"44":0,"45":0,"46":0,"47":0,"48":0,"49":0,"50":0,"51":0,"52":0,"53":0,"54":0,"55":0,"56":0,"57":0,"58":0,"59":0,"60":0,"61":0,"62":0,"63":0,"64":0,"65":0,"66":0,"67":0,"68":0,"69":0,"70":0,"71":0,"72":0,"73":0,"74":0,"75":0,"76":0,"77":0,"78":0,"79":0,"80":0,"81":0,"82":0,"83":0,"84":0,"85":0,"86":0,"87":0,"88":0,"89":0,"90":0,"91":0,"92":0,"93":0,"94":0,"95":0,"96":0,"97":0,"98":0,"99":0,"100":0,"101":0,"102":0,"103":0,"104":0,"105":0,"106":0,"107":0,"108":0,"109":0,"110":0,"111":0,"112":0},"b":{"1":[0,0],"2":[0,0],"3":[0,0],"4":[0,0],"5":[0,0],"6":[0,0],"7":[0,0],"8":[0,0],"9":[0,0],"10":[0,0],"11":[0,0],"12":[0,0],"13":[0,0],"14":[0,0],"15":[0,0],"16":[0,0],"17":[0,0],"18":[0,0],"19":[0,0],"20":[0,0],"21":[0,0],"22":[0,0],"23":[0,0],"24":[0,0],"25":[0,0],"26":[0,0],"27":[0,0],"28":[0,0],"29":[0,0],"30":[0,0],"31":[0,0],"32":[0,0],"33":[0,0],"34":[0,0],"35":[0,0],"36":[0,0],"37":[0,0],"38":[0,0]},"f":{"1":0,"2":0,"3":0,"4":0,"5":0,"6":0,"7":0,"8":0,"9":0,"10":0,"11":0,"12":0,"13":0,"14":0,"15":0,"16":0,"17":0,"18":0,"19":0,"20":0,"21":0,"22":0,"23":0,"24":0},"fnMap":{"1":{"name":"constructor","line":74,"loc":{"start":{"line":74,"column":1},"end":{"line":76,"column":1}}},"2":{"name":"addSalesChannel","line":78,"loc":{"start":{"line":78,"column":1},"end":{"line":114,"column":1}}},"3":{"name":"deleteSalesChannel","line":118,"loc":{"start":{"line":116,"column":1},"end":{"line":121,"column":1}}},"4":{"name":"purchaseTokenWithAllowance","line":128,"loc":{"start":{"line":123,"column":1},"end":{"line":177,"column":1}}},"5":{"name":"purchaseWithAuthorization","line":188,"loc":{"start":{"line":179,"column":1},"end":{"line":243,"column":1}}},"6":{"name":"calculatePrice","line":245,"loc":{"start":{"line":245,"column":1},"end":{"line":261,"column":1}}},"7":{"name":"addFiatPurchase","line":268,"loc":{"start":{"line":263,"column":1},"end":{"line":270,"column":1}}},"8":{"name":"claimTokens","line":272,"loc":{"start":{"line":272,"column":1},"end":{"line":288,"column":1}}},"9":{"name":"distributeTokens","line":294,"loc":{"start":{"line":290,"column":1},"end":{"line":351,"column":1}}},"10":{"name":"cancelPurchase","line":358,"loc":{"start":{"line":353,"column":1},"end":{"line":363,"column":1}}},"11":{"name":"setFee","line":370,"loc":{"start":{"line":365,"column":1},"end":{"line":375,"column":1}}},"12":{"name":"editPurchaseLimits","line":382,"loc":{"start":{"line":377,"column":1},"end":{"line":386,"column":1}}},"13":{"name":"editCurrencyRates","line":393,"loc":{"start":{"line":388,"column":1},"end":{"line":399,"column":1}}},"14":{"name":"_addPurchase","line":401,"loc":{"start":{"line":401,"column":1},"end":{"line":457,"column":1}}},"15":{"name":"_issueTokens","line":459,"loc":{"start":{"line":459,"column":1},"end":{"line":479,"column":1}}},"16":{"name":"editPrimaryMarketEnd","line":485,"loc":{"start":{"line":481,"column":1},"end":{"line":489,"column":1}}},"17":{"name":"getWhitelistAddress","line":493,"loc":{"start":{"line":493,"column":1},"end":{"line":499,"column":1}}},"18":{"name":"getPurchase","line":501,"loc":{"start":{"line":501,"column":1},"end":{"line":507,"column":1}}},"19":{"name":"getLimit","line":509,"loc":{"start":{"line":509,"column":1},"end":{"line":515,"column":1}}},"20":{"name":"getCurrencyRate","line":517,"loc":{"start":{"line":517,"column":1},"end":{"line":523,"column":1}}},"21":{"name":"getPrimaryMarketEndTimestamp","line":525,"loc":{"start":{"line":525,"column":1},"end":{"line":531,"column":1}}},"22":{"name":"getBuyers","line":533,"loc":{"start":{"line":533,"column":1},"end":{"line":539,"column":1}}},"23":{"name":"onlySaleAdmin","line":544,"loc":{"start":{"line":544,"column":1},"end":{"line":548,"column":1}}},"24":{"name":"isContract","line":550,"loc":{"start":{"line":550,"column":1},"end":{"line":561,"column":1}}}},"statementMap":{"1":{"start":{"line":75,"column":2},"end":{"line":75,"column":62}},"2":{"start":{"line":91,"column":2},"end":{"line":91,"column":57}},"3":{"start":{"line":92,"column":2},"end":{"line":92,"column":2948}},"4":{"start":{"line":96,"column":2},"end":{"line":96,"column":69}},"5":{"start":{"line":97,"column":2},"end":{"line":97,"column":87}},"6":{"start":{"line":98,"column":2},"end":{"line":98,"column":38}},"7":{"start":{"line":100,"column":2},"end":{"line":100,"column":62}},"8":{"start":{"line":101,"column":2},"end":{"line":101,"column":83}},"9":{"start":{"line":103,"column":2},"end":{"line":103,"column":72}},"10":{"start":{"line":105,"column":2},"end":{"line":105,"column":35}},"11":{"start":{"line":106,"column":2},"end":{"line":106,"column":70}},"12":{"start":{"line":107,"column":2},"end":{"line":107,"column":67}},"13":{"start":{"line":108,"column":2},"end":{"line":108,"column":28}},"14":{"start":{"line":109,"column":2},"end":{"line":109,"column":44}},"15":{"start":{"line":110,"column":2},"end":{"line":110,"column":53}},"16":{"start":{"line":111,"column":2},"end":{"line":111,"column":33}},"17":{"start":{"line":113,"column":2},"end":{"line":113,"column":66}},"18":{"start":{"line":129,"column":2},"end":{"line":129,"column":49}},"19":{"start":{"line":132,"column":2},"end":{"line":132,"column":4340}},"20":{"start":{"line":138,"column":2},"end":{"line":138,"column":23}},"21":{"start":{"line":140,"column":2},"end":{"line":140,"column":93}},"22":{"start":{"line":142,"column":2},"end":{"line":142,"column":4650}},"23":{"start":{"line":143,"column":3},"end":{"line":143,"column":4695}},"24":{"start":{"line":144,"column":4},"end":{"line":144,"column":69}},"25":{"start":{"line":149,"column":2},"end":{"line":149,"column":4861}},"26":{"start":{"line":155,"column":2},"end":{"line":155,"column":59}},"27":{"start":{"line":158,"column":2},"end":{"line":158,"column":5116}},"28":{"start":{"line":164,"column":2},"end":{"line":164,"column":5227}},"29":{"start":{"line":166,"column":3},"end":{"line":166,"column":89}},"30":{"start":{"line":169,"column":2},"end":{"line":169,"column":5390}},"31":{"start":{"line":189,"column":2},"end":{"line":189,"column":49}},"32":{"start":{"line":192,"column":2},"end":{"line":192,"column":5819}},"33":{"start":{"line":200,"column":2},"end":{"line":200,"column":93}},"34":{"start":{"line":209,"column":2},"end":{"line":209,"column":6376}},"35":{"start":{"line":216,"column":2},"end":{"line":216,"column":6556}},"36":{"start":{"line":222,"column":2},"end":{"line":222,"column":59}},"37":{"start":{"line":225,"column":2},"end":{"line":225,"column":92}},"38":{"start":{"line":228,"column":2},"end":{"line":228,"column":77}},"39":{"start":{"line":235,"column":2},"end":{"line":235,"column":7163}},"40":{"start":{"line":252,"column":2},"end":{"line":252,"column":84}},"41":{"start":{"line":254,"column":2},"end":{"line":254,"column":7623}},"42":{"start":{"line":255,"column":3},"end":{"line":255,"column":7668}},"43":{"start":{"line":256,"column":4},"end":{"line":256,"column":69}},"44":{"start":{"line":260,"column":2},"end":{"line":260,"column":36}},"45":{"start":{"line":269,"column":2},"end":{"line":269,"column":53}},"46":{"start":{"line":273,"column":2},"end":{"line":273,"column":8146}},"47":{"start":{"line":278,"column":2},"end":{"line":278,"column":85}},"48":{"start":{"line":280,"column":2},"end":{"line":280,"column":51}},"49":{"start":{"line":282,"column":2},"end":{"line":282,"column":62}},"50":{"start":{"line":285,"column":2},"end":{"line":285,"column":68}},"51":{"start":{"line":287,"column":2},"end":{"line":287,"column":72}},"52":{"start":{"line":295,"column":2},"end":{"line":295,"column":8780}},"53":{"start":{"line":300,"column":2},"end":{"line":300,"column":13}},"54":{"start":{"line":302,"column":2},"end":{"line":302,"column":67}},"55":{"start":{"line":304,"column":2},"end":{"line":304,"column":67}},"56":{"start":{"line":306,"column":2},"end":{"line":306,"column":9075}},"57":{"start":{"line":307,"column":3},"end":{"line":307,"column":22}},"58":{"start":{"line":309,"column":3},"end":{"line":309,"column":29}},"59":{"start":{"line":312,"column":2},"end":{"line":312,"column":9169}},"60":{"start":{"line":313,"column":3},"end":{"line":313,"column":14}},"61":{"start":{"line":316,"column":2},"end":{"line":316,"column":62}},"62":{"start":{"line":318,"column":2},"end":{"line":318,"column":9278}},"63":{"start":{"line":319,"column":3},"end":{"line":319,"column":9353}},"64":{"start":{"line":320,"column":4},"end":{"line":320,"column":68}},"65":{"start":{"line":323,"column":4},"end":{"line":323,"column":9479}},"66":{"start":{"line":330,"column":4},"end":{"line":330,"column":61}},"67":{"start":{"line":333,"column":3},"end":{"line":333,"column":9704}},"68":{"start":{"line":334,"column":4},"end":{"line":334,"column":68}},"69":{"start":{"line":337,"column":4},"end":{"line":337,"column":9830}},"70":{"start":{"line":346,"column":4},"end":{"line":346,"column":61}},"71":{"start":{"line":350,"column":2},"end":{"line":350,"column":58}},"72":{"start":{"line":359,"column":2},"end":{"line":359,"column":90}},"73":{"start":{"line":362,"column":2},"end":{"line":362,"column":62}},"74":{"start":{"line":371,"column":2},"end":{"line":371,"column":64}},"75":{"start":{"line":373,"column":2},"end":{"line":373,"column":36}},"76":{"start":{"line":374,"column":2},"end":{"line":374,"column":58}},"77":{"start":{"line":383,"column":2},"end":{"line":383,"column":46}},"78":{"start":{"line":385,"column":2},"end":{"line":385,"column":58}},"79":{"start":{"line":394,"column":2},"end":{"line":394,"column":38}},"80":{"start":{"line":396,"column":2},"end":{"line":396,"column":65}},"81":{"start":{"line":398,"column":2},"end":{"line":398,"column":74}},"82":{"start":{"line":407,"column":2},"end":{"line":407,"column":46}},"83":{"start":{"line":410,"column":2},"end":{"line":410,"column":11721}},"84":{"start":{"line":411,"column":3},"end":{"line":411,"column":11798}},"85":{"start":{"line":418,"column":2},"end":{"line":418,"column":11968}},"86":{"start":{"line":419,"column":3},"end":{"line":419,"column":12047}},"87":{"start":{"line":426,"column":2},"end":{"line":426,"column":12190}},"88":{"start":{"line":427,"column":3},"end":{"line":427,"column":12245}},"89":{"start":{"line":435,"column":2},"end":{"line":435,"column":12421}},"90":{"start":{"line":436,"column":3},"end":{"line":436,"column":12476}},"91":{"start":{"line":441,"column":3},"end":{"line":441,"column":60}},"92":{"start":{"line":445,"column":2},"end":{"line":445,"column":91}},"93":{"start":{"line":448,"column":2},"end":{"line":448,"column":54}},"94":{"start":{"line":450,"column":2},"end":{"line":450,"column":12888}},"95":{"start":{"line":452,"column":3},"end":{"line":452,"column":54}},"96":{"start":{"line":455,"column":3},"end":{"line":455,"column":63}},"97":{"start":{"line":465,"column":2},"end":{"line":465,"column":61}},"98":{"start":{"line":467,"column":2},"end":{"line":467,"column":13353}},"99":{"start":{"line":468,"column":3},"end":{"line":468,"column":64}},"100":{"start":{"line":470,"column":3},"end":{"line":470,"column":13506}},"101":{"start":{"line":486,"column":2},"end":{"line":486,"column":73}},"102":{"start":{"line":488,"column":2},"end":{"line":488,"column":92}},"103":{"start":{"line":498,"column":2},"end":{"line":498,"column":62}},"104":{"start":{"line":506,"column":2},"end":{"line":506,"column":60}},"105":{"start":{"line":514,"column":2},"end":{"line":514,"column":57}},"106":{"start":{"line":522,"column":2},"end":{"line":522,"column":66}},"107":{"start":{"line":530,"column":2},"end":{"line":530,"column":69}},"108":{"start":{"line":538,"column":2},"end":{"line":538,"column":50}},"109":{"start":{"line":545,"column":2},"end":{"line":545,"column":62}},"110":{"start":{"line":546,"column":2},"end":{"line":546,"column":83}},"111":{"start":{"line":555,"column":2},"end":{"line":555,"column":14}},"112":{"start":{"line":560,"column":2},"end":{"line":560,"column":17}}},"branchMap":{"1":{"line":91,"type":"if","locations":[{"start":{"line":91,"column":2},"end":{"line":91,"column":2}},{"start":{"line":91,"column":2},"end":{"line":91,"column":2}}]},"2":{"line":92,"type":"if","locations":[{"start":{"line":92,"column":2},"end":{"line":92,"column":2}},{"start":{"line":92,"column":2},"end":{"line":92,"column":2}}]},"3":{"line":96,"type":"if","locations":[{"start":{"line":96,"column":2},"end":{"line":96,"column":2}},{"start":{"line":96,"column":2},"end":{"line":96,"column":2}}]},"4":{"line":97,"type":"if","locations":[{"start":{"line":97,"column":2},"end":{"line":97,"column":2}},{"start":{"line":97,"column":2},"end":{"line":97,"column":2}}]},"5":{"line":98,"type":"if","locations":[{"start":{"line":98,"column":2},"end":{"line":98,"column":2}},{"start":{"line":98,"column":2},"end":{"line":98,"column":2}}]},"6":{"line":101,"type":"if","locations":[{"start":{"line":101,"column":2},"end":{"line":101,"column":2}},{"start":{"line":101,"column":2},"end":{"line":101,"column":2}}]},"7":{"line":132,"type":"if","locations":[{"start":{"line":132,"column":2},"end":{"line":132,"column":2}},{"start":{"line":132,"column":2},"end":{"line":132,"column":2}}]},"8":{"line":142,"type":"if","locations":[{"start":{"line":142,"column":2},"end":{"line":142,"column":2}},{"start":{"line":142,"column":2},"end":{"line":142,"column":2}}]},"9":{"line":143,"type":"if","locations":[{"start":{"line":143,"column":3},"end":{"line":143,"column":3}},{"start":{"line":143,"column":3},"end":{"line":143,"column":3}}]},"10":{"line":149,"type":"if","locations":[{"start":{"line":149,"column":2},"end":{"line":149,"column":2}},{"start":{"line":149,"column":2},"end":{"line":149,"column":2}}]},"11":{"line":164,"type":"if","locations":[{"start":{"line":164,"column":2},"end":{"line":164,"column":2}},{"start":{"line":164,"column":2},"end":{"line":164,"column":2}}]},"12":{"line":192,"type":"if","locations":[{"start":{"line":192,"column":2},"end":{"line":192,"column":2}},{"start":{"line":192,"column":2},"end":{"line":192,"column":2}}]},"13":{"line":216,"type":"if","locations":[{"start":{"line":216,"column":2},"end":{"line":216,"column":2}},{"start":{"line":216,"column":2},"end":{"line":216,"column":2}}]},"14":{"line":254,"type":"if","locations":[{"start":{"line":254,"column":2},"end":{"line":254,"column":2}},{"start":{"line":254,"column":2},"end":{"line":254,"column":2}}]},"15":{"line":255,"type":"if","locations":[{"start":{"line":255,"column":3},"end":{"line":255,"column":3}},{"start":{"line":255,"column":3},"end":{"line":255,"column":3}}]},"16":{"line":273,"type":"if","locations":[{"start":{"line":273,"column":2},"end":{"line":273,"column":2}},{"start":{"line":273,"column":2},"end":{"line":273,"column":2}}]},"17":{"line":280,"type":"if","locations":[{"start":{"line":280,"column":2},"end":{"line":280,"column":2}},{"start":{"line":280,"column":2},"end":{"line":280,"column":2}}]},"18":{"line":295,"type":"if","locations":[{"start":{"line":295,"column":2},"end":{"line":295,"column":2}},{"start":{"line":295,"column":2},"end":{"line":295,"column":2}}]},"19":{"line":306,"type":"if","locations":[{"start":{"line":306,"column":2},"end":{"line":306,"column":2}},{"start":{"line":306,"column":2},"end":{"line":306,"column":2}}]},"20":{"line":312,"type":"if","locations":[{"start":{"line":312,"column":2},"end":{"line":312,"column":2}},{"start":{"line":312,"column":2},"end":{"line":312,"column":2}}]},"21":{"line":318,"type":"if","locations":[{"start":{"line":318,"column":2},"end":{"line":318,"column":2}},{"start":{"line":318,"column":2},"end":{"line":318,"column":2}}]},"22":{"line":359,"type":"if","locations":[{"start":{"line":359,"column":2},"end":{"line":359,"column":2}},{"start":{"line":359,"column":2},"end":{"line":359,"column":2}}]},"23":{"line":371,"type":"if","locations":[{"start":{"line":371,"column":2},"end":{"line":371,"column":2}},{"start":{"line":371,"column":2},"end":{"line":371,"column":2}}]},"24":{"line":383,"type":"if","locations":[{"start":{"line":383,"column":2},"end":{"line":383,"column":2}},{"start":{"line":383,"column":2},"end":{"line":383,"column":2}}]},"25":{"line":394,"type":"if","locations":[{"start":{"line":394,"column":2},"end":{"line":394,"column":2}},{"start":{"line":394,"column":2},"end":{"line":394,"column":2}}]},"26":{"line":407,"type":"if","locations":[{"start":{"line":407,"column":2},"end":{"line":407,"column":2}},{"start":{"line":407,"column":2},"end":{"line":407,"column":2}}]},"27":{"line":410,"type":"if","locations":[{"start":{"line":410,"column":2},"end":{"line":410,"column":2}},{"start":{"line":410,"column":2},"end":{"line":410,"column":2}}]},"28":{"line":411,"type":"if","locations":[{"start":{"line":411,"column":3},"end":{"line":411,"column":3}},{"start":{"line":411,"column":3},"end":{"line":411,"column":3}}]},"29":{"line":418,"type":"if","locations":[{"start":{"line":418,"column":2},"end":{"line":418,"column":2}},{"start":{"line":418,"column":2},"end":{"line":418,"column":2}}]},"30":{"line":419,"type":"if","locations":[{"start":{"line":419,"column":3},"end":{"line":419,"column":3}},{"start":{"line":419,"column":3},"end":{"line":419,"column":3}}]},"31":{"line":426,"type":"if","locations":[{"start":{"line":426,"column":2},"end":{"line":426,"column":2}},{"start":{"line":426,"column":2},"end":{"line":426,"column":2}}]},"32":{"line":427,"type":"if","locations":[{"start":{"line":427,"column":3},"end":{"line":427,"column":3}},{"start":{"line":427,"column":3},"end":{"line":427,"column":3}}]},"33":{"line":435,"type":"if","locations":[{"start":{"line":435,"column":2},"end":{"line":435,"column":2}},{"start":{"line":435,"column":2},"end":{"line":435,"column":2}}]},"34":{"line":436,"type":"if","locations":[{"start":{"line":436,"column":3},"end":{"line":436,"column":3}},{"start":{"line":436,"column":3},"end":{"line":436,"column":3}}]},"35":{"line":450,"type":"if","locations":[{"start":{"line":450,"column":2},"end":{"line":450,"column":2}},{"start":{"line":450,"column":2},"end":{"line":450,"column":2}}]},"36":{"line":467,"type":"if","locations":[{"start":{"line":467,"column":2},"end":{"line":467,"column":2}},{"start":{"line":467,"column":2},"end":{"line":467,"column":2}}]},"37":{"line":486,"type":"if","locations":[{"start":{"line":486,"column":2},"end":{"line":486,"column":2}},{"start":{"line":486,"column":2},"end":{"line":486,"column":2}}]},"38":{"line":546,"type":"if","locations":[{"start":{"line":546,"column":2},"end":{"line":546,"column":2}},{"start":{"line":546,"column":2},"end":{"line":546,"column":2}}]}}},
"sales/main/UniSale.sol":{"l":{"70":11,"86":22,"87":20,"91":18,"92":16,"93":14,"95":12,"96":12,"98":10,"100":10,"101":10,"102":10,"103":10,"104":10,"105":10,"106":10,"108":10,"115":1,"124":28,"127":28,"133":20,"136":20,"142":4,"145":4,"151":4,"171":12,"174":12,"180":10,"183":10,"190":10,"193":6,"196":4,"198":2,"214":134,"218":13,"223":9,"225":9,"227":5,"230":5,"232":3,"240":9,"245":7,"247":7,"249":7,"251":7,"252":3,"254":4,"257":3,"258":2,"261":3,"263":3,"264":1,"265":6,"268":6,"274":6,"277":2,"278":102,"281":102,"290":102,"294":3,"303":3,"306":1,"315":118,"317":116,"326":19,"328":19,"330":19,"339":144,"342":138,"343":138,"350":138,"351":138,"358":132,"359":132,"367":126,"368":24,"373":18,"377":120,"380":120,"382":120,"384":9,"387":111,"397":14,"399":14,"400":3,"402":11,"418":16,"420":10,"430":1,"438":11,"446":1,"454":6,"462":6,"470":14,"477":311,"478":311,"479":291,"487":18,"489":18,"492":18},"path":"/Users/simondos/projects/_micobo/security-token/sales/main/UniSale.sol","s":{"1":11,"2":22,"3":20,"4":18,"5":16,"6":14,"7":12,"8":12,"9":10,"10":10,"11":10,"12":10,"13":10,"14":10,"15":10,"16":10,"17":10,"18":28,"19":28,"20":20,"21":20,"22":4,"23":4,"24":4,"25":12,"26":12,"27":10,"28":10,"29":10,"30":6,"31":4,"32":2,"33":134,"34":13,"35":9,"36":9,"37":5,"38":5,"39":3,"40":9,"41":7,"42":7,"43":7,"44":7,"45":3,"46":4,"47":3,"48":2,"49":3,"50":3,"51":1,"52":6,"53":6,"54":6,"55":2,"56":102,"57":102,"58":102,"59":3,"60":3,"61":1,"62":118,"63":116,"64":19,"65":19,"66":19,"67":144,"68":138,"69":138,"70":138,"71":138,"72":132,"73":132,"74":126,"75":24,"76":18,"77":120,"78":120,"79":120,"80":9,"81":111,"82":14,"83":14,"84":3,"85":11,"86":16,"87":10,"88":1,"89":11,"90":1,"91":6,"92":6,"93":14,"94":311,"95":311,"96":18,"97":18},"b":{"1":[20,2],"2":[18,2],"3":[16,2],"4":[14,2],"5":[12,2],"6":[10,2],"7":[20,8],"8":[4,16],"9":[10,2],"10":[6,4],"11":[9,4],"12":[5,4],"13":[7,2],"14":[3,4],"15":[2,1],"16":[1,2],"17":[1,2],"18":[116,2],"19":[19,0],"20":[138,6],"21":[138,0],"22":[138,0],"23":[138,0],"24":[132,6],"25":[132,0],"26":[126,6],"27":[24,102],"28":[18,6],"29":[9,111],"30":[3,11],"31":[10,6],"32":[291,20]},"f":{"1":11,"2":22,"3":1,"4":28,"5":12,"6":134,"7":13,"8":9,"9":3,"10":118,"11":19,"12":144,"13":14,"14":16,"15":1,"16":11,"17":1,"18":6,"19":6,"20":14,"21":311,"22":18},"fnMap":{"1":{"name":"initialize","line":69,"loc":{"start":{"line":69,"column":1},"end":{"line":71,"column":1}}},"2":{"name":"addSalesChannel","line":73,"loc":{"start":{"line":73,"column":1},"end":{"line":109,"column":1}}},"3":{"name":"deleteSalesChannel","line":113,"loc":{"start":{"line":111,"column":1},"end":{"line":116,"column":1}}},"4":{"name":"purchaseTokenWithAllowance","line":123,"loc":{"start":{"line":118,"column":1},"end":{"line":159,"column":1}}},"5":{"name":"purchaseWithAuthorization","line":170,"loc":{"start":{"line":161,"column":1},"end":{"line":206,"column":1}}},"6":{"name":"addFiatPurchase","line":213,"loc":{"start":{"line":208,"column":1},"end":{"line":215,"column":1}}},"7":{"name":"claimTokens","line":217,"loc":{"start":{"line":217,"column":1},"end":{"line":233,"column":1}}},"8":{"name":"distributeTokens","line":239,"loc":{"start":{"line":235,"column":1},"end":{"line":295,"column":1}}},"9":{"name":"cancelPurchase","line":302,"loc":{"start":{"line":297,"column":1},"end":{"line":307,"column":1}}},"10":{"name":"editPurchaseLimits","line":314,"loc":{"start":{"line":309,"column":1},"end":{"line":318,"column":1}}},"11":{"name":"editCurrencyRates","line":325,"loc":{"start":{"line":320,"column":1},"end":{"line":331,"column":1}}},"12":{"name":"_addPurchase","line":333,"loc":{"start":{"line":333,"column":1},"end":{"line":389,"column":1}}},"13":{"name":"_issueTokens","line":391,"loc":{"start":{"line":391,"column":1},"end":{"line":411,"column":1}}},"14":{"name":"editPrimaryMarketEnd","line":417,"loc":{"start":{"line":413,"column":1},"end":{"line":421,"column":1}}},"15":{"name":"getWhitelistAddress","line":425,"loc":{"start":{"line":425,"column":1},"end":{"line":431,"column":1}}},"16":{"name":"getPurchase","line":433,"loc":{"start":{"line":433,"column":1},"end":{"line":439,"column":1}}},"17":{"name":"getLimit","line":441,"loc":{"start":{"line":441,"column":1},"end":{"line":447,"column":1}}},"18":{"name":"getCurrencyRate","line":449,"loc":{"start":{"line":449,"column":1},"end":{"line":455,"column":1}}},"19":{"name":"getPrimaryMarketEndTimestamp","line":457,"loc":{"start":{"line":457,"column":1},"end":{"line":463,"column":1}}},"20":{"name":"getBuyers","line":465,"loc":{"start":{"line":465,"column":1},"end":{"line":471,"column":1}}},"21":{"name":"onlySaleAdmin","line":476,"loc":{"start":{"line":476,"column":1},"end":{"line":480,"column":1}}},"22":{"name":"isContract","line":482,"loc":{"start":{"line":482,"column":1},"end":{"line":493,"column":1}}}},"statementMap":{"1":{"start":{"line":70,"column":2},"end":{"line":70,"column":62}},"2":{"start":{"line":86,"column":2},"end":{"line":86,"column":57}},"3":{"start":{"line":87,"column":2},"end":{"line":87,"column":2778}},"4":{"start":{"line":91,"column":2},"end":{"line":91,"column":69}},"5":{"start":{"line":92,"column":2},"end":{"line":92,"column":87}},"6":{"start":{"line":93,"column":2},"end":{"line":93,"column":38}},"7":{"start":{"line":95,"column":2},"end":{"line":95,"column":62}},"8":{"start":{"line":96,"column":2},"end":{"line":96,"column":83}},"9":{"start":{"line":98,"column":2},"end":{"line":98,"column":72}},"10":{"start":{"line":100,"column":2},"end":{"line":100,"column":35}},"11":{"start":{"line":101,"column":2},"end":{"line":101,"column":70}},"12":{"start":{"line":102,"column":2},"end":{"line":102,"column":67}},"13":{"start":{"line":103,"column":2},"end":{"line":103,"column":28}},"14":{"start":{"line":104,"column":2},"end":{"line":104,"column":44}},"15":{"start":{"line":105,"column":2},"end":{"line":105,"column":53}},"16":{"start":{"line":106,"column":2},"end":{"line":106,"column":33}},"17":{"start":{"line":108,"column":2},"end":{"line":108,"column":66}},"18":{"start":{"line":124,"column":2},"end":{"line":124,"column":49}},"19":{"start":{"line":127,"column":2},"end":{"line":127,"column":4170}},"20":{"start":{"line":133,"column":2},"end":{"line":133,"column":93}},"21":{"start":{"line":136,"column":2},"end":{"line":136,"column":4459}},"22":{"start":{"line":142,"column":2},"end":{"line":142,"column":59}},"23":{"start":{"line":145,"column":2},"end":{"line":145,"column":4702}},"24":{"start":{"line":151,"column":2},"end":{"line":151,"column":4814}},"25":{"start":{"line":171,"column":2},"end":{"line":171,"column":49}},"26":{"start":{"line":174,"column":2},"end":{"line":174,"column":5244}},"27":{"start":{"line":180,"column":2},"end":{"line":180,"column":93}},"28":{"start":{"line":183,"column":2},"end":{"line":183,"column":5567}},"29":{"start":{"line":190,"column":2},"end":{"line":190,"column":89}},"30":{"start":{"line":193,"column":2},"end":{"line":193,"column":59}},"31":{"start":{"line":196,"column":2},"end":{"line":196,"column":92}},"32":{"start":{"line":198,"column":2},"end":{"line":198,"column":6070}},"33":{"start":{"line":214,"column":2},"end":{"line":214,"column":53}},"34":{"start":{"line":218,"column":2},"end":{"line":218,"column":6488}},"35":{"start":{"line":223,"column":2},"end":{"line":223,"column":85}},"36":{"start":{"line":225,"column":2},"end":{"line":225,"column":51}},"37":{"start":{"line":227,"column":2},"end":{"line":227,"column":62}},"38":{"start":{"line":230,"column":2},"end":{"line":230,"column":68}},"39":{"start":{"line":232,"column":2},"end":{"line":232,"column":72}},"40":{"start":{"line":240,"column":2},"end":{"line":240,"column":7122}},"41":{"start":{"line":245,"column":2},"end":{"line":245,"column":13}},"42":{"start":{"line":247,"column":2},"end":{"line":247,"column":67}},"43":{"start":{"line":249,"column":2},"end":{"line":249,"column":67}},"44":{"start":{"line":251,"column":2},"end":{"line":251,"column":7417}},"45":{"start":{"line":252,"column":3},"end":{"line":252,"column":22}},"46":{"start":{"line":254,"column":3},"end":{"line":254,"column":29}},"47":{"start":{"line":257,"column":2},"end":{"line":257,"column":7511}},"48":{"start":{"line":258,"column":3},"end":{"line":258,"column":14}},"49":{"start":{"line":261,"column":2},"end":{"line":261,"column":62}},"50":{"start":{"line":263,"column":2},"end":{"line":263,"column":7620}},"51":{"start":{"line":264,"column":3},"end":{"line":264,"column":7695}},"52":{"start":{"line":265,"column":4},"end":{"line":265,"column":68}},"53":{"start":{"line":268,"column":4},"end":{"line":268,"column":7821}},"54":{"start":{"line":274,"column":4},"end":{"line":274,"column":61}},"55":{"start":{"line":277,"column":3},"end":{"line":277,"column":8045}},"56":{"start":{"line":278,"column":4},"end":{"line":278,"column":68}},"57":{"start":{"line":281,"column":4},"end":{"line":281,"column":8171}},"58":{"start":{"line":290,"column":4},"end":{"line":290,"column":61}},"59":{"start":{"line":294,"column":2},"end":{"line":294,"column":58}},"60":{"start":{"line":303,"column":2},"end":{"line":303,"column":90}},"61":{"start":{"line":306,"column":2},"end":{"line":306,"column":62}},"62":{"start":{"line":315,"column":2},"end":{"line":315,"column":46}},"63":{"start":{"line":317,"column":2},"end":{"line":317,"column":58}},"64":{"start":{"line":326,"column":2},"end":{"line":326,"column":38}},"65":{"start":{"line":328,"column":2},"end":{"line":328,"column":65}},"66":{"start":{"line":330,"column":2},"end":{"line":330,"column":74}},"67":{"start":{"line":339,"column":2},"end":{"line":339,"column":46}},"68":{"start":{"line":342,"column":2},"end":{"line":342,"column":9747}},"69":{"start":{"line":343,"column":3},"end":{"line":343,"column":9824}},"70":{"start":{"line":350,"column":2},"end":{"line":350,"column":9994}},"71":{"start":{"line":351,"column":3},"end":{"line":351,"column":10073}},"72":{"start":{"line":358,"column":2},"end":{"line":358,"column":10216}},"73":{"start":{"line":359,"column":3},"end":{"line":359,"column":10271}},"74":{"start":{"line":367,"column":2},"end":{"line":367,"column":10447}},"75":{"start":{"line":368,"column":3},"end":{"line":368,"column":10502}},"76":{"start":{"line":373,"column":3},"end":{"line":373,"column":60}},"77":{"start":{"line":377,"column":2},"end":{"line":377,"column":91}},"78":{"start":{"line":380,"column":2},"end":{"line":380,"column":54}},"79":{"start":{"line":382,"column":2},"end":{"line":382,"column":10914}},"80":{"start":{"line":384,"column":3},"end":{"line":384,"column":54}},"81":{"start":{"line":387,"column":3},"end":{"line":387,"column":63}},"82":{"start":{"line":397,"column":2},"end":{"line":397,"column":61}},"83":{"start":{"line":399,"column":2},"end":{"line":399,"column":11379}},"84":{"start":{"line":400,"column":3},"end":{"line":400,"column":64}},"85":{"start":{"line":402,"column":3},"end":{"line":402,"column":11532}},"86":{"start":{"line":418,"column":2},"end":{"line":418,"column":73}},"87":{"start":{"line":420,"column":2},"end":{"line":420,"column":92}},"88":{"start":{"line":430,"column":2},"end":{"line":430,"column":62}},"89":{"start":{"line":438,"column":2},"end":{"line":438,"column":60}},"90":{"start":{"line":446,"column":2},"end":{"line":446,"column":57}},"91":{"start":{"line":454,"column":2},"end":{"line":454,"column":66}},"92":{"start":{"line":462,"column":2},"end":{"line":462,"column":69}},"93":{"start":{"line":470,"column":2},"end":{"line":470,"column":50}},"94":{"start":{"line":477,"column":2},"end":{"line":477,"column":62}},"95":{"start":{"line":478,"column":2},"end":{"line":478,"column":83}},"96":{"start":{"line":487,"column":2},"end":{"line":487,"column":14}},"97":{"start":{"line":492,"column":2},"end":{"line":492,"column":17}}},"branchMap":{"1":{"line":86,"type":"if","locations":[{"start":{"line":86,"column":2},"end":{"line":86,"column":2}},{"start":{"line":86,"column":2},"end":{"line":86,"column":2}}]},"2":{"line":87,"type":"if","locations":[{"start":{"line":87,"column":2},"end":{"line":87,"column":2}},{"start":{"line":87,"column":2},"end":{"line":87,"column":2}}]},"3":{"line":91,"type":"if","locations":[{"start":{"line":91,"column":2},"end":{"line":91,"column":2}},{"start":{"line":91,"column":2},"end":{"line":91,"column":2}}]},"4":{"line":92,"type":"if","locations":[{"start":{"line":92,"column":2},"end":{"line":92,"column":2}},{"start":{"line":92,"column":2},"end":{"line":92,"column":2}}]},"5":{"line":93,"type":"if","locations":[{"start":{"line":93,"column":2},"end":{"line":93,"column":2}},{"start":{"line":93,"column":2},"end":{"line":93,"column":2}}]},"6":{"line":96,"type":"if","locations":[{"start":{"line":96,"column":2},"end":{"line":96,"column":2}},{"start":{"line":96,"column":2},"end":{"line":96,"column":2}}]},"7":{"line":127,"type":"if","locations":[{"start":{"line":127,"column":2},"end":{"line":127,"column":2}},{"start":{"line":127,"column":2},"end":{"line":127,"column":2}}]},"8":{"line":136,"type":"if","locations":[{"start":{"line":136,"column":2},"end":{"line":136,"column":2}},{"start":{"line":136,"column":2},"end":{"line":136,"column":2}}]},"9":{"line":174,"type":"if","locations":[{"start":{"line":174,"column":2},"end":{"line":174,"column":2}},{"start":{"line":174,"column":2},"end":{"line":174,"column":2}}]},"10":{"line":190,"type":"if","locations":[{"start":{"line":190,"column":2},"end":{"line":190,"column":2}},{"start":{"line":190,"column":2},"end":{"line":190,"column":2}}]},"11":{"line":218,"type":"if","locations":[{"start":{"line":218,"column":2},"end":{"line":218,"column":2}},{"start":{"line":218,"column":2},"end":{"line":218,"column":2}}]},"12":{"line":225,"type":"if","locations":[{"start":{"line":225,"column":2},"end":{"line":225,"column":2}},{"start":{"line":225,"column":2},"end":{"line":225,"column":2}}]},"13":{"line":240,"type":"if","locations":[{"start":{"line":240,"column":2},"end":{"line":240,"column":2}},{"start":{"line":240,"column":2},"end":{"line":240,"column":2}}]},"14":{"line":251,"type":"if","locations":[{"start":{"line":251,"column":2},"end":{"line":251,"column":2}},{"start":{"line":251,"column":2},"end":{"line":251,"column":2}}]},"15":{"line":257,"type":"if","locations":[{"start":{"line":257,"column":2},"end":{"line":257,"column":2}},{"start":{"line":257,"column":2},"end":{"line":257,"column":2}}]},"16":{"line":263,"type":"if","locations":[{"start":{"line":263,"column":2},"end":{"line":263,"column":2}},{"start":{"line":263,"column":2},"end":{"line":263,"column":2}}]},"17":{"line":303,"type":"if","locations":[{"start":{"line":303,"column":2},"end":{"line":303,"column":2}},{"start":{"line":303,"column":2},"end":{"line":303,"column":2}}]},"18":{"line":315,"type":"if","locations":[{"start":{"line":315,"column":2},"end":{"line":315,"column":2}},{"start":{"line":315,"column":2},"end":{"line":315,"column":2}}]},"19":{"line":326,"type":"if","locations":[{"start":{"line":326,"column":2},"end":{"line":326,"column":2}},{"start":{"line":326,"column":2},"end":{"line":326,"column":2}}]},"20":{"line":339,"type":"if","locations":[{"start":{"line":339,"column":2},"end":{"line":339,"column":2}},{"start":{"line":339,"column":2},"end":{"line":339,"column":2}}]},"21":{"line":342,"type":"if","locations":[{"start":{"line":342,"column":2},"end":{"line":342,"column":2}},{"start":{"line":342,"column":2},"end":{"line":342,"column":2}}]},"22":{"line":343,"type":"if","locations":[{"start":{"line":343,"column":3},"end":{"line":343,"column":3}},{"start":{"line":343,"column":3},"end":{"line":343,"column":3}}]},"23":{"line":350,"type":"if","locations":[{"start":{"line":350,"column":2},"end":{"line":350,"column":2}},{"start":{"line":350,"column":2},"end":{"line":350,"column":2}}]},"24":{"line":351,"type":"if","locations":[{"start":{"line":351,"column":3},"end":{"line":351,"column":3}},{"start":{"line":351,"column":3},"end":{"line":351,"column":3}}]},"25":{"line":358,"type":"if","locations":[{"start":{"line":358,"column":2},"end":{"line":358,"column":2}},{"start":{"line":358,"column":2},"end":{"line":358,"column":2}}]},"26":{"line":359,"type":"if","locations":[{"start":{"line":359,"column":3},"end":{"line":359,"column":3}},{"start":{"line":359,"column":3},"end":{"line":359,"column":3}}]},"27":{"line":367,"type":"if","locations":[{"start":{"line":367,"column":2},"end":{"line":367,"column":2}},{"start":{"line":367,"column":2},"end":{"line":367,"column":2}}]},"28":{"line":368,"type":"if","locations":[{"start":{"line":368,"column":3},"end":{"line":368,"column":3}},{"start":{"line":368,"column":3},"end":{"line":368,"column":3}}]},"29":{"line":382,"type":"if","locations":[{"start":{"line":382,"column":2},"end":{"line":382,"column":2}},{"start":{"line":382,"column":2},"end":{"line":382,"column":2}}]},"30":{"line":399,"type":"if","locations":[{"start":{"line":399,"column":2},"end":{"line":399,"column":2}},{"start":{"line":399,"column":2},"end":{"line":399,"column":2}}]},"31":{"line":418,"type":"if","locations":[{"start":{"line":418,"column":2},"end":{"line":418,"column":2}},{"start":{"line":418,"column":2},"end":{"line":418,"column":2}}]},"32":{"line":478,"type":"if","locations":[{"start":{"line":478,"column":2},"end":{"line":478,"column":2}},{"start":{"line":478,"column":2},"end":{"line":478,"column":2}}]}}},
"sales/utils/ContextMixin.sol":{"l":{"7":378,"8":4,"9":4,"10":4,"18":374,"20":378},"path":"/Users/simondos/projects/_micobo/security-token/sales/utils/ContextMixin.sol","s":{"1":378,"2":4,"3":4,"4":374,"5":378},"b":{"1":[4,374]},"f":{"1":378},"fnMap":{"1":{"name":"msgSender","line":6,"loc":{"start":{"line":6,"column":1},"end":{"line":21,"column":1}}}},"statementMap":{"1":{"start":{"line":7,"column":2},"end":{"line":7,"column":158}},"2":{"start":{"line":8,"column":3},"end":{"line":8,"column":32}},"3":{"start":{"line":9,"column":3},"end":{"line":9,"column":34}},"4":{"start":{"line":18,"column":3},"end":{"line":18,"column":30}},"5":{"start":{"line":20,"column":2},"end":{"line":20,"column":15}}},"branchMap":{"1":{"line":7,"type":"if","locations":[{"start":{"line":7,"column":2},"end":{"line":7,"column":2}},{"start":{"line":7,"column":2},"end":{"line":7,"column":2}}]}}},
"sales/utils/EIP712Base.sol":{"l":{"9":22,"10":22,"11":22,"37":11,"41":11,"53":1,"57":13,"58":13,"61":13,"76":1},"path":"/Users/simondos/projects/_micobo/security-token/sales/utils/EIP712Base.sol","s":{"1":22,"2":22,"3":11,"4":11,"5":1,"6":13,"7":13,"8":1},"b":{"1":[22,0]},"f":{"1":22,"2":11,"3":11,"4":1,"5":13,"6":1},"fnMap":{"1":{"name":"initializer","line":8,"loc":{"start":{"line":8,"column":1},"end":{"line":12,"column":1}}},"2":{"name":"_initializeEIP712","line":36,"loc":{"start":{"line":36,"column":1},"end":{"line":38,"column":1}}},"3":{"name":"_setDomainSeperator","line":40,"loc":{"start":{"line":40,"column":1},"end":{"line":50,"column":1}}},"4":{"name":"getDomainSeperator","line":52,"loc":{"start":{"line":52,"column":1},"end":{"line":54,"column":1}}},"5":{"name":"getChainId","line":56,"loc":{"start":{"line":56,"column":1},"end":{"line":62,"column":1}}},"6":{"name":"toTypedMessageHash","line":71,"loc":{"start":{"line":71,"column":1},"end":{"line":80,"column":1}}}},"statementMap":{"1":{"start":{"line":9,"column":2},"end":{"line":9,"column":35}},"2":{"start":{"line":11,"column":2},"end":{"line":11,"column":14}},"3":{"start":{"line":37,"column":2},"end":{"line":37,"column":26}},"4":{"start":{"line":41,"column":2},"end":{"line":41,"column":947}},"5":{"start":{"line":53,"column":2},"end":{"line":53,"column":24}},"6":{"start":{"line":57,"column":2},"end":{"line":57,"column":12}},"7":{"start":{"line":61,"column":2},"end":{"line":61,"column":11}},"8":{"start":{"line":76,"column":2},"end":{"line":76,"column":1787}}},"branchMap":{"1":{"line":9,"type":"if","locations":[{"start":{"line":9,"column":2},"end":{"line":9,"column":2}},{"start":{"line":9,"column":2},"end":{"line":9,"column":2}}]}}},
"sales/utils/NativeMetaTransaction.sol":{"l":{"35":1,"41":1,"44":1,"46":1,"49":1,"52":1,"54":1,"58":1,"70":1,"80":1,"81":1},"path":"/Users/simondos/projects/_micobo/security-token/sales/utils/NativeMetaTransaction.sol","s":{"1":1,"2":1,"3":1,"4":1,"5":1,"6":1,"7":1,"8":1,"9":1,"10":1,"11":1},"b":{"1":[1,0],"2":[1,0],"3":[1,0]},"f":{"1":1,"2":1,"3":1,"4":1},"fnMap":{"1":{"name":"executeMetaTransaction","line":28,"loc":{"start":{"line":28,"column":1},"end":{"line":55,"column":1}}},"2":{"name":"hashMetaTransaction","line":57,"loc":{"start":{"line":57,"column":1},"end":{"line":67,"column":1}}},"3":{"name":"getNonce","line":69,"loc":{"start":{"line":69,"column":1},"end":{"line":71,"column":1}}},"4":{"name":"verify","line":73,"loc":{"start":{"line":73,"column":1},"end":{"line":83,"column":1}}}},"statementMap":{"1":{"start":{"line":35,"column":2},"end":{"line":35,"column":991}},"2":{"start":{"line":41,"column":2},"end":{"line":41,"column":92}},"3":{"start":{"line":44,"column":2},"end":{"line":44,"column":46}},"4":{"start":{"line":46,"column":2},"end":{"line":46,"column":75}},"5":{"start":{"line":49,"column":2},"end":{"line":49,"column":1503}},"6":{"start":{"line":52,"column":2},"end":{"line":52,"column":49}},"7":{"start":{"line":54,"column":2},"end":{"line":54,"column":19}},"8":{"start":{"line":58,"column":2},"end":{"line":58,"column":1798}},"9":{"start":{"line":70,"column":2},"end":{"line":70,"column":21}},"10":{"start":{"line":80,"column":2},"end":{"line":80,"column":51}},"11":{"start":{"line":81,"column":2},"end":{"line":81,"column":2349}}},"branchMap":{"1":{"line":41,"type":"if","locations":[{"start":{"line":41,"column":2},"end":{"line":41,"column":2}},{"start":{"line":41,"column":2},"end":{"line":41,"column":2}}]},"2":{"line":52,"type":"if","locations":[{"start":{"line":52,"column":2},"end":{"line":52,"column":2}},{"start":{"line":52,"column":2},"end":{"line":52,"column":2}}]},"3":{"line":80,"type":"if","locations":[{"start":{"line":80,"column":2},"end":{"line":80,"column":2}},{"start":{"line":80,"column":2},"end":{"line":80,"column":2}}]}}},
"sales/utils/ReentrancyGuard.sol":{"l":{"33":62,"36":62,"38":62,"42":12},"path":"/Users/simondos/projects/_micobo/security-token/sales/utils/ReentrancyGuard.sol","s":{"1":62,"2":62,"3":12},"b":{"1":[62,0]},"f":{"1":62},"fnMap":{"1":{"name":"nonReentrant","line":31,"loc":{"start":{"line":31,"column":1},"end":{"line":43,"column":1}}}},"statementMap":{"1":{"start":{"line":33,"column":2},"end":{"line":33,"column":54}},"2":{"start":{"line":36,"column":2},"end":{"line":36,"column":16}},"3":{"start":{"line":42,"column":2},"end":{"line":42,"column":17}}},"branchMap":{"1":{"line":33,"type":"if","locations":[{"start":{"line":33,"column":2},"end":{"line":33,"column":2}},{"start":{"line":33,"column":2},"end":{"line":33,"column":2}}]}}}}
