TN:
SF:/Users/simondos/projects/_micobo/security-token/sales/interfaces/ICurrency.sol
FNF:0
FNH:0
LF:0
LH:0
BRF:0
BRH:0
end_of_record
TN:
SF:/Users/simondos/projects/_micobo/security-token/sales/main/Sale.sol
FN:68,constructor
FN:92,purchaseTokenWithAllowance
FN:133,purchaseWithAuthorization
FN:181,addFiatPurchase
FN:188,editPurchaseLimits
FN:197,editCurrencyRates
FN:210,_issueTokens
FN:227,editPrimaryMarketEnd
FN:238,getTokenAddress
FN:242,getWhitelistAddress
FN:250,getPurchase
FN:254,getLimit
FN:258,getCurrencyRate
FN:266,getBuyers
FN:273,onlySaleAdmin
FNF:15
FNH:15
FNDA:12,constructor
FNDA:28,purchaseTokenWithAllowance
FNDA:12,purchaseWithAuthorization
FNDA:265,addFiatPurchase
FNDA:247,editPurchaseLimits
FNDA:11,editCurrencyRates
FNDA:12,_issueTokens
FNDA:16,editPrimaryMarketEnd
FNDA:1,getTokenAddress
FNDA:1,getWhitelistAddress
FNDA:18,getPurchase
FNDA:1,getLimit
FNDA:6,getCurrencyRate
FNDA:15,getBuyers
FNDA:562,onlySaleAdmin
DA:69,12
DA:71,12
DA:73,12
DA:74,12
DA:79,10
DA:80,10
DA:81,10
DA:82,10
DA:83,10
DA:84,10
DA:85,10
DA:87,10
DA:94,28
DA:97,28
DA:103,20
DA:106,20
DA:112,4
DA:115,4
DA:117,4
DA:134,12
DA:137,12
DA:143,10
DA:146,10
DA:153,10
DA:159,6
DA:168,4
DA:170,2
DA:183,265
DA:190,247
DA:192,245
DA:200,11
DA:202,9
DA:204,9
DA:211,12
DA:212,3
DA:214,9
DA:229,16
DA:234,10
DA:239,1
DA:247,1
DA:251,18
DA:255,1
DA:263,6
DA:267,15
DA:274,562
DA:278,544
LF:46
LH:46
BRDA:69,1,0,12
BRDA:69,1,1,0
BRDA:71,2,0,12
BRDA:71,2,1,0
BRDA:73,3,0,12
BRDA:73,3,1,0
BRDA:74,4,0,10
BRDA:74,4,1,2
BRDA:97,5,0,20
BRDA:97,5,1,8
BRDA:106,6,0,4
BRDA:106,6,1,16
BRDA:137,7,0,10
BRDA:137,7,1,2
BRDA:153,8,0,6
BRDA:153,8,1,4
BRDA:190,9,0,245
BRDA:190,9,1,2
BRDA:200,10,0,9
BRDA:200,10,1,2
BRDA:211,11,0,3
BRDA:211,11,1,9
BRDA:229,12,0,10
BRDA:229,12,1,6
BRDA:274,13,0,544
BRDA:274,13,1,18
BRF:26
BRH:23
end_of_record
TN:
SF:/Users/simondos/projects/_micobo/security-token/sales/main/SaleDeferred.sol
FN:32,constructor
FN:35,claimTokens
FN:53,distributeTokens
FN:105,cancelPurchase
FN:115,_addPurchase
FNF:5
FNH:5
FNDA:5,constructor
FNDA:13,claimTokens
FNDA:8,distributeTokens
FNDA:5,cancelPurchase
FNDA:248,_addPurchase
DA:36,13
DA:41,9
DA:43,9
DA:45,5
DA:48,5
DA:50,3
DA:54,8
DA:59,8
DA:61,8
DA:62,4
DA:64,4
DA:67,4
DA:68,2
DA:71,4
DA:72,2
DA:73,135
DA:76,135
DA:82,135
DA:85,2
DA:86,102
DA:89,102
DA:98,102
DA:107,5
DA:109,3
DA:112,1
DA:116,248
DA:119,246
DA:125,246
DA:128,244
DA:131,242
DA:134,240
DA:137,240
DA:140,240
DA:143,240
LF:34
LH:34
BRDA:36,1,0,9
BRDA:36,1,1,4
BRDA:43,2,0,5
BRDA:43,2,1,4
BRDA:54,3,0,8
BRDA:54,3,1,0
BRDA:61,4,0,4
BRDA:61,4,1,4
BRDA:67,5,0,2
BRDA:67,5,1,2
BRDA:71,6,0,2
BRDA:71,6,1,2
BRDA:107,7,0,3
BRDA:107,7,1,2
BRDA:109,8,0,1
BRDA:109,8,1,2
BRDA:116,9,0,246
BRDA:116,9,1,2
BRDA:119,10,0,246
BRDA:119,10,1,0
BRDA:125,11,0,244
BRDA:125,11,1,2
BRDA:128,12,0,242
BRDA:128,12,1,2
BRDA:131,13,0,240
BRDA:131,13,1,2
BRF:26
BRH:24
end_of_record
TN:
SF:/Users/simondos/projects/_micobo/security-token/sales/main/SaleInstant.sol
FN:31,constructor
FN:34,_addPurchase
FNF:2
FNH:2
FNDA:5,constructor
FNDA:25,_addPurchase
DA:35,25
DA:38,21
DA:44,21
DA:47,15
DA:50,11
DA:53,7
DA:56,7
DA:59,7
DA:62,7
DA:65,7
LF:10
LH:10
BRDA:35,1,0,21
BRDA:35,1,1,4
BRDA:38,2,0,21
BRDA:38,2,1,0
BRDA:44,3,0,15
BRDA:44,3,1,6
BRDA:47,4,0,11
BRDA:47,4,1,4
BRDA:50,5,0,7
BRDA:50,5,1,4
BRF:10
BRH:9
end_of_record
TN:
SF:/Users/simondos/projects/_micobo/security-token/sales/utils/ContextMixin.sol
FN:6,msgSender
FNF:1
FNH:1
FNDA:617,msgSender
DA:7,617
DA:8,4
DA:9,4
DA:10,4
DA:18,613
DA:20,617
LF:6
LH:6
BRDA:7,1,0,4
BRDA:7,1,1,613
BRF:2
BRH:2
end_of_record
TN:
SF:/Users/simondos/projects/_micobo/security-token/sales/utils/EIP712Base.sol
FN:8,initializer
FN:36,_initializeEIP712
FN:40,_setDomainSeperator
FN:52,getDomainSeperator
FN:56,getChainId
FN:71,toTypedMessageHash
FNF:6
FNH:6
FNDA:10,initializer
FNDA:10,_initializeEIP712
FNDA:10,_setDomainSeperator
FNDA:1,getDomainSeperator
FNDA:12,getChainId
FNDA:1,toTypedMessageHash
DA:9,10
DA:10,10
DA:11,10
DA:37,10
DA:41,10
DA:53,1
DA:57,12
DA:58,12
DA:61,12
DA:76,1
LF:10
LH:10
BRDA:9,1,0,10
BRDA:9,1,1,0
BRF:2
BRH:1
end_of_record
TN:
SF:/Users/simondos/projects/_micobo/security-token/sales/utils/NativeMetaTransaction.sol
FN:32,executeMetaTransaction
FN:68,hashMetaTransaction
FN:84,getNonce
FN:88,verify
FNF:4
FNH:4
FNDA:1,executeMetaTransaction
FNDA:1,hashMetaTransaction
FNDA:1,getNonce
FNDA:1,verify
DA:39,1
DA:45,1
DA:51,1
DA:53,1
DA:60,1
DA:63,1
DA:65,1
DA:73,1
DA:85,1
DA:95,1
DA:96,1
LF:11
LH:11
BRDA:45,1,0,1
BRDA:45,1,1,0
BRDA:63,2,0,1
BRDA:63,2,1,0
BRDA:95,3,0,1
BRDA:95,3,1,0
BRF:6
BRH:3
end_of_record
TN:
SF:/Users/simondos/projects/_micobo/security-token/sales/utils/ReentrancyGuard.sol
FN:24,constructor
FN:41,nonReentrant
FNF:2
FNH:2
FNDA:12,constructor
FNDA:61,nonReentrant
DA:31,12
DA:43,61
DA:46,61
DA:48,61
DA:52,13
LF:5
LH:5
BRDA:43,1,0,61
BRDA:43,1,1,0
BRF:2
BRH:1
end_of_record
