{
"contracts/constraints/OffChainValidatorConstraintModule.sol":{"l":{},"path":"/Users/simondos/projects/security-token/contracts/constraints/OffChainValidatorConstraintModule.sol","s":{},"b":{},"f":{},"fnMap":{},"statementMap":{},"branchMap":{}},
"contracts/constraints/PauseConstraintModule.sol":{"l":{"30":1,"31":1,"47":3,"58":3,"81":3,"82":2,"84":1,"97":5,"105":7,"106":5,"115":7,"116":5,"125":5,"126":3,"127":3,"136":5,"137":3,"138":3,"145":1},"path":"/Users/simondos/projects/security-token/contracts/constraints/PauseConstraintModule.sol","s":{"1":1,"2":1,"3":3,"4":3,"5":3,"6":2,"7":1,"8":5,"9":7,"10":7,"11":5,"12":3,"13":3,"14":5,"15":3,"16":3,"17":1},"b":{"1":[2,1],"2":[5,2],"3":[5,2],"4":[3,2],"5":[3,2]},"f":{"1":1,"2":3,"3":3,"4":5,"5":7,"6":7,"7":5,"8":5,"9":1},"fnMap":{"1":{"name":"constructor","line":27,"loc":{"start":{"line":27,"column":4},"end":{"line":29,"column":14}}},"2":{"name":"executeTransfer","line":34,"loc":{"start":{"line":34,"column":4},"end":{"line":46,"column":35}}},"3":{"name":"validateTransfer","line":61,"loc":{"start":{"line":61,"column":4},"end":{"line":80,"column":5}}},"4":{"name":"paused","line":96,"loc":{"start":{"line":96,"column":4},"end":{"line":96,"column":46}}},"5":{"name":"whenNotPaused","line":104,"loc":{"start":{"line":104,"column":4},"end":{"line":104,"column":26}}},"6":{"name":"whenPaused","line":114,"loc":{"start":{"line":114,"column":4},"end":{"line":114,"column":23}}},"7":{"name":"pause","line":124,"loc":{"start":{"line":124,"column":40},"end":{"line":124,"column":3}}},"8":{"name":"unpause","line":135,"loc":{"start":{"line":135,"column":39},"end":{"line":135,"column":3}}},"9":{"name":"getModuleName","line":144,"loc":{"start":{"line":144,"column":4},"end":{"line":144,"column":65}}}},"statementMap":{"1":{"start":{"line":30,"column":8},"end":{"line":30,"column":52}},"2":{"start":{"line":31,"column":8},"end":{"line":31,"column":22}},"3":{"start":{"line":47,"column":8},"end":{"line":47,"column":1011}},"4":{"start":{"line":58,"column":8},"end":{"line":58,"column":30}},"5":{"start":{"line":81,"column":8},"end":{"line":81,"column":1739}},"6":{"start":{"line":82,"column":12},"end":{"line":82,"column":66}},"7":{"start":{"line":84,"column":12},"end":{"line":84,"column":46}},"8":{"start":{"line":97,"column":8},"end":{"line":97,"column":22}},"9":{"start":{"line":105,"column":8},"end":{"line":105,"column":46}},"10":{"start":{"line":115,"column":8},"end":{"line":115,"column":49}},"11":{"start":{"line":125,"column":8},"end":{"line":125,"column":75}},"12":{"start":{"line":126,"column":8},"end":{"line":126,"column":21}},"13":{"start":{"line":127,"column":8},"end":{"line":127,"column":31}},"14":{"start":{"line":136,"column":8},"end":{"line":136,"column":75}},"15":{"start":{"line":137,"column":8},"end":{"line":137,"column":22}},"16":{"start":{"line":138,"column":8},"end":{"line":138,"column":33}},"17":{"start":{"line":145,"column":8},"end":{"line":145,"column":27}}},"branchMap":{"1":{"line":81,"type":"if","locations":[{"start":{"line":81,"column":8},"end":{"line":81,"column":8}},{"start":{"line":81,"column":8},"end":{"line":81,"column":8}}]},"2":{"line":105,"type":"if","locations":[{"start":{"line":105,"column":8},"end":{"line":105,"column":8}},{"start":{"line":105,"column":8},"end":{"line":105,"column":8}}]},"3":{"line":115,"type":"if","locations":[{"start":{"line":115,"column":8},"end":{"line":115,"column":8}},{"start":{"line":115,"column":8},"end":{"line":115,"column":8}}]},"4":{"line":125,"type":"if","locations":[{"start":{"line":125,"column":8},"end":{"line":125,"column":8}},{"start":{"line":125,"column":8},"end":{"line":125,"column":8}}]},"5":{"line":136,"type":"if","locations":[{"start":{"line":136,"column":8},"end":{"line":136,"column":8}},{"start":{"line":136,"column":8},"end":{"line":136,"column":8}}]}}},
"contracts/constraints/SpendingLimitsConstraintModule.sol":{"l":{"43":1,"51":18,"52":12,"56":4,"60":3,"61":1,"65":5,"66":3,"67":3,"91":10,"93":10,"96":10,"99":4,"100":2,"101":2,"107":2,"113":6,"114":2,"115":2,"119":4,"120":4,"125":10,"155":5,"157":5,"160":5,"163":3,"164":1,"165":1,"166":1,"175":2,"181":2,"182":1,"183":1,"184":1,"191":1,"196":5,"200":1},"path":"/Users/simondos/projects/security-token/contracts/constraints/SpendingLimitsConstraintModule.sol","s":{"1":1,"2":18,"3":4,"4":3,"5":1,"6":5,"7":3,"8":3,"9":10,"10":10,"11":10,"12":4,"13":2,"14":2,"15":2,"16":6,"17":2,"18":2,"19":4,"20":4,"21":10,"22":5,"23":5,"24":5,"25":3,"26":1,"27":1,"28":1,"29":2,"30":1,"31":1,"32":1,"33":5,"34":1},"b":{"1":[12,6],"2":[1,2],"3":[3,2],"4":[4,6],"5":[2,2],"6":[2,4],"7":[3,2],"8":[1,2],"9":[1,1]},"f":{"1":1,"2":18,"3":4,"4":3,"5":5,"6":10,"7":5,"8":1},"fnMap":{"1":{"name":"constructor","line":40,"loc":{"start":{"line":40,"column":4},"end":{"line":42,"column":14}}},"2":{"name":"onlySpendingLimitsEditor","line":50,"loc":{"start":{"line":50,"column":4},"end":{"line":50,"column":35}}},"3":{"name":"addTimelock","line":55,"loc":{"start":{"line":55,"column":100},"end":{"line":55,"column":2}}},"4":{"name":"setTimelock","line":59,"loc":{"start":{"line":59,"column":116},"end":{"line":59,"column":2}}},"5":{"name":"deleteTimelock","line":64,"loc":{"start":{"line":64,"column":74},"end":{"line":64,"column":2}}},"6":{"name":"executeTransfer","line":71,"loc":{"start":{"line":71,"column":4},"end":{"line":88,"column":5}}},"7":{"name":"validateTransfer","line":132,"loc":{"start":{"line":132,"column":4},"end":{"line":152,"column":5}}},"8":{"name":"getModuleName","line":199,"loc":{"start":{"line":199,"column":4},"end":{"line":199,"column":65}}}},"statementMap":{"1":{"start":{"line":43,"column":8},"end":{"line":43,"column":52}},"2":{"start":{"line":51,"column":8},"end":{"line":51,"column":91}},"3":{"start":{"line":56,"column":8},"end":{"line":56,"column":71}},"4":{"start":{"line":60,"column":8},"end":{"line":60,"column":63}},"5":{"start":{"line":61,"column":8},"end":{"line":61,"column":74}},"6":{"start":{"line":65,"column":8},"end":{"line":65,"column":63}},"7":{"start":{"line":66,"column":8},"end":{"line":66,"column":75}},"8":{"start":{"line":67,"column":8},"end":{"line":67,"column":28}},"9":{"start":{"line":91,"column":8},"end":{"line":91,"column":2535}},"10":{"start":{"line":93,"column":12},"end":{"line":93,"column":45}},"11":{"start":{"line":96,"column":12},"end":{"line":96,"column":2720}},"12":{"start":{"line":99,"column":16},"end":{"line":99,"column":2868}},"13":{"start":{"line":100,"column":20},"end":{"line":100,"column":33}},"14":{"start":{"line":101,"column":20},"end":{"line":101,"column":73}},"15":{"start":{"line":107,"column":20},"end":{"line":107,"column":55}},"16":{"start":{"line":113,"column":16},"end":{"line":113,"column":3455}},"17":{"start":{"line":114,"column":20},"end":{"line":114,"column":33}},"18":{"start":{"line":115,"column":20},"end":{"line":115,"column":73}},"19":{"start":{"line":119,"column":20},"end":{"line":119,"column":38}},"20":{"start":{"line":120,"column":20},"end":{"line":120,"column":76}},"21":{"start":{"line":125,"column":8},"end":{"line":125,"column":33}},"22":{"start":{"line":155,"column":8},"end":{"line":155,"column":4479}},"23":{"start":{"line":157,"column":12},"end":{"line":157,"column":45}},"24":{"start":{"line":160,"column":12},"end":{"line":160,"column":4664}},"25":{"start":{"line":163,"column":16},"end":{"line":163,"column":4812}},"26":{"start":{"line":164,"column":20},"end":{"line":164,"column":33}},"27":{"start":{"line":165,"column":20},"end":{"line":165,"column":68}},"28":{"start":{"line":166,"column":20},"end":{"line":166,"column":33}},"29":{"start":{"line":181,"column":16},"end":{"line":181,"column":5515}},"30":{"start":{"line":182,"column":20},"end":{"line":182,"column":33}},"31":{"start":{"line":183,"column":20},"end":{"line":183,"column":68}},"32":{"start":{"line":184,"column":20},"end":{"line":184,"column":33}},"33":{"start":{"line":196,"column":8},"end":{"line":196,"column":50}},"34":{"start":{"line":200,"column":8},"end":{"line":200,"column":27}}},"branchMap":{"1":{"line":51,"type":"if","locations":[{"start":{"line":51,"column":8},"end":{"line":51,"column":8}},{"start":{"line":51,"column":8},"end":{"line":51,"column":8}}]},"2":{"line":60,"type":"if","locations":[{"start":{"line":60,"column":8},"end":{"line":60,"column":8}},{"start":{"line":60,"column":8},"end":{"line":60,"column":8}}]},"3":{"line":65,"type":"if","locations":[{"start":{"line":65,"column":8},"end":{"line":65,"column":8}},{"start":{"line":65,"column":8},"end":{"line":65,"column":8}}]},"4":{"line":96,"type":"if","locations":[{"start":{"line":96,"column":12},"end":{"line":96,"column":12}},{"start":{"line":96,"column":12},"end":{"line":96,"column":12}}]},"5":{"line":99,"type":"if","locations":[{"start":{"line":99,"column":16},"end":{"line":99,"column":16}},{"start":{"line":99,"column":16},"end":{"line":99,"column":16}}]},"6":{"line":113,"type":"if","locations":[{"start":{"line":113,"column":16},"end":{"line":113,"column":16}},{"start":{"line":113,"column":16},"end":{"line":113,"column":16}}]},"7":{"line":160,"type":"if","locations":[{"start":{"line":160,"column":12},"end":{"line":160,"column":12}},{"start":{"line":160,"column":12},"end":{"line":160,"column":12}}]},"8":{"line":163,"type":"if","locations":[{"start":{"line":163,"column":16},"end":{"line":163,"column":16}},{"start":{"line":163,"column":16},"end":{"line":163,"column":16}}]},"9":{"line":181,"type":"if","locations":[{"start":{"line":181,"column":16},"end":{"line":181,"column":16}},{"start":{"line":181,"column":16},"end":{"line":181,"column":16}}]}}},
"contracts/constraints/TimeLockConstraintModule.sol":{"l":{"21":1,"26":6,"27":4,"31":6,"32":4,"48":6,"59":6,"82":6,"83":2,"85":2,"87":2,"94":1},"path":"/Users/simondos/projects/security-token/contracts/constraints/TimeLockConstraintModule.sol","s":{"1":1,"2":6,"3":4,"4":6,"5":4,"6":6,"7":6,"8":6,"9":2,"10":4,"11":2,"12":2,"13":1},"b":{"1":[4,2],"2":[4,2],"3":[2,4],"4":[2,2]},"f":{"1":1,"2":6,"3":6,"4":6,"5":6,"6":1},"fnMap":{"1":{"name":"constructor","line":18,"loc":{"start":{"line":18,"column":4},"end":{"line":20,"column":14}}},"2":{"name":"editAccountTimeLock","line":25,"loc":{"start":{"line":25,"column":4},"end":{"line":25,"column":68}}},"3":{"name":"editTimeLock","line":30,"loc":{"start":{"line":30,"column":4},"end":{"line":30,"column":44}}},"4":{"name":"executeTransfer","line":35,"loc":{"start":{"line":35,"column":4},"end":{"line":47,"column":35}}},"5":{"name":"validateTransfer","line":62,"loc":{"start":{"line":62,"column":4},"end":{"line":81,"column":5}}},"6":{"name":"getModuleName","line":93,"loc":{"start":{"line":93,"column":4},"end":{"line":93,"column":65}}}},"statementMap":{"1":{"start":{"line":21,"column":8},"end":{"line":21,"column":52}},"2":{"start":{"line":26,"column":8},"end":{"line":26,"column":85}},"3":{"start":{"line":27,"column":8},"end":{"line":27,"column":39}},"4":{"start":{"line":31,"column":8},"end":{"line":31,"column":85}},"5":{"start":{"line":32,"column":8},"end":{"line":32,"column":23}},"6":{"start":{"line":48,"column":8},"end":{"line":48,"column":1232}},"7":{"start":{"line":59,"column":8},"end":{"line":59,"column":30}},"8":{"start":{"line":82,"column":8},"end":{"line":82,"column":1954}},"9":{"start":{"line":83,"column":13},"end":{"line":83,"column":73}},"10":{"start":{"line":84,"column":15},"end":{"line":84,"column":2067}},"11":{"start":{"line":85,"column":12},"end":{"line":85,"column":70}},"12":{"start":{"line":87,"column":12},"end":{"line":87,"column":45}},"13":{"start":{"line":94,"column":8},"end":{"line":94,"column":27}}},"branchMap":{"1":{"line":26,"type":"if","locations":[{"start":{"line":26,"column":8},"end":{"line":26,"column":8}},{"start":{"line":26,"column":8},"end":{"line":26,"column":8}}]},"2":{"line":31,"type":"if","locations":[{"start":{"line":31,"column":8},"end":{"line":31,"column":8}},{"start":{"line":31,"column":8},"end":{"line":31,"column":8}}]},"3":{"line":82,"type":"if","locations":[{"start":{"line":82,"column":8},"end":{"line":82,"column":8}},{"start":{"line":82,"column":8},"end":{"line":82,"column":8}}]},"4":{"line":84,"type":"if","locations":[{"start":{"line":84,"column":15},"end":{"line":84,"column":15}},{"start":{"line":84,"column":15},"end":{"line":84,"column":15}}]}}},
"contracts/constraints/VestingPeriodConstraintModule.sol":{"l":{"35":1,"43":3,"45":1,"46":1,"47":1,"63":3,"74":3,"99":3,"100":2,"101":2,"102":2,"108":1,"111":0,"112":0,"113":0,"118":1,"121":3,"126":1,"130":1,"158":0,"162":0,"166":0,"170":0,"174":1},"path":"/Users/simondos/projects/security-token/contracts/constraints/VestingPeriodConstraintModule.sol","s":{"1":1,"2":3,"3":1,"4":1,"5":1,"6":3,"7":3,"8":3,"9":2,"10":2,"11":2,"12":1,"13":0,"14":0,"15":0,"16":1,"17":3,"18":1,"19":1,"20":0,"21":0,"22":0,"23":0,"24":1},"b":{"1":[1,2],"2":[2,1],"3":[0,1]},"f":{"1":1,"2":3,"3":3,"4":3,"5":1,"6":0,"7":0,"8":0,"9":0,"10":1},"fnMap":{"1":{"name":"constructor","line":32,"loc":{"start":{"line":32,"column":4},"end":{"line":34,"column":14}}},"2":{"name":"setVestingOptions","line":38,"loc":{"start":{"line":38,"column":4},"end":{"line":42,"column":14}}},"3":{"name":"executeTransfer","line":50,"loc":{"start":{"line":50,"column":4},"end":{"line":62,"column":35}}},"4":{"name":"validateTransfer","line":77,"loc":{"start":{"line":77,"column":4},"end":{"line":97,"column":5}}},"5":{"name":"getAmountAllowed","line":124,"loc":{"start":{"line":124,"column":4},"end":{"line":124,"column":92}}},"6":{"name":"getVestingStart","line":157,"loc":{"start":{"line":157,"column":4},"end":{"line":157,"column":58}}},"7":{"name":"getVestedFractionAfterStart","line":161,"loc":{"start":{"line":161,"column":4},"end":{"line":161,"column":70}}},"8":{"name":"getVestingRatio","line":165,"loc":{"start":{"line":165,"column":4},"end":{"line":165,"column":58}}},"9":{"name":"getAmountSpentByUser","line":169,"loc":{"start":{"line":169,"column":4},"end":{"line":169,"column":75}}},"10":{"name":"getModuleName","line":173,"loc":{"start":{"line":173,"column":4},"end":{"line":173,"column":65}}}},"statementMap":{"1":{"start":{"line":35,"column":8},"end":{"line":35,"column":52}},"2":{"start":{"line":43,"column":8},"end":{"line":43,"column":90}},"3":{"start":{"line":45,"column":8},"end":{"line":45,"column":35}},"4":{"start":{"line":46,"column":8},"end":{"line":46,"column":49}},"5":{"start":{"line":47,"column":8},"end":{"line":47,"column":35}},"6":{"start":{"line":63,"column":8},"end":{"line":63,"column":1642}},"7":{"start":{"line":74,"column":8},"end":{"line":74,"column":30}},"8":{"start":{"line":99,"column":8},"end":{"line":99,"column":2483}},"9":{"start":{"line":100,"column":12},"end":{"line":100,"column":25}},"10":{"start":{"line":101,"column":12},"end":{"line":101,"column":54}},"11":{"start":{"line":102,"column":12},"end":{"line":102,"column":25}},"12":{"start":{"line":108,"column":12},"end":{"line":108,"column":2772}},"13":{"start":{"line":111,"column":16},"end":{"line":111,"column":29}},"14":{"start":{"line":112,"column":16},"end":{"line":112,"column":55}},"15":{"start":{"line":113,"column":16},"end":{"line":113,"column":29}},"16":{"start":{"line":118,"column":16},"end":{"line":118,"column":50}},"17":{"start":{"line":121,"column":8},"end":{"line":121,"column":50}},"18":{"start":{"line":126,"column":8},"end":{"line":126,"column":3445}},"19":{"start":{"line":130,"column":8},"end":{"line":130,"column":3565}},"20":{"start":{"line":158,"column":8},"end":{"line":158,"column":28}},"21":{"start":{"line":162,"column":8},"end":{"line":162,"column":30}},"22":{"start":{"line":166,"column":8},"end":{"line":166,"column":28}},"23":{"start":{"line":170,"column":8},"end":{"line":170,"column":39}},"24":{"start":{"line":174,"column":8},"end":{"line":174,"column":27}}},"branchMap":{"1":{"line":43,"type":"if","locations":[{"start":{"line":43,"column":8},"end":{"line":43,"column":8}},{"start":{"line":43,"column":8},"end":{"line":43,"column":8}}]},"2":{"line":99,"type":"if","locations":[{"start":{"line":99,"column":8},"end":{"line":99,"column":8}},{"start":{"line":99,"column":8},"end":{"line":99,"column":8}}]},"3":{"line":108,"type":"if","locations":[{"start":{"line":108,"column":12},"end":{"line":108,"column":12}},{"start":{"line":108,"column":12},"end":{"line":108,"column":12}}]}}},
"contracts/constraints/WhitelistConstraintModule.sol":{"l":{"23":1,"27":2,"33":3,"34":1,"39":3,"40":1,"42":1,"43":10,"60":3,"71":3,"95":3,"96":1,"98":2,"100":0,"107":1},"path":"/Users/simondos/projects/security-token/contracts/constraints/WhitelistConstraintModule.sol","s":{"1":1,"2":2,"3":3,"4":1,"5":3,"6":1,"7":1,"8":10,"9":3,"10":3,"11":3,"12":1,"13":2,"14":2,"15":0,"16":1},"b":{"1":[1,2],"2":[1,2],"3":[1,0],"4":[1,2],"5":[2,0]},"f":{"1":1,"2":2,"3":3,"4":3,"5":3,"6":3,"7":1},"fnMap":{"1":{"name":"constructor","line":20,"loc":{"start":{"line":20,"column":4},"end":{"line":22,"column":14}}},"2":{"name":"isWhitelisted","line":26,"loc":{"start":{"line":26,"column":4},"end":{"line":26,"column":68}}},"3":{"name":"editWhitelist","line":32,"loc":{"start":{"line":32,"column":4},"end":{"line":32,"column":66}}},"4":{"name":"bulkEditWhitelist","line":38,"loc":{"start":{"line":38,"column":4},"end":{"line":38,"column":80}}},"5":{"name":"executeTransfer","line":47,"loc":{"start":{"line":47,"column":4},"end":{"line":59,"column":35}}},"6":{"name":"validateTransfer","line":75,"loc":{"start":{"line":75,"column":4},"end":{"line":94,"column":5}}},"7":{"name":"getModuleName","line":106,"loc":{"start":{"line":106,"column":4},"end":{"line":106,"column":65}}}},"statementMap":{"1":{"start":{"line":23,"column":8},"end":{"line":23,"column":52}},"2":{"start":{"line":27,"column":8},"end":{"line":27,"column":34}},"3":{"start":{"line":33,"column":8},"end":{"line":33,"column":85}},"4":{"start":{"line":34,"column":8},"end":{"line":34,"column":40}},"5":{"start":{"line":39,"column":8},"end":{"line":39,"column":85}},"6":{"start":{"line":40,"column":8},"end":{"line":40,"column":58}},"7":{"start":{"line":42,"column":8},"end":{"line":42,"column":1159}},"8":{"start":{"line":43,"column":12},"end":{"line":43,"column":48}},"9":{"start":{"line":60,"column":8},"end":{"line":60,"column":1589}},"10":{"start":{"line":71,"column":8},"end":{"line":71,"column":30}},"11":{"start":{"line":95,"column":8},"end":{"line":95,"column":2306}},"12":{"start":{"line":96,"column":12},"end":{"line":96,"column":46}},"13":{"start":{"line":97,"column":15},"end":{"line":97,"column":2410}},"14":{"start":{"line":98,"column":12},"end":{"line":98,"column":70}},"15":{"start":{"line":100,"column":12},"end":{"line":100,"column":73}},"16":{"start":{"line":107,"column":8},"end":{"line":107,"column":27}}},"branchMap":{"1":{"line":33,"type":"if","locations":[{"start":{"line":33,"column":8},"end":{"line":33,"column":8}},{"start":{"line":33,"column":8},"end":{"line":33,"column":8}}]},"2":{"line":39,"type":"if","locations":[{"start":{"line":39,"column":8},"end":{"line":39,"column":8}},{"start":{"line":39,"column":8},"end":{"line":39,"column":8}}]},"3":{"line":40,"type":"if","locations":[{"start":{"line":40,"column":8},"end":{"line":40,"column":8}},{"start":{"line":40,"column":8},"end":{"line":40,"column":8}}]},"4":{"line":95,"type":"if","locations":[{"start":{"line":95,"column":8},"end":{"line":95,"column":8}},{"start":{"line":95,"column":8},"end":{"line":95,"column":8}}]},"5":{"line":97,"type":"if","locations":[{"start":{"line":97,"column":15},"end":{"line":97,"column":15}},{"start":{"line":97,"column":15},"end":{"line":97,"column":15}}]}}},
"contracts/erc1820/ERC1820Client.sol":{"l":{"17":0,"18":0,"22":0,"23":0,"27":0},"path":"/Users/simondos/projects/security-token/contracts/erc1820/ERC1820Client.sol","s":{"1":0,"2":0,"3":0,"4":0,"5":0},"b":{},"f":{"1":0,"2":0,"3":0},"fnMap":{"1":{"name":"setInterfaceImplementation","line":16,"loc":{"start":{"line":16,"column":4},"end":{"line":16,"column":102}}},"2":{"name":"interfaceAddr","line":21,"loc":{"start":{"line":21,"column":4},"end":{"line":21,"column":100}}},"3":{"name":"delegateManagement","line":26,"loc":{"start":{"line":26,"column":4},"end":{"line":26,"column":59}}}},"statementMap":{"1":{"start":{"line":17,"column":8},"end":{"line":17,"column":76}},"2":{"start":{"line":18,"column":8},"end":{"line":18,"column":93}},"3":{"start":{"line":22,"column":8},"end":{"line":22,"column":76}},"4":{"start":{"line":23,"column":8},"end":{"line":23,"column":75}},"5":{"start":{"line":27,"column":8},"end":{"line":27,"column":61}}},"branchMap":{}},
"contracts/factories/ConstraintModuleFactory.sol":{"l":{},"path":"/Users/simondos/projects/security-token/contracts/factories/ConstraintModuleFactory.sol","s":{},"b":{},"f":{},"fnMap":{},"statementMap":{},"branchMap":{}},
"contracts/gsn/GSNable.sol":{"l":{"11":0,"12":0,"21":4,"22":2,"38":7,"39":6,"41":0,"53":1,"58":3,"59":0,"69":3,"70":0,"76":2,"80":0,"84":0,"88":0},"path":"/Users/simondos/projects/security-token/contracts/gsn/GSNable.sol","s":{"1":0,"2":4,"3":7,"4":6,"5":1,"6":0,"7":1,"8":3,"9":0,"10":3,"11":0,"12":2,"13":0,"14":0,"15":0},"b":{"1":[2,2],"2":[6,1],"3":[0,1],"4":[0,3],"5":[0,3]},"f":{"1":0,"2":4,"3":7,"4":3,"5":3,"6":2,"7":0,"8":0,"9":0},"fnMap":{"1":{"name":"isGSNController","line":10,"loc":{"start":{"line":10,"column":4},"end":{"line":10,"column":65}}},"2":{"name":"onlyGSNController","line":20,"loc":{"start":{"line":20,"column":4},"end":{"line":20,"column":30}}},"3":{"name":"acceptRelayedCall","line":26,"loc":{"start":{"line":26,"column":4},"end":{"line":36,"column":62}}},"4":{"name":"_preRelayedCall","line":57,"loc":{"start":{"line":57,"column":4},"end":{"line":57,"column":84}}},"5":{"name":"_postRelayedCall","line":63,"loc":{"start":{"line":63,"column":4},"end":{"line":68,"column":24}}},"6":{"name":"setGSNMode","line":75,"loc":{"start":{"line":75,"column":58},"end":{"line":75,"column":3}}},"7":{"name":"setGSNModule","line":79,"loc":{"start":{"line":79,"column":79},"end":{"line":79,"column":3}}},"8":{"name":"upgradeRelayHub","line":83,"loc":{"start":{"line":83,"column":73},"end":{"line":83,"column":3}}},"9":{"name":"withdrawDeposits","line":87,"loc":{"start":{"line":87,"column":92},"end":{"line":87,"column":3}}}},"statementMap":{"1":{"start":{"line":12,"column":8},"end":{"line":12,"column":19}},"2":{"start":{"line":21,"column":8},"end":{"line":21,"column":56}},"3":{"start":{"line":38,"column":8},"end":{"line":38,"column":1011}},"4":{"start":{"line":39,"column":12},"end":{"line":39,"column":40}},"5":{"start":{"line":40,"column":15},"end":{"line":40,"column":1098}},"6":{"start":{"line":41,"column":12},"end":{"line":41,"column":1148}},"7":{"start":{"line":53,"column":12},"end":{"line":53,"column":40}},"8":{"start":{"line":58,"column":8},"end":{"line":58,"column":1617}},"9":{"start":{"line":59,"column":12},"end":{"line":59,"column":53}},"10":{"start":{"line":69,"column":8},"end":{"line":69,"column":1895}},"11":{"start":{"line":70,"column":12},"end":{"line":70,"column":88}},"12":{"start":{"line":76,"column":8},"end":{"line":76,"column":28}},"13":{"start":{"line":80,"column":8},"end":{"line":80,"column":32}},"14":{"start":{"line":84,"column":8},"end":{"line":84,"column":36}},"15":{"start":{"line":88,"column":8},"end":{"line":88,"column":39}}},"branchMap":{"1":{"line":21,"type":"if","locations":[{"start":{"line":21,"column":8},"end":{"line":21,"column":8}},{"start":{"line":21,"column":8},"end":{"line":21,"column":8}}]},"2":{"line":38,"type":"if","locations":[{"start":{"line":38,"column":8},"end":{"line":38,"column":8}},{"start":{"line":38,"column":8},"end":{"line":38,"column":8}}]},"3":{"line":40,"type":"if","locations":[{"start":{"line":40,"column":15},"end":{"line":40,"column":15}},{"start":{"line":40,"column":15},"end":{"line":40,"column":15}}]},"4":{"line":58,"type":"if","locations":[{"start":{"line":58,"column":8},"end":{"line":58,"column":8}},{"start":{"line":58,"column":8},"end":{"line":58,"column":8}}]},"5":{"line":69,"type":"if","locations":[{"start":{"line":69,"column":8},"end":{"line":69,"column":8}},{"start":{"line":69,"column":8},"end":{"line":69,"column":8}}]}}},
"contracts/gsn/GSNModule.sol":{"l":{"32":0,"48":0,"66":0,"75":0,"84":0,"91":0},"path":"/Users/simondos/projects/security-token/contracts/gsn/GSNModule.sol","s":{"1":0,"2":0,"3":0,"4":0,"5":0},"b":{},"f":{"1":0,"2":0,"3":0,"4":0,"5":0,"6":0},"fnMap":{"1":{"name":"acceptRelayedCall","line":21,"loc":{"start":{"line":21,"column":4},"end":{"line":31,"column":62}}},"2":{"name":"preRelayedCall","line":47,"loc":{"start":{"line":47,"column":4},"end":{"line":47,"column":95}}},"3":{"name":"postRelayedCall","line":60,"loc":{"start":{"line":60,"column":4},"end":{"line":65,"column":31}}},"4":{"name":"_approveRelayedCall","line":74,"loc":{"start":{"line":74,"column":4},"end":{"line":74,"column":78}}},"5":{"name":"_approveRelayedCall","line":83,"loc":{"start":{"line":83,"column":4},"end":{"line":83,"column":98}}},"6":{"name":"_rejectRelayedCall","line":90,"loc":{"start":{"line":90,"column":4},"end":{"line":90,"column":94}}}},"statementMap":{"1":{"start":{"line":32,"column":8},"end":{"line":32,"column":28}},"2":{"start":{"line":48,"column":8},"end":{"line":48,"column":17}},"3":{"start":{"line":75,"column":8},"end":{"line":75,"column":38}},"4":{"start":{"line":84,"column":8},"end":{"line":84,"column":48}},"5":{"start":{"line":91,"column":8},"end":{"line":91,"column":55}}},"branchMap":{}},
"contracts/interfaces/IAdmin.sol":{"l":{},"path":"/Users/simondos/projects/security-token/contracts/interfaces/IAdmin.sol","s":{},"b":{},"f":{},"fnMap":{},"statementMap":{},"branchMap":{}},
"contracts/interfaces/IConstraintModule.sol":{"l":{},"path":"/Users/simondos/projects/security-token/contracts/interfaces/IConstraintModule.sol","s":{},"b":{},"f":{},"fnMap":{},"statementMap":{},"branchMap":{}},
"contracts/interfaces/IERC1400.sol":{"l":{},"path":"/Users/simondos/projects/security-token/contracts/interfaces/IERC1400.sol","s":{},"b":{},"f":{},"fnMap":{},"statementMap":{},"branchMap":{}},
"contracts/interfaces/IERC1400Capped.sol":{"l":{},"path":"/Users/simondos/projects/security-token/contracts/interfaces/IERC1400Capped.sol","s":{},"b":{},"f":{},"fnMap":{},"statementMap":{},"branchMap":{}},
"contracts/interfaces/IERC1400Partition.sol":{"l":{},"path":"/Users/simondos/projects/security-token/contracts/interfaces/IERC1400Partition.sol","s":{},"b":{},"f":{},"fnMap":{},"statementMap":{},"branchMap":{}},
"contracts/interfaces/IERC1400Raw.sol":{"l":{},"path":"/Users/simondos/projects/security-token/contracts/interfaces/IERC1400Raw.sol","s":{},"b":{},"f":{},"fnMap":{},"statementMap":{},"branchMap":{}},
"contracts/interfaces/ISecurityToken.sol":{"l":{},"path":"/Users/simondos/projects/security-token/contracts/interfaces/ISecurityToken.sol","s":{},"b":{},"f":{},"fnMap":{},"statementMap":{},"branchMap":{}},
"contracts/interfaces/ISecurityTokenPartition.sol":{"l":{},"path":"/Users/simondos/projects/security-token/contracts/interfaces/ISecurityTokenPartition.sol","s":{},"b":{},"f":{},"fnMap":{},"statementMap":{},"branchMap":{}},
"contracts/payouts/payouts.sol":{"l":{},"path":"/Users/simondos/projects/security-token/contracts/payouts/payouts.sol","s":{},"b":{},"f":{},"fnMap":{},"statementMap":{},"branchMap":{}},
"contracts/token/Administrable.sol":{"l":{"48":31,"49":27,"60":19,"70":8,"78":5,"80":3,"82":1,"90":325,"91":325,"102":39,"103":39,"105":39,"107":39,"117":11,"118":11,"122":7,"124":7,"126":7},"path":"/Users/simondos/projects/security-token/contracts/token/Administrable.sol","s":{"1":31,"2":19,"3":8,"4":5,"5":3,"6":1,"7":325,"8":325,"9":39,"10":39,"11":39,"12":39,"13":11,"14":11,"15":7,"16":7,"17":7},"b":{"1":[27,4],"2":[3,2],"3":[325,0],"4":[39,0],"5":[39,0],"6":[11,0],"7":[7,4],"8":[7,0]},"f":{"1":31,"2":19,"3":8,"4":5,"5":325,"6":39,"7":11},"fnMap":{"1":{"name":"onlyRole","line":47,"loc":{"start":{"line":47,"column":4},"end":{"line":47,"column":33}}},"2":{"name":"addRole","line":59,"loc":{"start":{"line":59,"column":93},"end":{"line":59,"column":3}}},"3":{"name":"removeRole","line":69,"loc":{"start":{"line":69,"column":96},"end":{"line":69,"column":3}}},"4":{"name":"renounceRole","line":77,"loc":{"start":{"line":77,"column":4},"end":{"line":77,"column":53}}},"5":{"name":"hasRole","line":89,"loc":{"start":{"line":89,"column":4},"end":{"line":89,"column":85}}},"6":{"name":"_add","line":101,"loc":{"start":{"line":101,"column":4},"end":{"line":101,"column":55}}},"7":{"name":"_remove","line":116,"loc":{"start":{"line":116,"column":4},"end":{"line":116,"column":58}}}},"statementMap":{"1":{"start":{"line":48,"column":8},"end":{"line":48,"column":82}},"2":{"start":{"line":60,"column":8},"end":{"line":60,"column":26}},"3":{"start":{"line":70,"column":8},"end":{"line":70,"column":29}},"4":{"start":{"line":78,"column":8},"end":{"line":78,"column":77}},"5":{"start":{"line":80,"column":8},"end":{"line":80,"column":34}},"6":{"start":{"line":82,"column":8},"end":{"line":82,"column":46}},"7":{"start":{"line":90,"column":8},"end":{"line":90,"column":53}},"8":{"start":{"line":91,"column":8},"end":{"line":91,"column":36}},"9":{"start":{"line":102,"column":8},"end":{"line":102,"column":53}},"10":{"start":{"line":103,"column":8},"end":{"line":103,"column":72}},"11":{"start":{"line":105,"column":8},"end":{"line":105,"column":35}},"12":{"start":{"line":107,"column":8},"end":{"line":107,"column":53}},"13":{"start":{"line":117,"column":8},"end":{"line":117,"column":53}},"14":{"start":{"line":118,"column":8},"end":{"line":118,"column":3609}},"15":{"start":{"line":122,"column":8},"end":{"line":122,"column":73}},"16":{"start":{"line":124,"column":8},"end":{"line":124,"column":36}},"17":{"start":{"line":126,"column":8},"end":{"line":126,"column":53}}},"branchMap":{"1":{"line":48,"type":"if","locations":[{"start":{"line":48,"column":8},"end":{"line":48,"column":8}},{"start":{"line":48,"column":8},"end":{"line":48,"column":8}}]},"2":{"line":78,"type":"if","locations":[{"start":{"line":78,"column":8},"end":{"line":78,"column":8}},{"start":{"line":78,"column":8},"end":{"line":78,"column":8}}]},"3":{"line":90,"type":"if","locations":[{"start":{"line":90,"column":8},"end":{"line":90,"column":8}},{"start":{"line":90,"column":8},"end":{"line":90,"column":8}}]},"4":{"line":102,"type":"if","locations":[{"start":{"line":102,"column":8},"end":{"line":102,"column":8}},{"start":{"line":102,"column":8},"end":{"line":102,"column":8}}]},"5":{"line":103,"type":"if","locations":[{"start":{"line":103,"column":8},"end":{"line":103,"column":8}},{"start":{"line":103,"column":8},"end":{"line":103,"column":8}}]},"6":{"line":117,"type":"if","locations":[{"start":{"line":117,"column":8},"end":{"line":117,"column":8}},{"start":{"line":117,"column":8},"end":{"line":117,"column":8}}]},"7":{"line":118,"type":"if","locations":[{"start":{"line":118,"column":8},"end":{"line":118,"column":8}},{"start":{"line":118,"column":8},"end":{"line":118,"column":8}}]},"8":{"line":122,"type":"if","locations":[{"start":{"line":122,"column":8},"end":{"line":122,"column":8}},{"start":{"line":122,"column":8},"end":{"line":122,"column":8}}]}}},
"contracts/token/Constrainable.sol":{"l":{"23":32,"25":25,"36":25,"60":5,"62":5,"73":5,"74":2,"77":3,"81":1,"85":8,"86":6},"path":"/Users/simondos/projects/security-token/contracts/token/Constrainable.sol","s":{"1":32,"2":25,"3":25,"4":5,"5":5,"6":5,"7":2,"8":3,"9":1,"10":8,"11":6},"b":{"1":[11,14],"2":[2,3],"3":[6,2]},"f":{"1":32,"2":5,"3":1,"4":8},"fnMap":{"1":{"name":"_executeTransfer","line":11,"loc":{"start":{"line":11,"column":4},"end":{"line":22,"column":5}}},"2":{"name":"_validateTransfer","line":40,"loc":{"start":{"line":40,"column":4},"end":{"line":58,"column":5}}},"3":{"name":"getModulesByPartition","line":80,"loc":{"start":{"line":80,"column":4},"end":{"line":80,"column":102}}},"4":{"name":"setModulesByPartition","line":84,"loc":{"start":{"line":84,"column":4},"end":{"line":84,"column":101}}}},"statementMap":{"1":{"start":{"line":23,"column":8},"end":{"line":23,"column":495}},"2":{"start":{"line":25,"column":12},"end":{"line":25,"column":580}},"3":{"start":{"line":36,"column":12},"end":{"line":36,"column":33}},"4":{"start":{"line":60,"column":8},"end":{"line":60,"column":1318}},"5":{"start":{"line":62,"column":12},"end":{"line":62,"column":1402}},"6":{"start":{"line":73,"column":12},"end":{"line":73,"column":1710}},"7":{"start":{"line":74,"column":16},"end":{"line":74,"column":55}},"8":{"start":{"line":77,"column":8},"end":{"line":77,"column":33}},"9":{"start":{"line":81,"column":8},"end":{"line":81,"column":45}},"10":{"start":{"line":85,"column":8},"end":{"line":85,"column":67}},"11":{"start":{"line":86,"column":8},"end":{"line":86,"column":50}}},"branchMap":{"1":{"line":36,"type":"if","locations":[{"start":{"line":36,"column":12},"end":{"line":36,"column":12}},{"start":{"line":36,"column":12},"end":{"line":36,"column":12}}]},"2":{"line":73,"type":"if","locations":[{"start":{"line":73,"column":12},"end":{"line":73,"column":12}},{"start":{"line":73,"column":12},"end":{"line":73,"column":12}}]},"3":{"line":85,"type":"if","locations":[{"start":{"line":85,"column":8},"end":{"line":85,"column":8}},{"start":{"line":85,"column":8},"end":{"line":85,"column":8}}]}}},
"contracts/token/ERC1400ERC20.sol":{"l":{"29":1,"33":0,"40":0,"41":0,"45":0,"47":0,"48":0,"49":0,"54":0,"57":0,"58":0,"60":0,"64":0,"65":0,"73":0},"path":"/Users/simondos/projects/security-token/contracts/token/ERC1400ERC20.sol","s":{"1":1,"2":0,"3":0,"4":0,"5":0,"6":0,"7":0,"8":0,"9":0,"10":0,"11":0,"12":0,"13":0,"14":0,"15":0},"b":{"1":[0,0],"2":[0,0],"3":[0,0]},"f":{"1":4,"2":1,"3":0,"4":0,"5":0,"6":0,"7":0},"fnMap":{"1":{"name":"constructor","line":23,"loc":{"start":{"line":23,"column":46},"end":{"line":23,"column":2}}},"2":{"name":"totalSupply","line":28,"loc":{"start":{"line":28,"column":4},"end":{"line":28,"column":63}}},"3":{"name":"balanceOf","line":32,"loc":{"start":{"line":32,"column":4},"end":{"line":32,"column":72}}},"4":{"name":"transfer","line":36,"loc":{"start":{"line":36,"column":4},"end":{"line":36,"column":79}}},"5":{"name":"approve","line":44,"loc":{"start":{"line":44,"column":4},"end":{"line":44,"column":83}}},"6":{"name":"transferFrom","line":52,"loc":{"start":{"line":52,"column":4},"end":{"line":52,"column":97}}},"7":{"name":"allowance","line":72,"loc":{"start":{"line":72,"column":4},"end":{"line":72,"column":93}}}},"statementMap":{"1":{"start":{"line":29,"column":8},"end":{"line":29,"column":27}},"2":{"start":{"line":33,"column":8},"end":{"line":33,"column":29}},"3":{"start":{"line":40,"column":8},"end":{"line":40,"column":82}},"4":{"start":{"line":41,"column":8},"end":{"line":41,"column":19}},"5":{"start":{"line":45,"column":8},"end":{"line":45,"column":43}},"6":{"start":{"line":47,"column":8},"end":{"line":47,"column":46}},"7":{"start":{"line":48,"column":8},"end":{"line":48,"column":51}},"8":{"start":{"line":49,"column":8},"end":{"line":49,"column":19}},"9":{"start":{"line":54,"column":8},"end":{"line":54,"column":59}},"10":{"start":{"line":57,"column":8},"end":{"line":57,"column":1914}},"11":{"start":{"line":58,"column":12},"end":{"line":58,"column":81}},"12":{"start":{"line":60,"column":12},"end":{"line":60,"column":43}},"13":{"start":{"line":64,"column":8},"end":{"line":64,"column":66}},"14":{"start":{"line":65,"column":8},"end":{"line":65,"column":19}},"15":{"start":{"line":73,"column":8},"end":{"line":73,"column":39}}},"branchMap":{"1":{"line":45,"type":"if","locations":[{"start":{"line":45,"column":8},"end":{"line":45,"column":8}},{"start":{"line":45,"column":8},"end":{"line":45,"column":8}}]},"2":{"line":54,"type":"if","locations":[{"start":{"line":54,"column":8},"end":{"line":54,"column":8}},{"start":{"line":54,"column":8},"end":{"line":54,"column":8}}]},"3":{"line":57,"type":"if","locations":[{"start":{"line":57,"column":8},"end":{"line":57,"column":8}},{"start":{"line":57,"column":8},"end":{"line":57,"column":8}}]}}},
"contracts/token/ERC1400Partition.sol":{"l":{"71":2,"75":1,"88":21,"98":0,"119":27,"144":11,"147":5,"158":0,"168":0,"169":0,"181":0,"191":1,"192":1,"203":1,"204":1,"217":0,"241":21,"272":32,"275":32,"277":32,"278":0,"281":32,"282":32,"283":18,"285":18,"287":18,"288":0,"291":18,"302":36,"303":36,"306":36,"307":3,"308":3,"312":3,"313":3,"315":3,"317":3,"318":3,"322":36,"323":13,"324":13,"328":13,"329":13,"331":13,"333":13,"334":13,"348":156,"349":156,"350":31,"351":31,"353":156,"355":156,"356":12,"357":12,"359":156,"375":0,"376":0,"377":0,"380":0,"381":0,"385":0,"397":0,"407":3,"408":0,"410":3,"411":3,"413":3,"492":0,"494":0,"495":0,"497":0,"498":0,"499":0,"500":0,"501":0,"502":0,"504":0,"505":0,"509":0},"path":"/Users/simondos/projects/security-token/contracts/token/ERC1400Partition.sol","s":{"1":2,"2":1,"3":21,"4":0,"5":27,"6":11,"7":5,"8":0,"9":0,"10":0,"11":0,"12":1,"13":1,"14":1,"15":1,"16":0,"17":21,"18":32,"19":32,"20":32,"21":0,"22":32,"23":32,"24":18,"25":18,"26":18,"27":0,"28":18,"29":36,"30":36,"31":36,"32":3,"33":3,"34":3,"35":3,"36":3,"37":3,"38":3,"39":36,"40":13,"41":13,"42":13,"43":13,"44":13,"45":13,"46":13,"47":156,"48":156,"49":31,"50":31,"51":156,"52":156,"53":12,"54":12,"55":156,"56":0,"57":0,"58":0,"59":0,"60":0,"61":3,"62":0,"63":3,"64":3,"65":3,"66":0,"67":0,"68":0,"69":0,"70":0,"71":0,"72":0,"73":0,"74":0,"75":0,"76":0,"77":0},"b":{"1":[5,6],"2":[0,0],"3":[32,0],"4":[0,32],"5":[0,18],"6":[3,33],"7":[3,0],"8":[13,23],"9":[13,0],"10":[156,0],"11":[31,125],"12":[12,144],"13":[0,0],"14":[0,0],"15":[0,0],"16":[0,0],"17":[0,0]},"f":{"1":4,"2":2,"3":1,"4":21,"5":0,"6":27,"7":11,"8":0,"9":0,"10":0,"11":1,"12":1,"13":0,"14":21,"15":32,"16":36,"17":156,"18":0,"19":0,"20":3,"21":0},"fnMap":{"1":{"name":"constructor","line":65,"loc":{"start":{"line":65,"column":40},"end":{"line":65,"column":2}}},"2":{"name":"totalSupplyByPartition","line":70,"loc":{"start":{"line":70,"column":4},"end":{"line":70,"column":91}}},"3":{"name":"partitionProxies","line":74,"loc":{"start":{"line":74,"column":4},"end":{"line":74,"column":77}}},"4":{"name":"balanceOfByPartition","line":87,"loc":{"start":{"line":87,"column":4},"end":{"line":87,"column":112}}},"5":{"name":"partitionsOf","line":97,"loc":{"start":{"line":97,"column":4},"end":{"line":97,"column":94}}},"6":{"name":"transferByPartition","line":110,"loc":{"start":{"line":110,"column":4},"end":{"line":118,"column":5}}},"7":{"name":"operatorTransferByPartition","line":133,"loc":{"start":{"line":133,"column":4},"end":{"line":143,"column":5}}},"8":{"name":"getDefaultPartitions","line":157,"loc":{"start":{"line":157,"column":4},"end":{"line":157,"column":74}}},"9":{"name":"setDefaultPartitions","line":167,"loc":{"start":{"line":167,"column":4},"end":{"line":167,"column":71}}},"10":{"name":"controllersByPartition","line":180,"loc":{"start":{"line":180,"column":4},"end":{"line":180,"column":102}}},"11":{"name":"authorizeOperatorByPartition","line":190,"loc":{"start":{"line":190,"column":4},"end":{"line":190,"column":94}}},"12":{"name":"revokeOperatorByPartition","line":202,"loc":{"start":{"line":202,"column":4},"end":{"line":202,"column":91}}},"13":{"name":"isOperatorForPartition","line":216,"loc":{"start":{"line":216,"column":4},"end":{"line":216,"column":129}}},"14":{"name":"_isOperatorForPartition","line":232,"loc":{"start":{"line":232,"column":4},"end":{"line":240,"column":5}}},"15":{"name":"_transferByPartition","line":260,"loc":{"start":{"line":260,"column":4},"end":{"line":271,"column":5}}},"16":{"name":"_removeTokenFromPartition","line":301,"loc":{"start":{"line":301,"column":4},"end":{"line":301,"column":93}}},"17":{"name":"_addTokenToPartition","line":346,"loc":{"start":{"line":346,"column":4},"end":{"line":346,"column":86}}},"18":{"name":"_getDestinationPartition","line":374,"loc":{"start":{"line":374,"column":4},"end":{"line":374,"column":121}}},"19":{"name":"totalPartitions","line":396,"loc":{"start":{"line":396,"column":4},"end":{"line":396,"column":78}}},"20":{"name":"_setPartitionControllers","line":406,"loc":{"start":{"line":406,"column":4},"end":{"line":406,"column":91}}},"21":{"name":"_transferByDefaultPartitions","line":482,"loc":{"start":{"line":482,"column":4},"end":{"line":491,"column":5}}}},"statementMap":{"1":{"start":{"line":71,"column":8},"end":{"line":71,"column":49}},"2":{"start":{"line":75,"column":8},"end":{"line":75,"column":32}},"3":{"start":{"line":88,"column":8},"end":{"line":88,"column":60}},"4":{"start":{"line":98,"column":8},"end":{"line":98,"column":41}},"5":{"start":{"line":119,"column":8},"end":{"line":119,"column":95}},"6":{"start":{"line":144,"column":8},"end":{"line":144,"column":76}},"7":{"start":{"line":147,"column":8},"end":{"line":147,"column":97}},"8":{"start":{"line":158,"column":8},"end":{"line":158,"column":33}},"9":{"start":{"line":168,"column":8},"end":{"line":168,"column":81}},"10":{"start":{"line":169,"column":8},"end":{"line":169,"column":38}},"11":{"start":{"line":181,"column":8},"end":{"line":181,"column":49}},"12":{"start":{"line":191,"column":8},"end":{"line":191,"column":79}},"13":{"start":{"line":192,"column":8},"end":{"line":192,"column":77}},"14":{"start":{"line":203,"column":8},"end":{"line":203,"column":80}},"15":{"start":{"line":204,"column":8},"end":{"line":204,"column":74}},"16":{"start":{"line":217,"column":8},"end":{"line":217,"column":72}},"17":{"start":{"line":241,"column":8},"end":{"line":241,"column":10012}},"18":{"start":{"line":272,"column":8},"end":{"line":272,"column":73}},"19":{"start":{"line":275,"column":8},"end":{"line":275,"column":43}},"20":{"start":{"line":277,"column":8},"end":{"line":277,"column":11266}},"21":{"start":{"line":278,"column":12},"end":{"line":278,"column":70}},"22":{"start":{"line":281,"column":8},"end":{"line":281,"column":60}},"23":{"start":{"line":282,"column":8},"end":{"line":282,"column":86}},"24":{"start":{"line":283,"column":8},"end":{"line":283,"column":51}},"25":{"start":{"line":285,"column":8},"end":{"line":285,"column":94}},"26":{"start":{"line":287,"column":8},"end":{"line":287,"column":11715}},"27":{"start":{"line":288,"column":12},"end":{"line":288,"column":68}},"28":{"start":{"line":291,"column":8},"end":{"line":291,"column":26}},"29":{"start":{"line":302,"column":8},"end":{"line":302,"column":97}},"30":{"start":{"line":303,"column":8},"end":{"line":303,"column":89}},"31":{"start":{"line":306,"column":8},"end":{"line":306,"column":12457}},"32":{"start":{"line":307,"column":12},"end":{"line":307,"column":63}},"33":{"start":{"line":308,"column":12},"end":{"line":308,"column":36}},"34":{"start":{"line":312,"column":12},"end":{"line":312,"column":77}},"35":{"start":{"line":313,"column":12},"end":{"line":313,"column":51}},"36":{"start":{"line":315,"column":12},"end":{"line":315,"column":54}},"37":{"start":{"line":317,"column":12},"end":{"line":317,"column":33}},"38":{"start":{"line":318,"column":12},"end":{"line":318,"column":49}},"39":{"start":{"line":322,"column":8},"end":{"line":322,"column":13164}},"40":{"start":{"line":323,"column":12},"end":{"line":323,"column":66}},"41":{"start":{"line":324,"column":12},"end":{"line":324,"column":36}},"42":{"start":{"line":328,"column":12},"end":{"line":328,"column":83}},"43":{"start":{"line":329,"column":12},"end":{"line":329,"column":54}},"44":{"start":{"line":331,"column":12},"end":{"line":331,"column":57}},"45":{"start":{"line":333,"column":12},"end":{"line":333,"column":36}},"46":{"start":{"line":334,"column":12},"end":{"line":334,"column":52}},"47":{"start":{"line":348,"column":8},"end":{"line":348,"column":14110}},"48":{"start":{"line":349,"column":12},"end":{"line":349,"column":14144}},"49":{"start":{"line":350,"column":16},"end":{"line":350,"column":48}},"50":{"start":{"line":351,"column":16},"end":{"line":351,"column":77}},"51":{"start":{"line":353,"column":12},"end":{"line":353,"column":97}},"52":{"start":{"line":355,"column":12},"end":{"line":355,"column":14450}},"53":{"start":{"line":356,"column":16},"end":{"line":356,"column":47}},"54":{"start":{"line":357,"column":16},"end":{"line":357,"column":75}},"55":{"start":{"line":359,"column":12},"end":{"line":359,"column":93}},"56":{"start":{"line":375,"column":8},"end":{"line":375,"column":104}},"57":{"start":{"line":376,"column":8},"end":{"line":376,"column":20}},"58":{"start":{"line":380,"column":8},"end":{"line":380,"column":15679}},"59":{"start":{"line":385,"column":12},"end":{"line":385,"column":38}},"60":{"start":{"line":397,"column":8},"end":{"line":397,"column":31}},"61":{"start":{"line":407,"column":8},"end":{"line":407,"column":16612}},"62":{"start":{"line":408,"column":12},"end":{"line":408,"column":93}},"63":{"start":{"line":410,"column":8},"end":{"line":410,"column":16797}},"64":{"start":{"line":411,"column":12},"end":{"line":411,"column":67}},"65":{"start":{"line":413,"column":8},"end":{"line":413,"column":53}},"66":{"start":{"line":492,"column":8},"end":{"line":492,"column":52}},"67":{"start":{"line":494,"column":8},"end":{"line":494,"column":39}},"68":{"start":{"line":495,"column":8},"end":{"line":495,"column":29}},"69":{"start":{"line":497,"column":8},"end":{"line":497,"column":20868}},"70":{"start":{"line":498,"column":12},"end":{"line":498,"column":77}},"71":{"start":{"line":499,"column":12},"end":{"line":499,"column":21019}},"72":{"start":{"line":500,"column":16},"end":{"line":500,"column":115}},"73":{"start":{"line":501,"column":16},"end":{"line":501,"column":34}},"74":{"start":{"line":503,"column":19},"end":{"line":503,"column":21255}},"75":{"start":{"line":504,"column":16},"end":{"line":504,"column":113}},"76":{"start":{"line":505,"column":16},"end":{"line":505,"column":64}},"77":{"start":{"line":509,"column":8},"end":{"line":509,"column":42}}},"branchMap":{"1":{"line":144,"type":"if","locations":[{"start":{"line":144,"column":8},"end":{"line":144,"column":8}},{"start":{"line":144,"column":8},"end":{"line":144,"column":8}}]},"2":{"line":168,"type":"if","locations":[{"start":{"line":168,"column":8},"end":{"line":168,"column":8}},{"start":{"line":168,"column":8},"end":{"line":168,"column":8}}]},"3":{"line":272,"type":"if","locations":[{"start":{"line":272,"column":8},"end":{"line":272,"column":8}},{"start":{"line":272,"column":8},"end":{"line":272,"column":8}}]},"4":{"line":277,"type":"if","locations":[{"start":{"line":277,"column":8},"end":{"line":277,"column":8}},{"start":{"line":277,"column":8},"end":{"line":277,"column":8}}]},"5":{"line":287,"type":"if","locations":[{"start":{"line":287,"column":8},"end":{"line":287,"column":8}},{"start":{"line":287,"column":8},"end":{"line":287,"column":8}}]},"6":{"line":306,"type":"if","locations":[{"start":{"line":306,"column":8},"end":{"line":306,"column":8}},{"start":{"line":306,"column":8},"end":{"line":306,"column":8}}]},"7":{"line":308,"type":"if","locations":[{"start":{"line":308,"column":12},"end":{"line":308,"column":12}},{"start":{"line":308,"column":12},"end":{"line":308,"column":12}}]},"8":{"line":322,"type":"if","locations":[{"start":{"line":322,"column":8},"end":{"line":322,"column":8}},{"start":{"line":322,"column":8},"end":{"line":322,"column":8}}]},"9":{"line":324,"type":"if","locations":[{"start":{"line":324,"column":12},"end":{"line":324,"column":12}},{"start":{"line":324,"column":12},"end":{"line":324,"column":12}}]},"10":{"line":348,"type":"if","locations":[{"start":{"line":348,"column":8},"end":{"line":348,"column":8}},{"start":{"line":348,"column":8},"end":{"line":348,"column":8}}]},"11":{"line":349,"type":"if","locations":[{"start":{"line":349,"column":12},"end":{"line":349,"column":12}},{"start":{"line":349,"column":12},"end":{"line":349,"column":12}}]},"12":{"line":355,"type":"if","locations":[{"start":{"line":355,"column":12},"end":{"line":355,"column":12}},{"start":{"line":355,"column":12},"end":{"line":355,"column":12}}]},"13":{"line":380,"type":"if","locations":[{"start":{"line":380,"column":8},"end":{"line":380,"column":8}},{"start":{"line":380,"column":8},"end":{"line":380,"column":8}}]},"14":{"line":492,"type":"if","locations":[{"start":{"line":492,"column":8},"end":{"line":492,"column":8}},{"start":{"line":492,"column":8},"end":{"line":492,"column":8}}]},"15":{"line":499,"type":"if","locations":[{"start":{"line":499,"column":12},"end":{"line":499,"column":12}},{"start":{"line":499,"column":12},"end":{"line":499,"column":12}}]},"16":{"line":503,"type":"if","locations":[{"start":{"line":503,"column":19},"end":{"line":503,"column":19}},{"start":{"line":503,"column":19},"end":{"line":503,"column":19}}]},"17":{"line":509,"type":"if","locations":[{"start":{"line":509,"column":8},"end":{"line":509,"column":8}},{"start":{"line":509,"column":8},"end":{"line":509,"column":8}}]}}},
"contracts/token/ERC1400Raw.sol":{"l":{"71":4,"72":4,"73":4,"74":4,"76":4,"87":3,"96":3,"124":1,"262":181,"321":32,"323":32,"325":32,"328":32,"332":18,"333":18,"337":18,"353":4,"355":4,"357":4,"361":4,"365":2,"366":2,"368":2,"460":140,"462":140,"465":140,"469":138,"470":138,"474":138},"path":"/Users/simondos/projects/security-token/contracts/token/ERC1400Raw.sol","s":{"1":4,"2":4,"3":4,"4":4,"5":4,"6":3,"7":3,"8":1,"9":181,"10":32,"11":32,"12":32,"13":32,"14":18,"15":18,"16":18,"17":4,"18":4,"19":4,"20":4,"21":2,"22":2,"23":2,"24":140,"25":140,"26":140,"27":138,"28":138,"29":138},"b":{"1":[4,0],"2":[32,0],"3":[32,0],"4":[32,0],"5":[4,0],"6":[4,0],"7":[4,0],"8":[2,2],"9":[140,0],"10":[140,0],"11":[138,2]},"f":{"1":4,"2":3,"3":3,"4":1,"5":181,"6":32,"7":4,"8":140},"fnMap":{"1":{"name":"constructor","line":64,"loc":{"start":{"line":64,"column":4},"end":{"line":70,"column":5}}},"2":{"name":"name","line":86,"loc":{"start":{"line":86,"column":4},"end":{"line":86,"column":64}}},"3":{"name":"symbol","line":95,"loc":{"start":{"line":95,"column":4},"end":{"line":95,"column":66}}},"4":{"name":"granularity","line":123,"loc":{"start":{"line":123,"column":4},"end":{"line":123,"column":65}}},"5":{"name":"_isMultiple","line":261,"loc":{"start":{"line":261,"column":4},"end":{"line":261,"column":66}}},"6":{"name":"_transferWithData","line":319,"loc":{"start":{"line":319,"column":15},"end":{"line":320,"column":5}}},"7":{"name":"_redeem","line":351,"loc":{"start":{"line":351,"column":15},"end":{"line":352,"column":5}}},"8":{"name":"_issue","line":458,"loc":{"start":{"line":458,"column":15},"end":{"line":459,"column":5}}}},"statementMap":{"1":{"start":{"line":71,"column":8},"end":{"line":71,"column":19}},"2":{"start":{"line":72,"column":8},"end":{"line":72,"column":23}},"3":{"start":{"line":73,"column":8},"end":{"line":73,"column":23}},"4":{"start":{"line":74,"column":8},"end":{"line":74,"column":52}},"5":{"start":{"line":76,"column":8},"end":{"line":76,"column":33}},"6":{"start":{"line":87,"column":8},"end":{"line":87,"column":20}},"7":{"start":{"line":96,"column":8},"end":{"line":96,"column":22}},"8":{"start":{"line":124,"column":8},"end":{"line":124,"column":27}},"9":{"start":{"line":262,"column":8},"end":{"line":262,"column":67}},"10":{"start":{"line":321,"column":8},"end":{"line":321,"column":40}},"11":{"start":{"line":323,"column":8},"end":{"line":323,"column":38}},"12":{"start":{"line":325,"column":8},"end":{"line":325,"column":46}},"13":{"start":{"line":328,"column":8},"end":{"line":328,"column":95}},"14":{"start":{"line":332,"column":8},"end":{"line":332,"column":51}},"15":{"start":{"line":333,"column":8},"end":{"line":333,"column":47}},"16":{"start":{"line":337,"column":8},"end":{"line":337,"column":76}},"17":{"start":{"line":353,"column":8},"end":{"line":353,"column":40}},"18":{"start":{"line":355,"column":8},"end":{"line":355,"column":40}},"19":{"start":{"line":357,"column":8},"end":{"line":357,"column":46}},"20":{"start":{"line":361,"column":8},"end":{"line":361,"column":64}},"21":{"start":{"line":365,"column":8},"end":{"line":365,"column":51}},"22":{"start":{"line":366,"column":8},"end":{"line":366,"column":45}},"23":{"start":{"line":368,"column":8},"end":{"line":368,"column":64}},"24":{"start":{"line":460,"column":8},"end":{"line":460,"column":40}},"25":{"start":{"line":462,"column":8},"end":{"line":462,"column":38}},"26":{"start":{"line":465,"column":8},"end":{"line":465,"column":62}},"27":{"start":{"line":469,"column":8},"end":{"line":469,"column":45}},"28":{"start":{"line":470,"column":8},"end":{"line":470,"column":47}},"29":{"start":{"line":474,"column":8},"end":{"line":474,"column":60}}},"branchMap":{"1":{"line":74,"type":"if","locations":[{"start":{"line":74,"column":8},"end":{"line":74,"column":8}},{"start":{"line":74,"column":8},"end":{"line":74,"column":8}}]},"2":{"line":321,"type":"if","locations":[{"start":{"line":321,"column":8},"end":{"line":321,"column":8}},{"start":{"line":321,"column":8},"end":{"line":321,"column":8}}]},"3":{"line":323,"type":"if","locations":[{"start":{"line":323,"column":8},"end":{"line":323,"column":8}},{"start":{"line":323,"column":8},"end":{"line":323,"column":8}}]},"4":{"line":325,"type":"if","locations":[{"start":{"line":325,"column":8},"end":{"line":325,"column":8}},{"start":{"line":325,"column":8},"end":{"line":325,"column":8}}]},"5":{"line":353,"type":"if","locations":[{"start":{"line":353,"column":8},"end":{"line":353,"column":8}},{"start":{"line":353,"column":8},"end":{"line":353,"column":8}}]},"6":{"line":355,"type":"if","locations":[{"start":{"line":355,"column":8},"end":{"line":355,"column":8}},{"start":{"line":355,"column":8},"end":{"line":355,"column":8}}]},"7":{"line":357,"type":"if","locations":[{"start":{"line":357,"column":8},"end":{"line":357,"column":8}},{"start":{"line":357,"column":8},"end":{"line":357,"column":8}}]},"8":{"line":361,"type":"if","locations":[{"start":{"line":361,"column":8},"end":{"line":361,"column":8}},{"start":{"line":361,"column":8},"end":{"line":361,"column":8}}]},"9":{"line":460,"type":"if","locations":[{"start":{"line":460,"column":8},"end":{"line":460,"column":8}},{"start":{"line":460,"column":8},"end":{"line":460,"column":8}}]},"10":{"line":462,"type":"if","locations":[{"start":{"line":462,"column":8},"end":{"line":462,"column":8}},{"start":{"line":462,"column":8},"end":{"line":462,"column":8}}]},"11":{"line":465,"type":"if","locations":[{"start":{"line":465,"column":8},"end":{"line":465,"column":8}},{"start":{"line":465,"column":8},"end":{"line":465,"column":8}}]}}},
"contracts/token/SecurityToken.sol":{"l":{"41":4,"42":4,"43":4,"44":4,"45":4,"47":4,"52":4,"53":4,"59":3,"61":3,"63":3,"76":6,"77":6,"79":4,"80":121,"84":119,"90":4,"129":1,"131":1,"145":3,"146":1,"150":1,"160":0,"169":0,"184":23,"188":23,"193":21,"207":0,"225":10,"228":6,"253":5,"286":0,"287":0,"290":0,"325":5,"326":0,"329":5,"330":0,"350":5,"351":0,"355":5,"366":5,"367":2,"370":3,"396":140,"397":138,"399":138,"423":6,"426":4,"427":4,"429":2,"443":0,"444":0,"455":0,"456":0,"484":0,"485":0,"499":4,"503":0,"504":0,"507":0},"path":"/Users/simondos/projects/security-token/contracts/token/SecurityToken.sol","s":{"1":4,"2":4,"3":4,"4":4,"5":4,"6":4,"7":4,"8":4,"9":3,"10":3,"11":3,"12":6,"13":6,"14":4,"15":121,"16":119,"17":4,"18":1,"19":1,"20":3,"21":1,"22":1,"23":0,"24":0,"25":23,"26":23,"27":21,"28":0,"29":10,"30":6,"31":5,"32":0,"33":0,"34":0,"35":5,"36":0,"37":5,"38":0,"39":5,"40":0,"41":5,"42":5,"43":2,"44":3,"45":140,"46":138,"47":138,"48":6,"49":4,"50":4,"51":2,"52":0,"53":0,"54":0,"55":0,"56":0,"57":0,"58":4,"59":0,"60":0,"61":0},"b":{"1":[3,0],"2":[6,0],"3":[4,2],"4":[119,2],"5":[1,0],"6":[1,2],"7":[23,0],"8":[21,2],"9":[6,4],"10":[0,0],"11":[0,5],"12":[0,5],"13":[0,5],"14":[2,3],"15":[4,2],"16":[0,0],"17":[0,0],"18":[0,0],"19":[0,0],"20":[0,0]},"f":{"1":4,"2":3,"3":6,"4":4,"5":1,"6":3,"7":0,"8":0,"9":23,"10":0,"11":10,"12":5,"13":0,"14":5,"15":140,"16":6,"17":0,"18":0,"19":0,"20":4,"21":0},"fnMap":{"1":{"name":"constructor","line":39,"loc":{"start":{"line":39,"column":42},"end":{"line":40,"column":5}}},"2":{"name":"addPartitionProxy","line":58,"loc":{"start":{"line":58,"column":4},"end":{"line":58,"column":75}}},"3":{"name":"bulkIssueByPartition","line":70,"loc":{"start":{"line":70,"column":4},"end":{"line":75,"column":14}}},"4":{"name":"isGSNController","line":89,"loc":{"start":{"line":89,"column":4},"end":{"line":89,"column":66}}},"5":{"name":"getDocument","line":128,"loc":{"start":{"line":128,"column":4},"end":{"line":128,"column":100}}},"6":{"name":"setDocument","line":144,"loc":{"start":{"line":144,"column":4},"end":{"line":144,"column":105}}},"7":{"name":"isControllable","line":159,"loc":{"start":{"line":159,"column":4},"end":{"line":159,"column":65}}},"8":{"name":"isIssuable","line":168,"loc":{"start":{"line":168,"column":4},"end":{"line":168,"column":61}}},"9":{"name":"issueByPartition","line":180,"loc":{"start":{"line":180,"column":4},"end":{"line":183,"column":5}}},"10":{"name":"redeemByPartition","line":204,"loc":{"start":{"line":204,"column":4},"end":{"line":206,"column":5}}},"11":{"name":"operatorRedeemByPartition","line":220,"loc":{"start":{"line":220,"column":4},"end":{"line":222,"column":5}}},"12":{"name":"canTransferByPartition","line":247,"loc":{"start":{"line":247,"column":4},"end":{"line":252,"column":5}}},"13":{"name":"canOperatorTransferByPartition","line":273,"loc":{"start":{"line":273,"column":4},"end":{"line":285,"column":5}}},"14":{"name":"_canTransfer","line":312,"loc":{"start":{"line":312,"column":4},"end":{"line":324,"column":5}}},"15":{"name":"_issueByPartition","line":386,"loc":{"start":{"line":386,"column":4},"end":{"line":395,"column":5}}},"16":{"name":"_redeemByPartition","line":413,"loc":{"start":{"line":413,"column":4},"end":{"line":422,"column":5}}},"17":{"name":"renounceControl","line":440,"loc":{"start":{"line":440,"column":4},"end":{"line":442,"column":5}}},"18":{"name":"renounceIssuance","line":452,"loc":{"start":{"line":452,"column":4},"end":{"line":454,"column":5}}},"19":{"name":"setPartitionControllers","line":481,"loc":{"start":{"line":481,"column":4},"end":{"line":483,"column":5}}},"20":{"name":"cap","line":498,"loc":{"start":{"line":498,"column":4},"end":{"line":498,"column":55}}},"21":{"name":"setCap","line":502,"loc":{"start":{"line":502,"column":4},"end":{"line":502,"column":49}}}},"statementMap":{"1":{"start":{"line":41,"column":8},"end":{"line":41,"column":36}},"2":{"start":{"line":42,"column":8},"end":{"line":42,"column":46}},"3":{"start":{"line":43,"column":8},"end":{"line":43,"column":38}},"4":{"start":{"line":44,"column":8},"end":{"line":44,"column":42}},"5":{"start":{"line":45,"column":8},"end":{"line":45,"column":52}},"6":{"start":{"line":47,"column":8},"end":{"line":47,"column":17}},"7":{"start":{"line":52,"column":8},"end":{"line":52,"column":25}},"8":{"start":{"line":53,"column":8},"end":{"line":53,"column":29}},"9":{"start":{"line":59,"column":8},"end":{"line":59,"column":61}},"10":{"start":{"line":61,"column":8},"end":{"line":61,"column":43}},"11":{"start":{"line":63,"column":8},"end":{"line":63,"column":61}},"12":{"start":{"line":76,"column":8},"end":{"line":76,"column":33}},"13":{"start":{"line":77,"column":8},"end":{"line":77,"column":99}},"14":{"start":{"line":79,"column":8},"end":{"line":79,"column":2120}},"15":{"start":{"line":80,"column":12},"end":{"line":80,"column":2184}},"16":{"start":{"line":84,"column":12},"end":{"line":84,"column":91}},"17":{"start":{"line":90,"column":8},"end":{"line":90,"column":63}},"18":{"start":{"line":129,"column":8},"end":{"line":129,"column":84}},"19":{"start":{"line":131,"column":8},"end":{"line":131,"column":3611}},"20":{"start":{"line":145,"column":8},"end":{"line":145,"column":71}},"21":{"start":{"line":146,"column":8},"end":{"line":146,"column":4213}},"22":{"start":{"line":150,"column":8},"end":{"line":150,"column":54}},"23":{"start":{"line":160,"column":8},"end":{"line":160,"column":30}},"24":{"start":{"line":169,"column":8},"end":{"line":169,"column":26}},"25":{"start":{"line":184,"column":8},"end":{"line":184,"column":33}},"26":{"start":{"line":188,"column":8},"end":{"line":188,"column":5835}},"27":{"start":{"line":193,"column":8},"end":{"line":193,"column":79}},"28":{"start":{"line":207,"column":8},"end":{"line":207,"column":81}},"29":{"start":{"line":225,"column":8},"end":{"line":225,"column":83}},"30":{"start":{"line":228,"column":8},"end":{"line":228,"column":90}},"31":{"start":{"line":253,"column":8},"end":{"line":253,"column":87}},"32":{"start":{"line":286,"column":8},"end":{"line":286,"column":9904}},"33":{"start":{"line":287,"column":12},"end":{"line":287,"column":43}},"34":{"start":{"line":290,"column":8},"end":{"line":290,"column":89}},"35":{"start":{"line":325,"column":8},"end":{"line":325,"column":11440}},"36":{"start":{"line":326,"column":12},"end":{"line":326,"column":43}},"37":{"start":{"line":329,"column":8},"end":{"line":329,"column":11635}},"38":{"start":{"line":330,"column":12},"end":{"line":330,"column":43}},"39":{"start":{"line":350,"column":8},"end":{"line":350,"column":12577}},"40":{"start":{"line":351,"column":12},"end":{"line":351,"column":43}},"41":{"start":{"line":355,"column":8},"end":{"line":355,"column":12671}},"42":{"start":{"line":366,"column":8},"end":{"line":366,"column":12923}},"43":{"start":{"line":367,"column":12},"end":{"line":367,"column":47}},"44":{"start":{"line":370,"column":8},"end":{"line":370,"column":39}},"45":{"start":{"line":396,"column":8},"end":{"line":396,"column":54}},"46":{"start":{"line":397,"column":8},"end":{"line":397,"column":51}},"47":{"start":{"line":399,"column":8},"end":{"line":399,"column":84}},"48":{"start":{"line":423,"column":8},"end":{"line":423,"column":73}},"49":{"start":{"line":426,"column":8},"end":{"line":426,"column":60}},"50":{"start":{"line":427,"column":8},"end":{"line":427,"column":57}},"51":{"start":{"line":429,"column":8},"end":{"line":429,"column":90}},"52":{"start":{"line":443,"column":8},"end":{"line":443,"column":61}},"53":{"start":{"line":444,"column":8},"end":{"line":444,"column":30}},"54":{"start":{"line":455,"column":8},"end":{"line":455,"column":61}},"55":{"start":{"line":456,"column":8},"end":{"line":456,"column":26}},"56":{"start":{"line":484,"column":8},"end":{"line":484,"column":61}},"57":{"start":{"line":485,"column":8},"end":{"line":485,"column":53}},"58":{"start":{"line":499,"column":8},"end":{"line":499,"column":19}},"59":{"start":{"line":503,"column":8},"end":{"line":503,"column":90}},"60":{"start":{"line":504,"column":8},"end":{"line":504,"column":67}},"61":{"start":{"line":507,"column":8},"end":{"line":507,"column":20}}},"branchMap":{"1":{"line":59,"type":"if","locations":[{"start":{"line":59,"column":8},"end":{"line":59,"column":8}},{"start":{"line":59,"column":8},"end":{"line":59,"column":8}}]},"2":{"line":76,"type":"if","locations":[{"start":{"line":76,"column":8},"end":{"line":76,"column":8}},{"start":{"line":76,"column":8},"end":{"line":76,"column":8}}]},"3":{"line":77,"type":"if","locations":[{"start":{"line":77,"column":8},"end":{"line":77,"column":8}},{"start":{"line":77,"column":8},"end":{"line":77,"column":8}}]},"4":{"line":80,"type":"if","locations":[{"start":{"line":80,"column":12},"end":{"line":80,"column":12}},{"start":{"line":80,"column":12},"end":{"line":80,"column":12}}]},"5":{"line":129,"type":"if","locations":[{"start":{"line":129,"column":8},"end":{"line":129,"column":8}},{"start":{"line":129,"column":8},"end":{"line":129,"column":8}}]},"6":{"line":145,"type":"if","locations":[{"start":{"line":145,"column":8},"end":{"line":145,"column":8}},{"start":{"line":145,"column":8},"end":{"line":145,"column":8}}]},"7":{"line":184,"type":"if","locations":[{"start":{"line":184,"column":8},"end":{"line":184,"column":8}},{"start":{"line":184,"column":8},"end":{"line":184,"column":8}}]},"8":{"line":188,"type":"if","locations":[{"start":{"line":188,"column":8},"end":{"line":188,"column":8}},{"start":{"line":188,"column":8},"end":{"line":188,"column":8}}]},"9":{"line":225,"type":"if","locations":[{"start":{"line":225,"column":8},"end":{"line":225,"column":8}},{"start":{"line":225,"column":8},"end":{"line":225,"column":8}}]},"10":{"line":286,"type":"if","locations":[{"start":{"line":286,"column":8},"end":{"line":286,"column":8}},{"start":{"line":286,"column":8},"end":{"line":286,"column":8}}]},"11":{"line":325,"type":"if","locations":[{"start":{"line":325,"column":8},"end":{"line":325,"column":8}},{"start":{"line":325,"column":8},"end":{"line":325,"column":8}}]},"12":{"line":329,"type":"if","locations":[{"start":{"line":329,"column":8},"end":{"line":329,"column":8}},{"start":{"line":329,"column":8},"end":{"line":329,"column":8}}]},"13":{"line":350,"type":"if","locations":[{"start":{"line":350,"column":8},"end":{"line":350,"column":8}},{"start":{"line":350,"column":8},"end":{"line":350,"column":8}}]},"14":{"line":366,"type":"if","locations":[{"start":{"line":366,"column":8},"end":{"line":366,"column":8}},{"start":{"line":366,"column":8},"end":{"line":366,"column":8}}]},"15":{"line":423,"type":"if","locations":[{"start":{"line":423,"column":8},"end":{"line":423,"column":8}},{"start":{"line":423,"column":8},"end":{"line":423,"column":8}}]},"16":{"line":443,"type":"if","locations":[{"start":{"line":443,"column":8},"end":{"line":443,"column":8}},{"start":{"line":443,"column":8},"end":{"line":443,"column":8}}]},"17":{"line":455,"type":"if","locations":[{"start":{"line":455,"column":8},"end":{"line":455,"column":8}},{"start":{"line":455,"column":8},"end":{"line":455,"column":8}}]},"18":{"line":484,"type":"if","locations":[{"start":{"line":484,"column":8},"end":{"line":484,"column":8}},{"start":{"line":484,"column":8},"end":{"line":484,"column":8}}]},"19":{"line":503,"type":"if","locations":[{"start":{"line":503,"column":8},"end":{"line":503,"column":8}},{"start":{"line":503,"column":8},"end":{"line":503,"column":8}}]},"20":{"line":504,"type":"if","locations":[{"start":{"line":504,"column":8},"end":{"line":504,"column":8}},{"start":{"line":504,"column":8},"end":{"line":504,"column":8}}]}}},
"contracts/token/SecurityTokenPartition.sol":{"l":{"22":6,"23":6,"27":2,"31":2,"35":2,"44":2,"48":2,"52":2,"66":2,"67":2,"71":1,"73":1,"74":1,"75":1,"80":3,"83":1,"84":1,"86":0,"90":1,"91":1,"95":2,"99":3,"103":1,"108":0},"path":"/Users/simondos/projects/security-token/contracts/token/SecurityTokenPartition.sol","s":{"1":6,"2":6,"3":2,"4":2,"5":2,"6":2,"7":2,"8":2,"9":2,"10":2,"11":1,"12":1,"13":1,"14":1,"15":3,"16":1,"17":1,"18":0,"19":1,"20":1,"21":2,"22":3,"23":1,"24":0},"b":{"1":[1,0],"2":[1,2],"3":[1,0]},"f":{"1":6,"2":2,"3":2,"4":2,"5":2,"6":2,"7":2,"8":2,"9":1,"10":3,"11":2,"12":3,"13":1,"14":0},"fnMap":{"1":{"name":"constructor","line":18,"loc":{"start":{"line":18,"column":4},"end":{"line":18,"column":69}}},"2":{"name":"securityTokenAddress","line":26,"loc":{"start":{"line":26,"column":4},"end":{"line":26,"column":72}}},"3":{"name":"partitionId","line":30,"loc":{"start":{"line":30,"column":4},"end":{"line":30,"column":56}}},"4":{"name":"cap","line":34,"loc":{"start":{"line":34,"column":4},"end":{"line":34,"column":48}}},"5":{"name":"name","line":43,"loc":{"start":{"line":43,"column":4},"end":{"line":43,"column":55}}},"6":{"name":"symbol","line":47,"loc":{"start":{"line":47,"column":4},"end":{"line":47,"column":57}}},"7":{"name":"decimals","line":51,"loc":{"start":{"line":51,"column":4},"end":{"line":51,"column":51}}},"8":{"name":"transfer","line":62,"loc":{"start":{"line":62,"column":4},"end":{"line":62,"column":79}}},"9":{"name":"approve","line":70,"loc":{"start":{"line":70,"column":4},"end":{"line":70,"column":83}}},"10":{"name":"transferFrom","line":78,"loc":{"start":{"line":78,"column":4},"end":{"line":78,"column":97}}},"11":{"name":"totalSupply","line":94,"loc":{"start":{"line":94,"column":4},"end":{"line":94,"column":73}}},"12":{"name":"balanceOf","line":98,"loc":{"start":{"line":98,"column":4},"end":{"line":98,"column":82}}},"13":{"name":"allowance","line":102,"loc":{"start":{"line":102,"column":4},"end":{"line":102,"column":93}}},"14":{"name":"isGSNController","line":107,"loc":{"start":{"line":107,"column":4},"end":{"line":107,"column":66}}}},"statementMap":{"1":{"start":{"line":22,"column":8},"end":{"line":22,"column":60}},"2":{"start":{"line":23,"column":8},"end":{"line":23,"column":31}},"3":{"start":{"line":27,"column":8},"end":{"line":27,"column":29}},"4":{"start":{"line":31,"column":8},"end":{"line":31,"column":27}},"5":{"start":{"line":35,"column":8},"end":{"line":35,"column":35}},"6":{"start":{"line":44,"column":8},"end":{"line":44,"column":36}},"7":{"start":{"line":48,"column":8},"end":{"line":48,"column":38}},"8":{"start":{"line":52,"column":8},"end":{"line":52,"column":24}},"9":{"start":{"line":66,"column":8},"end":{"line":66,"column":96}},"10":{"start":{"line":67,"column":8},"end":{"line":67,"column":19}},"11":{"start":{"line":71,"column":8},"end":{"line":71,"column":43}},"12":{"start":{"line":73,"column":8},"end":{"line":73,"column":46}},"13":{"start":{"line":74,"column":8},"end":{"line":74,"column":51}},"14":{"start":{"line":75,"column":8},"end":{"line":75,"column":19}},"15":{"start":{"line":80,"column":8},"end":{"line":80,"column":59}},"16":{"start":{"line":83,"column":8},"end":{"line":83,"column":2576}},"17":{"start":{"line":84,"column":12},"end":{"line":84,"column":81}},"18":{"start":{"line":86,"column":12},"end":{"line":86,"column":43}},"19":{"start":{"line":90,"column":8},"end":{"line":90,"column":88}},"20":{"start":{"line":91,"column":8},"end":{"line":91,"column":19}},"21":{"start":{"line":95,"column":8},"end":{"line":95,"column":66}},"22":{"start":{"line":99,"column":8},"end":{"line":99,"column":69}},"23":{"start":{"line":103,"column":8},"end":{"line":103,"column":39}},"24":{"start":{"line":108,"column":8},"end":{"line":108,"column":78}}},"branchMap":{"1":{"line":71,"type":"if","locations":[{"start":{"line":71,"column":8},"end":{"line":71,"column":8}},{"start":{"line":71,"column":8},"end":{"line":71,"column":8}}]},"2":{"line":80,"type":"if","locations":[{"start":{"line":80,"column":8},"end":{"line":80,"column":8}},{"start":{"line":80,"column":8},"end":{"line":80,"column":8}}]},"3":{"line":83,"type":"if","locations":[{"start":{"line":83,"column":8},"end":{"line":83,"column":8}},{"start":{"line":83,"column":8},"end":{"line":83,"column":8}}]}}}}
