{
"contracts/constraints/OffChainValidatorConstraintModule.sol":{"l":{},"path":"/Users/simondos/projects/security-token/contracts/constraints/OffChainValidatorConstraintModule.sol","s":{},"b":{},"f":{},"fnMap":{},"statementMap":{},"branchMap":{}},
"contracts/constraints/PauseConstraintModule.sol":{"l":{"30":1,"31":1,"47":3,"58":3,"81":3,"82":2,"84":1,"97":5,"105":7,"106":5,"115":7,"116":5,"125":5,"126":3,"127":3,"136":5,"137":3,"138":3,"145":1},"path":"/Users/simondos/projects/security-token/contracts/constraints/PauseConstraintModule.sol","s":{"1":1,"2":1,"3":3,"4":3,"5":3,"6":2,"7":1,"8":5,"9":7,"10":7,"11":5,"12":3,"13":3,"14":5,"15":3,"16":3,"17":1},"b":{"1":[2,1],"2":[5,2],"3":[5,2],"4":[3,2],"5":[3,2]},"f":{"1":1,"2":3,"3":3,"4":5,"5":7,"6":7,"7":5,"8":5,"9":1},"fnMap":{"1":{"name":"constructor","line":27,"loc":{"start":{"line":27,"column":4},"end":{"line":29,"column":14}}},"2":{"name":"executeTransfer","line":34,"loc":{"start":{"line":34,"column":4},"end":{"line":46,"column":35}}},"3":{"name":"validateTransfer","line":61,"loc":{"start":{"line":61,"column":4},"end":{"line":80,"column":5}}},"4":{"name":"paused","line":96,"loc":{"start":{"line":96,"column":4},"end":{"line":96,"column":46}}},"5":{"name":"whenNotPaused","line":104,"loc":{"start":{"line":104,"column":4},"end":{"line":104,"column":26}}},"6":{"name":"whenPaused","line":114,"loc":{"start":{"line":114,"column":4},"end":{"line":114,"column":23}}},"7":{"name":"pause","line":124,"loc":{"start":{"line":124,"column":40},"end":{"line":124,"column":3}}},"8":{"name":"unpause","line":135,"loc":{"start":{"line":135,"column":39},"end":{"line":135,"column":3}}},"9":{"name":"getModuleName","line":144,"loc":{"start":{"line":144,"column":4},"end":{"line":144,"column":65}}}},"statementMap":{"1":{"start":{"line":30,"column":8},"end":{"line":30,"column":52}},"2":{"start":{"line":31,"column":8},"end":{"line":31,"column":22}},"3":{"start":{"line":47,"column":8},"end":{"line":47,"column":1011}},"4":{"start":{"line":58,"column":8},"end":{"line":58,"column":30}},"5":{"start":{"line":81,"column":8},"end":{"line":81,"column":1739}},"6":{"start":{"line":82,"column":12},"end":{"line":82,"column":66}},"7":{"start":{"line":84,"column":12},"end":{"line":84,"column":46}},"8":{"start":{"line":97,"column":8},"end":{"line":97,"column":22}},"9":{"start":{"line":105,"column":8},"end":{"line":105,"column":46}},"10":{"start":{"line":115,"column":8},"end":{"line":115,"column":49}},"11":{"start":{"line":125,"column":8},"end":{"line":125,"column":75}},"12":{"start":{"line":126,"column":8},"end":{"line":126,"column":21}},"13":{"start":{"line":127,"column":8},"end":{"line":127,"column":31}},"14":{"start":{"line":136,"column":8},"end":{"line":136,"column":75}},"15":{"start":{"line":137,"column":8},"end":{"line":137,"column":22}},"16":{"start":{"line":138,"column":8},"end":{"line":138,"column":33}},"17":{"start":{"line":145,"column":8},"end":{"line":145,"column":27}}},"branchMap":{"1":{"line":81,"type":"if","locations":[{"start":{"line":81,"column":8},"end":{"line":81,"column":8}},{"start":{"line":81,"column":8},"end":{"line":81,"column":8}}]},"2":{"line":105,"type":"if","locations":[{"start":{"line":105,"column":8},"end":{"line":105,"column":8}},{"start":{"line":105,"column":8},"end":{"line":105,"column":8}}]},"3":{"line":115,"type":"if","locations":[{"start":{"line":115,"column":8},"end":{"line":115,"column":8}},{"start":{"line":115,"column":8},"end":{"line":115,"column":8}}]},"4":{"line":125,"type":"if","locations":[{"start":{"line":125,"column":8},"end":{"line":125,"column":8}},{"start":{"line":125,"column":8},"end":{"line":125,"column":8}}]},"5":{"line":136,"type":"if","locations":[{"start":{"line":136,"column":8},"end":{"line":136,"column":8}},{"start":{"line":136,"column":8},"end":{"line":136,"column":8}}]}}},
"contracts/constraints/SpendingLimitsConstraintModule.sol":{"l":{"43":1,"51":18,"52":12,"56":4,"60":3,"61":1,"65":5,"66":3,"67":3,"91":10,"93":10,"96":10,"99":4,"100":2,"101":2,"107":2,"113":6,"114":2,"115":2,"119":4,"120":4,"125":10,"155":5,"157":5,"160":5,"163":3,"164":1,"165":1,"166":1,"175":2,"181":2,"182":1,"183":1,"184":1,"191":1,"196":5,"200":1},"path":"/Users/simondos/projects/security-token/contracts/constraints/SpendingLimitsConstraintModule.sol","s":{"1":1,"2":18,"3":4,"4":3,"5":1,"6":5,"7":3,"8":3,"9":10,"10":10,"11":10,"12":4,"13":2,"14":2,"15":2,"16":6,"17":2,"18":2,"19":4,"20":4,"21":10,"22":5,"23":5,"24":5,"25":3,"26":1,"27":1,"28":1,"29":2,"30":1,"31":1,"32":1,"33":5,"34":1},"b":{"1":[12,6],"2":[1,2],"3":[3,2],"4":[4,6],"5":[2,2],"6":[2,4],"7":[3,2],"8":[1,2],"9":[1,1]},"f":{"1":1,"2":18,"3":4,"4":3,"5":5,"6":10,"7":5,"8":1},"fnMap":{"1":{"name":"constructor","line":40,"loc":{"start":{"line":40,"column":4},"end":{"line":42,"column":14}}},"2":{"name":"onlySpendingLimitsEditor","line":50,"loc":{"start":{"line":50,"column":4},"end":{"line":50,"column":35}}},"3":{"name":"addTimelock","line":55,"loc":{"start":{"line":55,"column":100},"end":{"line":55,"column":2}}},"4":{"name":"setTimelock","line":59,"loc":{"start":{"line":59,"column":116},"end":{"line":59,"column":2}}},"5":{"name":"deleteTimelock","line":64,"loc":{"start":{"line":64,"column":74},"end":{"line":64,"column":2}}},"6":{"name":"executeTransfer","line":71,"loc":{"start":{"line":71,"column":4},"end":{"line":88,"column":5}}},"7":{"name":"validateTransfer","line":132,"loc":{"start":{"line":132,"column":4},"end":{"line":152,"column":5}}},"8":{"name":"getModuleName","line":199,"loc":{"start":{"line":199,"column":4},"end":{"line":199,"column":65}}}},"statementMap":{"1":{"start":{"line":43,"column":8},"end":{"line":43,"column":52}},"2":{"start":{"line":51,"column":8},"end":{"line":51,"column":91}},"3":{"start":{"line":56,"column":8},"end":{"line":56,"column":71}},"4":{"start":{"line":60,"column":8},"end":{"line":60,"column":63}},"5":{"start":{"line":61,"column":8},"end":{"line":61,"column":74}},"6":{"start":{"line":65,"column":8},"end":{"line":65,"column":63}},"7":{"start":{"line":66,"column":8},"end":{"line":66,"column":75}},"8":{"start":{"line":67,"column":8},"end":{"line":67,"column":28}},"9":{"start":{"line":91,"column":8},"end":{"line":91,"column":2535}},"10":{"start":{"line":93,"column":12},"end":{"line":93,"column":45}},"11":{"start":{"line":96,"column":12},"end":{"line":96,"column":2720}},"12":{"start":{"line":99,"column":16},"end":{"line":99,"column":2868}},"13":{"start":{"line":100,"column":20},"end":{"line":100,"column":33}},"14":{"start":{"line":101,"column":20},"end":{"line":101,"column":73}},"15":{"start":{"line":107,"column":20},"end":{"line":107,"column":55}},"16":{"start":{"line":113,"column":16},"end":{"line":113,"column":3455}},"17":{"start":{"line":114,"column":20},"end":{"line":114,"column":33}},"18":{"start":{"line":115,"column":20},"end":{"line":115,"column":73}},"19":{"start":{"line":119,"column":20},"end":{"line":119,"column":38}},"20":{"start":{"line":120,"column":20},"end":{"line":120,"column":76}},"21":{"start":{"line":125,"column":8},"end":{"line":125,"column":33}},"22":{"start":{"line":155,"column":8},"end":{"line":155,"column":4479}},"23":{"start":{"line":157,"column":12},"end":{"line":157,"column":45}},"24":{"start":{"line":160,"column":12},"end":{"line":160,"column":4664}},"25":{"start":{"line":163,"column":16},"end":{"line":163,"column":4812}},"26":{"start":{"line":164,"column":20},"end":{"line":164,"column":33}},"27":{"start":{"line":165,"column":20},"end":{"line":165,"column":68}},"28":{"start":{"line":166,"column":20},"end":{"line":166,"column":33}},"29":{"start":{"line":181,"column":16},"end":{"line":181,"column":5515}},"30":{"start":{"line":182,"column":20},"end":{"line":182,"column":33}},"31":{"start":{"line":183,"column":20},"end":{"line":183,"column":68}},"32":{"start":{"line":184,"column":20},"end":{"line":184,"column":33}},"33":{"start":{"line":196,"column":8},"end":{"line":196,"column":50}},"34":{"start":{"line":200,"column":8},"end":{"line":200,"column":27}}},"branchMap":{"1":{"line":51,"type":"if","locations":[{"start":{"line":51,"column":8},"end":{"line":51,"column":8}},{"start":{"line":51,"column":8},"end":{"line":51,"column":8}}]},"2":{"line":60,"type":"if","locations":[{"start":{"line":60,"column":8},"end":{"line":60,"column":8}},{"start":{"line":60,"column":8},"end":{"line":60,"column":8}}]},"3":{"line":65,"type":"if","locations":[{"start":{"line":65,"column":8},"end":{"line":65,"column":8}},{"start":{"line":65,"column":8},"end":{"line":65,"column":8}}]},"4":{"line":96,"type":"if","locations":[{"start":{"line":96,"column":12},"end":{"line":96,"column":12}},{"start":{"line":96,"column":12},"end":{"line":96,"column":12}}]},"5":{"line":99,"type":"if","locations":[{"start":{"line":99,"column":16},"end":{"line":99,"column":16}},{"start":{"line":99,"column":16},"end":{"line":99,"column":16}}]},"6":{"line":113,"type":"if","locations":[{"start":{"line":113,"column":16},"end":{"line":113,"column":16}},{"start":{"line":113,"column":16},"end":{"line":113,"column":16}}]},"7":{"line":160,"type":"if","locations":[{"start":{"line":160,"column":12},"end":{"line":160,"column":12}},{"start":{"line":160,"column":12},"end":{"line":160,"column":12}}]},"8":{"line":163,"type":"if","locations":[{"start":{"line":163,"column":16},"end":{"line":163,"column":16}},{"start":{"line":163,"column":16},"end":{"line":163,"column":16}}]},"9":{"line":181,"type":"if","locations":[{"start":{"line":181,"column":16},"end":{"line":181,"column":16}},{"start":{"line":181,"column":16},"end":{"line":181,"column":16}}]}}},
"contracts/constraints/TimeLockConstraintModule.sol":{"l":{"21":1,"26":6,"27":4,"31":6,"32":4,"48":6,"59":6,"82":6,"83":2,"85":2,"87":2,"94":1},"path":"/Users/simondos/projects/security-token/contracts/constraints/TimeLockConstraintModule.sol","s":{"1":1,"2":6,"3":4,"4":6,"5":4,"6":6,"7":6,"8":6,"9":2,"10":4,"11":2,"12":2,"13":1},"b":{"1":[4,2],"2":[4,2],"3":[2,4],"4":[2,2]},"f":{"1":1,"2":6,"3":6,"4":6,"5":6,"6":1},"fnMap":{"1":{"name":"constructor","line":18,"loc":{"start":{"line":18,"column":4},"end":{"line":20,"column":14}}},"2":{"name":"editAccountTimeLock","line":25,"loc":{"start":{"line":25,"column":4},"end":{"line":25,"column":68}}},"3":{"name":"editTimeLock","line":30,"loc":{"start":{"line":30,"column":4},"end":{"line":30,"column":44}}},"4":{"name":"executeTransfer","line":35,"loc":{"start":{"line":35,"column":4},"end":{"line":47,"column":35}}},"5":{"name":"validateTransfer","line":62,"loc":{"start":{"line":62,"column":4},"end":{"line":81,"column":5}}},"6":{"name":"getModuleName","line":93,"loc":{"start":{"line":93,"column":4},"end":{"line":93,"column":65}}}},"statementMap":{"1":{"start":{"line":21,"column":8},"end":{"line":21,"column":52}},"2":{"start":{"line":26,"column":8},"end":{"line":26,"column":85}},"3":{"start":{"line":27,"column":8},"end":{"line":27,"column":39}},"4":{"start":{"line":31,"column":8},"end":{"line":31,"column":85}},"5":{"start":{"line":32,"column":8},"end":{"line":32,"column":23}},"6":{"start":{"line":48,"column":8},"end":{"line":48,"column":1232}},"7":{"start":{"line":59,"column":8},"end":{"line":59,"column":30}},"8":{"start":{"line":82,"column":8},"end":{"line":82,"column":1954}},"9":{"start":{"line":83,"column":13},"end":{"line":83,"column":73}},"10":{"start":{"line":84,"column":15},"end":{"line":84,"column":2067}},"11":{"start":{"line":85,"column":12},"end":{"line":85,"column":70}},"12":{"start":{"line":87,"column":12},"end":{"line":87,"column":45}},"13":{"start":{"line":94,"column":8},"end":{"line":94,"column":27}}},"branchMap":{"1":{"line":26,"type":"if","locations":[{"start":{"line":26,"column":8},"end":{"line":26,"column":8}},{"start":{"line":26,"column":8},"end":{"line":26,"column":8}}]},"2":{"line":31,"type":"if","locations":[{"start":{"line":31,"column":8},"end":{"line":31,"column":8}},{"start":{"line":31,"column":8},"end":{"line":31,"column":8}}]},"3":{"line":82,"type":"if","locations":[{"start":{"line":82,"column":8},"end":{"line":82,"column":8}},{"start":{"line":82,"column":8},"end":{"line":82,"column":8}}]},"4":{"line":84,"type":"if","locations":[{"start":{"line":84,"column":15},"end":{"line":84,"column":15}},{"start":{"line":84,"column":15},"end":{"line":84,"column":15}}]}}},
"contracts/constraints/VestingPeriodConstraintModule.sol":{"l":{"35":1,"43":3,"45":1,"46":1,"47":1,"63":6,"74":6,"75":2,"78":6,"103":6,"104":2,"108":4,"111":4,"112":2,"115":2,"120":4,"125":4,"154":1,"158":1,"162":2,"166":1,"170":1},"path":"/Users/simondos/projects/security-token/contracts/constraints/VestingPeriodConstraintModule.sol","s":{"1":1,"2":3,"3":1,"4":1,"5":1,"6":6,"7":6,"8":2,"9":6,"10":6,"11":2,"12":4,"13":4,"14":2,"15":2,"16":4,"17":4,"18":1,"19":1,"20":2,"21":1,"22":1},"b":{"1":[1,2],"2":[2,4],"3":[2,4],"4":[2,2]},"f":{"1":1,"2":3,"3":6,"4":6,"5":4,"6":1,"7":1,"8":2,"9":1,"10":1},"fnMap":{"1":{"name":"constructor","line":32,"loc":{"start":{"line":32,"column":4},"end":{"line":34,"column":14}}},"2":{"name":"setVestingOptions","line":38,"loc":{"start":{"line":38,"column":4},"end":{"line":42,"column":14}}},"3":{"name":"executeTransfer","line":50,"loc":{"start":{"line":50,"column":4},"end":{"line":62,"column":35}}},"4":{"name":"validateTransfer","line":81,"loc":{"start":{"line":81,"column":4},"end":{"line":101,"column":5}}},"5":{"name":"getAmountAllowed","line":118,"loc":{"start":{"line":118,"column":4},"end":{"line":118,"column":107}}},"6":{"name":"getVestingStart","line":153,"loc":{"start":{"line":153,"column":4},"end":{"line":153,"column":58}}},"7":{"name":"getVestedFractionAfterStart","line":157,"loc":{"start":{"line":157,"column":4},"end":{"line":157,"column":70}}},"8":{"name":"getVestingRatio","line":161,"loc":{"start":{"line":161,"column":4},"end":{"line":161,"column":58}}},"9":{"name":"getAmountSpentByUser","line":165,"loc":{"start":{"line":165,"column":4},"end":{"line":165,"column":75}}},"10":{"name":"getModuleName","line":169,"loc":{"start":{"line":169,"column":4},"end":{"line":169,"column":65}}}},"statementMap":{"1":{"start":{"line":35,"column":8},"end":{"line":35,"column":52}},"2":{"start":{"line":43,"column":8},"end":{"line":43,"column":90}},"3":{"start":{"line":45,"column":8},"end":{"line":45,"column":35}},"4":{"start":{"line":46,"column":8},"end":{"line":46,"column":49}},"5":{"start":{"line":47,"column":8},"end":{"line":47,"column":35}},"6":{"start":{"line":63,"column":8},"end":{"line":63,"column":1642}},"7":{"start":{"line":74,"column":8},"end":{"line":74,"column":1885}},"8":{"start":{"line":75,"column":12},"end":{"line":75,"column":73}},"9":{"start":{"line":78,"column":8},"end":{"line":78,"column":30}},"10":{"start":{"line":103,"column":8},"end":{"line":103,"column":2591}},"11":{"start":{"line":104,"column":12},"end":{"line":104,"column":74}},"12":{"start":{"line":108,"column":8},"end":{"line":108,"column":66}},"13":{"start":{"line":111,"column":8},"end":{"line":111,"column":2892}},"14":{"start":{"line":112,"column":12},"end":{"line":112,"column":75}},"15":{"start":{"line":115,"column":8},"end":{"line":115,"column":46}},"16":{"start":{"line":120,"column":8},"end":{"line":120,"column":3312}},"17":{"start":{"line":125,"column":8},"end":{"line":125,"column":3508}},"18":{"start":{"line":154,"column":8},"end":{"line":154,"column":28}},"19":{"start":{"line":158,"column":8},"end":{"line":158,"column":30}},"20":{"start":{"line":162,"column":8},"end":{"line":162,"column":28}},"21":{"start":{"line":166,"column":8},"end":{"line":166,"column":39}},"22":{"start":{"line":170,"column":8},"end":{"line":170,"column":27}}},"branchMap":{"1":{"line":43,"type":"if","locations":[{"start":{"line":43,"column":8},"end":{"line":43,"column":8}},{"start":{"line":43,"column":8},"end":{"line":43,"column":8}}]},"2":{"line":74,"type":"if","locations":[{"start":{"line":74,"column":8},"end":{"line":74,"column":8}},{"start":{"line":74,"column":8},"end":{"line":74,"column":8}}]},"3":{"line":103,"type":"if","locations":[{"start":{"line":103,"column":8},"end":{"line":103,"column":8}},{"start":{"line":103,"column":8},"end":{"line":103,"column":8}}]},"4":{"line":111,"type":"if","locations":[{"start":{"line":111,"column":8},"end":{"line":111,"column":8}},{"start":{"line":111,"column":8},"end":{"line":111,"column":8}}]}}},
"contracts/constraints/WhitelistConstraintModule.sol":{"l":{"23":1,"27":4,"33":5,"34":3,"39":4,"40":2,"42":2,"43":20,"60":5,"71":5,"95":5,"96":1,"98":2,"100":2,"107":1},"path":"/Users/simondos/projects/security-token/contracts/constraints/WhitelistConstraintModule.sol","s":{"1":1,"2":4,"3":5,"4":3,"5":4,"6":2,"7":2,"8":20,"9":5,"10":5,"11":5,"12":1,"13":4,"14":2,"15":2,"16":1},"b":{"1":[3,2],"2":[2,2],"3":[2,0],"4":[1,4],"5":[2,2]},"f":{"1":1,"2":4,"3":5,"4":4,"5":5,"6":5,"7":1},"fnMap":{"1":{"name":"constructor","line":20,"loc":{"start":{"line":20,"column":4},"end":{"line":22,"column":14}}},"2":{"name":"isWhitelisted","line":26,"loc":{"start":{"line":26,"column":4},"end":{"line":26,"column":68}}},"3":{"name":"editWhitelist","line":32,"loc":{"start":{"line":32,"column":4},"end":{"line":32,"column":66}}},"4":{"name":"bulkEditWhitelist","line":38,"loc":{"start":{"line":38,"column":4},"end":{"line":38,"column":80}}},"5":{"name":"executeTransfer","line":47,"loc":{"start":{"line":47,"column":4},"end":{"line":59,"column":35}}},"6":{"name":"validateTransfer","line":75,"loc":{"start":{"line":75,"column":4},"end":{"line":94,"column":5}}},"7":{"name":"getModuleName","line":106,"loc":{"start":{"line":106,"column":4},"end":{"line":106,"column":65}}}},"statementMap":{"1":{"start":{"line":23,"column":8},"end":{"line":23,"column":52}},"2":{"start":{"line":27,"column":8},"end":{"line":27,"column":34}},"3":{"start":{"line":33,"column":8},"end":{"line":33,"column":85}},"4":{"start":{"line":34,"column":8},"end":{"line":34,"column":40}},"5":{"start":{"line":39,"column":8},"end":{"line":39,"column":85}},"6":{"start":{"line":40,"column":8},"end":{"line":40,"column":58}},"7":{"start":{"line":42,"column":8},"end":{"line":42,"column":1159}},"8":{"start":{"line":43,"column":12},"end":{"line":43,"column":48}},"9":{"start":{"line":60,"column":8},"end":{"line":60,"column":1589}},"10":{"start":{"line":71,"column":8},"end":{"line":71,"column":30}},"11":{"start":{"line":95,"column":8},"end":{"line":95,"column":2306}},"12":{"start":{"line":96,"column":12},"end":{"line":96,"column":46}},"13":{"start":{"line":97,"column":15},"end":{"line":97,"column":2410}},"14":{"start":{"line":98,"column":12},"end":{"line":98,"column":70}},"15":{"start":{"line":100,"column":12},"end":{"line":100,"column":73}},"16":{"start":{"line":107,"column":8},"end":{"line":107,"column":27}}},"branchMap":{"1":{"line":33,"type":"if","locations":[{"start":{"line":33,"column":8},"end":{"line":33,"column":8}},{"start":{"line":33,"column":8},"end":{"line":33,"column":8}}]},"2":{"line":39,"type":"if","locations":[{"start":{"line":39,"column":8},"end":{"line":39,"column":8}},{"start":{"line":39,"column":8},"end":{"line":39,"column":8}}]},"3":{"line":40,"type":"if","locations":[{"start":{"line":40,"column":8},"end":{"line":40,"column":8}},{"start":{"line":40,"column":8},"end":{"line":40,"column":8}}]},"4":{"line":95,"type":"if","locations":[{"start":{"line":95,"column":8},"end":{"line":95,"column":8}},{"start":{"line":95,"column":8},"end":{"line":95,"column":8}}]},"5":{"line":97,"type":"if","locations":[{"start":{"line":97,"column":15},"end":{"line":97,"column":15}},{"start":{"line":97,"column":15},"end":{"line":97,"column":15}}]}}},
"contracts/erc1820/ERC1820Client.sol":{"l":{"17":0,"18":0,"22":0,"23":0,"27":0},"path":"/Users/simondos/projects/security-token/contracts/erc1820/ERC1820Client.sol","s":{"1":0,"2":0,"3":0,"4":0,"5":0},"b":{},"f":{"1":0,"2":0,"3":0},"fnMap":{"1":{"name":"setInterfaceImplementation","line":16,"loc":{"start":{"line":16,"column":4},"end":{"line":16,"column":102}}},"2":{"name":"interfaceAddr","line":21,"loc":{"start":{"line":21,"column":4},"end":{"line":21,"column":100}}},"3":{"name":"delegateManagement","line":26,"loc":{"start":{"line":26,"column":4},"end":{"line":26,"column":59}}}},"statementMap":{"1":{"start":{"line":17,"column":8},"end":{"line":17,"column":76}},"2":{"start":{"line":18,"column":8},"end":{"line":18,"column":93}},"3":{"start":{"line":22,"column":8},"end":{"line":22,"column":76}},"4":{"start":{"line":23,"column":8},"end":{"line":23,"column":75}},"5":{"start":{"line":27,"column":8},"end":{"line":27,"column":61}}},"branchMap":{}},
"contracts/factories/ConstraintModuleFactory.sol":{"l":{},"path":"/Users/simondos/projects/security-token/contracts/factories/ConstraintModuleFactory.sol","s":{},"b":{},"f":{},"fnMap":{},"statementMap":{},"branchMap":{}},
"contracts/gsn/GSNable.sol":{"l":{"11":0,"12":0,"21":7,"22":3,"38":7,"39":6,"41":0,"53":1,"58":3,"59":0,"69":3,"70":0,"76":3,"80":0,"84":0,"88":0},"path":"/Users/simondos/projects/security-token/contracts/gsn/GSNable.sol","s":{"1":0,"2":7,"3":7,"4":6,"5":1,"6":0,"7":1,"8":3,"9":0,"10":3,"11":0,"12":3,"13":0,"14":0,"15":0},"b":{"1":[3,4],"2":[6,1],"3":[0,1],"4":[0,3],"5":[0,3]},"f":{"1":0,"2":7,"3":7,"4":3,"5":3,"6":3,"7":0,"8":0,"9":0},"fnMap":{"1":{"name":"isGSNController","line":10,"loc":{"start":{"line":10,"column":4},"end":{"line":10,"column":65}}},"2":{"name":"onlyGSNController","line":20,"loc":{"start":{"line":20,"column":4},"end":{"line":20,"column":30}}},"3":{"name":"acceptRelayedCall","line":26,"loc":{"start":{"line":26,"column":4},"end":{"line":36,"column":62}}},"4":{"name":"_preRelayedCall","line":57,"loc":{"start":{"line":57,"column":4},"end":{"line":57,"column":84}}},"5":{"name":"_postRelayedCall","line":63,"loc":{"start":{"line":63,"column":4},"end":{"line":68,"column":24}}},"6":{"name":"setGSNMode","line":75,"loc":{"start":{"line":75,"column":58},"end":{"line":75,"column":3}}},"7":{"name":"setGSNModule","line":79,"loc":{"start":{"line":79,"column":79},"end":{"line":79,"column":3}}},"8":{"name":"upgradeRelayHub","line":83,"loc":{"start":{"line":83,"column":73},"end":{"line":83,"column":3}}},"9":{"name":"withdrawDeposits","line":87,"loc":{"start":{"line":87,"column":92},"end":{"line":87,"column":3}}}},"statementMap":{"1":{"start":{"line":12,"column":8},"end":{"line":12,"column":19}},"2":{"start":{"line":21,"column":8},"end":{"line":21,"column":56}},"3":{"start":{"line":38,"column":8},"end":{"line":38,"column":1011}},"4":{"start":{"line":39,"column":12},"end":{"line":39,"column":40}},"5":{"start":{"line":40,"column":15},"end":{"line":40,"column":1098}},"6":{"start":{"line":41,"column":12},"end":{"line":41,"column":1148}},"7":{"start":{"line":53,"column":12},"end":{"line":53,"column":40}},"8":{"start":{"line":58,"column":8},"end":{"line":58,"column":1617}},"9":{"start":{"line":59,"column":12},"end":{"line":59,"column":53}},"10":{"start":{"line":69,"column":8},"end":{"line":69,"column":1895}},"11":{"start":{"line":70,"column":12},"end":{"line":70,"column":88}},"12":{"start":{"line":76,"column":8},"end":{"line":76,"column":28}},"13":{"start":{"line":80,"column":8},"end":{"line":80,"column":32}},"14":{"start":{"line":84,"column":8},"end":{"line":84,"column":36}},"15":{"start":{"line":88,"column":8},"end":{"line":88,"column":39}}},"branchMap":{"1":{"line":21,"type":"if","locations":[{"start":{"line":21,"column":8},"end":{"line":21,"column":8}},{"start":{"line":21,"column":8},"end":{"line":21,"column":8}}]},"2":{"line":38,"type":"if","locations":[{"start":{"line":38,"column":8},"end":{"line":38,"column":8}},{"start":{"line":38,"column":8},"end":{"line":38,"column":8}}]},"3":{"line":40,"type":"if","locations":[{"start":{"line":40,"column":15},"end":{"line":40,"column":15}},{"start":{"line":40,"column":15},"end":{"line":40,"column":15}}]},"4":{"line":58,"type":"if","locations":[{"start":{"line":58,"column":8},"end":{"line":58,"column":8}},{"start":{"line":58,"column":8},"end":{"line":58,"column":8}}]},"5":{"line":69,"type":"if","locations":[{"start":{"line":69,"column":8},"end":{"line":69,"column":8}},{"start":{"line":69,"column":8},"end":{"line":69,"column":8}}]}}},
"contracts/gsn/GSNModule.sol":{"l":{"32":0,"48":0,"66":0,"75":0,"84":0,"91":0},"path":"/Users/simondos/projects/security-token/contracts/gsn/GSNModule.sol","s":{"1":0,"2":0,"3":0,"4":0,"5":0},"b":{},"f":{"1":0,"2":0,"3":0,"4":0,"5":0,"6":0},"fnMap":{"1":{"name":"acceptRelayedCall","line":21,"loc":{"start":{"line":21,"column":4},"end":{"line":31,"column":62}}},"2":{"name":"preRelayedCall","line":47,"loc":{"start":{"line":47,"column":4},"end":{"line":47,"column":95}}},"3":{"name":"postRelayedCall","line":60,"loc":{"start":{"line":60,"column":4},"end":{"line":65,"column":31}}},"4":{"name":"_approveRelayedCall","line":74,"loc":{"start":{"line":74,"column":4},"end":{"line":74,"column":78}}},"5":{"name":"_approveRelayedCall","line":83,"loc":{"start":{"line":83,"column":4},"end":{"line":83,"column":98}}},"6":{"name":"_rejectRelayedCall","line":90,"loc":{"start":{"line":90,"column":4},"end":{"line":90,"column":94}}}},"statementMap":{"1":{"start":{"line":32,"column":8},"end":{"line":32,"column":28}},"2":{"start":{"line":48,"column":8},"end":{"line":48,"column":17}},"3":{"start":{"line":75,"column":8},"end":{"line":75,"column":38}},"4":{"start":{"line":84,"column":8},"end":{"line":84,"column":48}},"5":{"start":{"line":91,"column":8},"end":{"line":91,"column":55}}},"branchMap":{}},
"contracts/interfaces/IAdmin.sol":{"l":{},"path":"/Users/simondos/projects/security-token/contracts/interfaces/IAdmin.sol","s":{},"b":{},"f":{},"fnMap":{},"statementMap":{},"branchMap":{}},
"contracts/interfaces/IConstraintModule.sol":{"l":{},"path":"/Users/simondos/projects/security-token/contracts/interfaces/IConstraintModule.sol","s":{},"b":{},"f":{},"fnMap":{},"statementMap":{},"branchMap":{}},
"contracts/interfaces/IERC1400.sol":{"l":{},"path":"/Users/simondos/projects/security-token/contracts/interfaces/IERC1400.sol","s":{},"b":{},"f":{},"fnMap":{},"statementMap":{},"branchMap":{}},
"contracts/interfaces/IERC1400Capped.sol":{"l":{},"path":"/Users/simondos/projects/security-token/contracts/interfaces/IERC1400Capped.sol","s":{},"b":{},"f":{},"fnMap":{},"statementMap":{},"branchMap":{}},
"contracts/interfaces/IERC1400Partition.sol":{"l":{},"path":"/Users/simondos/projects/security-token/contracts/interfaces/IERC1400Partition.sol","s":{},"b":{},"f":{},"fnMap":{},"statementMap":{},"branchMap":{}},
"contracts/interfaces/IERC1400Raw.sol":{"l":{},"path":"/Users/simondos/projects/security-token/contracts/interfaces/IERC1400Raw.sol","s":{},"b":{},"f":{},"fnMap":{},"statementMap":{},"branchMap":{}},
"contracts/interfaces/ISecurityToken.sol":{"l":{},"path":"/Users/simondos/projects/security-token/contracts/interfaces/ISecurityToken.sol","s":{},"b":{},"f":{},"fnMap":{},"statementMap":{},"branchMap":{}},
"contracts/interfaces/ISecurityTokenPartition.sol":{"l":{},"path":"/Users/simondos/projects/security-token/contracts/interfaces/ISecurityTokenPartition.sol","s":{},"b":{},"f":{},"fnMap":{},"statementMap":{},"branchMap":{}},
"contracts/payouts/payouts.sol":{"l":{},"path":"/Users/simondos/projects/security-token/contracts/payouts/payouts.sol","s":{},"b":{},"f":{},"fnMap":{},"statementMap":{},"branchMap":{}},
"contracts/token/Administrable.sol":{"l":{"50":32,"51":28,"62":22,"72":6,"80":3,"82":1,"84":1,"92":290,"93":290,"104":42,"105":42,"107":42,"109":42,"119":7,"125":7,"127":7,"129":7},"path":"/Users/simondos/projects/security-token/contracts/token/Administrable.sol","s":{"1":32,"2":22,"3":6,"4":3,"5":1,"6":1,"7":290,"8":290,"9":42,"10":42,"11":42,"12":42,"13":7,"14":7,"15":7,"16":7},"b":{"1":[28,4],"2":[1,2],"3":[290,0],"4":[42,0],"5":[42,0],"6":[7,0],"7":[7,0]},"f":{"1":32,"2":22,"3":6,"4":3,"5":290,"6":42,"7":7},"fnMap":{"1":{"name":"onlyRole","line":49,"loc":{"start":{"line":49,"column":4},"end":{"line":49,"column":33}}},"2":{"name":"addRole","line":61,"loc":{"start":{"line":61,"column":93},"end":{"line":61,"column":3}}},"3":{"name":"removeRole","line":71,"loc":{"start":{"line":71,"column":96},"end":{"line":71,"column":3}}},"4":{"name":"renounceRole","line":79,"loc":{"start":{"line":79,"column":4},"end":{"line":79,"column":53}}},"5":{"name":"hasRole","line":91,"loc":{"start":{"line":91,"column":4},"end":{"line":91,"column":85}}},"6":{"name":"_add","line":103,"loc":{"start":{"line":103,"column":4},"end":{"line":103,"column":55}}},"7":{"name":"_remove","line":118,"loc":{"start":{"line":118,"column":4},"end":{"line":118,"column":58}}}},"statementMap":{"1":{"start":{"line":50,"column":8},"end":{"line":50,"column":82}},"2":{"start":{"line":62,"column":8},"end":{"line":62,"column":26}},"3":{"start":{"line":72,"column":8},"end":{"line":72,"column":29}},"4":{"start":{"line":80,"column":8},"end":{"line":80,"column":77}},"5":{"start":{"line":82,"column":8},"end":{"line":82,"column":34}},"6":{"start":{"line":84,"column":8},"end":{"line":84,"column":46}},"7":{"start":{"line":92,"column":8},"end":{"line":92,"column":53}},"8":{"start":{"line":93,"column":8},"end":{"line":93,"column":36}},"9":{"start":{"line":104,"column":8},"end":{"line":104,"column":53}},"10":{"start":{"line":105,"column":8},"end":{"line":105,"column":72}},"11":{"start":{"line":107,"column":8},"end":{"line":107,"column":35}},"12":{"start":{"line":109,"column":8},"end":{"line":109,"column":53}},"13":{"start":{"line":119,"column":8},"end":{"line":119,"column":53}},"14":{"start":{"line":125,"column":8},"end":{"line":125,"column":73}},"15":{"start":{"line":127,"column":8},"end":{"line":127,"column":36}},"16":{"start":{"line":129,"column":8},"end":{"line":129,"column":53}}},"branchMap":{"1":{"line":50,"type":"if","locations":[{"start":{"line":50,"column":8},"end":{"line":50,"column":8}},{"start":{"line":50,"column":8},"end":{"line":50,"column":8}}]},"2":{"line":80,"type":"if","locations":[{"start":{"line":80,"column":8},"end":{"line":80,"column":8}},{"start":{"line":80,"column":8},"end":{"line":80,"column":8}}]},"3":{"line":92,"type":"if","locations":[{"start":{"line":92,"column":8},"end":{"line":92,"column":8}},{"start":{"line":92,"column":8},"end":{"line":92,"column":8}}]},"4":{"line":104,"type":"if","locations":[{"start":{"line":104,"column":8},"end":{"line":104,"column":8}},{"start":{"line":104,"column":8},"end":{"line":104,"column":8}}]},"5":{"line":105,"type":"if","locations":[{"start":{"line":105,"column":8},"end":{"line":105,"column":8}},{"start":{"line":105,"column":8},"end":{"line":105,"column":8}}]},"6":{"line":119,"type":"if","locations":[{"start":{"line":119,"column":8},"end":{"line":119,"column":8}},{"start":{"line":119,"column":8},"end":{"line":119,"column":8}}]},"7":{"line":125,"type":"if","locations":[{"start":{"line":125,"column":8},"end":{"line":125,"column":8}},{"start":{"line":125,"column":8},"end":{"line":125,"column":8}}]}}},
"contracts/token/Constrainable.sol":{"l":{"23":39,"25":30,"36":30,"60":6,"62":5,"73":5,"74":2,"77":4,"81":1,"85":8,"86":6},"path":"/Users/simondos/projects/security-token/contracts/token/Constrainable.sol","s":{"1":39,"2":30,"3":30,"4":6,"5":5,"6":5,"7":2,"8":4,"9":1,"10":8,"11":6},"b":{"1":[12,18],"2":[2,3],"3":[6,2]},"f":{"1":39,"2":6,"3":1,"4":8},"fnMap":{"1":{"name":"_executeTransfer","line":11,"loc":{"start":{"line":11,"column":4},"end":{"line":22,"column":5}}},"2":{"name":"_validateTransfer","line":40,"loc":{"start":{"line":40,"column":4},"end":{"line":58,"column":5}}},"3":{"name":"getModulesByPartition","line":80,"loc":{"start":{"line":80,"column":4},"end":{"line":80,"column":102}}},"4":{"name":"setModulesByPartition","line":84,"loc":{"start":{"line":84,"column":4},"end":{"line":84,"column":101}}}},"statementMap":{"1":{"start":{"line":23,"column":8},"end":{"line":23,"column":495}},"2":{"start":{"line":25,"column":12},"end":{"line":25,"column":580}},"3":{"start":{"line":36,"column":12},"end":{"line":36,"column":33}},"4":{"start":{"line":60,"column":8},"end":{"line":60,"column":1318}},"5":{"start":{"line":62,"column":12},"end":{"line":62,"column":1402}},"6":{"start":{"line":73,"column":12},"end":{"line":73,"column":1710}},"7":{"start":{"line":74,"column":16},"end":{"line":74,"column":55}},"8":{"start":{"line":77,"column":8},"end":{"line":77,"column":33}},"9":{"start":{"line":81,"column":8},"end":{"line":81,"column":45}},"10":{"start":{"line":85,"column":8},"end":{"line":85,"column":67}},"11":{"start":{"line":86,"column":8},"end":{"line":86,"column":50}}},"branchMap":{"1":{"line":36,"type":"if","locations":[{"start":{"line":36,"column":12},"end":{"line":36,"column":12}},{"start":{"line":36,"column":12},"end":{"line":36,"column":12}}]},"2":{"line":73,"type":"if","locations":[{"start":{"line":73,"column":12},"end":{"line":73,"column":12}},{"start":{"line":73,"column":12},"end":{"line":73,"column":12}}]},"3":{"line":85,"type":"if","locations":[{"start":{"line":85,"column":8},"end":{"line":85,"column":8}},{"start":{"line":85,"column":8},"end":{"line":85,"column":8}}]}}},
"contracts/token/ERC1400ERC20.sol":{"l":{"29":1,"33":0,"40":0,"41":0,"45":0,"47":0,"48":0,"49":0,"54":0,"57":0,"58":0,"60":0,"64":0,"65":0,"73":0},"path":"/Users/simondos/projects/security-token/contracts/token/ERC1400ERC20.sol","s":{"1":1,"2":0,"3":0,"4":0,"5":0,"6":0,"7":0,"8":0,"9":0,"10":0,"11":0,"12":0,"13":0,"14":0,"15":0},"b":{"1":[0,0],"2":[0,0],"3":[0,0]},"f":{"1":4,"2":1,"3":0,"4":0,"5":0,"6":0,"7":0},"fnMap":{"1":{"name":"constructor","line":23,"loc":{"start":{"line":23,"column":46},"end":{"line":23,"column":2}}},"2":{"name":"totalSupply","line":28,"loc":{"start":{"line":28,"column":4},"end":{"line":28,"column":63}}},"3":{"name":"balanceOf","line":32,"loc":{"start":{"line":32,"column":4},"end":{"line":32,"column":72}}},"4":{"name":"transfer","line":36,"loc":{"start":{"line":36,"column":4},"end":{"line":36,"column":79}}},"5":{"name":"approve","line":44,"loc":{"start":{"line":44,"column":4},"end":{"line":44,"column":83}}},"6":{"name":"transferFrom","line":52,"loc":{"start":{"line":52,"column":4},"end":{"line":52,"column":97}}},"7":{"name":"allowance","line":72,"loc":{"start":{"line":72,"column":4},"end":{"line":72,"column":93}}}},"statementMap":{"1":{"start":{"line":29,"column":8},"end":{"line":29,"column":27}},"2":{"start":{"line":33,"column":8},"end":{"line":33,"column":29}},"3":{"start":{"line":40,"column":8},"end":{"line":40,"column":82}},"4":{"start":{"line":41,"column":8},"end":{"line":41,"column":19}},"5":{"start":{"line":45,"column":8},"end":{"line":45,"column":43}},"6":{"start":{"line":47,"column":8},"end":{"line":47,"column":46}},"7":{"start":{"line":48,"column":8},"end":{"line":48,"column":51}},"8":{"start":{"line":49,"column":8},"end":{"line":49,"column":19}},"9":{"start":{"line":54,"column":8},"end":{"line":54,"column":59}},"10":{"start":{"line":57,"column":8},"end":{"line":57,"column":1914}},"11":{"start":{"line":58,"column":12},"end":{"line":58,"column":81}},"12":{"start":{"line":60,"column":12},"end":{"line":60,"column":43}},"13":{"start":{"line":64,"column":8},"end":{"line":64,"column":66}},"14":{"start":{"line":65,"column":8},"end":{"line":65,"column":19}},"15":{"start":{"line":73,"column":8},"end":{"line":73,"column":39}}},"branchMap":{"1":{"line":45,"type":"if","locations":[{"start":{"line":45,"column":8},"end":{"line":45,"column":8}},{"start":{"line":45,"column":8},"end":{"line":45,"column":8}}]},"2":{"line":54,"type":"if","locations":[{"start":{"line":54,"column":8},"end":{"line":54,"column":8}},{"start":{"line":54,"column":8},"end":{"line":54,"column":8}}]},"3":{"line":57,"type":"if","locations":[{"start":{"line":57,"column":8},"end":{"line":57,"column":8}},{"start":{"line":57,"column":8},"end":{"line":57,"column":8}}]}}},
"contracts/token/ERC1400Partition.sol":{"l":{"67":4,"74":2,"78":1,"91":29,"101":1,"122":33,"147":14,"150":6,"161":2,"171":3,"172":1,"184":2,"194":1,"195":1,"206":1,"207":1,"220":1,"246":27,"281":39,"287":39,"290":39,"291":1,"294":39,"295":39,"296":21,"298":21,"300":21,"301":2,"304":21,"315":46,"316":46,"319":46,"320":4,"321":4,"325":4,"326":4,"328":4,"330":4,"331":4,"335":46,"336":19,"337":19,"341":19,"342":19,"344":19,"346":19,"347":19,"361":92,"362":92,"363":35,"364":35,"366":92,"368":92,"369":15,"370":15,"372":92,"388":1,"389":1,"390":1,"393":1,"394":1,"398":0,"410":0,"420":5,"421":1,"423":5,"424":6,"426":5,"504":0,"506":0,"507":0,"509":0,"510":0,"511":0,"512":0,"513":0,"514":0,"516":0,"517":0,"521":0},"path":"/Users/simondos/projects/security-token/contracts/token/ERC1400Partition.sol","s":{"1":4,"2":2,"3":1,"4":29,"5":1,"6":33,"7":14,"8":6,"9":2,"10":3,"11":1,"12":2,"13":1,"14":1,"15":1,"16":1,"17":1,"18":27,"19":39,"20":39,"21":39,"22":1,"23":39,"24":39,"25":21,"26":21,"27":21,"28":2,"29":21,"30":46,"31":46,"32":46,"33":4,"34":4,"35":4,"36":4,"37":4,"38":4,"39":4,"40":46,"41":19,"42":19,"43":19,"44":19,"45":19,"46":19,"47":19,"48":92,"49":92,"50":35,"51":35,"52":92,"53":92,"54":15,"55":15,"56":92,"57":1,"58":1,"59":1,"60":0,"61":0,"62":5,"63":1,"64":5,"65":6,"66":5,"67":0,"68":0,"69":0,"70":0,"71":0,"72":0,"73":0,"74":0,"75":0,"76":0,"77":0,"78":0},"b":{"1":[6,8],"2":[1,2],"3":[39,0],"4":[1,38],"5":[2,19],"6":[4,42],"7":[4,0],"8":[19,27],"9":[19,0],"10":[92,0],"11":[35,57],"12":[15,77],"13":[1,0],"14":[0,0],"15":[0,0],"16":[0,0],"17":[0,0]},"f":{"1":4,"2":2,"3":1,"4":29,"5":1,"6":33,"7":14,"8":2,"9":3,"10":2,"11":1,"12":1,"13":1,"14":27,"15":39,"16":46,"17":92,"18":1,"19":0,"20":5,"21":0},"fnMap":{"1":{"name":"constructor","line":65,"loc":{"start":{"line":65,"column":40},"end":{"line":65,"column":2}}},"2":{"name":"totalSupplyByPartition","line":73,"loc":{"start":{"line":73,"column":4},"end":{"line":73,"column":91}}},"3":{"name":"partitionProxies","line":77,"loc":{"start":{"line":77,"column":4},"end":{"line":77,"column":77}}},"4":{"name":"balanceOfByPartition","line":90,"loc":{"start":{"line":90,"column":4},"end":{"line":90,"column":112}}},"5":{"name":"partitionsOf","line":100,"loc":{"start":{"line":100,"column":4},"end":{"line":100,"column":94}}},"6":{"name":"transferByPartition","line":113,"loc":{"start":{"line":113,"column":4},"end":{"line":121,"column":5}}},"7":{"name":"operatorTransferByPartition","line":136,"loc":{"start":{"line":136,"column":4},"end":{"line":146,"column":5}}},"8":{"name":"getDefaultPartitions","line":160,"loc":{"start":{"line":160,"column":4},"end":{"line":160,"column":74}}},"9":{"name":"setDefaultPartitions","line":170,"loc":{"start":{"line":170,"column":4},"end":{"line":170,"column":71}}},"10":{"name":"controllersByPartition","line":183,"loc":{"start":{"line":183,"column":4},"end":{"line":183,"column":102}}},"11":{"name":"authorizeOperatorByPartition","line":193,"loc":{"start":{"line":193,"column":4},"end":{"line":193,"column":94}}},"12":{"name":"revokeOperatorByPartition","line":205,"loc":{"start":{"line":205,"column":4},"end":{"line":205,"column":91}}},"13":{"name":"isOperatorForPartition","line":219,"loc":{"start":{"line":219,"column":4},"end":{"line":219,"column":129}}},"14":{"name":"_isOperatorForPartition","line":235,"loc":{"start":{"line":235,"column":4},"end":{"line":243,"column":5}}},"15":{"name":"_transferByPartition","line":269,"loc":{"start":{"line":269,"column":4},"end":{"line":280,"column":5}}},"16":{"name":"_removeTokenFromPartition","line":314,"loc":{"start":{"line":314,"column":4},"end":{"line":314,"column":93}}},"17":{"name":"_addTokenToPartition","line":359,"loc":{"start":{"line":359,"column":4},"end":{"line":359,"column":86}}},"18":{"name":"_getDestinationPartition","line":387,"loc":{"start":{"line":387,"column":4},"end":{"line":387,"column":121}}},"19":{"name":"totalPartitions","line":409,"loc":{"start":{"line":409,"column":4},"end":{"line":409,"column":78}}},"20":{"name":"_setPartitionControllers","line":419,"loc":{"start":{"line":419,"column":4},"end":{"line":419,"column":91}}},"21":{"name":"_transferByDefaultPartitions","line":494,"loc":{"start":{"line":494,"column":4},"end":{"line":503,"column":5}}}},"statementMap":{"1":{"start":{"line":67,"column":8},"end":{"line":67,"column":42}},"2":{"start":{"line":74,"column":8},"end":{"line":74,"column":49}},"3":{"start":{"line":78,"column":8},"end":{"line":78,"column":32}},"4":{"start":{"line":91,"column":8},"end":{"line":91,"column":60}},"5":{"start":{"line":101,"column":8},"end":{"line":101,"column":41}},"6":{"start":{"line":122,"column":8},"end":{"line":122,"column":95}},"7":{"start":{"line":147,"column":8},"end":{"line":147,"column":76}},"8":{"start":{"line":150,"column":8},"end":{"line":150,"column":97}},"9":{"start":{"line":161,"column":8},"end":{"line":161,"column":33}},"10":{"start":{"line":171,"column":8},"end":{"line":171,"column":81}},"11":{"start":{"line":172,"column":8},"end":{"line":172,"column":38}},"12":{"start":{"line":184,"column":8},"end":{"line":184,"column":49}},"13":{"start":{"line":194,"column":8},"end":{"line":194,"column":79}},"14":{"start":{"line":195,"column":8},"end":{"line":195,"column":77}},"15":{"start":{"line":206,"column":8},"end":{"line":206,"column":80}},"16":{"start":{"line":207,"column":8},"end":{"line":207,"column":74}},"17":{"start":{"line":220,"column":8},"end":{"line":220,"column":72}},"18":{"start":{"line":246,"column":8},"end":{"line":246,"column":10131}},"19":{"start":{"line":281,"column":8},"end":{"line":281,"column":73}},"20":{"start":{"line":287,"column":8},"end":{"line":287,"column":40}},"21":{"start":{"line":290,"column":8},"end":{"line":290,"column":11702}},"22":{"start":{"line":291,"column":12},"end":{"line":291,"column":70}},"23":{"start":{"line":294,"column":8},"end":{"line":294,"column":60}},"24":{"start":{"line":295,"column":8},"end":{"line":295,"column":86}},"25":{"start":{"line":296,"column":8},"end":{"line":296,"column":51}},"26":{"start":{"line":298,"column":8},"end":{"line":298,"column":94}},"27":{"start":{"line":300,"column":8},"end":{"line":300,"column":12151}},"28":{"start":{"line":301,"column":12},"end":{"line":301,"column":68}},"29":{"start":{"line":304,"column":8},"end":{"line":304,"column":26}},"30":{"start":{"line":315,"column":8},"end":{"line":315,"column":97}},"31":{"start":{"line":316,"column":8},"end":{"line":316,"column":89}},"32":{"start":{"line":319,"column":8},"end":{"line":319,"column":12893}},"33":{"start":{"line":320,"column":12},"end":{"line":320,"column":63}},"34":{"start":{"line":321,"column":12},"end":{"line":321,"column":36}},"35":{"start":{"line":325,"column":12},"end":{"line":325,"column":77}},"36":{"start":{"line":326,"column":12},"end":{"line":326,"column":51}},"37":{"start":{"line":328,"column":12},"end":{"line":328,"column":54}},"38":{"start":{"line":330,"column":12},"end":{"line":330,"column":33}},"39":{"start":{"line":331,"column":12},"end":{"line":331,"column":49}},"40":{"start":{"line":335,"column":8},"end":{"line":335,"column":13600}},"41":{"start":{"line":336,"column":12},"end":{"line":336,"column":66}},"42":{"start":{"line":337,"column":12},"end":{"line":337,"column":36}},"43":{"start":{"line":341,"column":12},"end":{"line":341,"column":83}},"44":{"start":{"line":342,"column":12},"end":{"line":342,"column":54}},"45":{"start":{"line":344,"column":12},"end":{"line":344,"column":57}},"46":{"start":{"line":346,"column":12},"end":{"line":346,"column":36}},"47":{"start":{"line":347,"column":12},"end":{"line":347,"column":52}},"48":{"start":{"line":361,"column":8},"end":{"line":361,"column":14546}},"49":{"start":{"line":362,"column":12},"end":{"line":362,"column":14580}},"50":{"start":{"line":363,"column":16},"end":{"line":363,"column":48}},"51":{"start":{"line":364,"column":16},"end":{"line":364,"column":77}},"52":{"start":{"line":366,"column":12},"end":{"line":366,"column":97}},"53":{"start":{"line":368,"column":12},"end":{"line":368,"column":14886}},"54":{"start":{"line":369,"column":16},"end":{"line":369,"column":47}},"55":{"start":{"line":370,"column":16},"end":{"line":370,"column":75}},"56":{"start":{"line":372,"column":12},"end":{"line":372,"column":93}},"57":{"start":{"line":388,"column":8},"end":{"line":388,"column":104}},"58":{"start":{"line":389,"column":8},"end":{"line":389,"column":20}},"59":{"start":{"line":393,"column":8},"end":{"line":393,"column":16115}},"60":{"start":{"line":398,"column":12},"end":{"line":398,"column":38}},"61":{"start":{"line":410,"column":8},"end":{"line":410,"column":31}},"62":{"start":{"line":420,"column":8},"end":{"line":420,"column":17048}},"63":{"start":{"line":421,"column":12},"end":{"line":421,"column":93}},"64":{"start":{"line":423,"column":8},"end":{"line":423,"column":17233}},"65":{"start":{"line":424,"column":12},"end":{"line":424,"column":67}},"66":{"start":{"line":426,"column":8},"end":{"line":426,"column":53}},"67":{"start":{"line":504,"column":8},"end":{"line":504,"column":52}},"68":{"start":{"line":506,"column":8},"end":{"line":506,"column":39}},"69":{"start":{"line":507,"column":8},"end":{"line":507,"column":29}},"70":{"start":{"line":509,"column":8},"end":{"line":509,"column":21263}},"71":{"start":{"line":510,"column":12},"end":{"line":510,"column":77}},"72":{"start":{"line":511,"column":12},"end":{"line":511,"column":21414}},"73":{"start":{"line":512,"column":16},"end":{"line":512,"column":115}},"74":{"start":{"line":513,"column":16},"end":{"line":513,"column":34}},"75":{"start":{"line":515,"column":19},"end":{"line":515,"column":21650}},"76":{"start":{"line":516,"column":16},"end":{"line":516,"column":113}},"77":{"start":{"line":517,"column":16},"end":{"line":517,"column":64}},"78":{"start":{"line":521,"column":8},"end":{"line":521,"column":42}}},"branchMap":{"1":{"line":147,"type":"if","locations":[{"start":{"line":147,"column":8},"end":{"line":147,"column":8}},{"start":{"line":147,"column":8},"end":{"line":147,"column":8}}]},"2":{"line":171,"type":"if","locations":[{"start":{"line":171,"column":8},"end":{"line":171,"column":8}},{"start":{"line":171,"column":8},"end":{"line":171,"column":8}}]},"3":{"line":281,"type":"if","locations":[{"start":{"line":281,"column":8},"end":{"line":281,"column":8}},{"start":{"line":281,"column":8},"end":{"line":281,"column":8}}]},"4":{"line":290,"type":"if","locations":[{"start":{"line":290,"column":8},"end":{"line":290,"column":8}},{"start":{"line":290,"column":8},"end":{"line":290,"column":8}}]},"5":{"line":300,"type":"if","locations":[{"start":{"line":300,"column":8},"end":{"line":300,"column":8}},{"start":{"line":300,"column":8},"end":{"line":300,"column":8}}]},"6":{"line":319,"type":"if","locations":[{"start":{"line":319,"column":8},"end":{"line":319,"column":8}},{"start":{"line":319,"column":8},"end":{"line":319,"column":8}}]},"7":{"line":321,"type":"if","locations":[{"start":{"line":321,"column":12},"end":{"line":321,"column":12}},{"start":{"line":321,"column":12},"end":{"line":321,"column":12}}]},"8":{"line":335,"type":"if","locations":[{"start":{"line":335,"column":8},"end":{"line":335,"column":8}},{"start":{"line":335,"column":8},"end":{"line":335,"column":8}}]},"9":{"line":337,"type":"if","locations":[{"start":{"line":337,"column":12},"end":{"line":337,"column":12}},{"start":{"line":337,"column":12},"end":{"line":337,"column":12}}]},"10":{"line":361,"type":"if","locations":[{"start":{"line":361,"column":8},"end":{"line":361,"column":8}},{"start":{"line":361,"column":8},"end":{"line":361,"column":8}}]},"11":{"line":362,"type":"if","locations":[{"start":{"line":362,"column":12},"end":{"line":362,"column":12}},{"start":{"line":362,"column":12},"end":{"line":362,"column":12}}]},"12":{"line":368,"type":"if","locations":[{"start":{"line":368,"column":12},"end":{"line":368,"column":12}},{"start":{"line":368,"column":12},"end":{"line":368,"column":12}}]},"13":{"line":393,"type":"if","locations":[{"start":{"line":393,"column":8},"end":{"line":393,"column":8}},{"start":{"line":393,"column":8},"end":{"line":393,"column":8}}]},"14":{"line":504,"type":"if","locations":[{"start":{"line":504,"column":8},"end":{"line":504,"column":8}},{"start":{"line":504,"column":8},"end":{"line":504,"column":8}}]},"15":{"line":511,"type":"if","locations":[{"start":{"line":511,"column":12},"end":{"line":511,"column":12}},{"start":{"line":511,"column":12},"end":{"line":511,"column":12}}]},"16":{"line":515,"type":"if","locations":[{"start":{"line":515,"column":19},"end":{"line":515,"column":19}},{"start":{"line":515,"column":19},"end":{"line":515,"column":19}}]},"17":{"line":521,"type":"if","locations":[{"start":{"line":521,"column":8},"end":{"line":521,"column":8}},{"start":{"line":521,"column":8},"end":{"line":521,"column":8}}]}}},
"contracts/token/ERC1400Raw.sol":{"l":{"71":4,"72":4,"73":4,"74":4,"76":4,"87":3,"96":3,"124":1,"262":126,"318":39,"320":39,"322":39,"325":39,"329":21,"330":21,"334":21,"350":7,"352":7,"354":7,"358":7,"362":3,"363":3,"365":3,"457":73,"459":73,"462":73,"466":71,"467":71,"471":71},"path":"/Users/simondos/projects/security-token/contracts/token/ERC1400Raw.sol","s":{"1":4,"2":4,"3":4,"4":4,"5":4,"6":3,"7":3,"8":1,"9":126,"10":39,"11":39,"12":39,"13":39,"14":21,"15":21,"16":21,"17":7,"18":7,"19":7,"20":7,"21":3,"22":3,"23":3,"24":73,"25":73,"26":73,"27":71,"28":71,"29":71},"b":{"1":[4,0],"2":[39,0],"3":[39,0],"4":[39,0],"5":[7,0],"6":[7,0],"7":[7,0],"8":[3,4],"9":[73,0],"10":[73,0],"11":[71,2]},"f":{"1":4,"2":3,"3":3,"4":1,"5":126,"6":39,"7":7,"8":73},"fnMap":{"1":{"name":"constructor","line":64,"loc":{"start":{"line":64,"column":4},"end":{"line":70,"column":5}}},"2":{"name":"name","line":86,"loc":{"start":{"line":86,"column":4},"end":{"line":86,"column":64}}},"3":{"name":"symbol","line":95,"loc":{"start":{"line":95,"column":4},"end":{"line":95,"column":66}}},"4":{"name":"granularity","line":123,"loc":{"start":{"line":123,"column":4},"end":{"line":123,"column":65}}},"5":{"name":"_isMultiple","line":261,"loc":{"start":{"line":261,"column":4},"end":{"line":261,"column":66}}},"6":{"name":"_transferWithData","line":316,"loc":{"start":{"line":316,"column":15},"end":{"line":317,"column":5}}},"7":{"name":"_redeem","line":348,"loc":{"start":{"line":348,"column":15},"end":{"line":349,"column":5}}},"8":{"name":"_issue","line":455,"loc":{"start":{"line":455,"column":15},"end":{"line":456,"column":5}}}},"statementMap":{"1":{"start":{"line":71,"column":8},"end":{"line":71,"column":19}},"2":{"start":{"line":72,"column":8},"end":{"line":72,"column":23}},"3":{"start":{"line":73,"column":8},"end":{"line":73,"column":23}},"4":{"start":{"line":74,"column":8},"end":{"line":74,"column":52}},"5":{"start":{"line":76,"column":8},"end":{"line":76,"column":33}},"6":{"start":{"line":87,"column":8},"end":{"line":87,"column":20}},"7":{"start":{"line":96,"column":8},"end":{"line":96,"column":22}},"8":{"start":{"line":124,"column":8},"end":{"line":124,"column":27}},"9":{"start":{"line":262,"column":8},"end":{"line":262,"column":67}},"10":{"start":{"line":318,"column":8},"end":{"line":318,"column":40}},"11":{"start":{"line":320,"column":8},"end":{"line":320,"column":38}},"12":{"start":{"line":322,"column":8},"end":{"line":322,"column":46}},"13":{"start":{"line":325,"column":8},"end":{"line":325,"column":95}},"14":{"start":{"line":329,"column":8},"end":{"line":329,"column":51}},"15":{"start":{"line":330,"column":8},"end":{"line":330,"column":47}},"16":{"start":{"line":334,"column":8},"end":{"line":334,"column":76}},"17":{"start":{"line":350,"column":8},"end":{"line":350,"column":40}},"18":{"start":{"line":352,"column":8},"end":{"line":352,"column":40}},"19":{"start":{"line":354,"column":8},"end":{"line":354,"column":46}},"20":{"start":{"line":358,"column":8},"end":{"line":358,"column":64}},"21":{"start":{"line":362,"column":8},"end":{"line":362,"column":51}},"22":{"start":{"line":363,"column":8},"end":{"line":363,"column":45}},"23":{"start":{"line":365,"column":8},"end":{"line":365,"column":64}},"24":{"start":{"line":457,"column":8},"end":{"line":457,"column":40}},"25":{"start":{"line":459,"column":8},"end":{"line":459,"column":38}},"26":{"start":{"line":462,"column":8},"end":{"line":462,"column":62}},"27":{"start":{"line":466,"column":8},"end":{"line":466,"column":45}},"28":{"start":{"line":467,"column":8},"end":{"line":467,"column":47}},"29":{"start":{"line":471,"column":8},"end":{"line":471,"column":60}}},"branchMap":{"1":{"line":74,"type":"if","locations":[{"start":{"line":74,"column":8},"end":{"line":74,"column":8}},{"start":{"line":74,"column":8},"end":{"line":74,"column":8}}]},"2":{"line":318,"type":"if","locations":[{"start":{"line":318,"column":8},"end":{"line":318,"column":8}},{"start":{"line":318,"column":8},"end":{"line":318,"column":8}}]},"3":{"line":320,"type":"if","locations":[{"start":{"line":320,"column":8},"end":{"line":320,"column":8}},{"start":{"line":320,"column":8},"end":{"line":320,"column":8}}]},"4":{"line":322,"type":"if","locations":[{"start":{"line":322,"column":8},"end":{"line":322,"column":8}},{"start":{"line":322,"column":8},"end":{"line":322,"column":8}}]},"5":{"line":350,"type":"if","locations":[{"start":{"line":350,"column":8},"end":{"line":350,"column":8}},{"start":{"line":350,"column":8},"end":{"line":350,"column":8}}]},"6":{"line":352,"type":"if","locations":[{"start":{"line":352,"column":8},"end":{"line":352,"column":8}},{"start":{"line":352,"column":8},"end":{"line":352,"column":8}}]},"7":{"line":354,"type":"if","locations":[{"start":{"line":354,"column":8},"end":{"line":354,"column":8}},{"start":{"line":354,"column":8},"end":{"line":354,"column":8}}]},"8":{"line":358,"type":"if","locations":[{"start":{"line":358,"column":8},"end":{"line":358,"column":8}},{"start":{"line":358,"column":8},"end":{"line":358,"column":8}}]},"9":{"line":457,"type":"if","locations":[{"start":{"line":457,"column":8},"end":{"line":457,"column":8}},{"start":{"line":457,"column":8},"end":{"line":457,"column":8}}]},"10":{"line":459,"type":"if","locations":[{"start":{"line":459,"column":8},"end":{"line":459,"column":8}},{"start":{"line":459,"column":8},"end":{"line":459,"column":8}}]},"11":{"line":462,"type":"if","locations":[{"start":{"line":462,"column":8},"end":{"line":462,"column":8}},{"start":{"line":462,"column":8},"end":{"line":462,"column":8}}]}}},
"contracts/token/SecurityToken.sol":{"l":{"41":4,"42":4,"43":4,"44":4,"45":4,"47":4,"52":4,"53":4,"61":3,"63":3,"65":3,"78":6,"79":6,"81":4,"82":51,"86":49,"92":4,"131":1,"133":1,"147":3,"148":1,"152":1,"162":2,"171":2,"186":26,"190":26,"195":24,"211":3,"229":10,"232":6,"257":8,"290":2,"291":1,"294":1,"329":9,"330":1,"333":8,"334":1,"354":7,"355":1,"359":6,"370":6,"371":2,"374":4,"400":73,"401":71,"403":71,"427":9,"430":7,"431":7,"433":3,"447":3,"448":1,"459":3,"460":1,"488":4,"489":2,"503":6,"507":3,"508":1,"511":1},"path":"/Users/simondos/projects/security-token/contracts/token/SecurityToken.sol","s":{"1":4,"2":4,"3":4,"4":4,"5":4,"6":4,"7":4,"8":4,"9":3,"10":3,"11":3,"12":6,"13":6,"14":4,"15":51,"16":49,"17":4,"18":1,"19":1,"20":3,"21":1,"22":1,"23":2,"24":2,"25":26,"26":26,"27":24,"28":3,"29":10,"30":6,"31":8,"32":2,"33":1,"34":1,"35":9,"36":1,"37":8,"38":1,"39":7,"40":1,"41":6,"42":6,"43":2,"44":4,"45":73,"46":71,"47":71,"48":9,"49":7,"50":7,"51":3,"52":3,"53":1,"54":3,"55":1,"56":4,"57":2,"58":6,"59":3,"60":1,"61":1},"b":{"1":[3,0],"2":[6,0],"3":[4,2],"4":[49,2],"5":[1,0],"6":[1,2],"7":[26,0],"8":[24,2],"9":[6,4],"10":[1,1],"11":[1,8],"12":[1,7],"13":[1,6],"14":[2,4],"15":[7,2],"16":[1,2],"17":[1,2],"18":[2,2],"19":[1,2],"20":[1,0]},"f":{"1":4,"2":3,"3":6,"4":4,"5":1,"6":3,"7":2,"8":2,"9":26,"10":3,"11":10,"12":8,"13":2,"14":9,"15":73,"16":9,"17":3,"18":3,"19":4,"20":6,"21":3},"fnMap":{"1":{"name":"constructor","line":39,"loc":{"start":{"line":39,"column":42},"end":{"line":40,"column":5}}},"2":{"name":"addPartitionProxy","line":60,"loc":{"start":{"line":60,"column":4},"end":{"line":60,"column":75}}},"3":{"name":"bulkIssueByPartition","line":72,"loc":{"start":{"line":72,"column":4},"end":{"line":77,"column":14}}},"4":{"name":"isGSNController","line":91,"loc":{"start":{"line":91,"column":4},"end":{"line":91,"column":66}}},"5":{"name":"getDocument","line":130,"loc":{"start":{"line":130,"column":4},"end":{"line":130,"column":100}}},"6":{"name":"setDocument","line":146,"loc":{"start":{"line":146,"column":4},"end":{"line":146,"column":105}}},"7":{"name":"isControllable","line":161,"loc":{"start":{"line":161,"column":4},"end":{"line":161,"column":65}}},"8":{"name":"isIssuable","line":170,"loc":{"start":{"line":170,"column":4},"end":{"line":170,"column":61}}},"9":{"name":"issueByPartition","line":182,"loc":{"start":{"line":182,"column":4},"end":{"line":185,"column":5}}},"10":{"name":"redeemByPartition","line":206,"loc":{"start":{"line":206,"column":4},"end":{"line":208,"column":5}}},"11":{"name":"operatorRedeemByPartition","line":224,"loc":{"start":{"line":224,"column":4},"end":{"line":226,"column":5}}},"12":{"name":"canTransferByPartition","line":251,"loc":{"start":{"line":251,"column":4},"end":{"line":256,"column":5}}},"13":{"name":"canOperatorTransferByPartition","line":277,"loc":{"start":{"line":277,"column":4},"end":{"line":289,"column":5}}},"14":{"name":"_canTransfer","line":316,"loc":{"start":{"line":316,"column":4},"end":{"line":328,"column":5}}},"15":{"name":"_issueByPartition","line":390,"loc":{"start":{"line":390,"column":4},"end":{"line":399,"column":5}}},"16":{"name":"_redeemByPartition","line":417,"loc":{"start":{"line":417,"column":4},"end":{"line":426,"column":5}}},"17":{"name":"renounceControl","line":444,"loc":{"start":{"line":444,"column":4},"end":{"line":446,"column":5}}},"18":{"name":"renounceIssuance","line":456,"loc":{"start":{"line":456,"column":4},"end":{"line":458,"column":5}}},"19":{"name":"setPartitionControllers","line":485,"loc":{"start":{"line":485,"column":4},"end":{"line":487,"column":5}}},"20":{"name":"cap","line":502,"loc":{"start":{"line":502,"column":4},"end":{"line":502,"column":55}}},"21":{"name":"setCap","line":506,"loc":{"start":{"line":506,"column":4},"end":{"line":506,"column":49}}}},"statementMap":{"1":{"start":{"line":41,"column":8},"end":{"line":41,"column":36}},"2":{"start":{"line":42,"column":8},"end":{"line":42,"column":46}},"3":{"start":{"line":43,"column":8},"end":{"line":43,"column":38}},"4":{"start":{"line":44,"column":8},"end":{"line":44,"column":42}},"5":{"start":{"line":45,"column":8},"end":{"line":45,"column":52}},"6":{"start":{"line":47,"column":8},"end":{"line":47,"column":17}},"7":{"start":{"line":52,"column":8},"end":{"line":52,"column":25}},"8":{"start":{"line":53,"column":8},"end":{"line":53,"column":29}},"9":{"start":{"line":61,"column":8},"end":{"line":61,"column":61}},"10":{"start":{"line":63,"column":8},"end":{"line":63,"column":43}},"11":{"start":{"line":65,"column":8},"end":{"line":65,"column":61}},"12":{"start":{"line":78,"column":8},"end":{"line":78,"column":33}},"13":{"start":{"line":79,"column":8},"end":{"line":79,"column":99}},"14":{"start":{"line":81,"column":8},"end":{"line":81,"column":2130}},"15":{"start":{"line":82,"column":12},"end":{"line":82,"column":2194}},"16":{"start":{"line":86,"column":12},"end":{"line":86,"column":91}},"17":{"start":{"line":92,"column":8},"end":{"line":92,"column":63}},"18":{"start":{"line":131,"column":8},"end":{"line":131,"column":84}},"19":{"start":{"line":133,"column":8},"end":{"line":133,"column":3621}},"20":{"start":{"line":147,"column":8},"end":{"line":147,"column":71}},"21":{"start":{"line":148,"column":8},"end":{"line":148,"column":4223}},"22":{"start":{"line":152,"column":8},"end":{"line":152,"column":54}},"23":{"start":{"line":162,"column":8},"end":{"line":162,"column":30}},"24":{"start":{"line":171,"column":8},"end":{"line":171,"column":26}},"25":{"start":{"line":186,"column":8},"end":{"line":186,"column":33}},"26":{"start":{"line":190,"column":8},"end":{"line":190,"column":5845}},"27":{"start":{"line":195,"column":8},"end":{"line":195,"column":79}},"28":{"start":{"line":211,"column":8},"end":{"line":211,"column":81}},"29":{"start":{"line":229,"column":8},"end":{"line":229,"column":83}},"30":{"start":{"line":232,"column":8},"end":{"line":232,"column":90}},"31":{"start":{"line":257,"column":8},"end":{"line":257,"column":87}},"32":{"start":{"line":290,"column":8},"end":{"line":290,"column":9979}},"33":{"start":{"line":291,"column":12},"end":{"line":291,"column":43}},"34":{"start":{"line":294,"column":8},"end":{"line":294,"column":89}},"35":{"start":{"line":329,"column":8},"end":{"line":329,"column":11515}},"36":{"start":{"line":330,"column":12},"end":{"line":330,"column":43}},"37":{"start":{"line":333,"column":8},"end":{"line":333,"column":11710}},"38":{"start":{"line":334,"column":12},"end":{"line":334,"column":43}},"39":{"start":{"line":354,"column":8},"end":{"line":354,"column":12652}},"40":{"start":{"line":355,"column":12},"end":{"line":355,"column":43}},"41":{"start":{"line":359,"column":8},"end":{"line":359,"column":12746}},"42":{"start":{"line":370,"column":8},"end":{"line":370,"column":12998}},"43":{"start":{"line":371,"column":12},"end":{"line":371,"column":47}},"44":{"start":{"line":374,"column":8},"end":{"line":374,"column":39}},"45":{"start":{"line":400,"column":8},"end":{"line":400,"column":54}},"46":{"start":{"line":401,"column":8},"end":{"line":401,"column":51}},"47":{"start":{"line":403,"column":8},"end":{"line":403,"column":84}},"48":{"start":{"line":427,"column":8},"end":{"line":427,"column":73}},"49":{"start":{"line":430,"column":8},"end":{"line":430,"column":60}},"50":{"start":{"line":431,"column":8},"end":{"line":431,"column":57}},"51":{"start":{"line":433,"column":8},"end":{"line":433,"column":90}},"52":{"start":{"line":447,"column":8},"end":{"line":447,"column":61}},"53":{"start":{"line":448,"column":8},"end":{"line":448,"column":30}},"54":{"start":{"line":459,"column":8},"end":{"line":459,"column":61}},"55":{"start":{"line":460,"column":8},"end":{"line":460,"column":26}},"56":{"start":{"line":488,"column":8},"end":{"line":488,"column":61}},"57":{"start":{"line":489,"column":8},"end":{"line":489,"column":53}},"58":{"start":{"line":503,"column":8},"end":{"line":503,"column":19}},"59":{"start":{"line":507,"column":8},"end":{"line":507,"column":90}},"60":{"start":{"line":508,"column":8},"end":{"line":508,"column":67}},"61":{"start":{"line":511,"column":8},"end":{"line":511,"column":20}}},"branchMap":{"1":{"line":61,"type":"if","locations":[{"start":{"line":61,"column":8},"end":{"line":61,"column":8}},{"start":{"line":61,"column":8},"end":{"line":61,"column":8}}]},"2":{"line":78,"type":"if","locations":[{"start":{"line":78,"column":8},"end":{"line":78,"column":8}},{"start":{"line":78,"column":8},"end":{"line":78,"column":8}}]},"3":{"line":79,"type":"if","locations":[{"start":{"line":79,"column":8},"end":{"line":79,"column":8}},{"start":{"line":79,"column":8},"end":{"line":79,"column":8}}]},"4":{"line":82,"type":"if","locations":[{"start":{"line":82,"column":12},"end":{"line":82,"column":12}},{"start":{"line":82,"column":12},"end":{"line":82,"column":12}}]},"5":{"line":131,"type":"if","locations":[{"start":{"line":131,"column":8},"end":{"line":131,"column":8}},{"start":{"line":131,"column":8},"end":{"line":131,"column":8}}]},"6":{"line":147,"type":"if","locations":[{"start":{"line":147,"column":8},"end":{"line":147,"column":8}},{"start":{"line":147,"column":8},"end":{"line":147,"column":8}}]},"7":{"line":186,"type":"if","locations":[{"start":{"line":186,"column":8},"end":{"line":186,"column":8}},{"start":{"line":186,"column":8},"end":{"line":186,"column":8}}]},"8":{"line":190,"type":"if","locations":[{"start":{"line":190,"column":8},"end":{"line":190,"column":8}},{"start":{"line":190,"column":8},"end":{"line":190,"column":8}}]},"9":{"line":229,"type":"if","locations":[{"start":{"line":229,"column":8},"end":{"line":229,"column":8}},{"start":{"line":229,"column":8},"end":{"line":229,"column":8}}]},"10":{"line":290,"type":"if","locations":[{"start":{"line":290,"column":8},"end":{"line":290,"column":8}},{"start":{"line":290,"column":8},"end":{"line":290,"column":8}}]},"11":{"line":329,"type":"if","locations":[{"start":{"line":329,"column":8},"end":{"line":329,"column":8}},{"start":{"line":329,"column":8},"end":{"line":329,"column":8}}]},"12":{"line":333,"type":"if","locations":[{"start":{"line":333,"column":8},"end":{"line":333,"column":8}},{"start":{"line":333,"column":8},"end":{"line":333,"column":8}}]},"13":{"line":354,"type":"if","locations":[{"start":{"line":354,"column":8},"end":{"line":354,"column":8}},{"start":{"line":354,"column":8},"end":{"line":354,"column":8}}]},"14":{"line":370,"type":"if","locations":[{"start":{"line":370,"column":8},"end":{"line":370,"column":8}},{"start":{"line":370,"column":8},"end":{"line":370,"column":8}}]},"15":{"line":427,"type":"if","locations":[{"start":{"line":427,"column":8},"end":{"line":427,"column":8}},{"start":{"line":427,"column":8},"end":{"line":427,"column":8}}]},"16":{"line":447,"type":"if","locations":[{"start":{"line":447,"column":8},"end":{"line":447,"column":8}},{"start":{"line":447,"column":8},"end":{"line":447,"column":8}}]},"17":{"line":459,"type":"if","locations":[{"start":{"line":459,"column":8},"end":{"line":459,"column":8}},{"start":{"line":459,"column":8},"end":{"line":459,"column":8}}]},"18":{"line":488,"type":"if","locations":[{"start":{"line":488,"column":8},"end":{"line":488,"column":8}},{"start":{"line":488,"column":8},"end":{"line":488,"column":8}}]},"19":{"line":507,"type":"if","locations":[{"start":{"line":507,"column":8},"end":{"line":507,"column":8}},{"start":{"line":507,"column":8},"end":{"line":507,"column":8}}]},"20":{"line":508,"type":"if","locations":[{"start":{"line":508,"column":8},"end":{"line":508,"column":8}},{"start":{"line":508,"column":8},"end":{"line":508,"column":8}}]}}},
"contracts/token/SecurityTokenPartition.sol":{"l":{"22":6,"23":6,"27":2,"31":2,"35":2,"44":2,"48":2,"52":2,"66":2,"67":2,"71":1,"73":1,"74":1,"75":1,"80":3,"83":1,"86":1,"87":1,"91":2,"95":3,"99":1,"104":3},"path":"/Users/simondos/projects/security-token/contracts/token/SecurityTokenPartition.sol","s":{"1":6,"2":6,"3":2,"4":2,"5":2,"6":2,"7":2,"8":2,"9":2,"10":2,"11":1,"12":1,"13":1,"14":1,"15":3,"16":1,"17":1,"18":1,"19":2,"20":3,"21":1,"22":3},"b":{"1":[1,0],"2":[1,2]},"f":{"1":6,"2":2,"3":2,"4":2,"5":2,"6":2,"7":2,"8":2,"9":1,"10":3,"11":2,"12":3,"13":1,"14":3},"fnMap":{"1":{"name":"constructor","line":18,"loc":{"start":{"line":18,"column":4},"end":{"line":18,"column":69}}},"2":{"name":"securityTokenAddress","line":26,"loc":{"start":{"line":26,"column":4},"end":{"line":26,"column":72}}},"3":{"name":"partitionId","line":30,"loc":{"start":{"line":30,"column":4},"end":{"line":30,"column":56}}},"4":{"name":"cap","line":34,"loc":{"start":{"line":34,"column":4},"end":{"line":34,"column":48}}},"5":{"name":"name","line":43,"loc":{"start":{"line":43,"column":4},"end":{"line":43,"column":55}}},"6":{"name":"symbol","line":47,"loc":{"start":{"line":47,"column":4},"end":{"line":47,"column":57}}},"7":{"name":"decimals","line":51,"loc":{"start":{"line":51,"column":4},"end":{"line":51,"column":51}}},"8":{"name":"transfer","line":62,"loc":{"start":{"line":62,"column":4},"end":{"line":62,"column":79}}},"9":{"name":"approve","line":70,"loc":{"start":{"line":70,"column":4},"end":{"line":70,"column":83}}},"10":{"name":"transferFrom","line":78,"loc":{"start":{"line":78,"column":4},"end":{"line":78,"column":97}}},"11":{"name":"totalSupply","line":90,"loc":{"start":{"line":90,"column":4},"end":{"line":90,"column":73}}},"12":{"name":"balanceOf","line":94,"loc":{"start":{"line":94,"column":4},"end":{"line":94,"column":82}}},"13":{"name":"allowance","line":98,"loc":{"start":{"line":98,"column":4},"end":{"line":98,"column":93}}},"14":{"name":"isGSNController","line":103,"loc":{"start":{"line":103,"column":4},"end":{"line":103,"column":66}}}},"statementMap":{"1":{"start":{"line":22,"column":8},"end":{"line":22,"column":60}},"2":{"start":{"line":23,"column":8},"end":{"line":23,"column":31}},"3":{"start":{"line":27,"column":8},"end":{"line":27,"column":29}},"4":{"start":{"line":31,"column":8},"end":{"line":31,"column":27}},"5":{"start":{"line":35,"column":8},"end":{"line":35,"column":35}},"6":{"start":{"line":44,"column":8},"end":{"line":44,"column":36}},"7":{"start":{"line":48,"column":8},"end":{"line":48,"column":38}},"8":{"start":{"line":52,"column":8},"end":{"line":52,"column":24}},"9":{"start":{"line":66,"column":8},"end":{"line":66,"column":96}},"10":{"start":{"line":67,"column":8},"end":{"line":67,"column":19}},"11":{"start":{"line":71,"column":8},"end":{"line":71,"column":43}},"12":{"start":{"line":73,"column":8},"end":{"line":73,"column":46}},"13":{"start":{"line":74,"column":8},"end":{"line":74,"column":51}},"14":{"start":{"line":75,"column":8},"end":{"line":75,"column":19}},"15":{"start":{"line":80,"column":8},"end":{"line":80,"column":59}},"16":{"start":{"line":83,"column":8},"end":{"line":83,"column":77}},"17":{"start":{"line":86,"column":8},"end":{"line":86,"column":88}},"18":{"start":{"line":87,"column":8},"end":{"line":87,"column":19}},"19":{"start":{"line":91,"column":8},"end":{"line":91,"column":66}},"20":{"start":{"line":95,"column":8},"end":{"line":95,"column":69}},"21":{"start":{"line":99,"column":8},"end":{"line":99,"column":39}},"22":{"start":{"line":104,"column":8},"end":{"line":104,"column":78}}},"branchMap":{"1":{"line":71,"type":"if","locations":[{"start":{"line":71,"column":8},"end":{"line":71,"column":8}},{"start":{"line":71,"column":8},"end":{"line":71,"column":8}}]},"2":{"line":80,"type":"if","locations":[{"start":{"line":80,"column":8},"end":{"line":80,"column":8}},{"start":{"line":80,"column":8},"end":{"line":80,"column":8}}]}}}}
