TN:
SF:/Users/simondos/projects/security-token/contracts/constraints/OffChainValidatorConstraintModule.sol
FNF:0
FNH:0
LF:0
LH:0
BRF:0
BRH:0
end_of_record
TN:
SF:/Users/simondos/projects/security-token/contracts/constraints/PauseConstraintModule.sol
FN:27,constructor
FN:34,executeTransfer
FN:61,validateTransfer
FN:96,paused
FN:104,whenNotPaused
FN:114,whenPaused
FN:124,pause
FN:135,unpause
FN:144,getModuleName
FNF:9
FNH:9
FNDA:1,constructor
FNDA:3,executeTransfer
FNDA:3,validateTransfer
FNDA:5,paused
FNDA:7,whenNotPaused
FNDA:7,whenPaused
FNDA:5,pause
FNDA:5,unpause
FNDA:1,getModuleName
DA:30,1
DA:31,1
DA:47,3
DA:58,3
DA:81,3
DA:82,2
DA:84,1
DA:97,5
DA:105,7
DA:106,5
DA:115,7
DA:116,5
DA:125,5
DA:126,3
DA:127,3
DA:136,5
DA:137,3
DA:138,3
DA:145,1
LF:19
LH:19
BRDA:81,1,0,2
BRDA:81,1,1,1
BRDA:105,2,0,5
BRDA:105,2,1,2
BRDA:115,3,0,5
BRDA:115,3,1,2
BRDA:125,4,0,3
BRDA:125,4,1,2
BRDA:136,5,0,3
BRDA:136,5,1,2
BRF:10
BRH:10
end_of_record
TN:
SF:/Users/simondos/projects/security-token/contracts/constraints/SpendingLimitsConstraintModule.sol
FN:40,constructor
FN:50,onlySpendingLimitsEditor
FN:55,addTimelock
FN:59,setTimelock
FN:64,deleteTimelock
FN:71,executeTransfer
FN:132,validateTransfer
FN:199,getModuleName
FNF:8
FNH:8
FNDA:1,constructor
FNDA:18,onlySpendingLimitsEditor
FNDA:4,addTimelock
FNDA:3,setTimelock
FNDA:5,deleteTimelock
FNDA:10,executeTransfer
FNDA:5,validateTransfer
FNDA:1,getModuleName
DA:43,1
DA:51,18
DA:52,12
DA:56,4
DA:60,3
DA:61,1
DA:65,5
DA:66,3
DA:67,3
DA:91,10
DA:93,10
DA:96,10
DA:99,4
DA:100,2
DA:101,2
DA:107,2
DA:113,6
DA:114,2
DA:115,2
DA:119,4
DA:120,4
DA:125,10
DA:155,5
DA:157,5
DA:160,5
DA:163,3
DA:164,1
DA:165,1
DA:166,1
DA:175,2
DA:181,2
DA:182,1
DA:183,1
DA:184,1
DA:191,1
DA:196,5
DA:200,1
LF:37
LH:37
BRDA:51,1,0,12
BRDA:51,1,1,6
BRDA:60,2,0,1
BRDA:60,2,1,2
BRDA:65,3,0,3
BRDA:65,3,1,2
BRDA:96,4,0,4
BRDA:96,4,1,6
BRDA:99,5,0,2
BRDA:99,5,1,2
BRDA:113,6,0,2
BRDA:113,6,1,4
BRDA:160,7,0,3
BRDA:160,7,1,2
BRDA:163,8,0,1
BRDA:163,8,1,2
BRDA:181,9,0,1
BRDA:181,9,1,1
BRF:18
BRH:18
end_of_record
TN:
SF:/Users/simondos/projects/security-token/contracts/constraints/TimeLockConstraintModule.sol
FN:18,constructor
FN:25,editAccountTimeLock
FN:30,editTimeLock
FN:35,executeTransfer
FN:62,validateTransfer
FN:93,getModuleName
FNF:6
FNH:6
FNDA:1,constructor
FNDA:6,editAccountTimeLock
FNDA:6,editTimeLock
FNDA:6,executeTransfer
FNDA:6,validateTransfer
FNDA:1,getModuleName
DA:21,1
DA:26,6
DA:27,4
DA:31,6
DA:32,4
DA:48,6
DA:59,6
DA:82,6
DA:83,2
DA:85,2
DA:87,2
DA:94,1
LF:12
LH:12
BRDA:26,1,0,4
BRDA:26,1,1,2
BRDA:31,2,0,4
BRDA:31,2,1,2
BRDA:82,3,0,2
BRDA:82,3,1,4
BRDA:84,4,0,2
BRDA:84,4,1,2
BRF:8
BRH:8
end_of_record
TN:
SF:/Users/simondos/projects/security-token/contracts/constraints/VestingPeriodConstraintModule.sol
FN:32,constructor
FN:38,setVestingOptions
FN:50,executeTransfer
FN:77,validateTransfer
FN:124,getAmountAllowed
FN:157,getVestingStart
FN:161,getVestedFractionAfterStart
FN:165,getVestingRatio
FN:169,getAmountSpentByUser
FN:173,getModuleName
FNF:10
FNH:6
FNDA:1,constructor
FNDA:3,setVestingOptions
FNDA:3,executeTransfer
FNDA:3,validateTransfer
FNDA:1,getAmountAllowed
FNDA:0,getVestingStart
FNDA:0,getVestedFractionAfterStart
FNDA:0,getVestingRatio
FNDA:0,getAmountSpentByUser
FNDA:1,getModuleName
DA:35,1
DA:43,3
DA:45,1
DA:46,1
DA:47,1
DA:63,3
DA:74,3
DA:99,3
DA:100,2
DA:101,2
DA:102,2
DA:108,1
DA:111,0
DA:112,0
DA:113,0
DA:118,1
DA:121,3
DA:126,1
DA:130,1
DA:158,0
DA:162,0
DA:166,0
DA:170,0
DA:174,1
LF:24
LH:17
BRDA:43,1,0,1
BRDA:43,1,1,2
BRDA:99,2,0,2
BRDA:99,2,1,1
BRDA:108,3,0,0
BRDA:108,3,1,1
BRF:6
BRH:5
end_of_record
TN:
SF:/Users/simondos/projects/security-token/contracts/constraints/WhitelistConstraintModule.sol
FN:20,constructor
FN:26,isWhitelisted
FN:32,editWhitelist
FN:38,bulkEditWhitelist
FN:47,executeTransfer
FN:75,validateTransfer
FN:106,getModuleName
FNF:7
FNH:7
FNDA:1,constructor
FNDA:2,isWhitelisted
FNDA:3,editWhitelist
FNDA:3,bulkEditWhitelist
FNDA:3,executeTransfer
FNDA:3,validateTransfer
FNDA:1,getModuleName
DA:23,1
DA:27,2
DA:33,3
DA:34,1
DA:39,3
DA:40,1
DA:42,1
DA:43,10
DA:60,3
DA:71,3
DA:95,3
DA:96,1
DA:98,2
DA:100,0
DA:107,1
LF:15
LH:14
BRDA:33,1,0,1
BRDA:33,1,1,2
BRDA:39,2,0,1
BRDA:39,2,1,2
BRDA:40,3,0,1
BRDA:40,3,1,0
BRDA:95,4,0,1
BRDA:95,4,1,2
BRDA:97,5,0,2
BRDA:97,5,1,0
BRF:10
BRH:8
end_of_record
TN:
SF:/Users/simondos/projects/security-token/contracts/erc1820/ERC1820Client.sol
FN:16,setInterfaceImplementation
FN:21,interfaceAddr
FN:26,delegateManagement
FNF:3
FNH:0
FNDA:0,setInterfaceImplementation
FNDA:0,interfaceAddr
FNDA:0,delegateManagement
DA:17,0
DA:18,0
DA:22,0
DA:23,0
DA:27,0
LF:5
LH:0
BRF:0
BRH:0
end_of_record
TN:
SF:/Users/simondos/projects/security-token/contracts/factories/ConstraintModuleFactory.sol
FNF:0
FNH:0
LF:0
LH:0
BRF:0
BRH:0
end_of_record
TN:
SF:/Users/simondos/projects/security-token/contracts/gsn/GSNable.sol
FN:10,isGSNController
FN:20,onlyGSNController
FN:26,acceptRelayedCall
FN:57,_preRelayedCall
FN:63,_postRelayedCall
FN:75,setGSNMode
FN:79,setGSNModule
FN:83,upgradeRelayHub
FN:87,withdrawDeposits
FNF:9
FNH:5
FNDA:0,isGSNController
FNDA:4,onlyGSNController
FNDA:7,acceptRelayedCall
FNDA:3,_preRelayedCall
FNDA:3,_postRelayedCall
FNDA:2,setGSNMode
FNDA:0,setGSNModule
FNDA:0,upgradeRelayHub
FNDA:0,withdrawDeposits
DA:11,0
DA:12,0
DA:21,4
DA:22,2
DA:38,7
DA:39,6
DA:41,0
DA:53,1
DA:58,3
DA:59,0
DA:69,3
DA:70,0
DA:76,2
DA:80,0
DA:84,0
DA:88,0
LF:16
LH:8
BRDA:21,1,0,2
BRDA:21,1,1,2
BRDA:38,2,0,6
BRDA:38,2,1,1
BRDA:40,3,0,0
BRDA:40,3,1,1
BRDA:58,4,0,0
BRDA:58,4,1,3
BRDA:69,5,0,0
BRDA:69,5,1,3
BRF:10
BRH:7
end_of_record
TN:
SF:/Users/simondos/projects/security-token/contracts/gsn/GSNModule.sol
FN:21,acceptRelayedCall
FN:47,preRelayedCall
FN:60,postRelayedCall
FN:74,_approveRelayedCall
FN:83,_approveRelayedCall
FN:90,_rejectRelayedCall
FNF:6
FNH:0
FNDA:0,acceptRelayedCall
FNDA:0,preRelayedCall
FNDA:0,postRelayedCall
FNDA:0,_approveRelayedCall
FNDA:0,_approveRelayedCall
FNDA:0,_rejectRelayedCall
DA:32,0
DA:48,0
DA:66,0
DA:75,0
DA:84,0
DA:91,0
LF:6
LH:0
BRF:0
BRH:0
end_of_record
TN:
SF:/Users/simondos/projects/security-token/contracts/interfaces/IAdmin.sol
FNF:0
FNH:0
LF:0
LH:0
BRF:0
BRH:0
end_of_record
TN:
SF:/Users/simondos/projects/security-token/contracts/interfaces/IConstraintModule.sol
FNF:0
FNH:0
LF:0
LH:0
BRF:0
BRH:0
end_of_record
TN:
SF:/Users/simondos/projects/security-token/contracts/interfaces/IERC1400.sol
FNF:0
FNH:0
LF:0
LH:0
BRF:0
BRH:0
end_of_record
TN:
SF:/Users/simondos/projects/security-token/contracts/interfaces/IERC1400Capped.sol
FNF:0
FNH:0
LF:0
LH:0
BRF:0
BRH:0
end_of_record
TN:
SF:/Users/simondos/projects/security-token/contracts/interfaces/IERC1400Partition.sol
FNF:0
FNH:0
LF:0
LH:0
BRF:0
BRH:0
end_of_record
TN:
SF:/Users/simondos/projects/security-token/contracts/interfaces/IERC1400Raw.sol
FNF:0
FNH:0
LF:0
LH:0
BRF:0
BRH:0
end_of_record
TN:
SF:/Users/simondos/projects/security-token/contracts/interfaces/ISecurityToken.sol
FNF:0
FNH:0
LF:0
LH:0
BRF:0
BRH:0
end_of_record
TN:
SF:/Users/simondos/projects/security-token/contracts/interfaces/ISecurityTokenPartition.sol
FNF:0
FNH:0
LF:0
LH:0
BRF:0
BRH:0
end_of_record
TN:
SF:/Users/simondos/projects/security-token/contracts/payouts/payouts.sol
FNF:0
FNH:0
LF:0
LH:0
BRF:0
BRH:0
end_of_record
TN:
SF:/Users/simondos/projects/security-token/contracts/token/Administrable.sol
FN:47,onlyRole
FN:59,addRole
FN:69,removeRole
FN:77,renounceRole
FN:89,hasRole
FN:101,_add
FN:116,_remove
FNF:7
FNH:7
FNDA:31,onlyRole
FNDA:19,addRole
FNDA:8,removeRole
FNDA:5,renounceRole
FNDA:325,hasRole
FNDA:39,_add
FNDA:11,_remove
DA:48,31
DA:49,27
DA:60,19
DA:70,8
DA:78,5
DA:80,3
DA:82,1
DA:90,325
DA:91,325
DA:102,39
DA:103,39
DA:105,39
DA:107,39
DA:117,11
DA:118,11
DA:122,7
DA:124,7
DA:126,7
LF:18
LH:18
BRDA:48,1,0,27
BRDA:48,1,1,4
BRDA:78,2,0,3
BRDA:78,2,1,2
BRDA:90,3,0,325
BRDA:90,3,1,0
BRDA:102,4,0,39
BRDA:102,4,1,0
BRDA:103,5,0,39
BRDA:103,5,1,0
BRDA:117,6,0,11
BRDA:117,6,1,0
BRDA:118,7,0,7
BRDA:118,7,1,4
BRDA:122,8,0,7
BRDA:122,8,1,0
BRF:16
BRH:11
end_of_record
TN:
SF:/Users/simondos/projects/security-token/contracts/token/Constrainable.sol
FN:11,_executeTransfer
FN:40,_validateTransfer
FN:80,getModulesByPartition
FN:84,setModulesByPartition
FNF:4
FNH:4
FNDA:32,_executeTransfer
FNDA:5,_validateTransfer
FNDA:1,getModulesByPartition
FNDA:8,setModulesByPartition
DA:23,32
DA:25,25
DA:36,25
DA:60,5
DA:62,5
DA:73,5
DA:74,2
DA:77,3
DA:81,1
DA:85,8
DA:86,6
LF:11
LH:11
BRDA:36,1,0,11
BRDA:36,1,1,14
BRDA:73,2,0,2
BRDA:73,2,1,3
BRDA:85,3,0,6
BRDA:85,3,1,2
BRF:6
BRH:6
end_of_record
TN:
SF:/Users/simondos/projects/security-token/contracts/token/ERC1400ERC20.sol
FN:23,constructor
FN:28,totalSupply
FN:32,balanceOf
FN:36,transfer
FN:44,approve
FN:52,transferFrom
FN:72,allowance
FNF:7
FNH:2
FNDA:4,constructor
FNDA:1,totalSupply
FNDA:0,balanceOf
FNDA:0,transfer
FNDA:0,approve
FNDA:0,transferFrom
FNDA:0,allowance
DA:29,1
DA:33,0
DA:40,0
DA:41,0
DA:45,0
DA:47,0
DA:48,0
DA:49,0
DA:54,0
DA:57,0
DA:58,0
DA:60,0
DA:64,0
DA:65,0
DA:73,0
LF:15
LH:1
BRDA:45,1,0,0
BRDA:45,1,1,0
BRDA:54,2,0,0
BRDA:54,2,1,0
BRDA:57,3,0,0
BRDA:57,3,1,0
BRF:6
BRH:0
end_of_record
TN:
SF:/Users/simondos/projects/security-token/contracts/token/ERC1400Partition.sol
FN:65,constructor
FN:70,totalSupplyByPartition
FN:74,partitionProxies
FN:87,balanceOfByPartition
FN:97,partitionsOf
FN:110,transferByPartition
FN:133,operatorTransferByPartition
FN:157,getDefaultPartitions
FN:167,setDefaultPartitions
FN:180,controllersByPartition
FN:190,authorizeOperatorByPartition
FN:202,revokeOperatorByPartition
FN:216,isOperatorForPartition
FN:232,_isOperatorForPartition
FN:260,_transferByPartition
FN:301,_removeTokenFromPartition
FN:346,_addTokenToPartition
FN:374,_getDestinationPartition
FN:396,totalPartitions
FN:406,_setPartitionControllers
FN:482,_transferByDefaultPartitions
FNF:21
FNH:13
FNDA:4,constructor
FNDA:2,totalSupplyByPartition
FNDA:1,partitionProxies
FNDA:21,balanceOfByPartition
FNDA:0,partitionsOf
FNDA:27,transferByPartition
FNDA:11,operatorTransferByPartition
FNDA:0,getDefaultPartitions
FNDA:0,setDefaultPartitions
FNDA:0,controllersByPartition
FNDA:1,authorizeOperatorByPartition
FNDA:1,revokeOperatorByPartition
FNDA:0,isOperatorForPartition
FNDA:21,_isOperatorForPartition
FNDA:32,_transferByPartition
FNDA:36,_removeTokenFromPartition
FNDA:156,_addTokenToPartition
FNDA:0,_getDestinationPartition
FNDA:0,totalPartitions
FNDA:3,_setPartitionControllers
FNDA:0,_transferByDefaultPartitions
DA:71,2
DA:75,1
DA:88,21
DA:98,0
DA:119,27
DA:144,11
DA:147,5
DA:158,0
DA:168,0
DA:169,0
DA:181,0
DA:191,1
DA:192,1
DA:203,1
DA:204,1
DA:217,0
DA:241,21
DA:272,32
DA:275,32
DA:277,32
DA:278,0
DA:281,32
DA:282,32
DA:283,18
DA:285,18
DA:287,18
DA:288,0
DA:291,18
DA:302,36
DA:303,36
DA:306,36
DA:307,3
DA:308,3
DA:312,3
DA:313,3
DA:315,3
DA:317,3
DA:318,3
DA:322,36
DA:323,13
DA:324,13
DA:328,13
DA:329,13
DA:331,13
DA:333,13
DA:334,13
DA:348,156
DA:349,156
DA:350,31
DA:351,31
DA:353,156
DA:355,156
DA:356,12
DA:357,12
DA:359,156
DA:375,0
DA:376,0
DA:377,0
DA:380,0
DA:381,0
DA:385,0
DA:397,0
DA:407,3
DA:408,0
DA:410,3
DA:411,3
DA:413,3
DA:492,0
DA:494,0
DA:495,0
DA:497,0
DA:498,0
DA:499,0
DA:500,0
DA:501,0
DA:502,0
DA:504,0
DA:505,0
DA:509,0
LF:79
LH:51
BRDA:144,1,0,5
BRDA:144,1,1,6
BRDA:168,2,0,0
BRDA:168,2,1,0
BRDA:272,3,0,32
BRDA:272,3,1,0
BRDA:277,4,0,0
BRDA:277,4,1,32
BRDA:287,5,0,0
BRDA:287,5,1,18
BRDA:306,6,0,3
BRDA:306,6,1,33
BRDA:308,7,0,3
BRDA:308,7,1,0
BRDA:322,8,0,13
BRDA:322,8,1,23
BRDA:324,9,0,13
BRDA:324,9,1,0
BRDA:348,10,0,156
BRDA:348,10,1,0
BRDA:349,11,0,31
BRDA:349,11,1,125
BRDA:355,12,0,12
BRDA:355,12,1,144
BRDA:380,13,0,0
BRDA:380,13,1,0
BRDA:492,14,0,0
BRDA:492,14,1,0
BRDA:499,15,0,0
BRDA:499,15,1,0
BRDA:503,16,0,0
BRDA:503,16,1,0
BRDA:509,17,0,0
BRDA:509,17,1,0
BRF:34
BRH:16
end_of_record
TN:
SF:/Users/simondos/projects/security-token/contracts/token/ERC1400Raw.sol
FN:64,constructor
FN:86,name
FN:95,symbol
FN:123,granularity
FN:261,_isMultiple
FN:319,_transferWithData
FN:351,_redeem
FN:458,_issue
FNF:8
FNH:8
FNDA:4,constructor
FNDA:3,name
FNDA:3,symbol
FNDA:1,granularity
FNDA:181,_isMultiple
FNDA:32,_transferWithData
FNDA:4,_redeem
FNDA:140,_issue
DA:71,4
DA:72,4
DA:73,4
DA:74,4
DA:76,4
DA:87,3
DA:96,3
DA:124,1
DA:262,181
DA:321,32
DA:323,32
DA:325,32
DA:328,32
DA:332,18
DA:333,18
DA:337,18
DA:353,4
DA:355,4
DA:357,4
DA:361,4
DA:365,2
DA:366,2
DA:368,2
DA:460,140
DA:462,140
DA:465,140
DA:469,138
DA:470,138
DA:474,138
LF:29
LH:29
BRDA:74,1,0,4
BRDA:74,1,1,0
BRDA:321,2,0,32
BRDA:321,2,1,0
BRDA:323,3,0,32
BRDA:323,3,1,0
BRDA:325,4,0,32
BRDA:325,4,1,0
BRDA:353,5,0,4
BRDA:353,5,1,0
BRDA:355,6,0,4
BRDA:355,6,1,0
BRDA:357,7,0,4
BRDA:357,7,1,0
BRDA:361,8,0,2
BRDA:361,8,1,2
BRDA:460,9,0,140
BRDA:460,9,1,0
BRDA:462,10,0,140
BRDA:462,10,1,0
BRDA:465,11,0,138
BRDA:465,11,1,2
BRF:22
BRH:13
end_of_record
TN:
SF:/Users/simondos/projects/security-token/contracts/token/SecurityToken.sol
FN:39,constructor
FN:58,addPartitionProxy
FN:70,bulkIssueByPartition
FN:89,isGSNController
FN:128,getDocument
FN:144,setDocument
FN:159,isControllable
FN:168,isIssuable
FN:180,issueByPartition
FN:204,redeemByPartition
FN:220,operatorRedeemByPartition
FN:247,canTransferByPartition
FN:273,canOperatorTransferByPartition
FN:312,_canTransfer
FN:386,_issueByPartition
FN:413,_redeemByPartition
FN:440,renounceControl
FN:452,renounceIssuance
FN:481,setPartitionControllers
FN:498,cap
FN:502,setCap
FNF:21
FNH:13
FNDA:4,constructor
FNDA:3,addPartitionProxy
FNDA:6,bulkIssueByPartition
FNDA:4,isGSNController
FNDA:1,getDocument
FNDA:3,setDocument
FNDA:0,isControllable
FNDA:0,isIssuable
FNDA:23,issueByPartition
FNDA:0,redeemByPartition
FNDA:10,operatorRedeemByPartition
FNDA:5,canTransferByPartition
FNDA:0,canOperatorTransferByPartition
FNDA:5,_canTransfer
FNDA:140,_issueByPartition
FNDA:6,_redeemByPartition
FNDA:0,renounceControl
FNDA:0,renounceIssuance
FNDA:0,setPartitionControllers
FNDA:4,cap
FNDA:0,setCap
DA:41,4
DA:42,4
DA:43,4
DA:44,4
DA:45,4
DA:47,4
DA:52,4
DA:53,4
DA:59,3
DA:61,3
DA:63,3
DA:76,6
DA:77,6
DA:79,4
DA:80,121
DA:84,119
DA:90,4
DA:129,1
DA:131,1
DA:145,3
DA:146,1
DA:150,1
DA:160,0
DA:169,0
DA:184,23
DA:188,23
DA:193,21
DA:207,0
DA:225,10
DA:228,6
DA:253,5
DA:286,0
DA:287,0
DA:290,0
DA:325,5
DA:326,0
DA:329,5
DA:330,0
DA:350,5
DA:351,0
DA:355,5
DA:366,5
DA:367,2
DA:370,3
DA:396,140
DA:397,138
DA:399,138
DA:423,6
DA:426,4
DA:427,4
DA:429,2
DA:443,0
DA:444,0
DA:455,0
DA:456,0
DA:484,0
DA:485,0
DA:499,4
DA:503,0
DA:504,0
DA:507,0
LF:61
LH:43
BRDA:59,1,0,3
BRDA:59,1,1,0
BRDA:76,2,0,6
BRDA:76,2,1,0
BRDA:77,3,0,4
BRDA:77,3,1,2
BRDA:80,4,0,119
BRDA:80,4,1,2
BRDA:129,5,0,1
BRDA:129,5,1,0
BRDA:145,6,0,1
BRDA:145,6,1,2
BRDA:184,7,0,23
BRDA:184,7,1,0
BRDA:188,8,0,21
BRDA:188,8,1,2
BRDA:225,9,0,6
BRDA:225,9,1,4
BRDA:286,10,0,0
BRDA:286,10,1,0
BRDA:325,11,0,0
BRDA:325,11,1,5
BRDA:329,12,0,0
BRDA:329,12,1,5
BRDA:350,13,0,0
BRDA:350,13,1,5
BRDA:366,14,0,2
BRDA:366,14,1,3
BRDA:423,15,0,4
BRDA:423,15,1,2
BRDA:443,16,0,0
BRDA:443,16,1,0
BRDA:455,17,0,0
BRDA:455,17,1,0
BRDA:484,18,0,0
BRDA:484,18,1,0
BRDA:503,19,0,0
BRDA:503,19,1,0
BRDA:504,20,0,0
BRDA:504,20,1,0
BRF:40
BRH:21
end_of_record
TN:
SF:/Users/simondos/projects/security-token/contracts/token/SecurityTokenPartition.sol
FN:18,constructor
FN:26,securityTokenAddress
FN:30,partitionId
FN:34,cap
FN:43,name
FN:47,symbol
FN:51,decimals
FN:62,transfer
FN:70,approve
FN:78,transferFrom
FN:94,totalSupply
FN:98,balanceOf
FN:102,allowance
FN:107,isGSNController
FNF:14
FNH:13
FNDA:6,constructor
FNDA:2,securityTokenAddress
FNDA:2,partitionId
FNDA:2,cap
FNDA:2,name
FNDA:2,symbol
FNDA:2,decimals
FNDA:2,transfer
FNDA:1,approve
FNDA:3,transferFrom
FNDA:2,totalSupply
FNDA:3,balanceOf
FNDA:1,allowance
FNDA:0,isGSNController
DA:22,6
DA:23,6
DA:27,2
DA:31,2
DA:35,2
DA:44,2
DA:48,2
DA:52,2
DA:66,2
DA:67,2
DA:71,1
DA:73,1
DA:74,1
DA:75,1
DA:80,3
DA:83,1
DA:84,1
DA:86,0
DA:90,1
DA:91,1
DA:95,2
DA:99,3
DA:103,1
DA:108,0
LF:24
LH:22
BRDA:71,1,0,1
BRDA:71,1,1,0
BRDA:80,2,0,1
BRDA:80,2,1,2
BRDA:83,3,0,1
BRDA:83,3,1,0
BRF:6
BRH:4
end_of_record
